Mean acceptance fraction: 0.095
Mean autocorrelation time [steps]: nan
Fitted parameters:
t_0 : 2453227.47257 +0.01921 -0.16043
u_0 : 0.15244 +0.00020 -0.00015
t_E : 76.73048 +0.07157 -0.01440
xi_period : 5.79694 +1.52661 -1.80611
xi_semimajor_axis : 0.00911 +0.00678 -0.00458
xi_Omega_node : 171.22443 +164.96705 -104.51644
xi_inclination : 176.42422 +89.68386 -83.04908
xi_argument_of_latitude_reference : 153.51852 +131.15750 -91.20163
Fitted fluxes (source and blending):
flux_s_1 : 31.93421 +0.27573 -0.43098
flux_b_1 : -2.28204 +0.45015 -0.28770
Best model:
chi2: 1935.9684
t_0 u_0 t_E xi_period xi_semimajor_axis xi_Omega_node xi_inclination xi_argument_of_latitude_reference
2453225.089408281 0.15293840026784558 76.52002278681213 9.04355274809431 0.008764629263287228 51.441249152608975 298.59119564566595 254.16485348573417
Fluxes:
31.941140815279628 -2.356021445047912
