Mean acceptance fraction: 0.150
Mean autocorrelation time [steps]: nan
Fitted parameters:
t_0 : 2454577.12793 +0.16410 -0.02554
u_0 : -0.02300 +0.00003 -0.00007
t_E : 75.30144 +0.03390 -0.39510
xi_period : 316.24004 +691.38638 -150.14830
xi_semimajor_axis : 0.05071 +0.00500 -0.00258
xi_Omega_node : 185.36439 +100.10951 -84.94923
xi_inclination : 180.03108 +19.84714 -15.89640
xi_argument_of_latitude_reference : 179.11640 +85.70813 -94.43050
Fitted fluxes (source and blending):
flux_s_1 : 170.68038 +2.95207 -1.35031
flux_b_1 : 16.60329 +1.33574 -3.35884
Best model:
chi2: 20248.8873
t_0 u_0 t_E xi_period xi_semimajor_axis xi_Omega_node xi_inclination xi_argument_of_latitude_reference
2454576.4802035727 -0.021916157927409776 75.27518449175372 2042.3039638084183 0.042322431526731825 314.4943699398274 171.50701931281415 315.66361213180375
Fluxes:
169.89238779669378 17.503104668345568
