Mean acceptance fraction: 0.094
Mean autocorrelation time [steps]: nan
Fitted parameters:
t_0 : 2453242.36946 +0.01857 -0.02377
u_0 : -0.36585 +0.00025 -0.00017
t_E : 248.17248 +0.01604 -0.02249
xi_period : 14.25802 +0.64065 -3.89308
xi_semimajor_axis : 0.01999 +0.00921 -0.00697
xi_Omega_node : 166.34277 +144.91292 -69.17094
xi_inclination : 180.86990 +96.40299 -101.74519
xi_argument_of_latitude_reference : 173.00301 +137.45790 -116.22430
Fitted fluxes (source and blending):
flux_s_1 : 12.07053 +0.03105 -0.03272
flux_b_1 : 0.18026 +0.03651 -0.03316
Best model:
chi2: 2300.9333
t_0 u_0 t_E xi_period xi_semimajor_axis xi_Omega_node xi_inclination xi_argument_of_latitude_reference
2453228.508009432 -0.18841439574915128 223.76337140982218 79.87032930301783 0.00883973904527027 61.54386864804923 350.8907251485988 284.46259759937254
Fluxes:
6.603483463056694 6.069793750528225
