Mean acceptance fraction: 0.127
Mean autocorrelation time [steps]: 33.0
Fitted parameters:
t_0 : 2453491.23329 +0.01695 -0.01868
u_0 : 0.53766 +0.00018 -0.00017
t_E : 74.94245 +0.01488 -0.01646
xi_period : 220.32029 +26.18511 -17.84605
xi_semimajor_axis : 0.03066 +0.00888 -0.00616
xi_Omega_node : 151.31218 +139.68109 -23.08255
xi_inclination : 85.52329 +217.39536 -37.68069
xi_argument_of_latitude_reference : 225.41083 +17.52671 -160.53554
Fitted fluxes (source and blending):
flux_s_1 : 561.09522 +7.70796 -8.46335
flux_b_1 : -56.80058 +8.49414 -7.77137
Best model:
chi2: 1715.0383
t_0 u_0 t_E xi_period xi_semimajor_axis xi_Omega_node xi_inclination xi_argument_of_latitude_reference
2453491.21209395 0.5377880369945722 74.95381859349858 303.9888056042887 0.08745404496196553 -11.857194733233953 110.56990273184874 48.77743422403253
Fluxes:
503.8949941589272 0.5656456889526907
