Mean acceptance fraction: 0.137
Mean autocorrelation time [steps]: nan
Fitted parameters:
t_0 : 2453491.23284 +0.02119 -0.02357
u_0 : 0.53762 +0.00017 -0.00024
t_E : 74.94648 +0.02178 -0.02080
xi_period : 101.23781 +7.78868 -10.93131
xi_semimajor_axis : 0.02664 +0.00154 -0.00284
xi_Omega_node : 199.36693 +97.75120 -92.95483
xi_inclination : 183.51492 +57.84085 -64.99594
xi_argument_of_latitude_reference : 152.41885 +136.92342 -49.23907
Fitted fluxes (source and blending):
flux_s_1 : 567.68386 +0.99992 -1.09835
flux_b_1 : -63.39307 +1.10976 -1.00858
Best model:
chi2: 1741.3658
t_0 u_0 t_E xi_period xi_semimajor_axis xi_Omega_node xi_inclination xi_argument_of_latitude_reference
2453491.3134407266 0.5368469072113219 74.85112490993382 114.53438614650483 0.02936723420988487 285.25224377189693 247.40967970914022 101.46933071374193
Fluxes:
568.2810678910827 -63.97138997549389
