Mean acceptance fraction: 0.160
Mean autocorrelation time [steps]: nan
Fitted parameters:
t_0 : 2454831.98121 +0.13542 -0.10561
u_0 : -0.41913 +0.00122 -0.00101
t_E : 209.87987 +0.11669 -0.11492
xi_period : 352.24234 +118.39990 -76.19203
xi_semimajor_axis : 0.11382 +0.08482 -0.03826
xi_Omega_node : 182.86529 +121.79114 -24.76661
xi_inclination : 177.91540 +112.93748 -106.72169
xi_argument_of_latitude_reference : 230.68982 +23.07668 -160.87895
Fitted fluxes (source and blending):
flux_s_1 : 13.00712 +0.63044 -1.32615
flux_b_1 : 65.84798 +1.38123 -0.66376
Best model:
chi2: 1019.3467
t_0 u_0 t_E xi_period xi_semimajor_axis xi_Omega_node xi_inclination xi_argument_of_latitude_reference
2454831.80697245 -0.43116944809349694 211.2856846625851 509.99775085486334 0.23970167613236096 189.28020050583373 298.62661916476065 224.94853210045343
Fluxes:
10.963075068574737 67.96242637065363
