Mean acceptance fraction: 0.118
Mean autocorrelation time [steps]: nan
Fitted parameters:
t_0 : 2453530.76388 +0.03320 -0.03811
u_0 : -0.27256 +0.00035 -0.00033
t_E : 230.86969 +0.03790 -0.03810
xi_period : 13.65382 +1.27747 -2.55875
xi_semimajor_axis : 0.01166 +0.00683 -0.00450
xi_Omega_node : 189.72734 +127.86961 -149.52892
xi_inclination : 184.68498 +137.08010 -143.88662
xi_argument_of_latitude_reference : 172.56104 +148.80683 -123.00276
Fitted fluxes (source and blending):
flux_s_1 : 10.12800 +0.11225 -0.05191
flux_b_1 : 7.31410 +0.05616 -0.11846
Best model:
chi2: 847.7834
t_0 u_0 t_E xi_period xi_semimajor_axis xi_Omega_node xi_inclination xi_argument_of_latitude_reference
2453530.8288694797 -0.27111384106353137 231.33073777130673 110.40828584342523 0.011792208564139222 359.3647514663385 -6.7773132402195415 158.48919795831276
Fluxes:
10.254685754326369 7.175246027710997
