Mean acceptance fraction: 0.136
Mean autocorrelation time [steps]: 32.7
Fitted parameters:
t_0 : 2453530.76357 +0.07579 -0.08283
u_0 : -0.27259 +0.00074 -0.00075
t_E : 230.86685 +0.10346 -0.09950
xi_period : 381.16950 +184.76775 -171.37593
xi_semimajor_axis : 0.04616 +0.10074 -0.02422
xi_Omega_node : 175.73070 +160.05689 -157.97444
xi_inclination : 187.95101 +157.11130 -161.02837
xi_argument_of_latitude_reference : 185.77375 +151.17598 -160.10046
Fitted fluxes (source and blending):
flux_s_1 : 10.01802 +0.40902 -1.38990
flux_b_1 : 7.42879 +1.47397 -0.42946
Best model:
chi2: 760.5484
t_0 u_0 t_E xi_period xi_semimajor_axis xi_Omega_node xi_inclination xi_argument_of_latitude_reference
2453530.8075287146 -0.2713504687951113 230.65846059586343 530.8766549561706 0.25610950235694463 301.21231645215005 339.04442455101173 89.28819945956799
Fluxes:
7.743747071032046 9.836234251120983
