Mean acceptance fraction: 0.135
Mean autocorrelation time [steps]: nan
Fitted parameters:
t_0 : 2453854.56318 +0.03767 -0.01952
u_0 : 0.17740 +0.00022 -0.00035
t_E : 141.45791 +0.03591 -0.02014
xi_period : 148.61776 +41.04756 -27.35032
xi_semimajor_axis : 0.10658 +0.05002 -0.02781
xi_Omega_node : 109.92169 +178.71987 -8.11019
xi_inclination : 223.61230 +18.09197 -95.83433
xi_argument_of_latitude_reference : 244.51576 +10.63435 -174.47073
Fitted fluxes (source and blending):
flux_s_1 : 13.22993 +0.37954 -0.34351
flux_b_1 : 10.98782 +0.38261 -0.42713
Best model:
chi2: 1648.6306
t_0 u_0 t_E xi_period xi_semimajor_axis xi_Omega_node xi_inclination xi_argument_of_latitude_reference
2453854.0854993435 0.17540508305114375 141.44093953578508 214.2841463663951 0.1889765023295352 106.76781867378203 243.06183143140905 257.8164624403176
Fluxes:
13.253466732150514 10.997890549971405
