Mean acceptance fraction: 0.220
Mean autocorrelation time [steps]: 668.5
Fitted parameters:
t_0 : 2453271.60213 +0.06802 -0.02407
u_0 : 0.53847 +0.02133 -0.01255
t_E : 161.16495 +17.42849 -10.89037
pi_E_N : 0.14540 +0.01078 -0.04119
pi_E_E : -0.13655 +0.02801 -0.06015
xi_Omega_node : 218.09768 +4.74897 -22.78816
xi_inclination : 112.27093 +157.27568 -3.43687
xi_period : 11.92831 +4.10649 -0.02918
xi_semimajor_axis : 0.12968 +0.01133 -0.07786
xi_argument_of_latitude_reference : 216.12831 +4.61790 -33.10266
Fitted fluxes (source and blending):
flux_s_1 : 1168.83535 +96.71426 -35.55760
flux_b_1 : -147.90490 +45.02481 -121.73520
Best model:
chi2: 439975.8250
t_0 u_0 t_E pi_E_N pi_E_E xi_Omega_node xi_inclination xi_period xi_semimajor_axis xi_argument_of_latitude_reference
2453271.615419724 0.5420172492265658 160.61363570194632 0.1502374026700999 -0.10871048048082904 219.07045636933142 108.9316675281922 11.91517501351308 0.14817796206754186 218.88401407296445
Fluxes:
1172.81709645499 -153.15605196099224
