Mean acceptance fraction: 0.116
Mean autocorrelation time [steps]: 666.5
Fitted parameters:
t_0 : 2453763.02278 +29.16919 -1.84261
u_0 : 3.35101 +0.49033 -1.88055
t_E : 60.54254 +79.68490 -6.34900
pi_E_N : 0.30715 +0.02973 -0.03872
pi_E_E : -0.11251 +0.03117 -0.02237
xi_Omega_node : 91.57129 +170.99397 -102.75249
xi_inclination : 143.49452 +120.42175 -131.65794
xi_period : 33.47556 +11.43382 -9.93756
xi_semimajor_axis : 0.00847 +0.00896 -0.00654
xi_argument_of_latitude_reference : 210.29041 +105.32501 -118.25685
Fitted fluxes (source and blending):
flux_s_1 : 7914.94130 +4717.38752 -7322.24611
flux_b_1 : -7588.25267 +7321.79786 -4717.30803
Best model:
chi2: 1777.6893
t_0 u_0 t_E pi_E_N pi_E_E xi_Omega_node xi_inclination xi_period xi_semimajor_axis xi_argument_of_latitude_reference
2453761.8441464673 3.0706662839384435 65.33334556889434 0.28730836805723137 -0.09056489252680085 -15.086379741784924 209.2201580423168 172.10639234993056 0.011976502128755562 376.7426855896863
Fluxes:
5828.042289812098 -5501.248544607667
