Mean acceptance fraction: 0.207
Mean autocorrelation time [steps]: 949.4
Fitted parameters:
t_0 : 2453271.35498 +0.17415 -0.01128
u_0 : 0.26897 +0.22214 -0.00837
t_E : 283.62699 +19.27717 -25.84580
pi_E_N : -0.31743 +0.01523 -0.45569
pi_E_E : -0.18969 +1.00609 -0.01201
xi_Omega_node : 222.17693 +3.89261 -95.30037
xi_inclination : 117.61276 +7.71820 -5.72778
xi_period : 5.52698 +0.01411 -1.70195
xi_semimajor_axis : 0.09789 +0.00590 -0.03382
xi_argument_of_latitude_reference : 232.59220 +6.11333 -65.79788
Fitted fluxes (source and blending):
flux_s_1 : 392.92694 +126.08314 -9.53203
flux_b_1 : 630.75466 +15.63440 -14.77925
Best model:
chi2: 340819.9938
t_0 u_0 t_E pi_E_N pi_E_E xi_Omega_node xi_inclination xi_period xi_semimajor_axis xi_argument_of_latitude_reference
2453271.3824609807 0.29026768232941197 313.99415693834874 -0.3129018679220804 -0.1763134232908887 227.54545481429446 111.1775796603449 5.508471024252095 0.10766589097335577 228.5139852918052
Fluxes:
385.8736513627276 626.0982415410493
