Mean acceptance fraction: 0.078
Mean autocorrelation time [steps]: 799.0
Fitted parameters:
t_0 : 2454284.68108 +0.04290 -0.14310
u_0 : 1.11212 +0.21927 -0.10051
t_E : 131.34095 +934.07299 -5.46304
pi_E_N : 0.21016 +0.01033 -0.10212
pi_E_E : -0.16813 +0.00452 -0.21206
xi_Omega_node : 276.20313 +65.35987 -92.77881
xi_inclination : 79.87062 +120.17548 -38.58478
xi_period : 14.07597 +15.68383 -0.63423
xi_semimajor_axis : 0.00817 +0.04254 -0.00375
xi_argument_of_latitude_reference : 78.25320 +106.79115 -39.32660
Fitted fluxes (source and blending):
flux_s_1 : 592.08613 +264.88916 -70.60015
flux_b_1 : 221.52658 +70.89971 -266.74387
Best model:
chi2: 5205.7409
t_0 u_0 t_E pi_E_N pi_E_E xi_Omega_node xi_inclination xi_period xi_semimajor_axis xi_argument_of_latitude_reference
2454284.578072488 1.035429809162955 127.74463586921541 0.2156864157609064 -0.167510951577614 271.56356900186273 182.31220815510807 13.567453840961871 0.00798867169159796 95.77892190867338
Fluxes:
546.064623479316 267.9440562392603
