Mean acceptance fraction: 0.114
Mean autocorrelation time [steps]: 905.6
Fitted parameters:
t_0 : 2452498.54132 +0.16432 -0.04071
u_0 : 0.15600 +0.07065 -0.05919
t_E : 334.10109 +165.00168 -77.08902
pi_E_N : 0.12700 +0.08792 -0.33572
pi_E_E : -0.33108 +0.30547 -0.39335
xi_Omega_node : 196.22521 +162.65347 -8.30308
xi_inclination : 94.83429 +137.57416 -3.25830
xi_period : 8.72965 +0.91912 -1.16017
xi_semimajor_axis : 0.01665 +0.01462 -0.00762
xi_argument_of_latitude_reference : 201.36074 +38.11000 -9.49530
Fitted fluxes (source and blending):
flux_s_1 : 37.83455 +19.98559 -15.97092
flux_b_1 : 23.63987 +15.69299 -19.68002
Best model:
chi2: 1641.4820
t_0 u_0 t_E pi_E_N pi_E_E xi_Omega_node xi_inclination xi_period xi_semimajor_axis xi_argument_of_latitude_reference
2452498.51862886 0.09503441404561554 312.1116349615797 -0.1760315162836662 -0.02291455321042865 197.00137365154214 95.33217456298475 7.576973841489601 0.016792303998211574 194.66656884898592
Fluxes:
21.46358360729833 39.67095752461645
