Mean acceptance fraction: 0.063
Mean autocorrelation time [steps]: 755.4
Fitted parameters:
t_0 : 2454273.72505 +0.23099 -0.38868
u_0 : 0.63370 +0.06125 -0.24681
t_E : 132.09042 +35.32832 -7.20132
pi_E_N : -0.20786 +0.14583 -0.00764
pi_E_E : -0.17060 +0.00653 -0.44559
xi_Omega_node : 246.91763 +92.99076 -82.27833
xi_inclination : 191.03422 +94.03019 -209.55473
xi_period : 7.81183 +0.48696 -3.20508
xi_semimajor_axis : 0.00348 +0.00290 -0.00343
xi_argument_of_latitude_reference : 132.42288 +172.04293 -149.79930
Fitted fluxes (source and blending):
flux_s_1 : 100.21631 +16.66887 -55.73926
flux_b_1 : 16.27065 +56.35509 -16.56804
Best model:
chi2: 3654.9239
t_0 u_0 t_E pi_E_N pi_E_E xi_Omega_node xi_inclination xi_period xi_semimajor_axis xi_argument_of_latitude_reference
2454273.7678235997 0.6418205276718744 131.39335705453337 -0.20848813497744953 -0.1667140127088028 205.92910271881203 239.35392246577214 7.855717102176462 0.005701504732493884 144.56113765617093
Fluxes:
101.71382695140836 14.791116113410142
