Mean acceptance fraction: 0.130
Mean autocorrelation time [steps]: 866.4
Fitted parameters:
t_0 : 2453646.71719 +24.48417 -0.66660
u_0 : 0.05546 +0.02505 -0.00989
t_E : 479.52236 +101.31778 -187.36141
pi_E_N : 0.00938 +0.03817 -0.09427
pi_E_E : -0.00831 +0.03186 -0.00606
xi_Omega_node : 238.29075 +9.63968 -5.64991
xi_inclination : 249.73017 +14.69137 -136.93892
xi_period : 97.71778 +5.02003 -8.79330
xi_semimajor_axis : 0.03628 +0.00710 -0.01832
xi_argument_of_latitude_reference : 248.05317 +10.33519 -19.87334
Fitted fluxes (source and blending):
flux_s_1 : 7.38643 +3.31059 -2.69768
flux_b_1 : 2.16877 +2.19103 -3.57997
Best model:
chi2: 1906.1823
t_0 u_0 t_E pi_E_N pi_E_E xi_Omega_node xi_inclination xi_period xi_semimajor_axis xi_argument_of_latitude_reference
2453679.779477204 0.03225236900548465 230.20369558593646 0.07949237817913074 0.05508996122162574 179.70386969935888 251.58355839931912 73.68794593615829 0.0003473632534348177 234.40765268315855
Fluxes:
14.1795620194853 -4.868362781053076
