Mean acceptance fraction: 0.219
Mean autocorrelation time [steps]: nan
Fitted parameters:
t_0 : 2453810.99954 +0.42024 -0.69986
u_0 : 3.68301 +8.24020 -1.94365
t_E : 128.39210 +109.83917 -86.33229
pi_E_N : -0.34703 +0.13202 -0.64640
pi_E_E : -0.06559 +0.02362 -0.06562
xi_Omega_node : 351.90306 +1.14228 -197.11810
xi_inclination : 93.98686 +119.87698 -0.98405
xi_period : 36.18293 +0.57989 -0.16087
xi_semimajor_axis : 0.20999 +0.42882 -0.18543
xi_argument_of_latitude_reference : 186.78290 +102.78787 -11.62064
Fitted fluxes (source and blending):
flux_s_1 : 37194.89351 +3185849.51472 -33705.01244
flux_b_1 : -35925.14301 +33703.72211 -3185849.31757
Best model:
chi2: 29086.8413
t_0 u_0 t_E pi_E_N pi_E_E xi_Omega_node xi_inclination xi_period xi_semimajor_axis xi_argument_of_latitude_reference
2453806.572083126 13.998557289130906 35.7821431449509 -1.1290985606050694 -0.1538668655537611 348.85219079866374 92.03385396233355 36.01108280900141 0.7124640719091724 190.35091733655165
Fluxes:
5991675.120266806 -5990404.990215325
