Mean acceptance fraction: 0.089
Mean autocorrelation time [steps]: 640.3
Fitted parameters:
t_0 : 2454273.50351 +0.39190 -0.02203
u_0 : 0.65586 +0.53533 -0.03920
t_E : 131.41791 +300.93798 -4.41962
pi_E_N : -0.21066 +0.00935 -0.12879
pi_E_E : -0.17007 +0.00845 -1.02977
xi_Omega_node : 165.94685 +25.63892 -26.80813
xi_inclination : 254.95577 +26.77164 -209.16189
xi_period : 10.43146 +4.78696 -2.32111
xi_semimajor_axis : 0.00846 +0.01439 -0.00401
xi_argument_of_latitude_reference : 179.11212 +57.33578 -111.07510
Fitted fluxes (source and blending):
flux_s_1 : 106.60761 +188.30755 -10.37643
flux_b_1 : 9.94709 +10.28543 -185.33954
Best model:
chi2: 3661.2234
t_0 u_0 t_E pi_E_N pi_E_E xi_Omega_node xi_inclination xi_period xi_semimajor_axis xi_argument_of_latitude_reference
2454273.480326576 0.648536024744341 130.19889614562229 -0.20412520206113607 -0.16420154204705922 169.69093748762276 263.2094393892354 10.45126615934659 0.00939984724405547 179.17989887488673
Fluxes:
104.87111719761667 11.618446228774399
