/usr/local/lib/python3.6/site-packages/emcee/autocorr.py:38: RuntimeWarning: invalid value encountered in true_divide
  acf /= acf[0]
/usr/local/lib/python3.6/site-packages/emcee/autocorr.py:43: RuntimeWarning: invalid value encountered in less
  m = np.arange(len(taus)) < c * taus
/usr/local/lib/python3.6/site-packages/emcee/autocorr.py:101: RuntimeWarning: invalid value encountered in greater
  flag = tol * tau_est > n_t
The chain is shorter than 50 times the integrated autocorrelation time for 5 parameter(s). Use this estimate with caution and run a longer chain!
N/50 = 150;
tau: [ 639.6025579  1112.48297586           nan           nan  969.29218974
  479.69950011  799.13078348           nan           nan           nan]
WARNING:root:Too few points to create valid contours
WARNING:root:Too few points to create valid contours
WARNING:root:Too few points to create valid contours
WARNING:root:Too few points to create valid contours
WARNING:root:Too few points to create valid contours
WARNING:root:Too few points to create valid contours
WARNING:root:Too few points to create valid contours
WARNING:root:Too few points to create valid contours
WARNING:root:Too few points to create valid contours
WARNING:root:Too few points to create valid contours
WARNING:root:Too few points to create valid contours
WARNING:root:Too few points to create valid contours
WARNING:root:Too few points to create valid contours
WARNING:root:Too few points to create valid contours
WARNING:root:Too few points to create valid contours
