Mean acceptance fraction: 0.230
Mean autocorrelation time [steps]: 554.3
Fitted parameters:
t_0 : 2454277.98650 +5.90975 -0.67044
u_0 : 0.94140 +0.18929 -0.03608
t_E : 134.11155 +89.68638 -3.28248
pi_E_N : 0.19258 +0.00433 -0.01059
pi_E_E : -0.16550 +0.00248 -0.00446
xi_Omega_node : 367.28603 +7.08322 -92.72094
xi_inclination : 93.60552 +10.76581 -38.91525
xi_period : 43.30432 +1.80259 -0.53725
xi_semimajor_axis : 0.00859 +0.00226 -0.00491
xi_argument_of_latitude_reference : 1.78610 +70.00495 -15.46425
Fitted fluxes (source and blending):
flux_s_1 : 448.56006 +206.00411 -33.72778
flux_b_1 : 365.21241 +33.56385 -205.68363
Best model:
chi2: 5094.3675
t_0 u_0 t_E pi_E_N pi_E_E xi_Omega_node xi_inclination xi_period xi_semimajor_axis xi_argument_of_latitude_reference
2454277.4497010945 0.9334611969922652 133.60787983284635 0.19240499797417485 -0.1644273596466374 368.807669470675 96.92329451638814 43.458142671839035 0.010881701346779384 -14.734601571620797
Fluxes:
441.3172572116191 372.4363359634145
