Mean acceptance fraction: 0.282
Mean autocorrelation time [steps]: nan
Fitted parameters:
t_0 : 2453810.72137 +0.06059 -0.04798
u_0 : 1.67942 +0.78254 -0.30249
t_E : 214.95311 +71.97120 -45.27850
pi_E_N : -0.23852 +0.04556 -0.08748
pi_E_E : -0.04256 +0.01284 -0.01855
xi_Omega_node : 317.00105 +14.59030 -14.81480
xi_inclination : 253.38967 +10.60188 -114.15078
xi_period : 244.60661 +3.41729 -97.24549
xi_semimajor_axis : 0.12951 +0.01909 -0.04203
xi_argument_of_latitude_reference : 162.02449 +9.57657 -14.01530
Fitted fluxes (source and blending):
flux_s_1 : 3017.39071 +6759.98555 -1407.44596
flux_b_1 : -1740.88985 +1401.00088 -6763.62845
Best model:
chi2: 17399.9289
t_0 u_0 t_E pi_E_N pi_E_E xi_Omega_node xi_inclination xi_period xi_semimajor_axis xi_argument_of_latitude_reference
2453810.342037011 2.3194004617463326 169.67461616409017 -0.23563542879434762 -0.03678433236929459 336.0897941152723 265.23239207814447 248.83955939129578 0.23163433352594157 144.40631319385452
Fluxes:
7887.034229506671 -6611.334197577598
