Mean acceptance fraction: 0.068
Mean autocorrelation time [steps]: 711.2
Fitted parameters:
t_0 : 2452896.17688 +2.35035 -0.57709
u_0 : 2.83215 +1.31499 -1.66196
t_E : 90.28426 +82.18147 -25.16933
pi_E_N : 0.39410 +0.14981 -0.14308
pi_E_E : -0.69754 +0.16503 -0.31680
xi_Omega_node : 70.41808 +263.68393 -78.13262
xi_inclination : 97.79219 +186.14349 -19.59281
xi_period : 22.44953 +1.78224 -4.16188
xi_semimajor_axis : 0.09054 +0.06862 -0.05316
xi_argument_of_latitude_reference : 350.08770 +21.59726 -309.58939
Fitted fluxes (source and blending):
flux_s_1 : 1094.07471 +2923.05953 -1003.02158
flux_b_1 : -979.00459 +1002.97429 -2923.08208
Best model:
chi2: 1279.0208
t_0 u_0 t_E pi_E_N pi_E_E xi_Omega_node xi_inclination xi_period xi_semimajor_axis xi_argument_of_latitude_reference
2452904.8262474122 4.337781410886295 61.47257972920218 0.5074484002338565 -0.7671356295406698 -10.040030761761948 93.07589551635898 18.343516755855276 0.2591329040293741 374.4775733574436
Fluxes:
5094.946755202735 -4979.8681747809305
