Mean acceptance fraction: 0.189
Mean autocorrelation time [steps]: 834.1
Fitted parameters:
t_0 : 2454283.81918 +2.26197 -2.85367
u_0 : 0.73684 +3.31939 -0.11784
t_E : 161.55395 +531.40643 -23.68533
pi_E_N : 0.16650 +0.37344 -0.00560
pi_E_E : -0.16194 +0.01229 -0.74301
xi_Omega_node : 175.20716 +18.76759 -9.64441
xi_inclination : 79.12046 +12.17543 -16.37604
xi_period : 189.30778 +7.23744 -97.14254
xi_semimajor_axis : 0.03983 +0.23617 -0.00696
xi_argument_of_latitude_reference : 329.03962 +11.20175 -28.85303
Fitted fluxes (source and blending):
flux_s_1 : 280.35475 +22284.66507 -74.12116
flux_b_1 : 532.82114 +73.89073 -22283.73879
Best model:
chi2: 4747.8480
t_0 u_0 t_E pi_E_N pi_E_E xi_Omega_node xi_inclination xi_period xi_semimajor_axis xi_argument_of_latitude_reference
2454283.086902935 0.621762830299396 163.05302185613914 0.1620869761705553 -0.16400800048607117 169.8987854523937 71.63373936376502 195.39274797346408 0.034583853210578 329.20205447341255
Fluxes:
207.69766702647902 605.2455987444147
