Mean acceptance fraction: 0.278
Mean autocorrelation time [steps]: 898.3
Fitted parameters:
t_0 : 2453271.60457 +0.22455 -0.04223
u_0 : 0.19430 +0.17354 -0.05048
t_E : 261.28508 +138.93082 -70.84862
pi_E_N : 0.06307 +0.04841 -0.25636
pi_E_E : -0.20577 +0.03931 -0.03997
xi_Omega_node : 218.08415 +4.32757 -6.63119
xi_inclination : 96.04929 +6.97898 -18.74776
xi_period : 25.40639 +0.78162 -3.91069
xi_semimajor_axis : 0.04145 +0.02205 -0.00578
xi_argument_of_latitude_reference : 202.16928 +26.67790 -14.15667
Fitted fluxes (source and blending):
flux_s_1 : 312.33532 +358.05125 -124.81556
flux_b_1 : 716.71492 +137.98394 -336.65233
Best model:
chi2: 392603.2813
t_0 u_0 t_E pi_E_N pi_E_E xi_Omega_node xi_inclination xi_period xi_semimajor_axis xi_argument_of_latitude_reference
2453271.798272492 0.14309763285988072 393.7847045753633 -0.18543468284631648 -0.23667291007488456 218.32739420782346 78.1126535782676 21.64441068955888 0.036134946836369 189.5701243473586
Fluxes:
187.23525641339168 856.4077621549975
