Mean acceptance fraction: 0.244
Mean autocorrelation time [steps]: 911.8
Fitted parameters:
t_0 : 2453271.10117 +0.65914 -0.85399
u_0 : 0.47058 +0.23849 -0.18144
t_E : 237.09671 +99.44425 -82.79148
pi_E_N : -0.08814 +0.10805 -0.41734
pi_E_E : -0.13328 +0.04457 -0.03389
xi_Omega_node : 64.93081 +37.53201 -41.99784
xi_inclination : 249.51378 +4.81242 -83.28005
xi_period : 269.37829 +8.58792 -62.99990
xi_semimajor_axis : 0.20522 +0.04391 -0.13458
xi_argument_of_latitude_reference : 97.22258 +10.03753 -89.56223
Fitted fluxes (source and blending):
flux_s_1 : 996.50180 +1080.33719 -498.93440
flux_b_1 : -34.92422 +490.29292 -1070.90244
Best model:
chi2: 13838.8279
t_0 u_0 t_E pi_E_N pi_E_E xi_Omega_node xi_inclination xi_period xi_semimajor_axis xi_argument_of_latitude_reference
2453268.8109571813 0.2721633544975276 345.82365823180544 -0.06296367650445023 -0.07353613387153636 66.87985186423079 244.46586914295065 261.3215592068776 0.18158029604880568 91.92218559018058
Fluxes:
458.2243660418714 492.42594455485147
