Mean acceptance fraction: 0.150
Mean autocorrelation time [steps]: 891.1
Fitted parameters:
t_0 : 2453493.95865 +0.76474 -10.15292
u_0 : 0.73475 +0.04539 -0.10292
t_E : 173.66882 +27.40981 -7.05098
pi_E_N : 0.08279 +0.00513 -0.00373
pi_E_E : -0.03735 +0.02811 -0.00374
xi_Omega_node : 157.23301 +176.34825 -173.98383
xi_inclination : 149.83464 +136.42925 -61.25523
xi_period : 7.46989 +2.84460 -1.42411
xi_semimajor_axis : 0.00215 +0.01673 -0.00113
xi_argument_of_latitude_reference : 257.00538 +112.29416 -120.60321
Fitted fluxes (source and blending):
flux_s_1 : 693.23798 +80.10347 -151.80227
flux_b_1 : 46.16231 +151.76139 -79.87864
Best model:
chi2: 2488.7255
t_0 u_0 t_E pi_E_N pi_E_E xi_Omega_node xi_inclination xi_period xi_semimajor_axis xi_argument_of_latitude_reference
2453494.850975304 0.7997893135092432 162.34309036492562 0.07976962466605268 -0.04283142798683547 285.1881554000291 149.0904397813667 1.083810791512171 0.0018224242629203604 123.14782434977592
Fluxes:
811.6752920652356 -72.05860391659716
