Mean acceptance fraction: 0.093
Mean autocorrelation time [steps]: 885.8
Fitted parameters:
t_0 : 2453780.02249 +13.71863 -11.57047
u_0 : 1.22558 +0.47789 -0.17591
t_E : 151.46204 +359.15325 -36.18527
pi_E_N : 0.18755 +0.18178 -0.06146
pi_E_E : -0.09751 +1.00612 -0.06614
xi_Omega_node : 165.03342 +55.53314 -62.23688
xi_inclination : 212.54774 +80.22407 -231.03572
xi_period : 99.13152 +85.25043 -74.35733
xi_semimajor_axis : 0.01119 +0.03006 -0.01080
xi_argument_of_latitude_reference : 132.48747 +203.01182 -124.74869
Fitted fluxes (source and blending):
flux_s_1 : 397.01319 +520.28125 -159.79548
flux_b_1 : -70.46021 +161.47920 -520.02371
Best model:
chi2: 1680.2095
t_0 u_0 t_E pi_E_N pi_E_E xi_Omega_node xi_inclination xi_period xi_semimajor_axis xi_argument_of_latitude_reference
2453759.9484862406 0.9307985980019392 163.3853226315013 0.25962457125868166 -0.03802654590845289 214.9744253832847 148.65485643757287 190.41988224835308 0.044852719007250214 318.0976667174178
Fluxes:
233.9003919561805 92.78865694811886
