/usr/local/lib/python3.6/site-packages/emcee/autocorr.py:38: RuntimeWarning: invalid value encountered in true_divide
  acf /= acf[0]
/usr/local/lib/python3.6/site-packages/emcee/autocorr.py:43: RuntimeWarning: invalid value encountered in less
  m = np.arange(len(taus)) < c * taus
/usr/local/lib/python3.6/site-packages/emcee/autocorr.py:101: RuntimeWarning: invalid value encountered in greater
  flag = tol * tau_est > n_t
The chain is shorter than 50 times the integrated autocorrelation time for 8 parameter(s). Use this estimate with caution and run a longer chain!
N/50 = 150;
tau: [          nan 1117.65878441 1105.49291732 1101.78252082 1013.22600952
  747.49936478  715.53921342           nan 1120.67614685 1058.39426216]
WARNING:root:Too few points to create valid contours
WARNING:root:Too few points to create valid contours
WARNING:root:Too few points to create valid contours
WARNING:root:Too few points to create valid contours
WARNING:root:Too few points to create valid contours
WARNING:root:Too few points to create valid contours
WARNING:root:Too few points to create valid contours
WARNING:root:Too few points to create valid contours
WARNING:root:Too few points to create valid contours
WARNING:root:Too few points to create valid contours
WARNING:root:Too few points to create valid contours
