Mean acceptance fraction: 0.088
Mean autocorrelation time [steps]: 828.1
Fitted parameters:
t_0 : 2454028.91926 +2.30657 -0.54510
u_0 : 0.97374 +4.07736 -0.30477
t_E : 430.83543 +1183.40010 -127.61029
pi_E_N : 0.05994 +0.09447 -0.01609
pi_E_E : -0.09104 +1.65662 -0.01283
xi_Omega_node : 172.80371 +32.09686 -9.11568
xi_inclination : 116.60781 +155.02470 -51.73536
xi_period : 14.17456 +15.32511 -0.51500
xi_semimajor_axis : 0.02829 +0.10880 -0.00851
xi_argument_of_latitude_reference : 249.54662 +28.18888 -38.17248
Fitted fluxes (source and blending):
flux_s_1 : 524.07108 +77374.57942 -262.93505
flux_b_1 : -108.07038 +261.33982 -77374.51933
Best model:
chi2: 9301.5024
t_0 u_0 t_E pi_E_N pi_E_E xi_Omega_node xi_inclination xi_period xi_semimajor_axis xi_argument_of_latitude_reference
2454031.313139069 1.348067473376555 239.6047463941312 0.06521293602837634 -0.11932433244709324 181.28120908351835 257.86439052407457 13.736023330234751 0.006240694108842164 222.76327720226126
Fluxes:
1082.2417599451294 -665.4930474692079
