Mean acceptance fraction: 0.115
Mean autocorrelation time [steps]: 738.5
Fitted parameters:
t_0 : 2454057.86589 +1.17120 -1.02967
u_0 : 0.65899 +0.03034 -0.02100
t_E : 336.06526 +10.80368 -7.30288
pi_E_N : 0.03593 +0.00163 -0.00134
pi_E_E : -0.04761 +0.00227 -0.00275
xi_Omega_node : 271.25887 +78.69031 -155.89360
xi_inclination : 30.62112 +134.77733 -41.79111
xi_period : 24.83753 +61.41217 -23.23381
xi_semimajor_axis : 0.00156 +0.00087 -0.00070
xi_argument_of_latitude_reference : 87.67705 +99.46102 -90.94646
Fitted fluxes (source and blending):
flux_s_1 : 266.66548 +18.70329 -14.49899
flux_b_1 : 149.29509 +14.62130 -17.92242
Best model:
chi2: 8050.4520
t_0 u_0 t_E pi_E_N pi_E_E xi_Omega_node xi_inclination xi_period xi_semimajor_axis xi_argument_of_latitude_reference
2454056.420755663 0.6798335256281212 332.04032209149887 0.03740058876117324 -0.05078516540406843 254.95253010026312 -11.173541347248996 0.03928676497153782 0.0023373132579220116 16.183599905885437
Fluxes:
280.7432100341245 134.96360533502272
