Mean acceptance fraction: 0.060
Mean autocorrelation time [steps]: 4319.5
Fitted parameters:
t_0 : 2452312.70899 +2.44551 -2.41175
u_0 : 45.17086 +79.79331 -32.02523
t_E : 0.33516 +0.65759 -0.21309
xi_period : 191.39288 +5.43072 -5.46999
xi_semimajor_axis : 14.07069 +37.78530 -10.96520
xi_Omega_node : 106.64041 +5.52368 -6.47288
xi_inclination : 101.70830 +2.97351 -4.06589
xi_argument_of_latitude_reference : 266.81191 +2.25723 -3.63926
q_source : 0.66382 +0.22826 -0.26993
Fitted fluxes (source and blending):
flux_s1_1 : -406311751541.27930 +400579205087.58740 -24102398447556.18750
flux_s2_1 : 449044648320.76428 +27184262108396.40625 -442768169236.71747
flux_b_1 : -29266473731.14462 +28904870690.98254 -1527429113995.38281
Best model:
chi2: 1070.6056
t_0 u_0 t_E xi_period xi_semimajor_axis xi_Omega_node xi_inclination xi_argument_of_latitude_reference q_source
2452313.3885938246 249.0747097720034 0.08781065926193167 188.9666303334153 5.921480951624545 112.67061885877077 105.58802674991001 270.0327748169038 0.6725015571216055
Fluxes:
-761440152468153.0 765193391803232.2 -3753239335030.8125
