Mean acceptance fraction: 0.119
Mean autocorrelation time [steps]: 2882.5
Fitted parameters:
t_0 : 2454199.82712 +6.72754 -3.32946
u_0 : 0.87426 +0.17271 -0.05523
t_E : 212.00325 +9.00876 -25.50349
xi_period : 392.36811 +18.72000 -13.42274
xi_semimajor_axis : 0.18771 +0.01878 -0.03197
xi_Omega_node : 129.75525 +11.25006 -140.95748
xi_inclination : 41.56146 +6.14989 -4.62379
xi_argument_of_latitude_reference : -7.73713 +143.34147 -10.47817
q_source : 0.03443 +0.81858 -0.03427
Fitted fluxes (source and blending):
flux_s1_1 : 343.64666 +123.03016 -46.51501
flux_s2_1 : -22.85091 +23.94918 -1521622178228.78760
flux_b_1 : 499.86218 +1521622178254.64160 -129.22020
Best model:
chi2: 4260.8417
t_0 u_0 t_E xi_period xi_semimajor_axis xi_Omega_node xi_inclination xi_argument_of_latitude_reference q_source
2454200.0607250733 1.0920070614739859 180.81199464917253 378.59353732423716 0.20405128194596472 116.36971759777066 46.5810898869398 10.552289471282464 0.0317831502588891
Fluxes:
505.9258404718883 -23.93030322354312 331.88697652868115
