Mean acceptance fraction: 0.057
Mean autocorrelation time [steps]: 3724.1
Fitted parameters:
t_0 : 2453994.81684 +194.39387 -81.72595
u_0 : 10.17580 +9.09435 -4.22313
t_E : 23.66670 +15.92686 -5.35801
xi_period : 5846.45355 +1954.80064 -1436.61900
xi_semimajor_axis : 66.53719 +32.53092 -28.20990
xi_Omega_node : 68.44248 +27.96954 -20.44086
xi_inclination : 332.09656 +12.67575 -9.61543
xi_argument_of_latitude_reference : 68.15467 +18.07103 -17.48298
q_source : 0.27052 +0.37146 -0.20072
Fitted fluxes (source and blending):
flux_s1_1 : 50086.45691 +252832.83803 -41761.12441
flux_s2_1 : 13487453450.48490 +2553073355753.44434 -13021214292.22688
flux_b_1 : -13487476073.51300 +13021234328.34416 -2553073428422.31299
Best model:
chi2: 2172.5888
t_0 u_0 t_E xi_period xi_semimajor_axis xi_Omega_node xi_inclination xi_argument_of_latitude_reference q_source
2454032.8559586643 5.940856675783712 25.80868281192501 7059.507325454248 67.33500125694691 74.51956756999164 331.16619280515897 41.51570094774697 0.3884632509082317
Fluxes:
7403.167543734333 15607259984.91204 -15607267288.930775
