Mean acceptance fraction: 0.159
Mean autocorrelation time [steps]: 2255.1
Fitted parameters:
t_0 : 2454007.05380 +1.02204 -1.47494
u_0 : 0.18628 +0.08715 -0.01059
t_E : 73.64651 +7.00194 -6.63095
xi_period : 1127.65466 +29.83907 -32.65484
xi_semimajor_axis : 0.88001 +0.25614 -0.39711
xi_Omega_node : 236.01761 +30.85338 -5.43151
xi_inclination : 240.53839 +17.88400 -3.27494
xi_argument_of_latitude_reference : 285.02323 +6.76616 -5.71537
q_source : 0.18996 +0.29240 -0.02508
Fitted fluxes (source and blending):
flux_s1_1 : 192.26946 +456.31718 -21.67330
flux_s2_1 : -2548.41587 +878.35332 -1258.38011
flux_b_1 : 2391.23807 +938.52119 -2319.71816
Best model:
chi2: 4518.3785
t_0 u_0 t_E xi_period xi_semimajor_axis xi_Omega_node xi_inclination xi_argument_of_latitude_reference q_source
2454006.8815774885 0.18262137189097252 68.03876476385274 1125.9036308231684 1.0597644146184562 232.20116867191518 241.7629964462528 283.46304264825 0.18759798103660164
Fluxes:
200.88942554195867 -3185.1668819956685 3189.708674050509
