Mean acceptance fraction: 0.341
Mean autocorrelation time [steps]: 1052.1
Fitted parameters:
t_0 : 2454577.10464 +0.00179 -0.00345
u_0 : 0.02314 +0.00009 -0.00009
t_E : 74.81288 +0.23148 -0.21829
xi_period : 0.53472 +0.00107 -0.00079
xi_semimajor_axis : 0.00005 +0.00007 -0.00003
xi_Omega_node : 38.73293 +2.09346 -1.99266
xi_inclination : 69.07210 +1.91763 -1.70526
xi_argument_of_latitude_reference : 24.83582 +2.50756 -2.91667
q_source : 0.75241 +0.18317 -0.36732
Fitted fluxes (source and blending):
flux_s1_1 : -595.86190 +424.93889 -1954.10187
flux_s2_1 : 767.36107 +1953.85786 -424.91691
flux_b_1 : 15.92632 +0.63058 -0.60682
Best model:
chi2: 15047.1992
t_0 u_0 t_E xi_period xi_semimajor_axis xi_Omega_node xi_inclination xi_argument_of_latitude_reference q_source
2454577.0657943147 0.022705200179045447 76.48842331075464 0.5600363851921909 0.0003006269126281567 2.862247045790491 137.92547051519625 -19.746186726494958 0.017126806695934152
Fluxes:
163.8122095915703 2.627637998814697 20.917263860050035
