Mean acceptance fraction: 0.384
Mean autocorrelation time [steps]: 807.2
Fitted parameters:
t_0 : 2453077.40795 +3.88700 -117.46110
u_0 : 0.68259 +0.01790 -0.14254
t_E : 73.70585 +18.40238 -2.49451
pi_E_N : -0.14688 +0.01564 -0.19070
pi_E_E : 0.91418 +0.03188 -0.07012
xi_Omega_node : 334.59898 +44.75926 -4.45098
xi_inclination : 262.73854 +5.35174 -6.08191
xi_period : 41.77166 +1.24254 -39.56382
xi_semimajor_axis : 0.07381 +0.05649 -0.07101
xi_argument_of_latitude_reference : 161.29210 +26.15771 -172.65087
Fitted fluxes (source and blending):
flux_s_1 : 1095.07685 +3930.01484 -95.71872
flux_b_1 : -689.41495 +95.38655 -3933.33873
Best model:
chi2: 8709.5724
t_0 u_0 t_E pi_E_N pi_E_E xi_Omega_node xi_inclination xi_period xi_semimajor_axis xi_argument_of_latitude_reference
2452956.3409671295 0.5286614922880994 92.22289201174047 -0.33587265218380224 0.8382098924266191 379.9843598107429 256.83919344123547 1.0022362936677567 0.00379250767180923 -13.5779638550513
Fluxes:
5150.557016994729 -4748.254940438363
