Mean acceptance fraction: 0.114
Mean autocorrelation time [steps]: 862.3
Fitted parameters:
t_0 : 2452499.02309 +31.97797 -0.29247
u_0 : 0.14473 +0.06336 -0.03947
t_E : 569.80698 +85.73433 -366.24521
pi_E_N : 0.11157 +0.19116 -0.31499
pi_E_E : -0.34013 +0.28733 -0.21070
xi_Omega_node : 197.72151 +170.24010 -184.59214
xi_inclination : 269.09608 +4.67767 -175.77324
xi_period : 13.07848 +1.44218 -0.47992
xi_semimajor_axis : 0.02284 +0.01727 -0.02084
xi_argument_of_latitude_reference : 148.73320 +203.61228 -151.36622
Fitted fluxes (source and blending):
flux_s_1 : 35.27417 +21.32333 -10.22158
flux_b_1 : 26.08539 +10.12698 -21.50760
Best model:
chi2: 1883.0333
t_0 u_0 t_E pi_E_N pi_E_E xi_Omega_node xi_inclination xi_period xi_semimajor_axis xi_argument_of_latitude_reference
2452628.298317483 0.020083059684705848 1040.6409565342503 -0.3535646794302941 -0.33231186105582017 -14.9811041287925 1.4452066421215832 21.456452647299486 0.000811624462529197 -17.954034222668966
Fluxes:
30.361856656034647 31.207573792576852
