Mean acceptance fraction: 0.160
Mean autocorrelation time [steps]: 725.5
Fitted parameters:
t_0 : 2453679.60000 +1.98721 -23.39741
u_0 : 0.04187 +0.01992 -0.01136
t_E : 226.87668 +219.99597 -25.99785
pi_E_N : 0.08702 +0.03669 -0.02785
pi_E_E : 0.05611 +0.01996 -0.02899
xi_Omega_node : 255.00574 +44.98534 -156.20146
xi_inclination : 103.38804 +123.46029 -17.72395
xi_period : 142.48485 +332.40591 -78.46918
xi_semimajor_axis : 0.01421 +0.02143 -0.01085
xi_argument_of_latitude_reference : 221.38805 +95.76455 -139.27992
Fitted fluxes (source and blending):
flux_s_1 : 14.61430 +3.27046 -5.41181
flux_b_1 : -5.28810 +7.42385 -3.22973
Best model:
chi2: 1893.9617
t_0 u_0 t_E pi_E_N pi_E_E xi_Omega_node xi_inclination xi_period xi_semimajor_axis xi_argument_of_latitude_reference
2453679.4107732824 0.025617377528869084 243.64628821591808 0.07255871136572285 0.04831742721888022 250.44467569082764 97.52288485528919 13.64158831367926 0.010755046454573114 340.6881427458816
Fluxes:
12.950863733751753 -3.656547642147765
