Mean acceptance fraction: 0.207
Mean autocorrelation time [steps]: 445.4
Fitted parameters:
t_0 : 2453494.59109 +0.57125 -0.64051
u_0 : 0.76036 +0.02825 -0.02954
t_E : 168.83738 +5.49839 -4.61424
pi_E_N : 0.08070 +0.00266 -0.00208
pi_E_E : -0.03992 +0.00253 -0.00258
xi_Omega_node : 324.74479 +19.07171 -171.80836
xi_inclination : 77.89496 +14.17800 -62.32899
xi_period : 21.60479 +1.07375 -0.36280
xi_semimajor_axis : 0.00405 +0.00414 -0.00166
xi_argument_of_latitude_reference : 126.81466 +86.33347 -19.10009
Fitted fluxes (source and blending):
flux_s_1 : 734.12344 +53.77142 -49.31891
flux_b_1 : 9.85192 +44.83891 -58.21475
Best model:
chi2: 2468.5996
t_0 u_0 t_E pi_E_N pi_E_E xi_Omega_node xi_inclination xi_period xi_semimajor_axis xi_argument_of_latitude_reference
2453495.030853935 0.7500170521361897 170.00771923756412 0.08164419895712743 -0.03857920870253882 341.4964260144492 85.0306999063623 22.623711405277884 0.007898684817363937 122.24665956131459
Fluxes:
717.5137504056323 21.944264895999947
