Mean acceptance fraction: 0.153
Mean autocorrelation time [steps]: 658.2
Fitted parameters:
t_0 : 2453679.29384 +1.88778 -6.54764
u_0 : 0.03477 +0.03019 -0.00694
t_E : 232.64413 +37.60515 -20.93169
pi_E_N : 0.07099 +0.02937 -0.04023
pi_E_E : 0.05450 +0.02446 -0.02486
xi_Omega_node : 83.89746 +177.25511 -26.53615
xi_inclination : 99.22262 +125.07138 -39.43698
xi_period : 485.91136 +2787.24589 -276.41268
xi_semimajor_axis : 0.04126 +0.02796 -0.02857
xi_argument_of_latitude_reference : 84.25425 +160.06400 -54.33578
Fitted fluxes (source and blending):
flux_s_1 : 14.12668 +2.46335 -2.67996
flux_b_1 : -4.81806 +2.64923 -2.40337
Best model:
chi2: 1902.8227
t_0 u_0 t_E pi_E_N pi_E_E xi_Omega_node xi_inclination xi_period xi_semimajor_axis xi_argument_of_latitude_reference
2453679.073441364 0.038914493553857565 232.37903628394943 0.06285708241087201 0.054563978690530195 201.32029658606533 124.9472015730791 1975.5256709935088 0.04134889115593326 186.79651475102185
Fluxes:
13.93949667616732 -4.625921028895323
