Mean acceptance fraction: 0.098
Mean autocorrelation time [steps]: 821.8
Fitted parameters:
t_0 : 2453646.80547 +0.33769 -0.60102
u_0 : 0.06095 +0.00895 -0.04140
t_E : 544.27928 +525.78850 -81.93795
pi_E_N : -0.08547 +0.10023 -0.07590
pi_E_E : 0.00583 +0.10175 -0.01851
xi_Omega_node : 142.92868 +93.75225 -81.19368
xi_inclination : 140.49327 +96.98752 -59.73623
xi_period : 127.26040 +471.11644 -26.86789
xi_semimajor_axis : 0.05569 +0.06013 -0.02163
xi_argument_of_latitude_reference : 113.80420 +149.62177 -46.02582
Fitted fluxes (source and blending):
flux_s_1 : 6.06460 +0.41534 -4.30117
flux_b_1 : 4.16881 +2.50697 -1.47479
Best model:
chi2: 1979.6228
t_0 u_0 t_E pi_E_N pi_E_E xi_Omega_node xi_inclination xi_period xi_semimajor_axis xi_argument_of_latitude_reference
2453646.0333133214 0.015289768560278107 1079.9493339768178 0.0166178778700276 -0.007755451638633911 231.6098137045998 79.32688295144443 647.8392165198625 0.12782282460765018 230.10328993361335
Fluxes:
1.5166727606832417 7.271370225114219
