Mean acceptance fraction: 0.130
Mean autocorrelation time [steps]: 930.1
Fitted parameters:
t_0 : 2452498.44271 +0.37826 -7.20796
u_0 : 0.32307 +2.86958 -0.10689
t_E : 150.30740 +274.60463 -71.64384
pi_E_N : -0.03502 +0.39600 -0.14103
pi_E_E : -1.04702 +1.01778 -3.23331
xi_Omega_node : 85.73926 +281.93974 -28.47607
xi_inclination : 241.11493 +14.13159 -12.39411
xi_period : 97.01730 +9.73886 -29.00406
xi_semimajor_axis : 0.06002 +0.22771 -0.03534
xi_argument_of_latitude_reference : 142.87413 +236.16210 -17.26322
Fitted fluxes (source and blending):
flux_s_1 : 97.41293 +15789.79764 -38.97937
flux_b_1 : -35.21923 +38.48073 -15789.90244
Best model:
chi2: 1018.9876
t_0 u_0 t_E pi_E_N pi_E_E xi_Omega_node xi_inclination xi_period xi_semimajor_axis xi_argument_of_latitude_reference
2452498.8457106436 0.2147231767373989 156.63360411698176 -0.15209466810105873 -0.026149240889628864 367.6383491830058 231.4444688640897 68.4756338546676 0.024352570669112367 379.96987320804976
Fluxes:
57.9033806620286 3.765854110695172
