Mean acceptance fraction: 0.089
Mean autocorrelation time [steps]: 796.1
Fitted parameters:
t_0 : 2454273.71763 +0.53058 -0.88726
u_0 : 0.60191 +0.06528 -0.36283
t_E : 140.52946 +448.64953 -15.23865
pi_E_N : -0.16153 +0.08600 -0.01694
pi_E_E : -0.14525 +0.03248 -0.06607
xi_Omega_node : 203.55568 +59.61164 -115.42468
xi_inclination : 104.12364 +21.78561 -14.67740
xi_period : 384.02031 +85.84305 -156.23741
xi_semimajor_axis : 0.05045 +0.03194 -0.02248
xi_argument_of_latitude_reference : 168.60346 +53.83731 -16.85606
Fitted fluxes (source and blending):
flux_s_1 : 92.04047 +17.35581 -67.30688
flux_b_1 : 24.30955 +66.69636 -17.25714
Best model:
chi2: 3614.2478
t_0 u_0 t_E pi_E_N pi_E_E xi_Omega_node xi_inclination xi_period xi_semimajor_axis xi_argument_of_latitude_reference
2454271.64796133 0.74963131011945 112.73863240486341 -0.20490133057827634 -0.19951628598082172 252.91149042844273 94.658044882111 814.717729581948 0.13192031918658229 197.32803633184932
Fluxes:
134.48954844466476 -18.051375012689995
