Mean acceptance fraction: 0.088
Mean autocorrelation time [steps]: 814.1
Fitted parameters:
t_0 : 2454284.50546 +0.07008 -0.22940
u_0 : 1.19715 +2.27239 -0.11196
t_E : 125.38718 +252.75760 -5.43025
pi_E_N : 0.22315 +0.11082 -0.01234
pi_E_E : -0.17058 +0.00543 -0.78059
xi_Omega_node : 222.51834 +123.70624 -35.39277
xi_inclination : 259.14274 +16.40874 -114.25801
xi_period : 5.48371 +0.14736 -0.10437
xi_semimajor_axis : 0.01426 +0.06951 -0.00948
xi_argument_of_latitude_reference : 371.89287 +7.32712 -33.96122
Fitted fluxes (source and blending):
flux_s_1 : 751.15324 +14474.02181 -147.71931
flux_b_1 : 62.84019 +147.88432 -14472.80127
Best model:
chi2: 5203.8620
t_0 u_0 t_E pi_E_N pi_E_E xi_Omega_node xi_inclination xi_period xi_semimajor_axis xi_argument_of_latitude_reference
2454284.540865703 1.0596302567413183 125.5979510581555 0.21654687390208296 -0.16820868704342476 192.78136904402103 270.6408390988228 5.299801792951459 0.01164023901010618 357.4073452365706
Fluxes:
577.3283114277563 236.73766277150054
