Mean acceptance fraction: 0.339
Mean autocorrelation time [steps]: 943.4
Fitted parameters:
t_0 : 2453079.11010 +0.32504 -0.40600
u_0 : 0.20486 +0.05281 -0.02530
t_E : 339.94132 +34.86592 -15.97615
pi_E_N : 0.08787 +0.01912 -0.01888
pi_E_E : -0.01010 +0.03450 -0.04210
xi_Omega_node : 252.81719 +58.15916 -58.96542
xi_inclination : 7.87259 +54.13510 -5.60177
xi_period : 473.33495 +72.98293 -69.44587
xi_semimajor_axis : 0.18992 +0.11705 -0.07070
xi_argument_of_latitude_reference : 127.77251 +61.37300 -47.76199
Fitted fluxes (source and blending):
flux_s_1 : 183.88069 +44.12393 -29.24052
flux_b_1 : 214.57647 +27.77357 -43.81412
Best model:
chi2: 6780.5132
t_0 u_0 t_E pi_E_N pi_E_E xi_Omega_node xi_inclination xi_period xi_semimajor_axis xi_argument_of_latitude_reference
2453079.564528961 0.25079452933883795 334.2189705065694 0.10870406567009422 0.018650233182967754 303.5974837669318 77.10451443648331 579.3296939002267 0.35071004266154193 102.06925045111632
Fluxes:
247.5868650988986 149.90308473810612
