Mean acceptance fraction: 0.227
Mean autocorrelation time [steps]: 892.9
Fitted parameters:
t_0 : 2453809.96174 +0.95584 -10.45191
u_0 : 1.61352 +4.01162 -0.42406
t_E : 237.16634 +60.41801 -152.41394
pi_E_N : -0.21402 +0.02588 -0.29986
pi_E_E : -0.03209 +0.01352 -0.07393
xi_Omega_node : 166.50475 +3.11703 -10.71802
xi_inclination : 105.65624 +69.34493 -5.35271
xi_period : 136.92566 +100.58393 -1.93023
xi_semimajor_axis : 0.09114 +0.14316 -0.04575
xi_argument_of_latitude_reference : 352.67858 +5.66721 -274.58738
Fitted fluxes (source and blending):
flux_s_1 : 2858.34096 +173788.68357 -1505.46941
flux_b_1 : -1587.98783 +1503.23449 -173787.46541
Best model:
chi2: 23622.0061
t_0 u_0 t_E pi_E_N pi_E_E xi_Omega_node xi_inclination xi_period xi_semimajor_axis xi_argument_of_latitude_reference
2453787.510994807 10.961529428610058 44.47979309234549 -0.919760478465477 -0.08719144194783911 168.96369732380174 109.28320621249858 138.69003952463743 0.2947027685778289 355.8791337186175
Fluxes:
2356177.60758378 -2354906.6806473127
