Mean acceptance fraction: 0.102
Mean autocorrelation time [steps]: 699.8
Fitted parameters:
t_0 : 2454283.99108 +0.61935 -0.03718
u_0 : 2.17090 +0.07630 -0.96743
t_E : 629.07523 +54.27275 -470.16817
pi_E_N : 0.23373 +0.02399 -0.04955
pi_E_E : -0.58460 +0.52333 -0.00716
xi_Omega_node : 373.19480 +6.32943 -120.11234
xi_inclination : 365.33719 +14.30368 -331.40213
xi_period : 1.00256 +7.57832 -0.00694
xi_semimajor_axis : 0.03772 +0.01082 -0.02527
xi_argument_of_latitude_reference : 48.37978 +153.74426 -11.59626
Fitted fluxes (source and blending):
flux_s_1 : 3045.98449 +367.17188 -2348.29632
flux_b_1 : -2231.38005 +2347.61306 -369.24584
Best model:
chi2: 8979.7639
t_0 u_0 t_E pi_E_N pi_E_E xi_Omega_node xi_inclination xi_period xi_semimajor_axis xi_argument_of_latitude_reference
2454284.6109563923 1.2001897891747082 158.31352370926692 0.24828332379659163 -0.05837159564281553 251.92761770685837 32.7630365192406 8.587336713347009 0.012498238983919356 202.83836958727431
Fluxes:
693.0178538382802 120.78590189206369
