Mean acceptance fraction: 0.286
Mean autocorrelation time [steps]: 820.3
Fitted parameters:
t_0 : 2453077.71567 +0.20173 -0.18496
u_0 : 0.26840 +0.17075 -0.02869
t_E : 151.81975 +135.53615 -22.54857
pi_E_N : -0.05202 +0.02130 -0.01040
pi_E_E : 0.43518 +0.05443 -0.01885
xi_Omega_node : 145.40404 +5.59600 -4.29737
xi_inclination : 275.09118 +22.72952 -30.58375
xi_period : 12.65545 +0.39900 -0.67953
xi_semimajor_axis : 0.02912 +0.00750 -0.01094
xi_argument_of_latitude_reference : 39.98868 +37.34622 -21.38563
Fitted fluxes (source and blending):
flux_s_1 : 250.91100 +213.73191 -42.96955
flux_b_1 : 153.17544 +35.29311 -213.83135
Best model:
chi2: 87275.6750
t_0 u_0 t_E pi_E_N pi_E_E xi_Omega_node xi_inclination xi_period xi_semimajor_axis xi_argument_of_latitude_reference
2453078.014450828 0.24349568083351053 154.77280637618284 -0.051956993053733705 0.429984524331946 150.8386309782562 270.9770965618843 12.741066236075117 0.031446810635888715 9.873001222343847
Fluxes:
228.19027203340804 176.1385313836227
