Mean acceptance fraction: 0.363
Mean autocorrelation time [steps]: 806.1
Fitted parameters:
t_0 : 2453274.65210 +10.04642 -16.76074
u_0 : 0.06084 +0.10160 -0.04049
t_E : 1016.01428 +390.67983 -570.98656
pi_E_N : 0.00110 +0.01110 -0.15208
pi_E_E : 0.00131 +0.02653 -0.02342
xi_Omega_node : 58.40947 +33.12137 -36.81279
xi_inclination : 92.00228 +84.24735 -4.00084
xi_period : 606.27926 +155.77312 -251.02109
xi_semimajor_axis : 0.11244 +0.02311 -0.00419
xi_argument_of_latitude_reference : 45.42165 +48.70332 -10.23026
Fitted fluxes (source and blending):
flux_s_1 : 84.59672 +140.80766 -56.59289
flux_b_1 : 834.48873 +83.96006 -68.79974
Best model:
chi2: 1976.8754
t_0 u_0 t_E pi_E_N pi_E_E xi_Omega_node xi_inclination xi_period xi_semimajor_axis xi_argument_of_latitude_reference
2453257.4093307136 0.007113792479573143 1839.5290250075336 0.008000694590175252 0.0013114565583524564 20.02095299145836 87.61810536473979 913.6283507677714 0.10658470712877076 56.15446520078426
Fluxes:
12.273219068279696 945.5056616482284
