Mean acceptance fraction: 0.168
Mean autocorrelation time [steps]: 827.6
Fitted parameters:
t_0 : 2453271.34397 +0.00781 -0.60055
u_0 : 0.47754 +0.18558 -0.00384
t_E : 202.62623 +7.80105 -9.05361
pi_E_N : -0.07474 +0.23182 -0.85058
pi_E_E : -0.18434 +0.01962 -0.57517
xi_Omega_node : 377.64370 +2.25183 -14.70054
xi_inclination : 211.90471 +22.64707 -25.33432
xi_period : 84.48421 +12.93633 -2.56669
xi_semimajor_axis : 0.03231 +0.05293 -0.00397
xi_argument_of_latitude_reference : 378.20571 +1.71345 -19.02656
Fitted fluxes (source and blending):
flux_s_1 : 1016.84985 +381.21740 -17.37011
flux_b_1 : -33.46849 +18.03874 -321.94599
Best model:
chi2: 463359.4347
t_0 u_0 t_E pi_E_N pi_E_E xi_Omega_node xi_inclination xi_period xi_semimajor_axis xi_argument_of_latitude_reference
2453270.7526925304 0.6575595995547066 186.1341502398033 -0.9172213449926705 -0.7797617743241816 345.3912783615536 185.76248077328702 93.4866945177952 0.08355385029658699 338.4799801905552
Fluxes:
1402.6742951247245 -351.94356082562444
