Mean acceptance fraction: 0.082
Mean autocorrelation time [steps]: 570.9
Fitted parameters:
t_0 : 2453547.73014 +0.06276 -0.02379
u_0 : 0.66075 +0.39315 -0.10486
t_E : 251.37774 +193.73331 -26.08487
pi_E_N : 0.15163 +0.01276 -0.03273
pi_E_E : 0.06769 +0.01488 -0.71740
xi_Omega_node : 183.62521 +171.81814 -8.82331
xi_inclination : 270.74617 +4.50761 -181.35262
xi_period : 7.40136 +2.55130 -1.23105
xi_semimajor_axis : 0.03333 +0.00930 -0.01276
xi_argument_of_latitude_reference : 158.91844 +30.85504 -117.32817
Fitted fluxes (source and blending):
flux_s_1 : 54.55939 +77.42521 -14.11015
flux_b_1 : 11.89982 +14.11375 -77.30420
Best model:
chi2: 958.7047
t_0 u_0 t_E pi_E_N pi_E_E xi_Omega_node xi_inclination xi_period xi_semimajor_axis xi_argument_of_latitude_reference
2453547.719834861 0.646973601375011 231.51284917018296 0.16700988601038108 0.07369829627081219 176.91161653055343 273.94281611117117 7.4132241054159165 0.041802870459919116 160.61853775858867
Fluxes:
52.61214926054814 13.849703573898532
