Mean acceptance fraction: 0.265
Mean autocorrelation time [steps]: 535.2
Fitted parameters:
t_0 : 2453508.77696 +3.07780 -9.87711
u_0 : 0.45916 +0.14562 -0.03132
t_E : 212.34517 +6.83933 -8.74778
pi_E_N : 0.13038 +0.01244 -0.01960
pi_E_E : -0.07188 +0.01424 -0.00915
xi_Omega_node : 100.09114 +25.06428 -3.86266
xi_inclination : 104.20616 +4.36979 -40.74059
xi_period : 187.33464 +9.10287 -7.27414
xi_semimajor_axis : 0.03244 +0.00597 -0.01610
xi_argument_of_latitude_reference : 244.29297 +4.50195 -4.46086
Fitted fluxes (source and blending):
flux_s_1 : 340.33430 +163.19209 -27.99763
flux_b_1 : 398.66488 +27.95868 -162.93809
Best model:
chi2: 2356.2247
t_0 u_0 t_E pi_E_N pi_E_E xi_Omega_node xi_inclination xi_period xi_semimajor_axis xi_argument_of_latitude_reference
2453511.0562182073 0.4355152040566099 215.01163050752785 0.1353455323496856 -0.07496715900603586 99.21774044040914 106.42438429149216 187.13313021883224 0.036913770639986215 243.07457747814522
Fluxes:
319.0308937726681 419.91662562829487
