Mean acceptance fraction: 0.175
Mean autocorrelation time [steps]: 625.8
Fitted parameters:
t_0 : 2454278.30843 +5.20949 -0.76645
u_0 : 0.91982 +0.08254 -0.04243
t_E : 133.19241 +3.57253 -4.66920
pi_E_N : 0.19149 +0.00867 -0.00541
pi_E_E : -0.16845 +0.00288 -0.00398
xi_Omega_node : 28.60800 +163.43638 -21.08478
xi_inclination : 76.68221 +32.44314 -18.51527
xi_period : 84.77190 +15.16894 -2.13709
xi_semimajor_axis : 0.00911 +0.00447 -0.00310
xi_argument_of_latitude_reference : 245.83479 +122.96012 -116.02550
Fitted fluxes (source and blending):
flux_s_1 : 430.74697 +81.54282 -37.78455
flux_b_1 : 382.99559 +37.64391 -81.39235
Best model:
chi2: 5083.4538
t_0 u_0 t_E pi_E_N pi_E_E xi_Omega_node xi_inclination xi_period xi_semimajor_axis xi_argument_of_latitude_reference
2454280.6816755193 1.0750868801000397 124.2517067876944 0.19856301862056977 -0.16546432558932694 168.79182603373192 93.07798659692108 72.34645941881163 0.011482985863326833 369.49379319990805
Fluxes:
590.0112623414536 223.85846799828323
