Mean acceptance fraction: 0.267
Mean autocorrelation time [steps]: nan
Fitted parameters:
t_0 : 2453811.12814 +0.77652 -0.33427
u_0 : 1.21278 +1.54178 -0.28561
t_E : 274.56815 +67.22800 -109.18125
pi_E_N : -0.18230 +0.02613 -0.11060
pi_E_E : -0.01720 +0.01143 -0.01209
xi_Omega_node : 176.28868 +1.20867 -1.40632
xi_inclination : 271.43081 +1.47010 -1.94208
xi_period : 6.46352 +0.00307 -0.35568
xi_semimajor_axis : 0.10408 +0.06339 -0.04238
xi_argument_of_latitude_reference : 359.48949 +4.75736 -3.50115
Fitted fluxes (source and blending):
flux_s_1 : 1417.08498 +12629.72650 -627.98476
flux_b_1 : -149.35532 +662.13769 -12628.82490
Best model:
chi2: 29941.8597
t_0 u_0 t_E pi_E_N pi_E_E xi_Omega_node xi_inclination xi_period xi_semimajor_axis xi_argument_of_latitude_reference
2453808.311351657 3.229127939619549 144.18475675061168 -0.31574245674186674 -0.03142730525127197 176.90125930027943 271.46126422191 6.47019960601591 0.1714616293693933 359.8904489745858
Fluxes:
23920.628930916733 -22651.630542607687
