Mean acceptance fraction: 0.100
Mean autocorrelation time [steps]: nan
Fitted parameters:
t_0 : 2454716.51821 +0.01028 -0.03645
u_0 : 0.12838 +0.00010 -0.00012
t_E : 104.90839 +0.00996 -0.01564
xi_period : 5.88865 +3.83362 -0.10088
xi_semimajor_axis : 0.02011 +0.01120 -0.00956
xi_Omega_node : 143.04130 +175.17278 -8.32106
xi_inclination : 212.12710 +69.16953 -132.04557
xi_argument_of_latitude_reference : 199.91285 +137.88824 -25.96457
Fitted fluxes (source and blending):
flux_s_1 : 81.53792 +1.21370 -1.41366
flux_b_1 : 127.85836 +1.47541 -1.25793
Best model:
chi2: 29592.9828
t_0 u_0 t_E xi_period xi_semimajor_axis xi_Omega_node xi_inclination xi_argument_of_latitude_reference
2454715.697894169 0.12875084315179244 104.84916203973125 1.0179427363386928 0.04610870405921576 140.38415479871273 310.3383556573775 85.30004036367464
Fluxes:
78.01343239543971 131.492055755388
