Mean acceptance fraction: 0.069
Mean autocorrelation time [steps]: nan
Fitted parameters:
t_0 : 2454744.09111 +0.00907 -0.01045
u_0 : -0.10194 +0.00010 -0.00009
t_E : 247.68811 +0.00822 -0.00867
xi_period : 5.44883 +0.74152 -0.65750
xi_semimajor_axis : 0.04451 +0.01668 -0.01275
xi_Omega_node : 146.28714 +151.28549 -39.98413
xi_inclination : 184.55893 +89.03084 -90.62257
xi_argument_of_latitude_reference : 210.34333 +70.66117 -150.80546
Fitted fluxes (source and blending):
flux_s_1 : 10.70302 +0.31926 -0.26698
flux_b_1 : 52.03806 +0.32902 -0.38314
Best model:
chi2: 3324.4870
t_0 u_0 t_E xi_period xi_semimajor_axis xi_Omega_node xi_inclination xi_argument_of_latitude_reference
2454744.0804107757 -0.10210498837734784 247.6789989509593 8.145027869216516 0.11447863467679822 126.15711475034448 104.61907116369365 -8.071794109996972
Fluxes:
12.252982437369655 50.19046950785095
