Mean acceptance fraction: 0.134
Mean autocorrelation time [steps]: 34.4
Fitted parameters:
t_0 : 2454723.07579 +0.02143 -0.01766
u_0 : 0.48680 +0.00026 -0.00015
t_E : 147.91353 +0.04963 -0.01578
xi_period : 174.08949 +3.81030 -3.78650
xi_semimajor_axis : 0.07952 +0.03543 -0.01236
xi_Omega_node : 199.81311 +135.04481 -19.57222
xi_inclination : 179.74519 +49.08798 -52.01095
xi_argument_of_latitude_reference : 303.46968 +13.55839 -199.52287
Fitted fluxes (source and blending):
flux_s_1 : 84.93483 +0.91362 -1.03545
flux_b_1 : 31.95152 +1.06697 -0.95412
Best model:
chi2: 3003.0285
t_0 u_0 t_E xi_period xi_semimajor_axis xi_Omega_node xi_inclination xi_argument_of_latitude_reference
2454722.685513892 0.5001968972786881 156.66864484524788 171.83279414697802 0.18919854499992927 199.35020493388393 114.59861836064609 310.67143834619566
Fluxes:
82.02880930669546 34.63403349162923
