Mean acceptance fraction: 0.144
Mean autocorrelation time [steps]: nan
Fitted parameters:
t_0 : 2454716.51797 +0.01238 -0.02359
u_0 : 0.12845 +0.00028 -0.00012
t_E : 104.90936 +0.01656 -0.01783
xi_period : 197.78757 +27.77846 -14.94478
xi_semimajor_axis : 0.08106 +0.01170 -0.01723
xi_Omega_node : 164.90005 +19.79764 -18.85539
xi_inclination : 187.51375 +52.60382 -65.88059
xi_argument_of_latitude_reference : 217.77999 +13.77957 -68.82336
Fitted fluxes (source and blending):
flux_s_1 : 60.68379 +4.64130 -5.93206
flux_b_1 : 149.44995 +6.04898 -4.80968
Best model:
chi2: 7820.5507
t_0 u_0 t_E xi_period xi_semimajor_axis xi_Omega_node xi_inclination xi_argument_of_latitude_reference
2454716.205804334 0.13269154165658806 105.40644817211522 154.92583813279035 0.12818084668753155 146.14625871545817 115.3898806418532 245.12493676748227
Fluxes:
46.88926497965816 163.53742968039003
