Mean acceptance fraction: 0.065
Mean autocorrelation time [steps]: nan
Fitted parameters:
t_0 : 2454713.64050 +0.01568 -0.01590
u_0 : -0.50673 +0.00018 -0.00019
t_E : 291.54982 +0.01597 -0.01571
xi_period : 9.56721 +2.02489 -3.66652
xi_semimajor_axis : 0.01828 +0.01191 -0.00890
xi_Omega_node : 167.39943 +150.04770 -86.80611
xi_inclination : 179.93738 +121.88332 -128.31988
xi_argument_of_latitude_reference : 179.97100 +118.82203 -123.07581
Fitted fluxes (source and blending):
flux_s_1 : 22.73681 +0.03388 -0.03091
flux_b_1 : 26.44745 +0.03230 -0.03460
Best model:
chi2: 3159.0329
t_0 u_0 t_E xi_period xi_semimajor_axis xi_Omega_node xi_inclination xi_argument_of_latitude_reference
2454713.66635352 -0.5068152573181511 291.57437594748444 9.735314885096066 0.06647767490287403 160.1613892712199 107.49293462758527 324.2512872298575
Fluxes:
22.841360813182302 26.343437199595655
