Mean acceptance fraction: 0.165
Mean autocorrelation time [steps]: 36.4
Fitted parameters:
t_0 : 2453770.66943 +0.16447 -0.95903
u_0 : 0.17464 +0.04244 -0.00786
t_E : 178.58337 +1.73170 -0.28486
xi_period : 13.22668 +76.50267 -9.22119
xi_semimajor_axis : 0.00727 +0.01419 -0.00455
xi_Omega_node : 161.09803 +131.98038 -92.21567
xi_inclination : 179.45127 +99.11610 -96.55280
xi_argument_of_latitude_reference : 190.79264 +117.52363 -110.00033
Fitted fluxes (source and blending):
flux_s_1 : 20.20619 +3.29622 -0.63526
flux_b_1 : 176.89754 +0.71655 -3.69407
Best model:
chi2: 1257.6315
t_0 u_0 t_E xi_period xi_semimajor_axis xi_Omega_node xi_inclination xi_argument_of_latitude_reference
2453773.4616444116 0.196429215192706 184.94778196545653 227.5666424431414 0.0327225321253178 25.18381352453072 322.2770060274576 287.0250201834575
Fluxes:
21.531020708393854 175.17063047311933
