Mean acceptance fraction: 0.157
Mean autocorrelation time [steps]: 35.1
Fitted parameters:
t_0 : 2452673.71331 +5.02673 -0.09789
u_0 : 0.22099 +0.16518 -0.00096
t_E : 108.07636 +3.73202 -0.05910
xi_period : 68.22875 +76.73781 -4.00740
xi_semimajor_axis : 0.05736 +0.02980 -0.03703
xi_Omega_node : 133.51639 +143.90231 -48.57089
xi_inclination : 163.21201 +58.27781 -55.65672
xi_argument_of_latitude_reference : 191.39647 +88.11225 -110.18258
Fitted fluxes (source and blending):
flux_s_1 : 126.06076 +14.19608 -3.54809
flux_b_1 : 15.42457 +3.63959 -14.66181
Best model:
chi2: 707.8274
t_0 u_0 t_E xi_period xi_semimajor_axis xi_Omega_node xi_inclination xi_argument_of_latitude_reference
2452673.838690347 0.21830441161990133 108.05432031690613 368.41804038924226 0.1912015569435359 196.62237969443194 184.35978029868102 194.64744190382737
Fluxes:
138.86425973475693 2.1201784036841245
