Mean acceptance fraction: 0.161
Mean autocorrelation time [steps]: 32.5
Fitted parameters:
t_0 : 2453770.82751 +0.09000 -0.10105
u_0 : 0.16677 +0.00081 -0.00115
t_E : 178.29747 +0.08955 -0.13284
xi_period : 421.79782 +50.03095 -38.18769
xi_semimajor_axis : 0.08411 +0.02046 -0.02059
xi_Omega_node : 185.91318 +38.65785 -153.38458
xi_inclination : 176.14015 +83.06509 -83.94472
xi_argument_of_latitude_reference : 166.35313 +159.52264 -51.45857
Fitted fluxes (source and blending):
flux_s_1 : 23.80889 +0.77560 -0.69730
flux_b_1 : 172.84204 +0.74474 -0.81351
Best model:
chi2: 1177.0623
t_0 u_0 t_E xi_period xi_semimajor_axis xi_Omega_node xi_inclination xi_argument_of_latitude_reference
2453770.882119496 0.16830291426793278 178.43881863247563 421.1771890311519 0.09117019963367462 181.51588671574925 123.32303281971205 164.82415085480753
Fluxes:
23.989606725955483 172.64506660202346
