Mean acceptance fraction: 0.089
Mean autocorrelation time [steps]: nan
Fitted parameters:
t_0 : 2454713.64069 +0.01658 -0.01782
u_0 : -0.50672 +0.00015 -0.00015
t_E : 291.54926 +0.01551 -0.01814
xi_period : 13.52333 +2.84405 -1.46461
xi_semimajor_axis : 0.02671 +0.02030 -0.00912
xi_Omega_node : 147.66433 +154.94786 -37.53602
xi_inclination : 192.93165 +86.15054 -112.09676
xi_argument_of_latitude_reference : 178.51385 +89.02994 -111.07665
Fitted fluxes (source and blending):
flux_s_1 : 22.80260 +0.18155 -0.09476
flux_b_1 : 26.37709 +0.09943 -0.18695
Best model:
chi2: 3125.1746
t_0 u_0 t_E xi_period xi_semimajor_axis xi_Omega_node xi_inclination xi_argument_of_latitude_reference
2454713.498957543 -0.5058994674717809 291.4583827276977 13.472101903888447 0.07861800216774995 140.04849296963016 269.1696691885317 183.6404730260137
Fluxes:
23.135118617783267 26.041961200124707
