Mean acceptance fraction: 0.112
Mean autocorrelation time [steps]: nan
Fitted parameters:
t_0 : 2454888.09946 +0.04732 -0.03475
u_0 : -0.53110 +0.00039 -0.00031
t_E : 157.91095 +0.03321 -0.05202
xi_period : 27.24063 +50.86905 -6.75221
xi_semimajor_axis : 0.02159 +0.01503 -0.00796
xi_Omega_node : 178.30494 +143.44008 -142.47248
xi_inclination : 176.41507 +148.24180 -143.10895
xi_argument_of_latitude_reference : 207.19500 +128.98900 -142.60730
Fitted fluxes (source and blending):
flux_s_1 : 31.50588 +0.33944 -0.17082
flux_b_1 : 141.05092 +0.17395 -0.34239
Best model:
chi2: 2315.9862
t_0 u_0 t_E xi_period xi_semimajor_axis xi_Omega_node xi_inclination xi_argument_of_latitude_reference
2454888.4350560894 -0.5277551720083252 157.7147040909276 315.77278588038416 0.07375136239405941 178.32055556625522 126.28960502352984 123.14291081891486
Fluxes:
32.617416918505235 139.90147887552985
