Mean acceptance fraction: 0.165
Mean autocorrelation time [steps]: 34.3
Fitted parameters:
t_0 : 2453726.67794 +0.23784 -0.04866
u_0 : 0.20499 +0.00052 -0.00235
t_E : 81.61566 +0.42989 -0.05040
xi_period : 1800.29814 +1556.10777 -810.26607
xi_semimajor_axis : 0.12606 +0.02055 -0.03290
xi_Omega_node : 221.85775 +73.67986 -86.59975
xi_inclination : 161.43127 +193.52830 -161.33868
xi_argument_of_latitude_reference : 188.83335 +72.14389 -91.38028
Fitted fluxes (source and blending):
flux_s_1 : 383.89494 +10.69583 -11.31412
flux_b_1 : -70.74652 +11.48993 -10.70668
Best model:
chi2: 2877.8068
t_0 u_0 t_E xi_period xi_semimajor_axis xi_Omega_node xi_inclination xi_argument_of_latitude_reference
2453730.430996716 0.06828979016478068 94.54010673954575 20196.270102883598 0.159868276140175 187.72140549196223 295.2968122848631 228.29079361978384
Fluxes:
275.4769434641709 37.33210178448114
