Mean acceptance fraction: 0.041
Mean autocorrelation time [steps]: 3776.3
Fitted parameters:
t_0 : 2452507.35372 +1.41652 -2.12382
u_0 : -0.17261 +0.02693 -0.06129
t_E : 186.25429 +21.44739 -40.50287
pi_E_N : 0.13537 +0.11223 -0.13038
pi_E_E : 0.05932 +0.03937 -0.13710
xi_Omega_node : 201.10069 +119.28286 -81.67188
xi_inclination : 226.95130 +103.44269 -171.99960
xi_period : 432.72496 +567.50805 -122.18029
xi_semimajor_axis : 0.07855 +0.06114 -0.03971
xi_argument_of_latitude_reference : 148.83681 +90.13485 -103.59012
Fitted fluxes (source and blending):
flux_s_1 : 47.58636 +19.14029 -8.50354
flux_b_1 : 13.97198 +8.46150 -19.09539
Best model:
chi2: 629.0595
t_0 u_0 t_E pi_E_N pi_E_E xi_Omega_node xi_inclination xi_period xi_semimajor_axis xi_argument_of_latitude_reference
2452504.434113 -0.24606194667444237 119.74349823991548 0.38221656978971685 -0.14204667074789767 331.7855971008984 226.65569073026268 305.45938402197646 0.11554527605468343 166.5619567050709
Fluxes:
74.44548039619045 -12.8439008429126
