Mean acceptance fraction: 0.099
Mean autocorrelation time [steps]: 3984.7
Fitted parameters:
t_0 : 2454189.36608 +24.08999 -19.85605
u_0 : 4.81946 +0.97901 -1.07791
t_E : 52.43375 +13.55693 -8.21959
pi_E_N : -0.03724 +0.17180 -0.20094
pi_E_E : -0.13165 +0.03606 -0.05081
xi_Omega_node : 96.88695 +18.66430 -15.80746
xi_inclination : 128.50176 +126.97943 -125.39749
xi_period : 297.92471 +74.80173 -18.73535
xi_semimajor_axis : 0.47427 +0.20960 -0.19801
xi_argument_of_latitude_reference : 31.98422 +22.66087 -15.08414
Fitted fluxes (source and blending):
flux_s_1 : 46019.69016 +48146.28939 -27550.07631
flux_b_1 : -45206.31631 +27549.97457 -48146.15664
Best model:
chi2: 4644.6056
t_0 u_0 t_E pi_E_N pi_E_E xi_Omega_node xi_inclination xi_period xi_semimajor_axis xi_argument_of_latitude_reference
2454172.6770947846 3.2995240515821003 75.04151773996702 -0.17076628113677003 -0.07644632118091726 133.05952970699343 2.44867977523589 373.7067825819834 0.46690727105420493 -18.248957000019132
Fluxes:
12118.000833329897 -11304.890059014744
