Mean acceptance fraction: 0.065
Mean autocorrelation time [steps]: 3616.3
Fitted parameters:
t_0 : 2454254.75462 +0.63896 -0.91993
u_0 : 15.08740 +1.80085 -0.96796
t_E : 15.93602 +1.07007 -1.70564
pi_E_N : 1.50764 +0.18234 -0.11165
pi_E_E : -0.86869 +0.05466 -0.12796
xi_Omega_node : 334.95654 +35.21134 -145.57138
xi_inclination : -3.55666 +9.61275 -10.83605
xi_period : 4.04737 +0.75699 -1.48056
xi_semimajor_axis : 0.03574 +0.01167 -0.00846
xi_argument_of_latitude_reference : 253.95485 +95.58924 -135.51221
Fitted fluxes (source and blending):
flux_s_1 : 4043535.62123 +2225656.50555 -937137.97601
flux_b_1 : -4042720.85032 +937137.84987 -2225656.75651
Best model:
chi2: 5393.4797
t_0 u_0 t_E pi_E_N pi_E_E xi_Omega_node xi_inclination xi_period xi_semimajor_axis xi_argument_of_latitude_reference
2454255.173885772 14.676328087475827 16.303941268896416 1.4553385716239988 -0.8622142256390689 318.726035238977 10.993709452163197 3.0149914523918118 0.0516022713306094 289.4159779521538
Fluxes:
3667563.0693425583 -3666748.489682566
