Mean acceptance fraction: 0.085
Mean autocorrelation time [steps]: 3317.7
Fitted parameters:
t_0 : 2453238.89947 +6.76193 -4.43463
u_0 : -2.07349 +1.20628 -2.37720
t_E : 79.44747 +91.67284 -37.15197
pi_E_N : -0.62602 +0.23574 -0.51788
pi_E_E : -0.10597 +0.08606 -0.12428
xi_Omega_node : 172.11651 +166.24830 -135.87470
xi_inclination : 169.10421 +109.95652 -97.88367
xi_period : 112.79213 +39.77500 -18.70801
xi_semimajor_axis : 0.05758 +0.04329 -0.02417
xi_argument_of_latitude_reference : 228.84546 +93.07508 -149.24062
Fitted fluxes (source and blending):
flux_s_1 : 489.13538 +5855.31614 -430.56677
flux_b_1 : -476.42306 +430.49897 -5855.32531
Best model:
chi2: 2102.9915
t_0 u_0 t_E pi_E_N pi_E_E xi_Omega_node xi_inclination xi_period xi_semimajor_axis xi_argument_of_latitude_reference
2453244.4639704376 -1.4298905531747383 102.97966930533774 -0.4778140950435368 -0.10432916012237861 335.2329908042443 79.96606869152234 91.10936478309745 0.0787805807686188 148.12230930386366
Fluxes:
177.6995904449532 -165.03914763725686
