Mean acceptance fraction: 0.100
Mean autocorrelation time [steps]: 3063.6
Fitted parameters:
t_0 : 2452863.04237 +0.03974 -0.04791
u_0 : -0.05525 +0.00112 -0.00130
t_E : 62.56702 +0.64273 -0.57297
pi_E_N : 0.15578 +0.16994 -0.15641
pi_E_E : 0.10062 +0.01234 -0.02078
xi_Omega_node : 73.81156 +135.15385 -29.89518
xi_inclination : 114.70892 +148.61052 -37.17721
xi_period : 8.51431 +28.67799 -2.69562
xi_semimajor_axis : 0.00097 +0.00078 -0.00045
xi_argument_of_latitude_reference : 243.90087 +121.09028 -181.19277
Fitted fluxes (source and blending):
flux_s_1 : 101.30277 +1.31864 -1.30122
flux_b_1 : 205.98589 +1.28744 -1.31001
Best model:
chi2: 1795.9099
t_0 u_0 t_E pi_E_N pi_E_E xi_Omega_node xi_inclination xi_period xi_semimajor_axis xi_argument_of_latitude_reference
2452863.0070815724 -0.055132726656843385 62.33770172463834 0.2840057033769633 0.09478460996949055 41.59596091242435 90.3967427355622 4.322291663546376 0.0009810298306579632 301.9156034783549
Fluxes:
101.66708438652972 205.62346276091395
