Mean acceptance fraction: 0.126
Mean autocorrelation time [steps]: 2078.2
Fitted parameters:
t_0 : 2454009.66675 +0.32775 -0.25882
u_0 : -0.27138 +0.04447 -0.03748
t_E : 63.08093 +10.43450 -6.76102
pi_E_N : -0.46322 +0.16120 -0.06702
pi_E_E : 0.29099 +0.08290 -0.08198
xi_Omega_node : 185.20859 +142.13876 -134.22872
xi_inclination : 177.77452 +155.53024 -138.72523
xi_period : 1728606953799769088.00000 +346815221998864657572429824.00000 -1728606921141938688.00000
xi_semimajor_axis : 5497596815492.63086 +108105961581944619008.00000 -5497595919527.50391
xi_argument_of_latitude_reference : 196.66852 +137.80312 -157.93104
Fitted fluxes (source and blending):
flux_s_1 : 31.37019 +5.66369 -5.89195
flux_b_1 : -8.90530 +5.87998 -5.65888
Best model:
chi2: 1040.7612
t_0 u_0 t_E pi_E_N pi_E_E xi_Omega_node xi_inclination xi_period xi_semimajor_axis xi_argument_of_latitude_reference
2454010.0265201433 -0.20184846545048618 81.28212463601123 -0.5133171697533422 0.24496106134700718 221.37335633175886 55.04929715381543 29.530980127188382 0.007389415049449415 30.587131678210966
Fluxes:
21.588862640820583 0.8602184141129312
