Mean acceptance fraction: 0.071
Mean autocorrelation time [steps]: 3120.8
Fitted parameters:
t_0 : 2453240.87417 +4.12051 -5.09885
u_0 : 2.65889 +15.29234 -2.08383
t_E : 56.78238 +99.38863 -47.09361
pi_E_N : 0.73266 +3.62608 -0.43485
pi_E_E : -0.00480 +0.14871 -0.10868
xi_Omega_node : 161.88891 +127.99257 -121.37212
xi_inclination : 151.23958 +132.56258 -130.00589
xi_period : 2774625.47459 +151157399763.27429 -2774603.87899
xi_semimajor_axis : 13.19168 +415742.65081 -13.17382
xi_argument_of_latitude_reference : 223.41141 +121.88629 -166.58371
Fitted fluxes (source and blending):
flux_s_1 : 1022.58906 +1369165.50844 -993.28389
flux_b_1 : -1009.88838 +993.28699 -1369165.50602
Best model:
chi2: 2104.0314
t_0 u_0 t_E pi_E_N pi_E_E xi_Omega_node xi_inclination xi_period xi_semimajor_axis xi_argument_of_latitude_reference
2453237.3812222704 0.5724231488012741 158.82299279691054 0.34041278697068805 -0.014131145467140664 136.45905422401296 360.9906100713983 22.349756725619898 0.017157089968286042 197.08914870002073
Fluxes:
28.428902324252736 -15.79917114366127
