Mean acceptance fraction: 0.073
Mean autocorrelation time [steps]: 3367.9
Fitted parameters:
t_0 : 2454587.06762 +1.71318 -2.00786
u_0 : -0.22793 +0.05348 -0.04366
t_E : 67.35977 +10.36867 -7.79171
pi_E_N : 0.04645 +0.26500 -0.36205
pi_E_E : -0.24751 +0.09104 -0.13275
xi_Omega_node : 124.72227 +167.48356 -31.41436
xi_inclination : 294.42969 +31.30764 -245.24584
xi_period : 60.76439 +11.19065 -35.86674
xi_semimajor_axis : 0.04523 +0.03670 -0.03173
xi_argument_of_latitude_reference : 284.15655 +51.15337 -180.92754
Fitted fluxes (source and blending):
flux_s_1 : 16.25023 +3.83999 -4.39419
flux_b_1 : 9.55169 +4.37617 -3.83310
Best model:
chi2: 1100.1959
t_0 u_0 t_E pi_E_N pi_E_E xi_Omega_node xi_inclination xi_period xi_semimajor_axis xi_argument_of_latitude_reference
2454584.8893062454 -0.15279440707203376 80.92328101470383 -0.2103755517108925 -0.1531767261260289 128.3485756244041 55.14259851123597 57.34980212962588 0.03877857467623357 284.98021708711576
Fluxes:
10.69085155657194 15.08925788392368
