Mean acceptance fraction: 0.149
Mean autocorrelation time [steps]: 2131.3
Fitted parameters:
t_0 : 2453630.12160 +0.36238 -0.53643
u_0 : -0.39326 +0.01505 -0.01461
t_E : 113.35673 +4.73129 -5.07818
pi_E_N : -0.29205 +0.03392 -0.02593
pi_E_E : 0.12006 +0.01033 -0.01053
xi_Omega_node : 128.11430 +133.00173 -96.29127
xi_inclination : 128.89368 +189.76880 -110.61142
xi_period : 5.06528 +0.04963 -0.04264
xi_semimajor_axis : 0.00544 +0.00151 -0.00107
xi_argument_of_latitude_reference : 140.49716 +143.80097 -55.16730
Fitted fluxes (source and blending):
flux_s_1 : 134.47761 +6.99865 -6.99593
flux_b_1 : 25.67289 +6.94150 -6.95319
Best model:
chi2: 895.6100
t_0 u_0 t_E pi_E_N pi_E_E xi_Omega_node xi_inclination xi_period xi_semimajor_axis xi_argument_of_latitude_reference
2453630.2251754324 -0.38656329293051084 115.22765263408783 -0.2929709169604665 0.1206924425050244 214.7860189329198 66.89208114125842 5.062046620073834 0.006595458236075545 298.14499455095086
Fluxes:
131.2710912478539 28.859121324740887
