Mean acceptance fraction: 0.253
Mean autocorrelation time [steps]: 4128.3
Fitted parameters:
t_0 : 2452809.25051 +241.52298 -11.71426
u_0 : -0.23835 +0.01527 -1.71561
t_E : 873.20761 +25.56491 -748.98748
pi_E_N : -0.25032 +0.00882 -0.87128
pi_E_E : 0.16351 +0.00720 -0.93334
xi_Omega_node : 224.70113 +99.34554 -81.53961
xi_inclination : 253.55291 +88.91188 -146.85444
xi_period : 17.49574 +2.80603 -7.26183
xi_semimajor_axis : 0.00105 +0.03196 -0.00050
xi_argument_of_latitude_reference : 169.64911 +194.64628 -154.26060
Fitted fluxes (source and blending):
flux_s_1 : 348.85068 +7023.19510 -10.73196
flux_b_1 : 49.82813 +10.66317 -7019.26596
Best model:
chi2: 2571.5061
t_0 u_0 t_E pi_E_N pi_E_E xi_Omega_node xi_inclination xi_period xi_semimajor_axis xi_argument_of_latitude_reference
2452785.6527250116 -0.20965742507672364 915.1499978280192 -0.23754957060370813 0.1745265292172897 306.58010661563236 30.844251726888764 28.525769291195726 0.0013425711785914273 176.5005092585903
Fluxes:
338.88768943538537 59.68038051792026
