Mean acceptance fraction: 0.091
Mean autocorrelation time [steps]: 4161.7
Fitted parameters:
t_0 : 2454087.27013 +0.14862 -57.13073
u_0 : -0.76630 +0.10662 -0.21010
t_E : 379.79459 +50.58893 -21.98375
pi_E_N : -0.00502 +0.00729 -0.03992
pi_E_E : -0.05089 +0.37591 -0.02192
xi_Omega_node : 7.44830 +168.30734 -18.52237
xi_inclination : 165.47962 +164.33386 -143.44859
xi_period : 8.45944 +0.74988 -2.48599
xi_semimajor_axis : 0.00762 +0.01103 -0.00621
xi_argument_of_latitude_reference : 270.06222 +68.07991 -87.90493
Fitted fluxes (source and blending):
flux_s_1 : 337.05128 +93.03405 -76.31628
flux_b_1 : 78.67163 +75.02597 -92.76728
Best model:
chi2: 8076.3928
t_0 u_0 t_E pi_E_N pi_E_E xi_Omega_node xi_inclination xi_period xi_semimajor_axis xi_argument_of_latitude_reference
2454026.0469483067 -0.9071605780301776 352.1244884377355 -0.04826066692613166 -0.06956083436297704 19.2097958384133 165.4796210980954 0.04118870655609695 0.0018860278828807908 372.8524120760203
Fluxes:
487.85502757396756 -71.4895531019759
