Mean acceptance fraction: 0.073
Mean autocorrelation time [steps]: 3733.4
Fitted parameters:
t_0 : 2452919.25684 +65.49650 -32.12825
u_0 : 0.41427 +0.22410 -0.33251
t_E : 245.23742 +502.34297 -48.65591
pi_E_N : 0.14089 +0.03856 -0.22514
pi_E_E : 0.09460 +0.07491 -0.02800
xi_Omega_node : 98.59928 +128.72445 -83.80366
xi_inclination : 75.75962 +200.71680 -71.83183
xi_period : 190.33982 +14240.41773 -180.73145
xi_semimajor_axis : 0.04745 +0.50346 -0.03043
xi_argument_of_latitude_reference : 131.62332 +186.61689 -114.64778
Fitted fluxes (source and blending):
flux_s_1 : 20.74344 +18.88563 -15.65435
flux_b_1 : 94.35471 +15.32637 -18.82690
Best model:
chi2: 1157.5734
t_0 u_0 t_E pi_E_N pi_E_E xi_Omega_node xi_inclination xi_period xi_semimajor_axis xi_argument_of_latitude_reference
2452926.418272073 0.4030538743970377 220.70871705995805 0.1458697864916823 0.109138436292535 309.8209162234094 161.74174032210556 187.5338473594575 0.027313452005474706 244.43507853834916
Fluxes:
18.46518530554391 96.65046689857101
