Mean acceptance fraction: 0.074
Mean autocorrelation time [steps]: 3902.6
Fitted parameters:
t_0 : 2454038.60007 +49.40286 -11.64064
u_0 : -0.85887 +0.12857 -0.10236
t_E : 369.44160 +11.36097 -14.09269
pi_E_N : -0.03996 +0.04213 -0.00568
pi_E_E : -0.06399 +0.39630 -0.00967
xi_Omega_node : 244.29435 +62.04211 -146.83445
xi_inclination : 207.36330 +73.44659 -140.92073
xi_period : 283.53712 +57.16849 -108.97402
xi_semimajor_axis : 0.00423 +0.01908 -0.00222
xi_argument_of_latitude_reference : 271.08667 +104.06016 -154.11683
Fitted fluxes (source and blending):
flux_s_1 : 428.26146 +83.19687 -84.10820
flux_b_1 : -13.02345 +84.76475 -82.32816
Best model:
chi2: 8166.5973
t_0 u_0 t_E pi_E_N pi_E_E xi_Omega_node xi_inclination xi_period xi_semimajor_axis xi_argument_of_latitude_reference
2454029.2483625477 -0.8095801733963335 376.52834069921215 -0.04503572548770187 -0.06265221681608013 345.2401503022618 128.16589518000018 119.18825522458712 0.0026924344022538583 85.96099114480683
Fluxes:
390.79607397419574 25.138786243597607
