Mean acceptance fraction: 0.125
Mean autocorrelation time [steps]: 2142.6
Fitted parameters:
t_0 : 2454722.94594 +0.53567 -0.40977
u_0 : -0.13342 +0.04497 -0.21995
t_E : 36.21947 +10.79169 -15.95926
pi_E_N : 4.16452 +0.63212 -3.09459
pi_E_E : -0.80509 +0.26936 -0.33611
xi_Omega_node : 261.44555 +11.66679 -183.32674
xi_inclination : 79.43101 +191.37142 -10.64144
xi_period : 17.41134 +1.56383 -1.28638
xi_semimajor_axis : 0.03978 +0.01871 -0.01322
xi_argument_of_latitude_reference : 188.58128 +163.58443 -9.96363
Fitted fluxes (source and blending):
flux_s_1 : 16.10849 +33.42597 -5.60191
flux_b_1 : 17.97673 +5.59925 -33.41706
Best model:
chi2: 2152.4615
t_0 u_0 t_E pi_E_N pi_E_E xi_Omega_node xi_inclination xi_period xi_semimajor_axis xi_argument_of_latitude_reference
2454723.0503774052 -0.09383538492784368 44.73313671357329 4.492897254832783 -0.8147902406987585 269.1001209538847 70.60952892043034 16.779544864182398 0.03547995193063568 187.0010076705322
Fluxes:
11.271798387518608 22.811838213303556
