Mean acceptance fraction: 0.084
Mean autocorrelation time [steps]: 2487.3
Fitted parameters:
t_0 : 2454588.28620 +0.86807 -0.83047
u_0 : 0.25206 +0.02880 -0.01903
t_E : 60.64792 +4.91603 -4.74310
pi_E_N : -0.40981 +0.62117 -0.10569
pi_E_E : -0.50415 +0.17038 -0.09508
xi_Omega_node : 154.47462 +178.12877 -128.66880
xi_inclination : 188.54309 +148.34429 -173.25768
xi_period : 28951428.26259 +1141678489.27414 -28950963.63916
xi_semimajor_axis : 4994.93024 +193091.15965 -4994.71751
xi_argument_of_latitude_reference : 164.18005 +125.31419 -118.75468
Fitted fluxes (source and blending):
flux_s_1 : 18.09170 +2.60368 -1.60492
flux_b_1 : 7.68996 +1.59797 -2.58805
Best model:
chi2: 1129.0410
t_0 u_0 t_E pi_E_N pi_E_E xi_Omega_node xi_inclination xi_period xi_semimajor_axis xi_argument_of_latitude_reference
2454587.939200951 0.2837817260563748 57.17558259571871 -0.1385496428194815 -0.3119778201968279 62.88884733140944 38.997809154300754 95.10152611424508 0.022749745797967215 155.02350899350125
Fluxes:
21.124864337438858 4.677279342282144
