Mean acceptance fraction: 0.135
Mean autocorrelation time [steps]: 1622.2
Fitted parameters:
t_0 : 2453626.22670 +0.32617 -0.27740
u_0 : -0.04611 +0.00577 -0.00595
t_E : 195.98296 +30.24905 -17.09336
pi_E_N : -0.01026 +0.09320 -0.08054
pi_E_E : -0.12083 +0.01038 -0.01295
xi_Omega_node : 184.34461 +116.65467 -155.31307
xi_inclination : 165.36985 +157.66897 -150.59724
xi_period : 48845123266660469309440.00000 +131300840428588718768048324531453952.00000 -48845123266660469309440.00000
xi_semimajor_axis : 35309435930968752.00000 +1592673249127613369104581263360.00000 -35309435930968752.00000
xi_argument_of_latitude_reference : 183.29967 +138.92476 -171.73891
Fitted fluxes (source and blending):
flux_s_1 : 4.39364 +0.53646 -0.53712
flux_b_1 : 14.64295 +0.46311 -0.49868
Best model:
chi2: 1366.5966
t_0 u_0 t_E pi_E_N pi_E_E xi_Omega_node xi_inclination xi_period xi_semimajor_axis xi_argument_of_latitude_reference
2453626.1596689983 -0.04163533944414951 218.05934025531823 -0.004008480096485335 -0.10564000435835902 210.50351983936977 94.16886712007239 5.83731774235167e+19 932929875280321.5 267.5034324782459
Fluxes:
3.946715250942865 14.903384510413282
