Mean acceptance fraction: 0.071
Mean autocorrelation time [steps]: 3793.4
Fitted parameters:
t_0 : 2454898.00238 +15.59655 -30.78007
u_0 : 57.01169 +71.84695 -39.43087
t_E : 3.62764 +8.37933 -2.01703
pi_E_N : -15.08101 +8.94610 -25.76923
pi_E_E : 12.35965 +44.57828 -11.62358
xi_Omega_node : 153.67065 +158.73314 -62.52615
xi_inclination : 197.46250 +130.20616 -172.62249
xi_period : 76.58602 +29.80028 -9.20841
xi_semimajor_axis : 1.82670 +4.38631 -1.06115
xi_argument_of_latitude_reference : 246.76578 +105.31075 -170.67279
Fitted fluxes (source and blending):
flux_s_1 : 119543639.41574 +3052191684.42319 -118459541.29980
flux_b_1 : -119543618.01347 +118459541.27629 -3052191684.42151
Best model:
chi2: 1613.8563
t_0 u_0 t_E pi_E_N pi_E_E xi_Omega_node xi_inclination xi_period xi_semimajor_axis xi_argument_of_latitude_reference
2454932.847489063 6.633583959820019 22.155194585152813 -2.2863475459438867 0.39496043508679834 155.2849869315568 247.10946937017798 73.66346836930072 0.5732160172806245 371.08343455773144
Fluxes:
22853.573235519838 -22832.176428270704
