Mean acceptance fraction: 0.062
Mean autocorrelation time [steps]: 3574.7
Fitted parameters:
t_0 : 2454925.56594 +1224.67880 -15.72374
u_0 : 16.81546 +1921.83840 -9.77232
t_E : 24.94617 +5159.29607 -12.57989
pi_E_N : -4.92493 +2.98550 -321.29334
pi_E_E : 7.62844 +2207.73763 -7.91560
xi_Omega_node : 143.10731 +182.27495 -78.02887
xi_inclination : 182.52167 +156.21485 -174.27995
xi_period : 97.43723 +19.16480 -24.41690
xi_semimajor_axis : 1.11788 +60.51445 -0.77216
xi_argument_of_latitude_reference : 289.84682 +69.55068 -179.95280
Fitted fluxes (source and blending):
flux_s_1 : 960291.78104 +154860071728175.40625 -931226.78920
flux_b_1 : -960270.39475 +931226.83323 -154860071728175.34375
Best model:
chi2: 1612.4648
t_0 u_0 t_E pi_E_N pi_E_E xi_Omega_node xi_inclination xi_period xi_semimajor_axis xi_argument_of_latitude_reference
2454920.830852015 5.248345415439033 27.52897488839456 -1.5000647484506704 0.5297362455445529 142.706407934538 104.17185814192987 72.54970828201455 0.3238794767905432 355.45376323868777
Fluxes:
9368.779636033838 -9347.385322090011
