Mean acceptance fraction: 0.061
Mean autocorrelation time [steps]: 3660.0
Fitted parameters:
t_0 : 2453240.98589 +6.16932 -22.08963
u_0 : 0.66116 +1.72246 -0.40525
t_E : 153.88100 +120.36467 -91.14483
pi_E_N : 0.33936 +0.36001 -0.28536
pi_E_E : 0.02416 +0.04660 -0.05696
xi_Omega_node : 127.54175 +156.19950 -119.83328
xi_inclination : 204.93957 +133.00617 -152.11807
xi_period : 122796.78847 +37754300.13834 -122402.07088
xi_semimajor_axis : 5.93977 +2478.70926 -5.71904
xi_argument_of_latitude_reference : 109.16269 +144.52210 -96.52197
Fitted fluxes (source and blending):
flux_s_1 : 34.36200 +690.28195 -24.87351
flux_b_1 : -21.71089 +24.88170 -690.25709
Best model:
chi2: 2108.7005
t_0 u_0 t_E pi_E_N pi_E_E xi_Omega_node xi_inclination xi_period xi_semimajor_axis xi_argument_of_latitude_reference
2453197.706423444 0.1964326828668801 273.81071405355266 0.03067029182225634 0.06902357796519598 -17.148544326035335 174.96409534149242 352.5974273437532 0.25155518547065314 76.71974248166347
Fluxes:
8.513141893759142 4.13502928030453
