Mean acceptance fraction: 0.056
Mean autocorrelation time [steps]: 4627.3
Fitted parameters:
t_0 : 2454348.46199 +0.11195 -0.02980
u_0 : -0.00773 +0.00245 -0.00396
t_E : 51.31532 +22.00575 -35.59615
pi_E_N : -0.34793 +0.93889 -3.94415
pi_E_E : -0.84641 +0.87046 -6.90697
xi_Omega_node : 155.00940 +122.64604 -74.48184
xi_inclination : 257.26943 +22.53661 -76.39165
xi_period : 7.48299 +1.38042 -1.57851
xi_semimajor_axis : 0.02809 +0.03278 -0.02561
xi_argument_of_latitude_reference : 210.26720 +19.49149 -61.29027
Fitted fluxes (source and blending):
flux_s_1 : 12.62431 +29.14666 -4.54778
flux_b_1 : -7.84148 +4.53042 -28.47182
Best model:
chi2: 58314.3788
t_0 u_0 t_E pi_E_N pi_E_E xi_Omega_node xi_inclination xi_period xi_semimajor_axis xi_argument_of_latitude_reference
2454348.437024411 -0.008528299322411944 66.25267321901268 0.6507171808103105 -0.05040390546138347 278.43514890860786 279.9013663689873 6.515569543206815 0.027747518747572256 229.62094229580995
Fluxes:
10.428044886421471 -5.999093243276076
