Mean acceptance fraction: 0.070
Mean autocorrelation time [steps]: 3703.9
Fitted parameters:
t_0 : 2454381.34252 +3.92054 -11.35931
u_0 : 7.60752 +3.80302 -2.81509
t_E : 11.22678 +5.96475 -3.32188
pi_E_N : -1.10096 +0.45897 -0.55622
pi_E_E : 0.71110 +0.74751 -0.54863
xi_Omega_node : 150.41791 +150.12038 -103.24008
xi_inclination : 132.69783 +113.27021 -93.49585
xi_period : 247.60148 +8775.01386 -42.62826
xi_semimajor_axis : 0.79844 +1.48919 -0.53395
xi_argument_of_latitude_reference : 135.62739 +162.27959 -92.16570
Fitted fluxes (source and blending):
flux_s_1 : 59151.17521 +229216.31493 -48815.02373
flux_b_1 : -59038.06356 +48815.03327 -229216.30641
Best model:
chi2: 2468.1260
t_0 u_0 t_E pi_E_N pi_E_E xi_Omega_node xi_inclination xi_period xi_semimajor_axis xi_argument_of_latitude_reference
2454361.2206940567 6.233357106892135 13.435347536679998 -2.0886554724284108 0.08191452969760582 144.7367556123294 120.59512659171038 231.81796331324895 1.2329894746863717 117.78431482565817
Fluxes:
29808.140944714112 -29695.001721447563
