Mean acceptance fraction: 0.069
Mean autocorrelation time [steps]: 3368.5
Fitted parameters:
t_0 : 2453242.55102 +7.81194 -5.55245
u_0 : -0.50521 +0.13312 -0.42829
t_E : 209.10113 +29.31788 -61.91401
pi_E_N : -0.35155 +0.07096 -0.11529
pi_E_E : -0.01098 +0.03596 -0.05318
xi_Omega_node : 300.93794 +42.59525 -158.35697
xi_inclination : 269.04725 +36.04385 -165.88411
xi_period : 21.23403 +1.73069 -7.98481
xi_semimajor_axis : 0.03494 +0.02248 -0.01765
xi_argument_of_latitude_reference : 128.36761 +133.30396 -97.25540
Fitted fluxes (source and blending):
flux_s_1 : 23.65092 +43.49146 -8.92817
flux_b_1 : -10.98914 +8.92546 -43.46960
Best model:
chi2: 2078.7236
t_0 u_0 t_E pi_E_N pi_E_E xi_Omega_node xi_inclination xi_period xi_semimajor_axis xi_argument_of_latitude_reference
2453253.4461301207 -0.3946077566708598 243.23371845834015 -0.33352149144364646 0.005147637238747817 155.79358297933493 280.2985923719356 20.916114684439357 0.05447203406195851 21.370721048538087
Fluxes:
17.035532178777284 -4.378084719568331
