Mean acceptance fraction: 0.028
Mean autocorrelation time [steps]: 4267.5
Fitted parameters:
t_0 : 2453857.85268 +0.13412 -0.07582
u_0 : -0.00097 +0.00023 -0.00004
t_E : 706.45730 +789.01850 -586.55273
pi_E_N : 0.00170 +0.03430 -0.15961
pi_E_E : -0.13120 +0.06427 -0.46956
xi_Omega_node : 275.44070 +31.05747 -159.74199
xi_inclination : 268.08698 +19.06046 -189.64572
xi_period : 21.50510 +1.17598 -1.03099
xi_semimajor_axis : 0.00308 +0.05139 -0.00287
xi_argument_of_latitude_reference : 159.80947 +157.88405 -107.55688
Fitted fluxes (source and blending):
flux_s_1 : 0.61574 +3.03821 -0.31570
flux_b_1 : 18.88118 +0.08214 -2.49654
Best model:
chi2: 1876.6901
t_0 u_0 t_E pi_E_N pi_E_E xi_Omega_node xi_inclination xi_period xi_semimajor_axis xi_argument_of_latitude_reference
2453857.6946861967 -0.0010115584357087805 889.3439374618588 0.03563288175612424 -0.11737182929684888 276.5033774471112 280.2501350459254 21.053771433165366 0.0010833196796171283 89.44378782847042
Fluxes:
0.48987216550419965 18.902381216826367
