Mean acceptance fraction: 0.074
Mean autocorrelation time [steps]: 3635.3
Fitted parameters:
t_0 : 2454692.02446 +0.48203 -1.76106
u_0 : 0.29273 +0.19882 -0.16608
t_E : 40.64978 +23.04750 -10.10839
pi_E_N : 0.68996 +0.28504 -1.69371
pi_E_E : -1.72406 +0.75578 -0.76056
xi_Omega_node : 145.32115 +110.23859 -75.59263
xi_inclination : 313.46303 +51.39450 -65.76614
xi_period : 42.41351 +14.92947 -30.52782
xi_semimajor_axis : 0.08441 +0.06234 -0.07039
xi_argument_of_latitude_reference : 140.40238 +196.17369 -68.48925
Fitted fluxes (source and blending):
flux_s_1 : 15.99637 +17.19486 -10.61753
flux_b_1 : 14.37346 +10.70552 -17.19987
Best model:
chi2: 3506.2103
t_0 u_0 t_E pi_E_N pi_E_E xi_Omega_node xi_inclination xi_period xi_semimajor_axis xi_argument_of_latitude_reference
2454690.2373916907 0.3741579596781031 37.98651781149471 0.8290250026982572 -2.005612678362549 81.98576404418905 243.14915116037923 33.445678745560315 0.10890994323236812 142.37090304091342
Fluxes:
22.222483100585595 8.137716364214016
