Mean acceptance fraction: 0.143
Mean autocorrelation time [steps]: 1700.0
Fitted parameters:
t_0 : 2453227.71339 +0.15742 -0.13350
u_0 : -0.14418 +0.00434 -0.00503
t_E : 76.90273 +2.33619 -2.13410
pi_E_N : 0.08797 +0.14808 -0.17073
pi_E_E : -0.16699 +0.01201 -0.01136
xi_Omega_node : 202.31454 +135.60414 -154.13623
xi_inclination : 162.63429 +146.89072 -141.37665
xi_period : 1562293342176660862068064256.00000 +619850662363919355771093776778571808768.00000 -1562293342175832654934441984.00000
xi_semimajor_axis : 1772936806051817193472.00000 +21822104094488852124116083705643008.00000 -1772936806050246688768.00000
xi_argument_of_latitude_reference : 154.05521 +182.88067 -133.45215
Fitted fluxes (source and blending):
flux_s_1 : 29.99571 +1.17045 -0.98544
flux_b_1 : -0.36668 +0.97541 -1.15774
Best model:
chi2: 1566.1121
t_0 u_0 t_E pi_E_N pi_E_E xi_Omega_node xi_inclination xi_period xi_semimajor_axis xi_argument_of_latitude_reference
2453227.799296194 -0.14171667852272984 79.09601973567801 0.03390200670742108 -0.16049412240868519 41.150167461644486 98.77806141427214 2.5715700700739412 0.0025303189206297297 135.83060181000144
Fluxes:
29.02768142803451 0.5845322630052878
