Mean acceptance fraction: 0.117
Mean autocorrelation time [steps]: 2261.6
Fitted parameters:
t_0 : 2453629.42012 +0.51223 -2.45760
u_0 : 0.55278 +0.13402 -0.04337
t_E : 84.54103 +3.94745 -5.84889
pi_E_N : 0.29509 +0.07461 -0.05771
pi_E_E : 0.12796 +0.01373 -0.01207
xi_Omega_node : 184.09299 +121.22055 -144.93624
xi_inclination : 176.86580 +119.61515 -84.01497
xi_period : 596.67076 +292594790.22291 -508.76174
xi_semimajor_axis : 0.02337 +1697.26615 -0.01114
xi_argument_of_latitude_reference : 195.94234 +129.88852 -125.12124
Fitted fluxes (source and blending):
flux_s_1 : 224.25612 +98.37298 -26.91844
flux_b_1 : -64.01641 +26.88665 -98.43563
Best model:
chi2: 926.8646
t_0 u_0 t_E pi_E_N pi_E_E xi_Omega_node xi_inclination xi_period xi_semimajor_axis xi_argument_of_latitude_reference
2453629.4069085023 0.7182896574445533 76.89924493985906 0.3604221643738419 0.1421300388737487 42.71104776674253 165.79004819842035 84.99884013001781 0.013117996476227977 135.789713345015
Fluxes:
349.0134741272109 -188.82356610662868
