Mean acceptance fraction: 0.057
Mean autocorrelation time [steps]: 3418.7
Fitted parameters:
t_0 : 2454722.81187 +0.30951 -0.41132
u_0 : 0.09032 +0.12648 -0.05642
t_E : 61.70719 +36.08757 -36.83293
pi_E_N : 1.67202 +1.05251 -4.01731
pi_E_E : -1.84941 +0.73742 -0.37282
xi_Omega_node : 218.91205 +52.33817 -169.31629
xi_inclination : 88.50709 +185.29742 -61.22865
xi_period : 721.55198 +80454011.51925 -692.27520
xi_semimajor_axis : 0.71392 +23.57613 -0.66374
xi_argument_of_latitude_reference : 192.08604 +120.18392 -99.02850
Fitted fluxes (source and blending):
flux_s_1 : 9.26083 +17.39185 -5.12494
flux_b_1 : 24.80608 +5.12061 -17.36622
Best model:
chi2: 2169.6060
t_0 u_0 t_E pi_E_N pi_E_E xi_Omega_node xi_inclination xi_period xi_semimajor_axis xi_argument_of_latitude_reference
2454723.6237945626 0.047147484269429184 106.80171460274818 1.8307042135584009 -2.1759953140283637 253.76196326979132 86.17337091752887 1465.3892808507676 1.4300910252317098 164.38264836637228
Fluxes:
5.240008878252889 28.745269380038803
