Mean acceptance fraction: 0.112
Mean autocorrelation time [steps]: 3499.2
Fitted parameters:
t_0 : 2454717.72659 +0.54986 -0.61002
u_0 : -0.05934 +0.00445 -0.12717
t_E : 154.42654 +10.10268 -93.36512
pi_E_N : 0.77764 +0.06282 -0.29176
pi_E_E : -0.04439 +0.06826 -0.03985
xi_Omega_node : 95.55297 +146.69339 -58.27808
xi_inclination : 49.05098 +21.99699 -51.00669
xi_period : 19.06721 +11.51085 -2.15769
xi_semimajor_axis : 0.00174 +0.00298 -0.00113
xi_argument_of_latitude_reference : 259.58017 +28.75977 -160.83637
Fitted fluxes (source and blending):
flux_s_1 : 40.60095 +104.52346 -2.81182
flux_b_1 : 169.65512 +2.76513 -104.27002
Best model:
chi2: 7376.2646
t_0 u_0 t_E pi_E_N pi_E_E xi_Omega_node xi_inclination xi_period xi_semimajor_axis xi_argument_of_latitude_reference
2454716.6923095686 -0.05483556381576153 159.31017733624262 0.7605131869877718 -0.05263052479152386 92.81639879181145 60.8162331906315 32.750355509400485 0.007107530321648738 268.0108060669141
Fluxes:
39.09941705335861 171.11093588573553
