Mean acceptance fraction: 0.071
Mean autocorrelation time [steps]: 3179.6
Fitted parameters:
t_0 : 2454586.87372 +0.80533 -1.83515
u_0 : -0.18099 +0.02255 -0.03945
t_E : 74.51276 +8.16684 -9.58500
pi_E_N : 0.16467 +0.16802 -0.37961
pi_E_E : -0.27634 +0.12667 -0.08368
xi_Omega_node : 163.75162 +151.52585 -53.70396
xi_inclination : 101.50314 +209.12016 -32.24168
xi_period : 36.95237 +19.88081 -16.01519
xi_semimajor_axis : 0.01562 +0.02215 -0.00582
xi_argument_of_latitude_reference : 200.71869 +109.86723 -135.45478
Fitted fluxes (source and blending):
flux_s_1 : 12.46665 +3.18010 -1.88667
flux_b_1 : 13.33335 +1.86372 -3.15392
Best model:
chi2: 1098.1972
t_0 u_0 t_E pi_E_N pi_E_E xi_Omega_node xi_inclination xi_period xi_semimajor_axis xi_argument_of_latitude_reference
2454582.0744314804 -0.10521961625402439 91.96907685004176 -0.07670003315606898 -0.07086444518664087 109.97727091755054 66.78992967257963 58.82166953405885 0.061618093619691096 268.95255796047127
Fluxes:
8.557030653613493 17.23335066496264
