Mean acceptance fraction: 0.081
Mean autocorrelation time [steps]: 3582.5
Fitted parameters:
t_0 : 2452573.09200 +7.79722 -13.59356
u_0 : 1.73852 +5.57205 -1.44284
t_E : 66.35223 +122.90871 -48.04009
pi_E_N : 0.07360 +0.23983 -0.16284
pi_E_E : 0.53935 +1.16704 -0.41229
xi_Omega_node : 153.31762 +155.37082 -125.45910
xi_inclination : 189.72762 +135.29025 -151.10069
xi_period : 14433463.80710 +1972363163.53262 -14427263.45081
xi_semimajor_axis : 2128.27441 +341427.31183 -2128.02208
xi_argument_of_latitude_reference : 151.99071 +132.87313 -132.89473
Fitted fluxes (source and blending):
flux_s_1 : 224.49116 +31249.29771 -216.62280
flux_b_1 : -203.13257 +216.60082 -31249.22634
Best model:
chi2: 491.3127
t_0 u_0 t_E pi_E_N pi_E_E xi_Omega_node xi_inclination xi_period xi_semimajor_axis xi_argument_of_latitude_reference
2452563.297279602 0.3264677491710819 171.20680788578076 -0.033713054462216584 0.1405672625559317 231.27928553849017 54.23278847134041 37.195185104801304 0.012355392634246535 84.55035768164737
Fluxes:
9.181853652235901 12.160477293991145
