Mean acceptance fraction: 0.053
Mean autocorrelation time [steps]: 3995.4
Fitted parameters:
t_0 : 2454577.10521 +0.01664 -0.01719
u_0 : -0.02296 +0.00054 -0.00040
t_E : 75.31649 +0.77876 -0.53479
pi_E_N : -0.07709 +0.17367 -0.11409
pi_E_E : -0.03844 +0.01315 -0.01387
xi_Omega_node : 186.46840 +114.50861 -82.07291
xi_inclination : 192.23745 +88.44123 -141.60965
xi_period : 92.19518 +20.58316 -12.74431
xi_semimajor_axis : 0.00105 +0.00263 -0.00077
xi_argument_of_latitude_reference : 121.98994 +146.62986 -84.75119
Fitted fluxes (source and blending):
flux_s_1 : 169.05767 +2.34116 -2.34411
flux_b_1 : 18.31877 +2.34290 -2.34133
Best model:
chi2: 14148.6158
t_0 u_0 t_E pi_E_N pi_E_E xi_Omega_node xi_inclination xi_period xi_semimajor_axis xi_argument_of_latitude_reference
2454577.086198957 -0.023499711771182184 74.10559920691689 -0.091898373513633 -0.03439081030621978 274.7440935730151 205.57533557024152 0.20373673038100504 0.00019671857676010015 290.5183329193375
Fluxes:
172.23346441350282 15.231189447673298
