Mean acceptance fraction: 0.117
Mean autocorrelation time [steps]: 1129.7
Fitted parameters:
t_0 : 2453828.99367 +0.38376 -1.12080
u_0 : 0.29241 +0.12155 -0.05089
t_E : 58.35083 +8.71440 -9.45979
pi_E_N : 0.01436 +0.13104 -0.13775
pi_E_E : -0.83978 +0.09239 -0.14087
xi_Omega_node : 137.32677 +163.10904 -89.58315
xi_inclination : 162.18055 +158.15329 -124.82283
xi_period : 805219949508284645376.00000 +1470088466327050242091087036416.00000 -805219949508284645376.00000
xi_semimajor_axis : 66155668714369.86719 +58743037181745094983680.00000 -66155668714369.71094
xi_argument_of_latitude_reference : 152.46015 +149.24014 -119.79503
Fitted fluxes (source and blending):
flux_s_1 : 11.31175 +6.79734 -2.42000
flux_b_1 : 51.00503 +2.38880 -6.75845
Best model:
chi2: 1071.4969
t_0 u_0 t_E pi_E_N pi_E_E xi_Omega_node xi_inclination xi_period xi_semimajor_axis xi_argument_of_latitude_reference
2453823.6637949836 0.5404827326083689 44.24427628200198 0.14649472240628109 -1.0445149123239663 130.06761827372682 89.88572914855067 138.62081357842484 0.15523255695236415 114.71044078809874
Fluxes:
28.497097647773643 33.81275205306735
