Mean acceptance fraction: 0.068
Mean autocorrelation time [steps]: 2923.7
Fitted parameters:
t_0 : 2452863.09278 +0.11875 -0.07987
u_0 : -0.05534 +0.00168 -0.00124
t_E : 62.44416 +0.86538 -1.87315
pi_E_N : 0.11632 +0.12231 -0.14717
pi_E_E : 0.11172 +0.01329 -0.03421
xi_Omega_node : 222.91293 +97.43384 -120.73382
xi_inclination : 170.80502 +151.95635 -144.59919
xi_period : 7049.25514 +197704.36125 -6644.04441
xi_semimajor_axis : 0.36142 +5.60959 -0.32872
xi_argument_of_latitude_reference : 221.16645 +105.34967 -137.07131
Fitted fluxes (source and blending):
flux_s_1 : 101.50627 +1.31892 -1.09773
flux_b_1 : 205.78483 +1.08046 -1.30110
Best model:
chi2: 1811.3763
t_0 u_0 t_E pi_E_N pi_E_E xi_Omega_node xi_inclination xi_period xi_semimajor_axis xi_argument_of_latitude_reference
2452863.082580842 -0.057243032615937266 61.77672484521206 0.16764103651541878 0.10735455560036583 304.1169987209929 255.46253952857393 36.0150305379982 0.0017771034353623316 135.27290864348376
Fluxes:
103.45978178414788 203.84746353362567
