Mean acceptance fraction: 0.107
Mean autocorrelation time [steps]: 4271.0
Fitted parameters:
t_0 : 2452926.11872 +1.17429 -2.04925
u_0 : 1.67563 +0.85468 -0.99718
t_E : 51.38970 +36.95207 -13.76150
pi_E_N : -0.17985 +0.01682 -0.01042
pi_E_E : 0.54375 +0.20053 -0.21805
xi_Omega_node : 176.13604 +14.62940 -165.45876
xi_inclination : 127.50837 +159.01268 -26.42020
xi_period : 12.24192 +0.10909 -2.17076
xi_semimajor_axis : 0.01892 +0.01398 -0.01017
xi_argument_of_latitude_reference : 136.49192 +121.42523 -129.11437
Fitted fluxes (source and blending):
flux_s_1 : 2713.72157 +6443.77006 -2334.05707
flux_b_1 : -2410.61928 +2334.03096 -6443.79347
Best model:
chi2: 2760.4444
t_0 u_0 t_E pi_E_N pi_E_E xi_Omega_node xi_inclination xi_period xi_semimajor_axis xi_argument_of_latitude_reference
2452923.8029471394 0.4963198135268578 107.69226920403119 -0.19002502204185634 0.2790715067098824 7.311970080903361 96.6491349694237 12.13872026790794 0.010793349199485283 -18.830412527711747
Fluxes:
229.1919152027494 73.79024734976953
