Mean acceptance fraction: 0.095
Mean autocorrelation time [steps]: 3300.2
Fitted parameters:
t_0 : 2453858.21091 +0.49376 -0.90286
u_0 : 0.29307 +0.04939 -0.04835
t_E : 148.86096 +20.08885 -13.66710
pi_E_N : -0.00797 +0.03601 -0.03305
pi_E_E : -0.04557 +0.01390 -0.05708
xi_Omega_node : 224.16208 +131.91412 -50.48515
xi_inclination : 90.79817 +33.77736 -79.93497
xi_period : 134.26931 +16.77923 -56.72509
xi_semimajor_axis : 0.00508 +0.00342 -0.00326
xi_argument_of_latitude_reference : 250.77041 +29.03300 -126.46372
Fitted fluxes (source and blending):
flux_s_1 : 176.51832 +40.82574 -39.75042
flux_b_1 : 136.79423 +39.71703 -40.82299
Best model:
chi2: 4840.0950
t_0 u_0 t_E pi_E_N pi_E_E xi_Omega_node xi_inclination xi_period xi_semimajor_axis xi_argument_of_latitude_reference
2453856.211170475 0.28612515995803095 152.84187978343053 -0.0021551411421388833 -0.030586426435077915 232.85121478304885 111.37062674459403 136.03621598207445 0.01081908449929802 263.95172132878406
Fluxes:
171.60017980438815 141.69806827237045
