Mean acceptance fraction: 0.128
Mean autocorrelation time [steps]: 1332.4
Fitted parameters:
t_0 : 2453677.53072 +1.26740 -2.11194
u_0 : 0.04136 +0.00303 -0.00285
t_E : 217.52138 +47.33674 -18.31209
pi_E_N : 0.07678 +0.02156 -0.02104
pi_E_E : 0.06117 +0.01459 -0.02753
xi_Omega_node : 137.86153 +165.78353 -83.80615
xi_inclination : 146.51458 +155.93350 -138.20847
xi_period : 1948579724968725315584.00000 +4339982627543490396994549055488.00000 -1948579724968722432000.00000
xi_semimajor_axis : 108476274616067.84375 +291201019999606505472.00000 -108476274616067.37500
xi_argument_of_latitude_reference : 183.88047 +173.56133 -133.37411
Fitted fluxes (source and blending):
flux_s_1 : 14.03443 +1.95333 -3.34252
flux_b_1 : -4.71930 +3.28274 -1.90887
Best model:
chi2: 1834.2014
t_0 u_0 t_E pi_E_N pi_E_E xi_Omega_node xi_inclination xi_period xi_semimajor_axis xi_argument_of_latitude_reference
2453676.7747743246 0.04526403932122258 226.5043225363092 0.05301192876646792 0.052530769521152064 346.773377058035 66.25971081634617 29.881993432622096 0.0018396554213370316 60.98520647518666
Fluxes:
13.3093688960002 -4.004272181694131
