Mean acceptance fraction: 0.089
Mean autocorrelation time [steps]: 3438.7
Fitted parameters:
t_0 : 2453482.98734 +2.34044 -2.14742
u_0 : 0.71089 +0.20419 -0.30422
t_E : 76.58317 +28.98767 -10.36268
pi_E_N : -0.07733 +0.19230 -0.10268
pi_E_E : 0.31182 +0.06869 -0.09325
xi_Omega_node : 16.84242 +165.35697 -25.49027
xi_inclination : 117.15738 +144.64409 -22.34978
xi_period : 52.83506 +22.19852 -3.23608
xi_semimajor_axis : 0.01016 +0.00413 -0.00413
xi_argument_of_latitude_reference : 263.11331 +109.15146 -85.32279
Fitted fluxes (source and blending):
flux_s_1 : 269.69582 +164.67102 -158.90909
flux_b_1 : -4.18139 +158.81031 -164.64582
Best model:
chi2: 835.4484
t_0 u_0 t_E pi_E_N pi_E_E xi_Omega_node xi_inclination xi_period xi_semimajor_axis xi_argument_of_latitude_reference
2453483.2952258927 0.870713783190842 68.89321233819756 -0.15949851786197128 0.31266411533041516 0.20897987293466525 98.22423792731949 50.68190814095097 0.014917171096967084 177.31523356768878
Fluxes:
391.97900050750263 -126.5178198409553
