Mean acceptance fraction: 0.069
Mean autocorrelation time [steps]: 3141.2
Fitted parameters:
t_0 : 2453110.57021 +0.27851 -0.20415
u_0 : -0.05015 +0.01573 -0.02606
t_E : 128.20367 +96.47445 -41.49783
pi_E_N : 0.07467 +0.78170 -1.09730
pi_E_E : 0.15814 +0.07039 -0.10053
xi_Omega_node : 185.26277 +123.99085 -158.43551
xi_inclination : 183.44850 +129.31229 -159.44473
xi_period : 63740.58691 +2238188592.07066 -63419.31093
xi_semimajor_axis : 0.40829 +6491.23612 -0.36926
xi_argument_of_latitude_reference : 219.27993 +112.02215 -167.66426
Fitted fluxes (source and blending):
flux_s_1 : 7.69915 +4.57375 -2.52192
flux_b_1 : 13.28682 +2.51968 -4.56962
Best model:
chi2: 1681.6634
t_0 u_0 t_E pi_E_N pi_E_E xi_Omega_node xi_inclination xi_period xi_semimajor_axis xi_argument_of_latitude_reference
2453111.250203214 -0.04747132951855427 116.86849416172764 -0.9109350728223584 -0.1313856108164236 341.71493975199314 184.9691162226957 400.6698653737376 0.10038427054560839 377.61284251662914
Fluxes:
7.391578753104808 13.586777281843458
