Mean acceptance fraction: 0.056
Mean autocorrelation time [steps]: 4695.5
Fitted parameters:
t_0 : 2454348.63835 +0.13380 -0.69921
u_0 : -0.00694 +0.00048 -0.00471
t_E : 29.00517 +33.02690 -7.87683
pi_E_N : 0.00562 +1.29772 -1.57258
pi_E_E : -0.94674 +1.12867 -3.56568
xi_Omega_node : 116.14778 +143.74205 -73.10878
xi_inclination : 75.70689 +108.05023 -92.67776
xi_period : 26.98822 +76.34865 -23.41463
xi_semimajor_axis : 0.02505 +0.34364 -0.01316
xi_argument_of_latitude_reference : 185.05725 +8.49840 -86.15524
Fitted fluxes (source and blending):
flux_s_1 : 24.95769 +6.95826 -16.53110
flux_b_1 : -19.77719 +16.14559 -6.78323
Best model:
chi2: 39357.7889
t_0 u_0 t_E pi_E_N pi_E_E xi_Omega_node xi_inclination xi_period xi_semimajor_axis xi_argument_of_latitude_reference
2454348.782517455 -0.006984860421665545 20.406906345098136 -1.5864839202769054 -4.657650952372577 51.527337164546715 -7.6948485240325795 0.4989507339131032 0.009412828936484027 106.24467137655195
Fluxes:
27.457702304980806 -22.025953837511807
