Mean acceptance fraction: 0.102
Mean autocorrelation time [steps]: 3301.4
Fitted parameters:
t_0 : 2454023.23610 +27.29117 -51.06655
u_0 : 0.89844 +0.13739 -0.08280
t_E : 364.10451 +21.45735 -15.06489
pi_E_N : 0.04892 +0.02853 -0.01986
pi_E_E : -0.06703 +0.01939 -0.02189
xi_Omega_node : 268.28486 +42.59192 -11.63386
xi_inclination : 220.04909 +53.88283 -90.12428
xi_period : 294.91757 +110.91095 -17.32260
xi_semimajor_axis : 0.02332 +0.01468 -0.00975
xi_argument_of_latitude_reference : 2.00082 +109.83099 -17.25890
Fitted fluxes (source and blending):
flux_s_1 : 481.04831 +198.90208 -103.55688
flux_b_1 : -64.96197 +101.36301 -198.81279
Best model:
chi2: 8181.9750
t_0 u_0 t_E pi_E_N pi_E_E xi_Omega_node xi_inclination xi_period xi_semimajor_axis xi_argument_of_latitude_reference
2453969.806623484 0.9635946658869079 369.56846765987376 0.07905863195511709 -0.0800884518829913 268.0549700255204 230.59053569835504 290.3713096259633 0.0275772004146302 -17.333837316414545
Fluxes:
595.1613088255692 -179.01619425108277
