Mean acceptance fraction: 0.083
Mean autocorrelation time [steps]: 3567.3
Fitted parameters:
t_0 : 2454717.81750 +0.11603 -0.10277
u_0 : -0.05293 +0.01226 -0.11997
t_E : 163.84616 +14.33432 -98.94108
pi_E_N : 0.56775 +0.09869 -0.14066
pi_E_E : -0.09118 +0.03800 -0.01065
xi_Omega_node : 95.77579 +75.50768 -35.90567
xi_inclination : 171.40223 +57.15141 -124.46969
xi_period : 127.63877 +82.92711 -37.94793
xi_semimajor_axis : 0.03475 +0.00873 -0.02133
xi_argument_of_latitude_reference : 197.75715 +104.59732 -191.41259
Fitted fluxes (source and blending):
flux_s_1 : 36.33288 +96.17613 -8.42743
flux_b_1 : 173.84903 +8.42650 -95.87725
Best model:
chi2: 7292.4946
t_0 u_0 t_E pi_E_N pi_E_E xi_Omega_node xi_inclination xi_period xi_semimajor_axis xi_argument_of_latitude_reference
2454718.262130555 -0.03565965363621782 191.45099995582362 0.5293826885567837 -0.08779954350543397 172.64610502874982 257.4240794396678 206.48350818816868 0.049382464412759855 300.1276258804991
Fluxes:
23.99981809994719 186.1519439466222
