Mean acceptance fraction: 0.033
Mean autocorrelation time [steps]: 4318.4
Fitted parameters:
t_0 : 2453857.79566 +0.22832 -0.07545
u_0 : -0.00099 +0.00084 -0.00029
t_E : 1062.58441 +435.20805 -790.61128
pi_E_N : 0.01416 +0.05026 -0.15679
pi_E_E : -0.14624 +0.07867 -0.28229
xi_Omega_node : 280.34827 +49.34273 -163.45494
xi_inclination : 97.37795 +181.22971 -10.28544
xi_period : 41.98270 +2.07852 -5.72263
xi_semimajor_axis : 0.00483 +0.01250 -0.00478
xi_argument_of_latitude_reference : 186.31913 +135.89026 -156.55017
Fitted fluxes (source and blending):
flux_s_1 : 0.41468 +1.04988 -0.10038
flux_b_1 : 18.92763 +0.08110 -0.42191
Best model:
chi2: 1870.9348
t_0 u_0 t_E pi_E_N pi_E_E xi_Omega_node xi_inclination xi_period xi_semimajor_axis xi_argument_of_latitude_reference
2453858.0512235607 -0.001418290183696955 1031.72533941392 0.03049214848238536 -0.10277041945848207 227.74323431936634 182.06247098906292 41.375084070343576 0.00013072506985634314 -7.441542141509695
Fluxes:
0.41792140288078006 18.965637285517964
