Mean acceptance fraction: 0.101
Mean autocorrelation time [steps]: 2974.9
Fitted parameters:
t_0 : 2452866.57932 +43.71669 -106.49360
u_0 : -0.65851 +0.26022 -0.77284
t_E : 233.13853 +52.61307 -68.94417
pi_E_N : -0.21000 +0.05109 -0.15950
pi_E_E : 0.07286 +0.03024 -0.03289
xi_Omega_node : 184.01645 +117.03077 -143.04234
xi_inclination : 182.21613 +129.33803 -131.54685
xi_period : 132337682863236096.00000 +273695060115257851904.00000 -132337682036926480.00000
xi_semimajor_axis : 1691606671134.75977 +7476501415708006.00000 -1691606662414.83105
xi_argument_of_latitude_reference : 149.49587 +169.80348 -142.82188
Fitted fluxes (source and blending):
flux_s_1 : 44.12485 +263.30498 -24.37744
flux_b_1 : 71.01643 +24.31126 -263.26483
Best model:
chi2: 1152.5081
t_0 u_0 t_E pi_E_N pi_E_E xi_Omega_node xi_inclination xi_period xi_semimajor_axis xi_argument_of_latitude_reference
2452901.000103137 -0.3987081086543272 288.74093201119524 -0.15670818644314147 0.07277836361608479 289.20594099494605 80.60281398172614 1.4142972307131141e+20 5351702856514158.0 165.9465996980033
Fluxes:
19.089262049152538 96.05781354364309
