Mean acceptance fraction: 0.093
Mean autocorrelation time [steps]: nan
Fitted parameters:
t_0 : 2454599.04458 +225.48880 -652.44709
u_0 : -798.06307 +629.44859 -578.60532
t_E : 0.64486 +1.59707 -0.35782
pi_E_N : 661.17114 +1179.33922 -577.87833
pi_E_E : 1494.61228 +1180.75384 -1169.87710
xi_Omega_node : 189.34005 +117.46440 -147.62927
xi_inclination : 174.29558 +135.71105 -129.16858
xi_period : 998676973328.55530 +68519651428351.96094 -998445349514.80688
xi_semimajor_axis : 21188043.96225 +2981359236.22159 -21088843.59419
xi_argument_of_latitude_reference : 207.29667 +117.64727 -164.13495
Fitted fluxes (source and blending):
flux_s_1 : 17788828429691.05859 +88326275457829.73438 -17746581692909.91797
flux_b_1 : -17788828429669.57812 +17746581692909.90625 -88326275457829.78125
Best model:
chi2: 1646.2769
t_0 u_0 t_E pi_E_N pi_E_E xi_Omega_node xi_inclination xi_period xi_semimajor_axis xi_argument_of_latitude_reference
2454908.466837949 -36.20388687282863 5.71096104330466 1.6482938673615806 16.897652077546695 218.58457512241256 144.30204831559792 103.38727428630227 0.6892580902989174 240.62782611108258
Fluxes:
19399353.536150698 -19399332.169235773
