Mean acceptance fraction: 0.068
Mean autocorrelation time [steps]: 3744.2
Fitted parameters:
t_0 : 2454255.30757 +0.82873 -1.11272
u_0 : 7.90036 +0.78860 -0.68258
t_E : 30.20242 +2.79452 -2.75456
pi_E_N : 0.80278 +0.07522 -0.06756
pi_E_E : -0.46665 +0.04586 -0.04748
xi_Omega_node : 148.55651 +36.11402 -92.15728
xi_inclination : 192.79263 +73.78862 -71.36557
xi_period : 4.04616 +0.75651 -1.94524
xi_semimajor_axis : 0.02520 +0.01274 -0.00742
xi_argument_of_latitude_reference : 18.69967 +22.45069 -25.80960
Fitted fluxes (source and blending):
flux_s_1 : 315473.91654 +139832.27040 -92643.98887
flux_b_1 : -314659.33694 +92644.01986 -139832.15660
Best model:
chi2: 5313.0197
t_0 u_0 t_E pi_E_N pi_E_E xi_Omega_node xi_inclination xi_period xi_semimajor_axis xi_argument_of_latitude_reference
2454256.139244696 7.727027016111001 30.81191201309085 0.7969457432125181 -0.4518844876531096 193.4801833559819 44.22739080116527 0.9936174002847526 0.03748103643792257 -12.286733215414989
Fluxes:
289628.1124287304 -288813.46397614415
