Mean acceptance fraction: 0.058
Mean autocorrelation time [steps]: 3965.5
Fitted parameters:
t_0 : 2454064.79145 +157.94683 -108.20621
u_0 : 1.31030 +1.64001 -0.77255
t_E : 77.46306 +72.18683 -19.02121
pi_E_N : 3.24484 +3.82410 -1.56024
pi_E_E : 1.40787 +2.44731 -1.00551
xi_Omega_node : 204.62201 +18.85431 -23.75237
xi_inclination : 91.95564 +16.52625 -14.15734
xi_period : 200.54682 +81.69282 -60.83296
xi_semimajor_axis : 0.55194 +0.65952 -0.34310
xi_argument_of_latitude_reference : 199.36381 +39.23790 -19.12649
Fitted fluxes (source and blending):
flux_s_1 : 434.66865 +8648.53264 -399.28786
flux_b_1 : -319.32083 +399.28072 -8648.52316
Best model:
chi2: 4815.4384
t_0 u_0 t_E pi_E_N pi_E_E xi_Omega_node xi_inclination xi_period xi_semimajor_axis xi_argument_of_latitude_reference
2453956.307563799 0.771534746930189 80.39240562579882 3.0409594331537413 0.8790584030955222 237.97933081508106 93.94665310456011 202.0086427290095 0.9125180794329295 183.8104154748518
Fluxes:
54.312439265360005 61.047604996299405
