Mean acceptance fraction: 0.055
Mean autocorrelation time [steps]: 3880.1
Fitted parameters:
t_0 : 2453487.19008 +1.15256 -3.67163
u_0 : 0.67446 +0.16395 -0.12234
t_E : 80.38593 +8.25840 -11.58446
pi_E_N : -0.05556 +0.11990 -0.10100
pi_E_E : 0.33645 +0.05059 -0.03454
xi_Omega_node : 194.31646 +123.20838 -106.45414
xi_inclination : 167.41574 +72.97517 -41.53180
xi_period : 294.19703 +125.94905 -101.68098
xi_semimajor_axis : 0.05940 +0.04430 -0.02845
xi_argument_of_latitude_reference : 143.67863 +129.70606 -127.39133
Fitted fluxes (source and blending):
flux_s_1 : 243.31098 +118.34416 -69.88853
flux_b_1 : 22.21145 +69.85230 -118.37690
Best model:
chi2: 846.4522
t_0 u_0 t_E pi_E_N pi_E_E xi_Omega_node xi_inclination xi_period xi_semimajor_axis xi_argument_of_latitude_reference
2453481.2461929154 0.7706298831256734 73.04760496904856 -0.06786187536029373 0.3391299381415151 159.40847367844975 260.2535139554382 79.31829909841099 0.012047703207731922 203.0520963895186
Fluxes:
312.61241534209006 -47.12363011713603
