Mean acceptance fraction: 0.079
Mean autocorrelation time [steps]: 3477.6
Fitted parameters:
t_0 : 2454293.82262 +7.00657 -5.21466
u_0 : -0.68082 +0.07234 -0.12641
t_E : 136.45669 +14.73943 -17.27265
pi_E_N : 0.13496 +0.02798 -0.03640
pi_E_E : -0.11028 +0.03020 -0.04089
xi_Omega_node : 134.04531 +102.35721 -115.64487
xi_inclination : 149.72775 +51.13854 -73.54506
xi_period : 358.37957 +19.81814 -177.18464
xi_semimajor_axis : 0.07426 +0.02135 -0.01974
xi_argument_of_latitude_reference : 141.75905 +104.39451 -105.45935
Fitted fluxes (source and blending):
flux_s_1 : 104.46465 +41.02225 -18.58142
flux_b_1 : 11.97479 +18.11191 -40.83995
Best model:
chi2: 2926.2916
t_0 u_0 t_E pi_E_N pi_E_E xi_Omega_node xi_inclination xi_period xi_semimajor_axis xi_argument_of_latitude_reference
2454276.678600389 -0.6247858609576771 148.82534236534448 0.17932481499879538 -0.09014639109550657 191.000049244484 90.79619463765657 372.18814004949184 0.08577686464326469 178.03095793072112
Fluxes:
96.76488049110127 19.640169396418457
