Mean acceptance fraction: 0.110
Mean autocorrelation time [steps]: 2671.9
Fitted parameters:
t_0 : 2453770.29521 +2.79467 -2.82688
u_0 : 0.19044 +0.07348 -0.04708
t_E : 160.59359 +40.32861 -30.91821
pi_E_N : 0.05588 +0.02570 -0.05606
pi_E_E : 0.07870 +0.05038 -0.01622
xi_Omega_node : 166.72776 +149.75352 -104.89409
xi_inclination : 154.94629 +156.68477 -115.52442
xi_period : 1261602898317.85864 +754716850863590656.00000 -1261602896603.36133
xi_semimajor_axis : 27640740.49731 +8490718443549.27637 -27640740.37148
xi_argument_of_latitude_reference : 186.99238 +117.10745 -139.34138
Fitted fluxes (source and blending):
flux_s_1 : 23.99938 +12.69059 -6.97343
flux_b_1 : 172.61237 +6.91160 -12.63307
Best model:
chi2: 1173.6927
t_0 u_0 t_E pi_E_N pi_E_E xi_Omega_node xi_inclination xi_period xi_semimajor_axis xi_argument_of_latitude_reference
2453772.03019914 0.1574748182673936 196.83302465809572 0.07300763822786788 0.04518593942344581 194.17916772412093 292.9835808418526 1094.5189291941933 0.07107569330719377 134.04437985925412
Fluxes:
18.87407914019018 177.67493776953015
