Mean acceptance fraction: 0.077
Mean autocorrelation time [steps]: 3650.5
Fitted parameters:
t_0 : 2454278.52209 +69.71878 -179.37840
u_0 : -0.00009 +0.00008 -0.00020
t_E : 25748.79488 +71192.10359 -25615.74814
pi_E_N : -2.81508 +0.31205 -5.82036
pi_E_E : -0.26802 +0.10958 -0.28786
xi_Omega_node : 143.69986 +50.38107 -161.26349
xi_inclination : 5.41137 +34.78787 -14.69496
xi_period : 31333.38419 +89366.95844 -30990.45139
xi_semimajor_axis : 7.71188 +21.73535 -7.70924
xi_argument_of_latitude_reference : 124.95122 +117.97369 -56.01983
Fitted fluxes (source and blending):
flux_s_1 : 1.22868 +3.94620 -0.21303
flux_b_1 : 4.55287 +0.21217 -3.91438
Best model:
chi2: 85982.7760
t_0 u_0 t_E pi_E_N pi_E_E xi_Omega_node xi_inclination xi_period xi_semimajor_axis xi_argument_of_latitude_reference
2453733.1803163947 -5.0302169533910694e-05 249079.35786180058 -2.423595150371118 -0.14081095527689916 0.4748502677531894 4.34365635471011 132141.07879984044 29.139853957623856 262.20592911771826
Fluxes:
0.9812629139774932 4.785150392347002
