Mean acceptance fraction: 0.091
Mean autocorrelation time [steps]: 2725.7
Fitted parameters:
t_0 : 2454834.41569 +9.05047 -5.11029
u_0 : 95.01356 +203.76835 -74.21702
t_E : 1.87871 +8.45241 -1.28741
pi_E_N : 5.11807 +11.98436 -4.24217
pi_E_E : -1.31631 +2.37268 -6.25273
xi_Omega_node : 157.52305 +138.95082 -124.15033
xi_inclination : 192.92298 +123.17922 -158.79548
xi_period : 10086825372.04039 +16364873063248.11523 -10086738252.58244
xi_semimajor_axis : 1556797.96082 +1702351468.64147 -1556644.35858
xi_argument_of_latitude_reference : 185.20733 +135.14143 -150.07506
Fitted fluxes (source and blending):
flux_s_1 : 900034915.38537 +87633625339.34776 -897877937.91867
flux_b_1 : -900034836.40934 +897877937.93460 -87633625339.34541
Best model:
chi2: 1014.9848
t_0 u_0 t_E pi_E_N pi_E_E xi_Omega_node xi_inclination xi_period xi_semimajor_axis xi_argument_of_latitude_reference
2454852.0113602877 19.803718865429058 11.388848457015941 1.0089661533909617 -1.5745385989134393 326.9019675448298 351.4423791298495 134.13125630007232 0.4330418794671621 219.673063433962
Fluxes:
1484479.6904437013 -1484400.7029332789
