Mean acceptance fraction: 0.119
Mean autocorrelation time [steps]: 1774.7
Fitted parameters:
t_0 : 2453027.52150 +1.83290 -2.56906
u_0 : -0.03686 +0.02240 -0.01572
t_E : 157.48204 +47.04084 -31.09398
pi_E_N : -0.33983 +0.08864 -0.05636
pi_E_E : 0.09811 +0.04890 -0.06873
xi_Omega_node : 182.81603 +128.21557 -150.54416
xi_inclination : 177.27443 +125.50238 -137.04330
xi_period : 35623951183064233672704.00000 +511170121311231837138645208268800.00000 -35623951183064233672704.00000
xi_semimajor_axis : 33734429084890988.00000 +59668579173476741540741120.00000 -33734429084890860.00000
xi_argument_of_latitude_reference : 156.28418 +158.67119 -128.44645
Fitted fluxes (source and blending):
flux_s_1 : 14.13299 +8.58556 -4.31030
flux_b_1 : 15.41468 +4.30358 -8.57059
Best model:
chi2: 2590.6766
t_0 u_0 t_E pi_E_N pi_E_E xi_Omega_node xi_inclination xi_period xi_semimajor_axis xi_argument_of_latitude_reference
2453027.492400526 -0.03302766016348956 195.62162318914326 -0.30910120672873775 0.1571494103150593 175.63245455051833 36.683175911828954 2002.6495067198036 0.41759170897804265 180.98193526387465
Fluxes:
11.114464387084295 18.404694413007007
