Mean acceptance fraction: 0.114
Mean autocorrelation time [steps]: 2722.3
Fitted parameters:
t_0 : 2453491.20270 +0.18518 -0.15163
u_0 : -0.55102 +0.01906 -0.02190
t_E : 73.55410 +1.01442 -1.00882
pi_E_N : -0.11537 +0.06942 -0.05745
pi_E_E : 0.12188 +0.00578 -0.00606
xi_Omega_node : 143.39835 +150.89697 -118.45586
xi_inclination : 174.07046 +79.61096 -105.71491
xi_period : 5.04002 +0.06142 -0.15565
xi_semimajor_axis : 0.00225 +0.00141 -0.00070
xi_argument_of_latitude_reference : 168.51413 +142.07307 -168.02046
Fitted fluxes (source and blending):
flux_s_1 : 581.22254 +39.08672 -38.31934
flux_b_1 : -76.49900 +38.34320 -39.08924
Best model:
chi2: 1624.2418
t_0 u_0 t_E pi_E_N pi_E_E xi_Omega_node xi_inclination xi_period xi_semimajor_axis xi_argument_of_latitude_reference
2453491.0260632634 -0.555653440738551 73.28996049305377 -0.10988778505363311 0.12159200799338317 198.2156057917088 108.85027954468143 5.072022478385438 0.003999801941287626 172.49909771488555
Fluxes:
590.638194440465 -85.92472772628868
