Mean acceptance fraction: 0.054
Mean autocorrelation time [steps]: 3566.0
Fitted parameters:
t_0 : 2454006.22132 +5.44188 -10.14717
u_0 : 1.29131 +0.42780 -0.32701
t_E : 92.64982 +17.18773 -16.03451
pi_E_N : 1.67033 +0.25942 -0.21246
pi_E_E : 0.60858 +0.12964 -0.16953
xi_Omega_node : 177.47297 +188.71881 -71.44014
xi_inclination : 199.41788 +55.63248 -75.21063
xi_period : 5.66842 +4.76424 -4.14246
xi_semimajor_axis : 0.03696 +0.02622 -0.02985
xi_argument_of_latitude_reference : 215.39874 +120.32314 -173.46686
Fitted fluxes (source and blending):
flux_s_1 : 198.93077 +213.66712 -93.10021
flux_b_1 : -83.60563 +93.10502 -213.70108
Best model:
chi2: 4819.7372
t_0 u_0 t_E pi_E_N pi_E_E xi_Omega_node xi_inclination xi_period xi_semimajor_axis xi_argument_of_latitude_reference
2454015.0394292977 1.3762798366234805 90.47678256979898 1.7965261555133647 0.6358904526928754 165.46308304537033 254.19564676180343 2.888844473205988 0.07098104738209914 333.9002090742644
Fluxes:
230.7721677713698 -115.43708177467104
