Mean acceptance fraction: 0.065
Mean autocorrelation time [steps]: 3595.9
Fitted parameters:
t_0 : 2454838.27045 +16.33730 -8.66604
u_0 : 40.84003 +40.22176 -27.59486
t_E : 5.70826 +9.87894 -3.51159
pi_E_N : 2.24930 +2.66490 -1.57765
pi_E_E : -1.27659 +1.44708 -4.44719
xi_Omega_node : 200.87099 +131.79548 -162.36139
xi_inclination : 119.73961 +153.98392 -91.55755
xi_period : 3451.85220 +439221.71071 -3315.11586
xi_semimajor_axis : 3.33853 +58.97814 -2.56681
xi_argument_of_latitude_reference : 153.88978 +158.81733 -106.64926
Fitted fluxes (source and blending):
flux_s_1 : 28122331.28617 +447681538.43974 -27777057.97543
flux_b_1 : -28122252.30519 +27777057.97344 -447681538.42263
Best model:
chi2: 1013.9637
t_0 u_0 t_E pi_E_N pi_E_E xi_Omega_node xi_inclination xi_period xi_semimajor_axis xi_argument_of_latitude_reference
2454867.8015860193 29.55333274174469 11.119310187168074 1.3474882870933218 -3.976061814572715 232.99989612675822 124.27995812476777 120.3753112654146 1.5084317904561066 249.47442649272134
Fluxes:
6303390.288404418 -6303311.307845746
