Mean acceptance fraction: 0.108
Mean autocorrelation time [steps]: 4645.8
Fitted parameters:
t_0 : 2453327.98481 +1.46420 -0.19009
u_0 : 0.03237 +0.06333 -0.00320
t_E : 460.40160 +394.68342 -270.79015
pi_E_N : -0.00739 +0.06374 -0.03093
pi_E_E : 0.08071 +0.07762 -0.09463
xi_Omega_node : 176.41864 +184.66982 -92.40396
xi_inclination : 180.57028 +73.20655 -93.75505
xi_period : 389.95560 +279.31132 -125.23283
xi_semimajor_axis : 0.05697 +0.01740 -0.01628
xi_argument_of_latitude_reference : 244.43715 +119.27798 -30.82456
Fitted fluxes (source and blending):
flux_s_1 : 155.93939 +335.88046 -44.35856
flux_b_1 : 778.59393 +52.98960 -306.32235
Best model:
chi2: 1576.4662
t_0 u_0 t_E pi_E_N pi_E_E xi_Omega_node xi_inclination xi_period xi_semimajor_axis xi_argument_of_latitude_reference
2453329.4830083163 0.08608650738920468 195.71683334804507 0.0007792430294430178 0.07280137109767129 213.8508056458634 116.68892579847457 790.8752886749621 0.09503512799043219 243.8593322384093
Fluxes:
457.7382880075278 507.9050572801937
