Mean acceptance fraction: 0.098
Mean autocorrelation time [steps]: 3574.9
Fitted parameters:
t_0 : 2454334.25057 +9.09367 -3.33064
u_0 : 0.08827 +0.01228 -0.06870
t_E : 514.10498 +2896.89891 -50.97203
pi_E_N : -0.07857 +0.02094 -0.01660
pi_E_E : -0.05454 +0.17091 -0.01809
xi_Omega_node : 259.16469 +62.83570 -33.26345
xi_inclination : 198.77156 +61.28091 -112.98025
xi_period : 167.30514 +32.31707 -109.00908
xi_semimajor_axis : 0.00867 +0.00464 -0.00623
xi_argument_of_latitude_reference : 35.37696 +43.40085 -48.96875
Fitted fluxes (source and blending):
flux_s_1 : 3.86957 +0.59381 -3.16011
flux_b_1 : 23.35549 +4.69320 -0.53692
Best model:
chi2: 11832.2338
t_0 u_0 t_E pi_E_N pi_E_E xi_Omega_node xi_inclination xi_period xi_semimajor_axis xi_argument_of_latitude_reference
2454329.87634534 0.07501626717325836 592.3985798802784 -0.05182544004424401 -0.04759282764815681 162.1001584616813 27.903496016294213 0.15334590497568712 0.004166993474140536 191.18645538143733
Fluxes:
3.258612886914564 23.755428801412606
