Mean acceptance fraction: 0.099
Mean autocorrelation time [steps]: 2350.8
Fitted parameters:
t_0 : 2454009.67079 +0.38880 -0.31007
u_0 : -0.26488 +0.04584 -0.05975
t_E : 63.00432 +14.53913 -9.82904
pi_E_N : -0.44196 +0.85228 -0.09839
pi_E_E : 0.28933 +0.09199 -0.08746
xi_Omega_node : 188.12253 +130.94336 -146.01808
xi_inclination : 191.26528 +143.31966 -173.33160
xi_period : 166005068.54306 +815391093913090688.00000 -166004885.06111
xi_semimajor_axis : 974.16226 +19564298782.07401 -974.13799
xi_argument_of_latitude_reference : 224.07953 +97.77955 -172.79837
Fitted fluxes (source and blending):
flux_s_1 : 30.40250 +9.22292 -6.43787
flux_b_1 : -7.93977 +6.41901 -9.21255
Best model:
chi2: 1039.7214
t_0 u_0 t_E pi_E_N pi_E_E xi_Omega_node xi_inclination xi_period xi_semimajor_axis xi_argument_of_latitude_reference
2454010.429253023 -0.28066348198426744 62.81625921213006 -0.46331324465529994 0.319901048227322 199.69747641353817 271.86089019340466 31.457381393909056 0.009241335975616907 335.76139276526794
Fluxes:
32.35326612762988 -9.891381481417639
