Mean acceptance fraction: 0.051
Mean autocorrelation time [steps]: 3757.3
Fitted parameters:
t_0 : 2454742.49002 +4.31545 -4.47841
u_0 : -0.15515 +0.03317 -0.04673
t_E : 211.42142 +37.41931 -22.49005
pi_E_N : -0.09568 +0.16346 -0.04236
pi_E_E : 0.13462 +0.04069 -0.10540
xi_Omega_node : 203.23784 +146.40714 -131.25133
xi_inclination : 173.37212 +118.14185 -138.29404
xi_period : 186.05806 +199.47219 -163.06241
xi_semimajor_axis : 0.01802 +0.08178 -0.01036
xi_argument_of_latitude_reference : 182.57717 +127.31303 -142.22784
Fitted fluxes (source and blending):
flux_s_1 : 11.95837 +3.98652 -2.69366
flux_b_1 : 50.36032 +2.68771 -3.99660
Best model:
chi2: 1822.7426
t_0 u_0 t_E pi_E_N pi_E_E xi_Omega_node xi_inclination xi_period xi_semimajor_axis xi_argument_of_latitude_reference
2454743.0960432296 -0.15525806284774146 216.60220816537836 -0.10882980672867469 0.13921048565270888 189.5033862812126 350.7238897983452 4.6006679423668055 0.010935089870085561 152.39938434781962
Fluxes:
12.014059449333303 50.315840539181906
