Mean acceptance fraction: 0.102
Mean autocorrelation time [steps]: 2334.1
Fitted parameters:
t_0 : 2453815.08829 +2.64499 -2.48281
u_0 : -0.58053 +0.14376 -0.17670
t_E : 135.37120 +21.47443 -17.50349
pi_E_N : 0.20578 +0.05931 -0.05026
pi_E_E : -0.10676 +0.01679 -0.02458
xi_Omega_node : 189.74584 +146.63360 -149.65963
xi_inclination : 173.82714 +133.01669 -108.36935
xi_period : 1742748849736796.50000 +292939833213775095594483712.00000 -1742748849736651.25000
xi_semimajor_axis : 36965654855.65569 +978240293468463169536.00000 -36965654855.63059
xi_argument_of_latitude_reference : 163.98512 +144.27234 -162.91371
Fitted fluxes (source and blending):
flux_s_1 : 66.79437 +39.50364 -24.23220
flux_b_1 : 346.78602 +24.41752 -39.56541
Best model:
chi2: 1199.9697
t_0 u_0 t_E pi_E_N pi_E_E xi_Omega_node xi_inclination xi_period xi_semimajor_axis xi_argument_of_latitude_reference
2453814.6558918795 -0.5200741560528241 138.42122417662642 0.17376212033659125 -0.09371892291681323 214.38430882591004 79.16600533238724 138.9548704700083 0.028390502038557773 51.269239871174705
Fluxes:
56.326476461966784 357.27249518518295
