Mean acceptance fraction: 0.128
Mean autocorrelation time [steps]: 4527.1
Fitted parameters:
t_0 : 2453090.36907 +665.96639 -2458989.09786
u_0 : 0.87649 +2170.24528 -0.84388
t_E : 1574262.49704 +6485469068.40206 -1542980.08556
pi_E_N : -0.00794 +0.00914 -18.42171
pi_E_E : 0.18473 +295.62682 -0.17303
xi_Omega_node : 35.71081 +344.01777 -14.11333
xi_inclination : 194.34849 +70.48175 -205.71087
xi_period : 10.46984 +0.02491 -0.95912
xi_semimajor_axis : 0.01387 +50.95567 -0.01240
xi_argument_of_latitude_reference : 49.60005 +11.22403 -46.75005
Fitted fluxes (source and blending):
flux_s_1 : 621.41691 +3080786956728182.50000 -610.42756
flux_b_1 : 652.42366 +558.31891 -3080786956728182.00000
Best model:
chi2: 125142.7026
t_0 u_0 t_E pi_E_N pi_E_E xi_Omega_node xi_inclination xi_period xi_semimajor_axis xi_argument_of_latitude_reference
-2333411.254646716 4224.125651378474 12626865291.692942 -36.313737451324606 575.393980047426 9.50540581684058 268.86818597410195 10.475711971494038 94.46885436552704 52.05303007325953
Fluxes:
4.448463161140455e+16 -4.448463161140328e+16
