Mean acceptance fraction: 0.128
Mean autocorrelation time [steps]: 2586.3
Fitted parameters:
t_0 : 2454587.16237 +0.72693 -1.54448
u_0 : -0.17823 +0.02968 -0.04699
t_E : 75.49684 +10.43087 -11.64792
pi_E_N : 0.20074 +0.13619 -0.57137
pi_E_E : -0.30953 +0.10275 -0.07663
xi_Omega_node : 158.35833 +16.30370 -148.61785
xi_inclination : 78.25488 +198.17614 -17.58744
xi_period : 21.80068 +31.64993 -0.95166
xi_semimajor_axis : 0.01330 +0.01912 -0.00403
xi_argument_of_latitude_reference : 199.04959 +72.30101 -25.40256
Fitted fluxes (source and blending):
flux_s_1 : 11.96554 +3.73195 -2.11136
flux_b_1 : 13.81961 +2.09776 -3.71621
Best model:
chi2: 1095.2629
t_0 u_0 t_E pi_E_N pi_E_E xi_Omega_node xi_inclination xi_period xi_semimajor_axis xi_argument_of_latitude_reference
2454581.79660678 -0.0840201383524943 106.3861167958328 0.036631060517878566 -0.04112445367933559 112.54013519970039 64.63310168035042 54.389458133627116 0.05346135004549456 262.6547172247687
Fluxes:
7.000460828115315 18.773194315564727
