Mean acceptance fraction: 0.079
Mean autocorrelation time [steps]: 3883.0
Fitted parameters:
t_0 : 2454690.12547 +3.65611 -2.56856
u_0 : -0.34347 +0.21991 -4.20996
t_E : 39.59163 +21.39167 -33.02943
pi_E_N : -0.97930 +0.43923 -1.60624
pi_E_E : -2.34010 +1.00321 -10.02022
xi_Omega_node : 254.55565 +55.16297 -129.98719
xi_inclination : 43.67079 +201.24287 -42.13522
xi_period : 33.73375 +65.57284 -1.01062
xi_semimajor_axis : 0.13825 +0.39511 -0.07702
xi_argument_of_latitude_reference : 135.76022 +138.65949 -100.16159
Fitted fluxes (source and blending):
flux_s_1 : 19.46652 +10116.20302 -13.33766
flux_b_1 : 10.99200 +13.22339 -10116.22460
Best model:
chi2: 3556.4870
t_0 u_0 t_E pi_E_N pi_E_E xi_Omega_node xi_inclination xi_period xi_semimajor_axis xi_argument_of_latitude_reference
2454691.662715291 -0.11663424572228025 60.07683745029973 0.42560439232615943 -1.3521559719494176 204.64191005933046 106.3858891010508 194.6501051584227 0.08837077688395331 -3.802128557772079
Fluxes:
5.411537715765998 24.896329717504077
