Mean acceptance fraction: 0.128
Mean autocorrelation time [steps]: 3461.2
Fitted parameters:
t_0 : 2454241.19864 +1.94337 -4.32363
u_0 : 15.47308 +8.13547 -3.81964
t_E : 17.16508 +5.49685 -6.05084
pi_E_N : 1.27105 +1.19282 -0.31647
pi_E_E : -0.59313 +0.25347 -0.18229
xi_Omega_node : 188.50138 +1.09596 -179.82852
xi_inclination : 98.01255 +1.85603 -1.48901
xi_period : 186.07150 +2.25249 -67.16407
xi_semimajor_axis : 0.65125 +0.13054 -0.17807
xi_argument_of_latitude_reference : 202.38603 +86.89327 -5.68988
Fitted fluxes (source and blending):
flux_s_1 : 4246200.24692 +18561618.09038 -2847455.93327
flux_b_1 : -4245386.68243 +2847455.86107 -18561617.09239
Best model:
chi2: 4876.0154
t_0 u_0 t_E pi_E_N pi_E_E xi_Omega_node xi_inclination xi_period xi_semimajor_axis xi_argument_of_latitude_reference
2454241.5620837654 13.901843294381148 18.973355698683953 1.120445255841827 -0.5725590184851201 188.8114733849711 97.75478694171134 186.6702560780922 0.6076916889524407 200.55124432656672
Fluxes:
2817023.450797963 -2816209.9736316395
