Mean acceptance fraction: 0.240
Mean autocorrelation time [steps]: 1941.8
Fitted parameters:
t_0 : 2453965.66253 +2.62701 -3.22184
u_0 : -0.08596 +0.00882 -0.01196
t_E : 379.82769 +40.42955 -40.19592
pi_E_N : 0.70652 +0.08463 -0.06632
pi_E_E : -0.08147 +0.01794 -0.02644
xi_Omega_node : 313.22928 +5.99023 -126.44572
xi_inclination : 307.26944 +6.65535 -269.56591
xi_period : 55.68427 +1.24055 -1.15727
xi_semimajor_axis : 0.02833 +0.00437 -0.00533
xi_argument_of_latitude_reference : 145.49841 +123.63695 -7.99967
Fitted fluxes (source and blending):
flux_s_1 : 3.04776 +0.44675 -0.33189
flux_b_1 : 112.32257 +0.32269 -0.43511
Best model:
chi2: 4919.9952
t_0 u_0 t_E pi_E_N pi_E_E xi_Omega_node xi_inclination xi_period xi_semimajor_axis xi_argument_of_latitude_reference
2453966.877780591 -0.08441212661515618 387.0133123482885 0.7085280438508325 -0.07520220858793737 315.3452055434362 308.60437751197856 55.58201564726773 0.02928334038685559 142.99920637431816
Fluxes:
3.0091616096284537 112.35669870316966
