Mean acceptance fraction: 0.089
Mean autocorrelation time [steps]: 2819.1
Fitted parameters:
t_0 : 2453110.58004 +0.19339 -0.17966
u_0 : -0.04692 +0.01627 -0.03628
t_E : 169.93059 +104.29107 -86.17072
pi_E_N : 0.72669 +0.13194 -1.74517
pi_E_E : 0.18701 +0.04646 -0.05775
xi_Omega_node : 162.21119 +169.87467 -139.08240
xi_inclination : 165.77123 +150.87075 -132.31583
xi_period : 636265.16455 +180470062101.50439 -636086.28248
xi_semimajor_axis : 1.29968 +41709.78227 -1.29706
xi_argument_of_latitude_reference : 195.73950 +127.99116 -154.10355
Fitted fluxes (source and blending):
flux_s_1 : 7.14300 +5.96201 -2.54801
flux_b_1 : 13.85496 +2.52772 -5.95428
Best model:
chi2: 1686.2623
t_0 u_0 t_E pi_E_N pi_E_E xi_Omega_node xi_inclination xi_period xi_semimajor_axis xi_argument_of_latitude_reference
2453110.680149831 -0.031070147907259427 269.3292053168224 0.745764156889029 0.17639892443517374 222.98513900547422 145.48857505023187 4601802909804.398 460104.5586181925 319.491209890576
Fluxes:
4.658403776415443 16.317925268054186
