Mean acceptance fraction: 0.042
Mean autocorrelation time [steps]: 3553.3
Fitted parameters:
t_0 : 2452972.60074 +0.60924 -1.19303
u_0 : 0.12492 +0.13524 -0.06219
t_E : 231.75313 +808.50958 -27.59643
pi_E_N : 0.10852 +0.01143 -0.11721
pi_E_E : 0.15018 +0.02512 -0.02488
xi_Omega_node : 246.71759 +92.98520 -89.23613
xi_inclination : 138.10895 +189.93293 -133.51567
xi_period : 9.62203 +35.23754 -7.01352
xi_semimajor_axis : 0.01923 +0.01141 -0.00535
xi_argument_of_latitude_reference : 191.35901 +139.13770 -163.33257
Fitted fluxes (source and blending):
flux_s_1 : 8.65172 +3.41482 -1.85251
flux_b_1 : 106.35139 +1.71996 -3.41374
Best model:
chi2: 1201.7560
t_0 u_0 t_E pi_E_N pi_E_E xi_Omega_node xi_inclination xi_period xi_semimajor_axis xi_argument_of_latitude_reference
2452970.9690340757 0.20269135225188897 245.96607867059097 0.09296927766508543 0.09483287129987096 354.60683285142346 317.87789988196107 2.6078363109338825 0.03275618858577726 191.6178701451231
Fluxes:
10.596657120825967 104.49366918043233
