Mean acceptance fraction: 0.074
Mean autocorrelation time [steps]: 2956.8
Fitted parameters:
t_0 : 2452863.10467 +0.04233 -0.04817
u_0 : 0.05572 +0.00085 -0.00138
t_E : 62.73586 +0.64415 -0.91198
pi_E_N : 0.05710 +0.18987 -0.16168
pi_E_E : 0.10645 +0.02705 -0.02069
xi_Omega_node : 133.40918 +169.04249 -88.66061
xi_inclination : 206.90620 +128.28888 -123.71272
xi_period : 123248154077291200.00000 +4403298021094554624.00000 -123248154077290736.00000
xi_semimajor_axis : 62303852844.04512 +3443233452906.33203 -62303852844.00184
xi_argument_of_latitude_reference : 209.16800 +103.90556 -126.19348
Fitted fluxes (source and blending):
flux_s_1 : 101.79016 +1.32804 -1.27374
flux_b_1 : 205.49569 +1.26276 -1.32090
Best model:
chi2: 1794.9537
t_0 u_0 t_E pi_E_N pi_E_E xi_Omega_node xi_inclination xi_period xi_semimajor_axis xi_argument_of_latitude_reference
2452863.1018383494 0.05645122841791796 62.337261344202275 0.0829671653568479 0.10395249560250555 227.92519346707516 172.97357285651583 3.5574327518200115e+18 4948917239963.234 176.54446557594918
Fluxes:
103.07210468674316 204.21077832848604
