Mean acceptance fraction: 0.129
Mean autocorrelation time [steps]: 897.2
Fitted parameters:
t_0 : 2453227.71114 +0.13998 -0.13595
u_0 : -0.14558 +0.00561 -0.00508
t_E : 76.78639 +2.08130 -2.20275
pi_E_N : 0.12280 +0.13732 -0.18077
pi_E_E : -0.16609 +0.01580 -0.01830
xi_Omega_node : 159.99280 +174.73119 -129.70263
xi_inclination : 217.07427 +85.92403 -177.18085
xi_period : 1519197889451873296973824.00000 +28613161741134957903134111733645312.00000 -1519197889451873296973824.00000
xi_semimajor_axis : 481063225223809024.00000 +71866145373742384113711579136.00000 -481063225223808960.00000
xi_argument_of_latitude_reference : 169.77914 +136.16129 -127.42588
Fitted fluxes (source and blending):
flux_s_1 : 30.31260 +1.13182 -1.27564
flux_b_1 : -0.67956 +1.26171 -1.12105
Best model:
chi2: 1575.7097
t_0 u_0 t_E pi_E_N pi_E_E xi_Omega_node xi_inclination xi_period xi_semimajor_axis xi_argument_of_latitude_reference
2453227.852951192 -0.15251476760305077 70.52063082238709 0.36598694040979496 -0.3276682706837598 -15.77158995756718 272.5379198888703 283.9960502597763 0.07983432263538826 170.35452131639423
Fluxes:
31.955003343208794 -2.3597093554476682
