Mean acceptance fraction: 0.080
Mean autocorrelation time [steps]: 2539.6
Fitted parameters:
t_0 : 2453241.46492 +4.10232 -6.87186
u_0 : 2.36282 +4.72553 -1.88270
t_E : 64.22745 +127.21633 -40.48546
pi_E_N : 0.69624 +0.98991 -0.38004
pi_E_E : -0.01604 +0.07801 -0.10160
xi_Omega_node : 146.59603 +170.87620 -112.71541
xi_inclination : 176.99992 +132.75554 -111.51053
xi_period : 960353268.97395 +98664675046275.15625 -960353100.36183
xi_semimajor_axis : 1147.65480 +65848807.83563 -1147.55828
xi_argument_of_latitude_reference : 159.96519 +128.36942 -134.27410
Fitted fluxes (source and blending):
flux_s_1 : 704.24505 +34534.85185 -683.28772
flux_b_1 : -691.55638 +683.27583 -34534.92298
Best model:
chi2: 2107.8345
t_0 u_0 t_E pi_E_N pi_E_E xi_Omega_node xi_inclination xi_period xi_semimajor_axis xi_argument_of_latitude_reference
2453237.7494588145 0.5626355518453761 152.19384525471008 0.39564705899928526 -0.04385144263444939 176.5013750657447 115.33739730801722 149.85625925979963 0.07329726620869063 90.52940796252636
Fluxes:
27.412379612912908 -14.749301473767973
