Mean acceptance fraction: 0.071
Mean autocorrelation time [steps]: 3596.8
Fitted parameters:
t_0 : 2453853.13094 +1.58192 -2.57202
u_0 : -0.17860 +0.02614 -0.01765
t_E : 148.89615 +13.46603 -17.69245
pi_E_N : 0.00494 +0.04739 -0.07989
pi_E_E : -0.14181 +0.03279 -0.05360
xi_Omega_node : 237.54373 +100.56886 -124.87700
xi_inclination : 182.51010 +142.80919 -128.10978
xi_period : 487.68906 +1087.13078 -188.05655
xi_semimajor_axis : 0.07572 +0.05816 -0.03882
xi_argument_of_latitude_reference : 122.24065 +134.87064 -89.44097
Fitted fluxes (source and blending):
flux_s_1 : 14.73936 +1.88396 -2.32636
flux_b_1 : 9.15154 +2.31230 -1.87335
Best model:
chi2: 1330.2491
t_0 u_0 t_E pi_E_N pi_E_E xi_Omega_node xi_inclination xi_period xi_semimajor_axis xi_argument_of_latitude_reference
2453850.404248424 -0.1827179499672421 127.14243347119765 -0.18369445531070544 -0.21711025996351518 347.6638712775307 337.075167111156 225.0305598718472 0.04293931036772383 8.576836271592043
Fluxes:
15.093033815474003 8.829220475591859
