Mean acceptance fraction: 0.086
Mean autocorrelation time [steps]: 2731.0
Fitted parameters:
t_0 : 2454588.41287 +0.37458 -1.36177
u_0 : 0.25986 +0.04940 -0.03037
t_E : 60.06561 +5.89734 -5.75671
pi_E_N : -0.40839 +0.63023 -0.09665
pi_E_E : -0.49596 +0.16257 -0.10508
xi_Omega_node : 210.20380 +105.33111 -157.30563
xi_inclination : 152.28467 +149.37663 -100.17129
xi_period : 49073827808.49954 +887005916765881216.00000 -49073827658.63927
xi_semimajor_axis : 3447410.40250 +76907005072801.03125 -3447410.17908
xi_argument_of_latitude_reference : 167.14539 +148.14151 -160.01241
Fitted fluxes (source and blending):
flux_s_1 : 18.73793 +4.79982 -2.62923
flux_b_1 : 7.04296 +2.61089 -4.76065
Best model:
chi2: 1115.2834
t_0 u_0 t_E pi_E_N pi_E_E xi_Omega_node xi_inclination xi_period xi_semimajor_axis xi_argument_of_latitude_reference
2454587.020609588 0.20246537971241263 68.50828630853768 -0.09784826549478343 -0.2592012557744525 226.71446366460526 262.25893307936815 52.608870317295654 0.02095208221482709 262.63229817409456
Fluxes:
13.958478573267433 11.83098087815247
