Mean acceptance fraction: 0.089
Mean autocorrelation time [steps]: 3307.1
Fitted parameters:
t_0 : 2453623.50092 +2.84908 -1.57585
u_0 : -0.02220 +0.01485 -0.01422
t_E : 400.64225 +122.44399 -170.21257
pi_E_N : 0.08609 +0.03832 -0.11709
pi_E_E : -0.12383 +0.02371 -0.01888
xi_Omega_node : 3.18741 +164.18128 -14.17643
xi_inclination : 107.81804 +83.24930 -10.99939
xi_period : 3105.23757 +1167.14954 -1294.54796
xi_semimajor_axis : 1.12719 +0.64863 -0.74776
xi_argument_of_latitude_reference : 183.28346 +27.08212 -84.07128
Fitted fluxes (source and blending):
flux_s_1 : 2.30900 +1.62645 -0.47329
flux_b_1 : 16.19256 +0.35493 -1.11647
Best model:
chi2: 1135.3381
t_0 u_0 t_E pi_E_N pi_E_E xi_Omega_node xi_inclination xi_period xi_semimajor_axis xi_argument_of_latitude_reference
2453624.043542866 -0.020949589238848782 382.4143173791234 0.10810771541824055 -0.1269228299975724 -7.465800698325273 104.91299634522804 3290.800836427243 1.5344672652897362 180.07388916015037
Fluxes:
2.2615989992048178 16.16991392810662
