The chain is shorter than 50 times the integrated autocorrelation time for 10 parameter(s). Use this estimate with caution and run a longer chain!
N/50 = 750;
tau: [4031.19112387 4309.948817   4423.77332386 4159.95324421 3770.59564376
 3657.96721039 3846.91894441 3152.26629845 4265.34396474 3203.18961383]
WARNING:root:Too few points to create valid contours
WARNING:root:Too few points to create valid contours
WARNING:root:Too few points to create valid contours
WARNING:root:Too few points to create valid contours
WARNING:root:Too few points to create valid contours
WARNING:root:Too few points to create valid contours
WARNING:root:Too few points to create valid contours
WARNING:root:Too few points to create valid contours
WARNING:root:Too few points to create valid contours
WARNING:root:Too few points to create valid contours
WARNING:root:Too few points to create valid contours
WARNING:root:Too few points to create valid contours
WARNING:root:Too few points to create valid contours
WARNING:root:Too few points to create valid contours
WARNING:root:Too few points to create valid contours
WARNING:root:Too few points to create valid contours
WARNING:root:Too few points to create valid contours
