Mean acceptance fraction: 0.086
Mean autocorrelation time [steps]: 3009.1
Fitted parameters:
t_0 : 2454585.05901 +1.83847 -1.51893
u_0 : 0.18428 +0.08901 -0.04877
t_E : 75.43824 +11.58226 -15.63713
pi_E_N : -0.15749 +0.18307 -0.19114
pi_E_E : -0.18337 +0.08495 -0.14544
xi_Omega_node : 226.20916 +26.70768 -173.01726
xi_inclination : 219.51703 +24.37503 -102.32376
xi_period : 56.32321 +9.29987 -5.07908
xi_semimajor_axis : 0.03777 +0.01254 -0.01106
xi_argument_of_latitude_reference : 241.39341 +54.16567 -166.89548
Fitted fluxes (source and blending):
flux_s_1 : 13.03618 +7.35411 -3.38113
flux_b_1 : 12.74921 +3.37799 -7.33389
Best model:
chi2: 1095.6667
t_0 u_0 t_E pi_E_N pi_E_E xi_Omega_node xi_inclination xi_period xi_semimajor_axis xi_argument_of_latitude_reference
2454583.62354389 0.1146537922944016 94.77620414341897 -0.10004275509112942 -0.11264487960691771 65.3476388949706 248.9280218440031 54.298720842240634 0.04168998191050907 78.16160266221914
Fluxes:
8.319888115442044 17.440859532113226
