Mean acceptance fraction: 0.095
Mean autocorrelation time [steps]: 3643.6
Fitted parameters:
t_0 : 2453578.19001 +8.19638 -7.08161
u_0 : -10.80960 +6.75821 -12.58174
t_E : 30.42017 +53.91859 -15.87710
pi_E_N : -1.42002 +0.87946 -1.60918
pi_E_E : 1.27791 +1.53387 -0.76549
xi_Omega_node : 146.48927 +165.49533 -99.75567
xi_inclination : 189.67317 +111.07427 -143.91868
xi_period : 22.53520 +0.73005 -0.73241
xi_semimajor_axis : 0.05617 +0.06781 -0.03395
xi_argument_of_latitude_reference : 92.16734 +168.83203 -67.00193
Fitted fluxes (source and blending):
flux_s_1 : 288889.70038 +5877037.51964 -282053.63473
flux_b_1 : -288823.12943 +282053.62824 -5877037.51299
Best model:
chi2: 942.7098
t_0 u_0 t_E pi_E_N pi_E_E xi_Omega_node xi_inclination xi_period xi_semimajor_axis xi_argument_of_latitude_reference
2453568.5283483993 -34.505823287064786 9.026456671400833 -4.043860446163832 3.6066057906151956 358.54766109013735 337.1808327452276 112.30748729766438 0.18320435316882827 15.35203588326025
Fluxes:
28695235.23613505 -28695168.658467334
