Mean acceptance fraction: 0.085
Mean autocorrelation time [steps]: 2566.1
Fitted parameters:
t_0 : 2454009.62561 +0.32466 -0.87702
u_0 : 0.26446 +0.04968 -0.04279
t_E : 59.59743 +11.21024 -7.00780
pi_E_N : -0.33454 +0.90749 -0.11381
pi_E_E : 0.23827 +0.13937 -0.07694
xi_Omega_node : 172.63265 +122.47435 -131.94013
xi_inclination : 169.47158 +143.26683 -120.26282
xi_period : 2695346.71969 +303947213486370.00000 -2695115.85342
xi_semimajor_axis : 140.36102 +620176053.84129 -140.25893
xi_argument_of_latitude_reference : 120.65322 +174.98519 -115.16672
Fitted fluxes (source and blending):
flux_s_1 : 30.48173 +7.62106 -6.10016
flux_b_1 : -8.04466 +6.12864 -7.57204
Best model:
chi2: 1042.1954
t_0 u_0 t_E pi_E_N pi_E_E xi_Omega_node xi_inclination xi_period xi_semimajor_axis xi_argument_of_latitude_reference
2454009.9144058 0.2517296780845366 60.625438304521154 -0.4100984975054392 0.2202649122690636 344.09552884527614 80.65282112693427 34.24610972008318 0.007539419959086005 115.63987280471305
Fluxes:
28.030235363566856 -5.548542058414768
