Mean acceptance fraction: 0.079
Mean autocorrelation time [steps]: 3346.4
Fitted parameters:
t_0 : 2454586.51620 +2.08354 -2.38344
u_0 : 0.20577 +0.05826 -0.04501
t_E : 71.76326 +10.26340 -11.54586
pi_E_N : -0.30544 +0.29699 -0.14636
pi_E_E : -0.30364 +0.15389 -0.20714
xi_Omega_node : 236.81822 +112.35848 -184.88161
xi_inclination : 124.44028 +121.08078 -33.04122
xi_period : 56.95316 +12.62249 -52.51930
xi_semimajor_axis : 0.03082 +0.02142 -0.01994
xi_argument_of_latitude_reference : 255.94937 +57.84997 -166.75321
Fitted fluxes (source and blending):
flux_s_1 : 14.63560 +4.67585 -3.50202
flux_b_1 : 11.14990 +3.48513 -4.66972
Best model:
chi2: 1095.4892
t_0 u_0 t_E pi_E_N pi_E_E xi_Omega_node xi_inclination xi_period xi_semimajor_axis xi_argument_of_latitude_reference
2454582.422860751 0.10429946733407704 96.62023580240093 -0.11311277139258005 -0.09141025634964621 246.59417466472613 115.21849889290787 56.20544523036025 0.05102630584657543 263.094432394611
Fluxes:
8.15374145396429 17.61488527152041
