Mean acceptance fraction: 0.051
Mean autocorrelation time [steps]: 4102.7
Fitted parameters:
t_0 : 2453858.10550 +0.27182 -0.12045
u_0 : 0.00116 +0.00054 -0.00058
t_E : 812.63216 +626.93671 -175.56179
pi_E_N : 0.04958 +0.02218 -0.02954
pi_E_E : -0.12855 +0.05309 -0.03092
xi_Omega_node : 84.00890 +128.14118 -32.02714
xi_inclination : 178.40163 +71.40498 -68.78686
xi_period : 161.25396 +83.19225 -11.28349
xi_semimajor_axis : 0.00854 +0.00359 -0.00602
xi_argument_of_latitude_reference : 138.28443 +140.24483 -49.25285
Fitted fluxes (source and blending):
flux_s_1 : 0.42416 +0.13720 -0.16560
flux_b_1 : 19.35505 +0.09197 -0.37188
Best model:
chi2: 1758.7039
t_0 u_0 t_E pi_E_N pi_E_E xi_Omega_node xi_inclination xi_period xi_semimajor_axis xi_argument_of_latitude_reference
2453858.420855353 0.0018953459205086275 463.18195419607895 0.10607504356945908 -0.20851975561641117 47.10835195878282 156.60093228089377 166.85732032484523 0.017678091474181448 118.65950596633165
Fluxes:
0.6895557675570066 19.37171806193714
