Mean acceptance fraction: 0.072
Mean autocorrelation time [steps]: 3858.8
Fitted parameters:
t_0 : 2453831.27922 +12.28372 -22.31821
u_0 : -0.63812 +0.17992 -0.53017
t_E : 127.44717 +18.39821 -34.43332
pi_E_N : 0.24556 +0.08188 -0.04215
pi_E_E : -0.17723 +0.05448 -0.05852
xi_Omega_node : 179.29350 +103.08881 -172.99682
xi_inclination : 295.10467 +54.82249 -255.44180
xi_period : 150.64104 +13.67540 -35.46564
xi_semimajor_axis : 0.05931 +0.03887 -0.02874
xi_argument_of_latitude_reference : 261.76398 +108.36033 -167.85224
Fitted fluxes (source and blending):
flux_s_1 : 79.10462 +184.02876 -30.83007
flux_b_1 : 334.46473 +30.83239 -184.01343
Best model:
chi2: 1173.6706
t_0 u_0 t_E pi_E_N pi_E_E xi_Omega_node xi_inclination xi_period xi_semimajor_axis xi_argument_of_latitude_reference
2453847.9438214316 -0.7510629494452038 117.33318547921431 0.31620388241368536 -0.3124683015682885 144.47716001263 305.71419187029585 158.49087738018468 0.10978485321512046 49.7896125991399
Fluxes:
113.23928598111854 300.3179828306196
