Mean acceptance fraction: 0.035
Mean autocorrelation time [steps]: 3820.0
Fitted parameters:
t_0 : 2452345.57195 +0.23207 -0.52927
u_0 : -0.09771 +0.03382 -0.04529
t_E : 88.56019 +37.23538 -21.17981
pi_E_N : 0.40344 +0.15468 -1.54624
pi_E_E : 1.20634 +0.30863 -0.21197
xi_Omega_node : 125.84947 +185.84446 -104.60500
xi_inclination : 140.20405 +127.28972 -71.43274
xi_period : 7.15488 +11.64870 -4.13249
xi_semimajor_axis : 0.02454 +0.02496 -0.01162
xi_argument_of_latitude_reference : 222.61246 +116.23534 -141.29261
Fitted fluxes (source and blending):
flux_s_1 : 10.23038 +4.18678 -3.39394
flux_b_1 : 38.19373 +3.38844 -4.18428
Best model:
chi2: 1163.9020
t_0 u_0 t_E pi_E_N pi_E_E xi_Omega_node xi_inclination xi_period xi_semimajor_axis xi_argument_of_latitude_reference
2452345.7523343423 -0.1438066819412298 63.53077724217857 0.6378748022103241 1.8293472269482263 108.9517225070211 111.78006944660525 51.86942573915272 0.034288953556004004 108.77535920103196
Fluxes:
14.949884370268618 33.48465758421604
