Mean acceptance fraction: 0.092
Mean autocorrelation time [steps]: 3052.4
Fitted parameters:
t_0 : 2454383.70849 +1.14335 -1.64999
u_0 : -12.20895 +6.34179 -9.25916
t_E : 6.75513 +7.09037 -2.90068
pi_E_N : 1.52013 +1.16787 -0.62045
pi_E_E : 2.01691 +1.56605 -1.34610
xi_Omega_node : 117.52233 +186.93528 -103.63757
xi_inclination : 215.83696 +117.87523 -149.25210
xi_period : 23459360433.78292 +4346559295267402.00000 -23459360118.48377
xi_semimajor_axis : 746596.68163 +145708834778.45312 -746596.49966
xi_argument_of_latitude_reference : 159.56973 +159.51315 -140.11917
Fitted fluxes (source and blending):
flux_s_1 : 375222.43478 +3137994.27611 -353606.41260
flux_b_1 : -375109.30676 +353606.40919 -3137994.28556
Best model:
chi2: 2485.3902
t_0 u_0 t_E pi_E_N pi_E_E xi_Omega_node xi_inclination xi_period xi_semimajor_axis xi_argument_of_latitude_reference
2454378.522706324 -6.557938345803654 13.092427009123007 0.9267666527597791 0.5502112409426384 301.5564127497491 273.44852707127615 705.1170125384039 2.1506546607394847 157.4693318120774
Fluxes:
33005.91172530942 -32892.77758669579
