Mean acceptance fraction: 0.151
Mean autocorrelation time [steps]: 2211.3
Fitted parameters:
t_0 : 2453856.48262 +0.97058 -0.97127
u_0 : 0.28873 +0.03145 -0.02498
t_E : 152.45887 +17.35238 -10.18235
pi_E_N : 0.00100 +0.04304 -0.02221
pi_E_E : -0.03562 +0.00980 -0.02762
xi_Omega_node : 232.15817 +10.64042 -12.32864
xi_inclination : 114.57703 +15.04850 -14.38570
xi_period : 133.68371 +7.81883 -14.09992
xi_semimajor_axis : 0.01062 +0.00594 -0.00267
xi_argument_of_latitude_reference : 266.25283 +22.07769 -19.99782
Fitted fluxes (source and blending):
flux_s_1 : 173.04932 +25.90064 -18.57067
flux_b_1 : 140.67510 +18.14771 -26.30577
Best model:
chi2: 4839.9515
t_0 u_0 t_E pi_E_N pi_E_E xi_Omega_node xi_inclination xi_period xi_semimajor_axis xi_argument_of_latitude_reference
2453855.9401372555 0.2819998029347705 154.59296851682666 0.004829504518800324 -0.028004791058578095 231.21787981403995 118.79049978478209 133.51295534874524 0.011388915607660147 265.02481475070215
Fluxes:
168.50025842320682 144.79542701390622
