Mean acceptance fraction: 0.202
Mean autocorrelation time [steps]: 2389.1
Fitted parameters:
t_0 : 2453334.52866 +0.22456 -6.50644
u_0 : 0.16366 +0.00474 -0.12180
t_E : 138.84082 +272.48764 -2.36884
pi_E_N : 0.08606 +0.00112 -0.05136
pi_E_E : 0.14087 +0.00361 -0.11556
xi_Omega_node : 261.97603 +9.04357 -4.50811
xi_inclination : 86.97110 +14.40337 -5.54036
xi_period : 7.98902 +0.72981 -0.02781
xi_semimajor_axis : 0.00805 +0.01187 -0.00259
xi_argument_of_latitude_reference : 209.54401 +10.57490 -93.66021
Fitted fluxes (source and blending):
flux_s_1 : 914.01496 +27.31363 -703.09326
flux_b_1 : 52.00643 +680.63590 -27.07456
Best model:
chi2: 1536.1569
t_0 u_0 t_E pi_E_N pi_E_E xi_Omega_node xi_inclination xi_period xi_semimajor_axis xi_argument_of_latitude_reference
2453334.598483426 0.1668761415347376 137.34304886922152 0.08672056095200326 0.1426142632614633 260.9570347254065 85.48969775033662 7.973050381161057 0.008350024606055988 214.83512414076307
Fluxes:
930.9136394429443 35.20407319568708
