Mean acceptance fraction: 0.089
Mean autocorrelation time [steps]: 2748.1
Fitted parameters:
t_0 : 2454009.58750 +0.44533 -0.55549
u_0 : -0.25201 +0.03772 -0.06866
t_E : 65.26351 +12.57365 -10.33616
pi_E_N : -0.43900 +0.80815 -0.09195
pi_E_E : 0.27695 +0.07936 -0.09511
xi_Omega_node : 194.88790 +129.96808 -155.81519
xi_inclination : 140.09033 +195.36341 -115.37519
xi_period : 159141017.95570 +9843564098123.84766 -159140986.67733
xi_semimajor_axis : 7537.72480 +554865413.91476 -7537.71492
xi_argument_of_latitude_reference : 186.82435 +143.88912 -156.72617
Fitted fluxes (source and blending):
flux_s_1 : 28.56801 +10.32475 -5.18397
flux_b_1 : -6.11188 +5.18029 -10.30210
Best model:
chi2: 1040.7678
t_0 u_0 t_E pi_E_N pi_E_E xi_Omega_node xi_inclination xi_period xi_semimajor_axis xi_argument_of_latitude_reference
2454009.832588655 -0.22104589270181002 74.96454033910649 -0.5241106284211745 0.2900647113379064 241.5323621608295 308.7939690054476 29.263835071062193 0.007609023311234108 17.44214658647528
Fluxes:
23.976541529795597 -1.5198145140261952
