Mean acceptance fraction: 0.121
Mean autocorrelation time [steps]: 1707.7
Fitted parameters:
t_0 : 2454009.61226 +0.33297 -0.37809
u_0 : -0.25850 +0.04800 -0.04962
t_E : 66.49897 +11.89466 -8.62698
pi_E_N : -0.45438 +0.13835 -0.08296
pi_E_E : 0.29365 +0.09252 -0.09835
xi_Omega_node : 174.39103 +131.54804 -128.54010
xi_inclination : 170.14396 +153.84035 -117.71723
xi_period : 2411489134860244.00000 +521039900249701585256448.00000 -2411489134860201.50000
xi_semimajor_axis : 16453595782.72865 +4290203609566851584.00000 -16453595782.71477
xi_argument_of_latitude_reference : 179.82240 +153.95265 -118.47700
Fitted fluxes (source and blending):
flux_s_1 : 29.50085 +7.35710 -6.93419
flux_b_1 : -7.03541 +6.92277 -7.35216
Best model:
chi2: 1041.9152
t_0 u_0 t_E pi_E_N pi_E_E xi_Omega_node xi_inclination xi_period xi_semimajor_axis xi_argument_of_latitude_reference
2454009.668234335 -0.21031690560427208 78.69317690664634 -0.45751437629892705 0.2106667497002272 64.29416220911402 264.97817974258095 30.457453385326776 0.0063464864101791755 187.03981432062645
Fluxes:
22.502748220914768 -0.05558361909744852
