Mean acceptance fraction: 0.068
Mean autocorrelation time [steps]: 3409.2
Fitted parameters:
t_0 : 2452972.72422 +0.70549 -99.24610
u_0 : -0.16892 +0.06371 -0.42110
t_E : 227.94037 +37.31793 -33.74878
pi_E_N : -0.14129 +0.03084 -0.06010
pi_E_E : 0.17338 +0.03892 -0.09985
xi_Omega_node : 211.73085 +63.70030 -165.40985
xi_inclination : 147.27125 +145.39935 -90.99502
xi_period : 61.83308 +100441094.77195 -58.19345
xi_semimajor_axis : 0.02558 +856.88330 -0.01264
xi_argument_of_latitude_reference : 157.44946 +164.82809 -136.48503
Fitted fluxes (source and blending):
flux_s_1 : 10.30244 +26.96921 -2.93677
flux_b_1 : 104.81138 +2.85086 -26.94915
Best model:
chi2: 1156.4330
t_0 u_0 t_E pi_E_N pi_E_E xi_Omega_node xi_inclination xi_period xi_semimajor_axis xi_argument_of_latitude_reference
2452950.6898776377 -0.2894327630020906 244.59917463955696 -0.1365485229334829 0.1298037348067677 211.68364660816877 286.6233326244802 174.42160819545973 0.022642049563100855 45.133748459321396
Fluxes:
12.483452727845727 102.59905745604439
