Mean acceptance fraction: 0.069
Mean autocorrelation time [steps]: 3676.7
Fitted parameters:
t_0 : 2453525.38698 +45.31860 -41.83189
u_0 : -35.93198 +23.32057 -69.82519
t_E : 13.74221 +17.08720 -8.62693
pi_E_N : -1.71381 +1.04638 -4.06164
pi_E_E : 5.92630 +13.36448 -4.48699
xi_Omega_node : 107.92872 +163.20045 -87.69992
xi_inclination : 84.68035 +184.28626 -75.88043
xi_period : 186.57151 +33.25275 -122.20579
xi_semimajor_axis : 0.77407 +2.14494 -0.55455
xi_argument_of_latitude_reference : 261.33534 +60.75780 -157.11451
Fitted fluxes (source and blending):
flux_s_1 : 33618848.30786 +2500738560.13286 -33098231.49974
flux_b_1 : -33618781.80143 +33098231.59165 -2500738560.16747
Best model:
chi2: 919.1831
t_0 u_0 t_E pi_E_N pi_E_E xi_Omega_node xi_inclination xi_period xi_semimajor_axis xi_argument_of_latitude_reference
2453518.994344275 -98.34851055073659 3.760564672563013 -5.063573669560716 13.522211238153183 249.93461660270407 74.63442942970548 192.30899345782095 2.2871875154981756 109.90239005981023
Fluxes:
1872034723.5140429 -1872034657.0365126
