Mean acceptance fraction: 0.084
Mean autocorrelation time [steps]: 3572.6
Fitted parameters:
t_0 : 2453757.07357 +3.19206 -1.57508
u_0 : -10.03264 +2.50529 -3.26494
t_E : 23.38342 +9.04914 -6.29289
pi_E_N : -0.88038 +0.21845 -0.30337
pi_E_E : -0.64952 +0.22692 -0.32029
xi_Omega_node : 73.53616 +126.28167 -40.24836
xi_inclination : 248.36853 +87.60349 -147.83489
xi_period : 78.00806 +138.38059 -8.51003
xi_semimajor_axis : 0.06570 +0.12301 -0.03490
xi_argument_of_latitude_reference : 262.80499 +36.63574 -94.74848
Fitted fluxes (source and blending):
flux_s_1 : 482740.45667 +984401.33714 -324406.02171
flux_b_1 : -482413.79130 +324405.90416 -984401.33177
Best model:
chi2: 1369.2333
t_0 u_0 t_E pi_E_N pi_E_E xi_Omega_node xi_inclination xi_period xi_semimajor_axis xi_argument_of_latitude_reference
2453761.557772054 -7.672395065314589 34.522783825501676 -0.8773250642261914 -0.8611192155241749 183.1985866692146 371.09297586525145 235.07972603233785 0.21405395716198594 305.21213992187415
Fluxes:
171693.9015526315 -171367.3466326464
