Mean acceptance fraction: 0.088
Mean autocorrelation time [steps]: 2957.9
Fitted parameters:
t_0 : 2454772.09913 +2.57729 -2.90760
u_0 : -0.25977 +0.08716 -0.12463
t_E : 71.85674 +18.53198 -13.94811
pi_E_N : -0.03564 +0.17039 -0.16683
pi_E_E : 0.19682 +0.10520 -0.06684
xi_Omega_node : 148.51914 +174.66306 -126.98444
xi_inclination : 176.29337 +153.13685 -118.10343
xi_period : 38.53398 +86681.45075 -29.16986
xi_semimajor_axis : 0.02447 +1.89654 -0.01186
xi_argument_of_latitude_reference : 161.42649 +142.60422 -127.52416
Fitted fluxes (source and blending):
flux_s_1 : 24.97584 +17.08147 -8.82369
flux_b_1 : 8.31169 +8.80854 -17.07227
Best model:
chi2: 1012.4318
t_0 u_0 t_E pi_E_N pi_E_E xi_Omega_node xi_inclination xi_period xi_semimajor_axis xi_argument_of_latitude_reference
2454768.9711556346 -0.1786071779310617 87.44548180818914 -0.12733268026595562 0.15117447094806336 20.42149847274105 100.27585840818492 9.315851863353927 0.020999572094685934 49.88342058215073
Fluxes:
16.88378297104006 16.398943516935358
