Mean acceptance fraction: 0.075
Mean autocorrelation time [steps]: 3769.0
Fitted parameters:
t_0 : 2454587.31750 +1.23860 -2.90077
u_0 : -0.21319 +0.05067 -0.03971
t_E : 67.82707 +13.03127 -7.35008
pi_E_N : 0.09469 +0.23427 -0.42404
pi_E_E : -0.30178 +0.16745 -0.10054
xi_Omega_node : 141.05012 +187.68912 -85.98116
xi_inclination : 97.57641 +213.63846 -45.35101
xi_period : 55.10925 +7.28923 -50.72354
xi_semimajor_axis : 0.01964 +0.02666 -0.01312
xi_argument_of_latitude_reference : 235.61727 +70.61763 -163.95875
Fitted fluxes (source and blending):
flux_s_1 : 14.88659 +3.51583 -3.62086
flux_b_1 : 10.90781 +3.63331 -3.49809
Best model:
chi2: 1096.2475
t_0 u_0 t_E pi_E_N pi_E_E xi_Omega_node xi_inclination xi_period xi_semimajor_axis xi_argument_of_latitude_reference
2454581.531623969 -0.09041145871374129 97.75450223079721 0.03386982794273058 -0.06449986282192184 291.76149856888026 66.30454093940908 58.36252534996831 0.06571601804544776 82.41534501911241
Fluxes:
7.7890444300709145 17.999156874500997
