Mean acceptance fraction: 0.099
Mean autocorrelation time [steps]: 3548.4
Fitted parameters:
t_0 : 2454292.50135 +17.59657 -8.69618
u_0 : -0.66193 +0.06293 -0.06139
t_E : 142.94376 +17.37116 -12.36825
pi_E_N : 0.12524 +0.04116 -0.05828
pi_E_E : -0.08729 +0.04778 -0.04453
xi_Omega_node : 275.48297 +72.28713 -91.19192
xi_inclination : 236.32226 +41.16820 -55.89815
xi_period : 367.06079 +20.97762 -22.42048
xi_semimajor_axis : 0.08347 +0.04692 -0.01454
xi_argument_of_latitude_reference : 303.53434 +47.40616 -97.88887
Fitted fluxes (source and blending):
flux_s_1 : 102.71598 +19.79822 -14.42488
flux_b_1 : 13.75639 +14.37800 -19.79879
Best model:
chi2: 2925.8487
t_0 u_0 t_E pi_E_N pi_E_E xi_Omega_node xi_inclination xi_period xi_semimajor_axis xi_argument_of_latitude_reference
2454278.079083967 -0.643077603616715 163.40131631940682 0.16204803121129993 -0.03786833667708538 354.0441200252617 263.63172544201075 375.0592318004127 0.1193095200352434 336.8494957662796
Fluxes:
99.87292244626077 16.554966528924904
