Mean acceptance fraction: 0.090
Mean autocorrelation time [steps]: 2799.0
Fitted parameters:
t_0 : 2454584.72376 +2.89061 -1.64923
u_0 : 0.17796 +0.05944 -0.05124
t_E : 76.01947 +14.93080 -11.14994
pi_E_N : -0.11946 +0.26118 -0.20537
pi_E_E : -0.17279 +0.08204 -0.14478
xi_Omega_node : 232.86505 +15.13612 -167.31499
xi_inclination : 217.10850 +27.60338 -100.42665
xi_period : 55.83442 +5.66184 -9.77668
xi_semimajor_axis : 0.03939 +0.01426 -0.02674
xi_argument_of_latitude_reference : 272.41067 +35.79368 -146.15231
Fitted fluxes (source and blending):
flux_s_1 : 12.64155 +4.45860 -3.47523
flux_b_1 : 13.15161 +3.46370 -4.46845
Best model:
chi2: 1094.5997
t_0 u_0 t_E pi_E_N pi_E_E xi_Omega_node xi_inclination xi_period xi_semimajor_axis xi_argument_of_latitude_reference
2454582.3505989057 0.094384435472318 100.74665996421403 0.0075825892461414135 -0.0536905578349591 247.45953243469836 245.53055012116823 54.87795102759155 0.051078629199912004 263.0401204529917
Fluxes:
7.5072880287624715 18.273397117744743
