Mean acceptance fraction: 0.061
Mean autocorrelation time [steps]: 4246.7
Fitted parameters:
t_0 : 2453966.65957 +6.68192 -3.54782
u_0 : -1.12480 +1.01887 -1.26526
t_E : 341.43866 +4549.13147 -208.98842
pi_E_N : -1.11600 +1.83258 -0.51144
pi_E_E : 2.04322 +1.64556 -2.13608
xi_Omega_node : 95.87307 +253.81276 -112.90272
xi_inclination : 157.09321 +122.40674 -127.33429
xi_period : 277.11647 +169.09001 -164.12982
xi_semimajor_axis : 0.18259 +0.41321 -0.14661
xi_argument_of_latitude_reference : 217.30714 +64.40183 -233.79539
Fitted fluxes (source and blending):
flux_s_1 : 117.93285 +756.30543 -114.35998
flux_b_1 : -2.58192 +114.38419 -756.29926
Best model:
chi2: 4824.6255
t_0 u_0 t_E pi_E_N pi_E_E xi_Omega_node xi_inclination xi_period xi_semimajor_axis xi_argument_of_latitude_reference
2453979.0141086034 -3.5423709083011006 90.28161254575757 -2.208600617618624 5.153379184969825 151.850242108035 191.73597013606647 452.43633474800157 0.797699086946653 267.5095225657019
Fluxes:
3239.7107835165034 -3124.3571999492024
