Mean acceptance fraction: 0.112
Mean autocorrelation time [steps]: 3726.2
Fitted parameters:
t_0 : 2453768.23308 +0.59290 -11.62970
u_0 : -0.00905 +0.00343 -0.00299
t_E : 6620.56005 +1967.95414 -6410.47201
pi_E_N : 0.00200 +0.00065 -0.20197
pi_E_E : 0.00756 +0.16790 -0.00167
xi_Omega_node : 370.79473 +6.54483 -141.80661
xi_inclination : 275.73931 +10.17402 -31.27063
xi_period : 10.03447 +0.04726 -0.04553
xi_semimajor_axis : 0.00011 +0.02978 -0.00004
xi_argument_of_latitude_reference : 229.05704 +23.46466 -216.79637
Fitted fluxes (source and blending):
flux_s_1 : 4.55067 +89.53350 -1.12173
flux_b_1 : 1226.71397 +5.18898 -0.38104
Best model:
chi2: 9264.5787
t_0 u_0 t_E pi_E_N pi_E_E xi_Omega_node xi_inclination xi_period xi_semimajor_axis xi_argument_of_latitude_reference
2453768.5223380215 -0.013112325045938952 5096.258412367468 0.002897133014251993 0.009436514358497721 376.9682354154489 279.1066669568686 10.031755556837401 0.000153490381242066 230.71072918091622
Fluxes:
5.296255217000508 1226.541434988166
