Mean acceptance fraction: 0.104
Mean autocorrelation time [steps]: 2309.7
Fitted parameters:
t_0 : 2453227.47602 +0.30604 -0.62824
u_0 : -0.13739 +0.01596 -0.00986
t_E : 79.54863 +6.45914 -3.85189
pi_E_N : 0.02810 +0.22599 -0.19379
pi_E_E : -0.17061 +0.01689 -0.02438
xi_Omega_node : 231.80489 +89.93730 -164.75816
xi_inclination : 283.61380 +42.07647 -226.15364
xi_period : 107.49416 +226580731110749.43750 -73.63273
xi_semimajor_axis : 0.01464 +3057958977.83387 -0.00826
xi_argument_of_latitude_reference : 192.89901 +142.48208 -173.47394
Fitted fluxes (source and blending):
flux_s_1 : 28.62710 +2.12342 -3.61378
flux_b_1 : 0.99411 +3.60030 -2.11099
Best model:
chi2: 1559.6566
t_0 u_0 t_E pi_E_N pi_E_E xi_Omega_node xi_inclination xi_period xi_semimajor_axis xi_argument_of_latitude_reference
2453227.114373373 -0.13102896558206567 80.21996288167675 0.15937945224119654 -0.1654863951062435 318.756183149814 306.9706011553227 34.187867136961096 0.0069231553630119454 5.560274409890049
Fluxes:
27.241507549055658 2.373499432657747
