Mean acceptance fraction: 0.077
Mean autocorrelation time [steps]: 3293.1
Fitted parameters:
t_0 : 2453815.21670 +2.45318 -4.62785
u_0 : -0.60737 +0.13158 -0.22889
t_E : 128.95802 +13.70006 -16.76050
pi_E_N : 0.20202 +0.04712 -0.07964
pi_E_E : -0.10739 +0.01790 -0.02715
xi_Omega_node : 160.68004 +144.03389 -137.34101
xi_inclination : 179.03408 +140.05255 -146.92875
xi_period : 2013011.71212 +927542002506251904.00000 -2012915.88447
xi_semimajor_axis : 159.70685 +33560736377436.73828 -159.68730
xi_argument_of_latitude_reference : 188.09720 +137.76775 -146.90072
Fitted fluxes (source and blending):
flux_s_1 : 71.90448 +55.78688 -22.93897
flux_b_1 : 341.66103 +22.95063 -55.83846
Best model:
chi2: 1199.7770
t_0 u_0 t_E pi_E_N pi_E_E xi_Omega_node xi_inclination xi_period xi_semimajor_axis xi_argument_of_latitude_reference
2453827.6613129764 -0.5398246520499227 134.1051994879338 0.1816383340823593 -0.1606773941326065 143.49958478230968 355.87681442205724 150.2889455023729 0.02581916813270037 46.074101938426395
Fluxes:
59.63987422139538 353.971372518187
