Mean acceptance fraction: 0.073
Mean autocorrelation time [steps]: 3456.6
Fitted parameters:
t_0 : 2454716.53797 +0.78767 -0.15495
u_0 : 0.12639 +0.06404 -0.00760
t_E : 105.35888 +7.47950 -35.06751
pi_E_N : 0.94273 +0.03281 -0.25934
pi_E_E : -0.08845 +0.01759 -0.02413
xi_Omega_node : 205.23819 +105.77359 -143.53324
xi_inclination : 152.83549 +114.09694 -128.91334
xi_period : 3629153507233.42773 +1061603856392082432.00000 -3629153506869.65771
xi_semimajor_axis : 9752264.92466 +1974432302102.24829 -9752264.90068
xi_argument_of_latitude_reference : 217.05558 +119.36202 -134.45651
Fitted fluxes (source and blending):
flux_s_1 : 94.42686 +54.98924 -6.08033
flux_b_1 : 115.94171 +6.05417 -54.88529
Best model:
chi2: 7534.9691
t_0 u_0 t_E pi_E_N pi_E_E xi_Omega_node xi_inclination xi_period xi_semimajor_axis xi_argument_of_latitude_reference
2454716.5752203437 0.12527848889546808 105.7694031087015 0.9574996362306858 -0.08779296167321432 146.81303660354172 -15.999300791411146 9.987447019925188e+17 2564434128176.38 328.40120695965254
Fluxes:
93.6908212058127 116.69007379411676
