Mean acceptance fraction: 0.083
Mean autocorrelation time [steps]: 3967.2
Fitted parameters:
t_0 : 2454296.29489 +1.71510 -3.46673
u_0 : 2.39375 +2.14134 -1.74450
t_E : 61.16659 +154.08776 -26.27496
pi_E_N : -0.13907 +0.10709 -0.08520
pi_E_E : -0.39198 +0.17594 -0.31632
xi_Omega_node : 235.78082 +117.62498 -246.72462
xi_inclination : 89.98926 +44.08530 -3.66051
xi_period : 39.20770 +2.98168 -3.13462
xi_semimajor_axis : 0.07624 +0.08527 -0.03104
xi_argument_of_latitude_reference : 202.97956 +45.16021 -38.03121
Fitted fluxes (source and blending):
flux_s_1 : 2181.41975 +17282.13892 -2087.40412
flux_b_1 : -2064.88438 +2087.96764 -17282.17891
Best model:
chi2: 3789.9415
t_0 u_0 t_E pi_E_N pi_E_E xi_Omega_node xi_inclination xi_period xi_semimajor_axis xi_argument_of_latitude_reference
2454292.7482767496 4.57868004064005 34.57236615113474 -0.2243669985873658 -0.3958272135092163 350.8629345041501 89.87433570224997 36.38783271840523 0.16189372961246812 207.72573265725796
Fluxes:
20137.355481106468 -20020.89778348543
