Mean acceptance fraction: 0.082
Mean autocorrelation time [steps]: 3677.6
Fitted parameters:
t_0 : 2454723.75905 +7.33884 -5.32684
u_0 : -6.03304 +1.52547 -1.84336
t_E : 23.56508 +7.01941 -5.00286
pi_E_N : 0.15195 +0.24292 -0.21065
pi_E_E : -0.89158 +0.36633 -0.34162
xi_Omega_node : 276.69360 +77.85719 -100.34008
xi_inclination : 217.53121 +122.97021 -49.46459
xi_period : 270.46185 +27.84901 -29.52718
xi_semimajor_axis : 0.25545 +0.08732 -0.07143
xi_argument_of_latitude_reference : 234.71640 +48.74835 -97.67643
Fitted fluxes (source and blending):
flux_s_1 : 88677.10581 +158451.19434 -58761.47833
flux_b_1 : -88560.19848 +58761.50978 -158451.18770
Best model:
chi2: 1747.9289
t_0 u_0 t_E pi_E_N pi_E_E xi_Omega_node xi_inclination xi_period xi_semimajor_axis xi_argument_of_latitude_reference
2454727.050991332 -6.89297649285006 21.309934951818516 -0.04688544224623577 -0.7543718606346181 328.10197311946473 240.43491162300677 262.00819005937865 0.2845072028783561 281.6985179836646
Fluxes:
145915.23590067294 -145798.3445922892
