Mean acceptance fraction: 0.060
Mean autocorrelation time [steps]: 3601.0
Fitted parameters:
t_0 : 2453495.60302 +0.36380 -0.32317
u_0 : 10.90244 +1.58647 -1.27612
t_E : 18.51360 +2.32465 -2.28537
pi_E_N : 0.27398 +0.03544 -0.02774
pi_E_E : -0.46966 +0.04986 -0.05414
xi_Omega_node : 177.41591 +122.67792 -106.30543
xi_inclination : 146.34685 +192.23499 -139.55400
xi_period : 5.49468 +15.95968 -4.48849
xi_semimajor_axis : 0.01492 +0.00855 -0.00602
xi_argument_of_latitude_reference : 172.55842 +158.83546 -147.73654
Fitted fluxes (source and blending):
flux_s_1 : 3159053.62588 +2261388.51652 -1212656.81539
flux_b_1 : -3158313.18057 +1212656.85110 -2261388.54586
Best model:
chi2: 2652.3662
t_0 u_0 t_E pi_E_N pi_E_E xi_Omega_node xi_inclination xi_period xi_semimajor_axis xi_argument_of_latitude_reference
2453496.055721429 12.532924650965324 16.169541860218104 0.31126375045186727 -0.519683801562308 377.7452572132596 14.176916708437716 1.006371265077913 0.028021501223769854 177.4217373552194
Fluxes:
5494385.817366759 -5493645.331610052
