Mean acceptance fraction: 0.040
Mean autocorrelation time [steps]: 3770.0
Fitted parameters:
t_0 : 2454898.30600 +13.95668 -15.52123
u_0 : 121.47205 +93.69902 -101.04872
t_E : 1.50578 +6.54868 -0.60472
pi_E_N : -15.44196 +15.02764 -23.59070
pi_E_E : 47.44214 +46.23683 -41.17352
xi_Omega_node : 152.67820 +178.56860 -93.46076
xi_inclination : 201.72944 +142.72218 -177.29085
xi_period : 2.11945 +58.36672 -1.10932
xi_semimajor_axis : 1.76713 +1.71346 -1.50623
xi_argument_of_latitude_reference : 133.07477 +65.52398 -118.08909
Fitted fluxes (source and blending):
flux_s_1 : 2519158418.43353 +23083805832.98038 -2517174294.85775
flux_b_1 : -2519158397.01625 +2517174294.81324 -23083805832.99704
Best model:
chi2: 1618.7537
t_0 u_0 t_E pi_E_N pi_E_E xi_Omega_node xi_inclination xi_period xi_semimajor_axis xi_argument_of_latitude_reference
2454900.7118520197 117.02426560349191 1.4009079552584098 -20.873400898702094 33.00583608252944 135.95702050387976 63.06610777481097 60.722949121954606 3.128920353157582 320.12924449153866
Fluxes:
2070146499.345495 -2070146477.939576
