Mean acceptance fraction: 0.045
Mean autocorrelation time [steps]: 3758.0
Fitted parameters:
t_0 : 2452920.38819 +9.87576 -32.59349
u_0 : -0.40192 +0.38991 -0.52609
t_E : 192.41201 +3047.20778 -89.00260
pi_E_N : -0.76746 +0.71374 -0.27417
pi_E_E : 0.05035 +0.11155 -0.10405
xi_Omega_node : 148.83589 +88.50415 -161.76785
xi_inclination : 184.95213 +125.56313 -130.00799
xi_period : 136.44154 +12.26000 -128.20586
xi_semimajor_axis : 0.12333 +0.29831 -0.11775
xi_argument_of_latitude_reference : 271.78103 +93.23619 -118.37000
Fitted fluxes (source and blending):
flux_s_1 : 36.34077 +133.43545 -35.32323
flux_b_1 : 19.73305 +33.80664 -133.30925
Best model:
chi2: 529.9350
t_0 u_0 t_E pi_E_N pi_E_E xi_Omega_node xi_inclination xi_period xi_semimajor_axis xi_argument_of_latitude_reference
2452886.960634638 -1.074773885729523 92.94804657442049 -1.0818370696117496 -0.029731566025557703 -14.220563928860994 307.18579680769585 147.92491795151017 0.48562147406270817 364.0160082042635
Fluxes:
230.61214428925962 -174.41504737323555
