Mean acceptance fraction: 0.069
Mean autocorrelation time [steps]: 3303.1
Fitted parameters:
t_0 : 2454298.00432 +0.13611 -0.04043
u_0 : 1.95392 +3.48498 -1.44889
t_E : 83.73539 +252.62608 -52.09746
pi_E_N : -0.14273 +0.07515 -0.16139
pi_E_E : -0.24362 +0.16081 -0.32392
xi_Omega_node : 185.48851 +177.32993 -106.70429
xi_inclination : 152.79843 +99.11472 -130.38089
xi_period : 158.81058 +43.47525 -65.74950
xi_semimajor_axis : 0.09268 +0.09158 -0.06111
xi_argument_of_latitude_reference : 227.10151 +44.31444 -246.76806
Fitted fluxes (source and blending):
flux_s_1 : 1681.53833 +36108.72445 -1617.61265
flux_b_1 : -1565.06015 +1618.86462 -36108.57343
Best model:
chi2: 2950.7560
t_0 u_0 t_E pi_E_N pi_E_E xi_Omega_node xi_inclination xi_period xi_semimajor_axis xi_argument_of_latitude_reference
2454297.8156325053 2.775241649624913 55.12628804401433 -0.1596366315546477 -0.20666808672781647 77.18893650090192 264.54328499758486 226.19457232574356 0.12023032263327678 279.90082853409626
Fluxes:
3458.560280023123 -3341.9650959376168
