Mean acceptance fraction: 0.046
Mean autocorrelation time [steps]: 4190.2
Fitted parameters:
t_0 : 2452345.89110 +0.55398 -1.20868
u_0 : 0.12328 +0.05895 -0.10118
t_E : 96.43391 +58.06205 -30.30818
pi_E_N : 0.24889 +0.60636 -0.99874
pi_E_E : 1.08209 +0.53782 -1.13716
xi_Omega_node : 233.26106 +75.59273 -79.10894
xi_inclination : 113.25595 +176.15931 -27.50675
xi_period : 7.71215 +0.79471 -0.84859
xi_semimajor_axis : 0.05540 +0.06203 -0.02780
xi_argument_of_latitude_reference : 160.09578 +130.22959 -89.09645
Fitted fluxes (source and blending):
flux_s_1 : 10.02688 +6.20985 -3.63402
flux_b_1 : 38.38520 +3.62445 -6.19969
Best model:
chi2: 1134.9107
t_0 u_0 t_E pi_E_N pi_E_E xi_Omega_node xi_inclination xi_period xi_semimajor_axis xi_argument_of_latitude_reference
2452343.00688529 0.19851444833831225 119.02140358572342 0.42446806671543397 -0.25952550781916206 270.41485626786766 271.41281919251395 6.588974964333944 0.12666660760473866 61.23747703993864
Fluxes:
22.339212784979733 26.043384678460278
