Mean acceptance fraction: 0.088
Mean autocorrelation time [steps]: 2695.6
Fitted parameters:
t_0 : 2454837.30624 +8.39823 -4.57377
u_0 : -67.21421 +43.49748 -207.44177
t_E : 2.64879 +9.48820 -1.95609
pi_E_N : -3.56393 +2.49225 -10.49620
pi_E_E : -2.69218 +3.04230 -9.78736
xi_Omega_node : 157.90808 +152.03195 -138.63597
xi_inclination : 208.96918 +122.61780 -159.69945
xi_period : 462502631.68111 +30806935568032.13281 -462502499.37625
xi_semimajor_axis : 61454.04306 +1768623500.05783 -61453.24603
xi_argument_of_latitude_reference : 192.86221 +129.88286 -131.84080
Fitted fluxes (source and blending):
flux_s_1 : 224114254.11828 +61592562735.45593 -221091861.20277
flux_b_1 : -224114175.12306 +221091861.19935 -61592562735.44406
Best model:
chi2: 1013.3052
t_0 u_0 t_E pi_E_N pi_E_E xi_Omega_node xi_inclination xi_period xi_semimajor_axis xi_argument_of_latitude_reference
2454875.333794132 -24.863907248554636 14.078739113980195 -0.7759744255225756 -4.028393004634154 -1.8776356454040979 190.7998780263508 133.28078296888464 0.6934314202078622 185.64030642679194
Fluxes:
3495849.5801787535 -3495770.606817715
