Mean acceptance fraction: 0.122
Mean autocorrelation time [steps]: 3197.7
Fitted parameters:
t_0 : 2454026.88090 +4.26008 -39.76195
u_0 : -0.90272 +0.07171 -0.82016
t_E : 378.18824 +111.61752 -18.32419
pi_E_N : -0.04273 +0.07237 -0.00392
pi_E_E : -0.06208 +0.47565 -0.00770
xi_Omega_node : 84.10178 +233.27508 -86.99890
xi_inclination : -1.30591 +381.19135 -15.37320
xi_period : 5.12422 +0.92568 -0.54807
xi_semimajor_axis : 0.00275 +0.02080 -0.00133
xi_argument_of_latitude_reference : 337.24734 +42.46955 -141.88557
Fitted fluxes (source and blending):
flux_s_1 : 481.56771 +1111.99943 -71.08220
flux_b_1 : -65.36825 +70.84886 -1113.28435
Best model:
chi2: 8160.4952
t_0 u_0 t_E pi_E_N pi_E_E xi_Omega_node xi_inclination xi_period xi_semimajor_axis xi_argument_of_latitude_reference
2454026.7738671126 -0.874249608617745 368.17892643951274 -0.04680821797673558 -0.06940641806126974 1.3648472808018361 -14.8233800037113 4.640386727701107 0.0027064062686517603 221.343979027954
Fluxes:
451.47542425208974 -35.42031124918112
