Mean acceptance fraction: 0.123
Mean autocorrelation time [steps]: 2362.1
Fitted parameters:
t_0 : 2453856.99464 +0.73114 -1.10103
u_0 : 0.29498 +0.02065 -0.02517
t_E : 149.22268 +9.09496 -6.09053
pi_E_N : -0.00791 +0.02372 -0.05152
pi_E_E : -0.03530 +0.00959 -0.01557
xi_Omega_node : 53.46893 +194.22983 -14.80606
xi_inclination : 120.52910 +193.00571 -18.00177
xi_period : 138.25712 +54.33209 -7.77247
xi_semimajor_axis : 0.01078 +0.00189 -0.00225
xi_argument_of_latitude_reference : 91.76485 +136.94215 -16.89741
Fitted fluxes (source and blending):
flux_s_1 : 178.40013 +16.68304 -19.39973
flux_b_1 : 134.87011 +19.41859 -16.65175
Best model:
chi2: 4839.8450
t_0 u_0 t_E pi_E_N pi_E_E xi_Omega_node xi_inclination xi_period xi_semimajor_axis xi_argument_of_latitude_reference
2453856.0303396857 0.2764078289535163 156.35169230832582 0.007794097483282766 -0.026313031039060127 52.24163350782942 115.5747716938377 132.88138756659745 0.010909711323956291 82.41099562219738
Fluxes:
164.17211161850562 149.12734152892457
