Mean acceptance fraction: 0.063
Mean autocorrelation time [steps]: 3703.4
Fitted parameters:
t_0 : 2453858.46792 +0.30724 -0.77865
u_0 : 0.37317 +0.04663 -0.04902
t_E : 127.53245 +11.53305 -9.32464
pi_E_N : -0.06450 +0.01689 -0.02129
pi_E_E : -0.08114 +0.01495 -0.02502
xi_Omega_node : 190.39621 +128.25053 -96.23255
xi_inclination : 93.75846 +200.64321 -71.61804
xi_period : 86.88615 +63.58135 -85.25594
xi_semimajor_axis : 0.00291 +0.00350 -0.00200
xi_argument_of_latitude_reference : 184.46881 +62.23017 -144.99310
Fitted fluxes (source and blending):
flux_s_1 : 244.64544 +45.51807 -40.92634
flux_b_1 : 68.69999 +42.62649 -45.52726
Best model:
chi2: 4855.1442
t_0 u_0 t_E pi_E_N pi_E_E xi_Omega_node xi_inclination xi_period xi_semimajor_axis xi_argument_of_latitude_reference
2453857.817377497 0.367873509884708 129.52074651706425 -0.04869245250880771 -0.0654115446045858 46.5327575162199 100.32289243785617 139.91835701912115 0.005696319648043379 97.89090004413754
Fluxes:
239.918017720176 73.42333438984775
