Mean acceptance fraction: 0.053
Mean autocorrelation time [steps]: 3946.0
Fitted parameters:
t_0 : 2453964.48338 +3.24090 -0.92511
u_0 : -0.41610 +0.20541 -0.48529
t_E : 498.63311 +293.05661 -245.05556
pi_E_N : -1.19981 +0.79047 -1.55932
pi_E_E : -1.41251 +0.84755 -0.85094
xi_Omega_node : 234.41208 +39.29358 -134.19889
xi_inclination : 78.69993 +72.34238 -9.59129
xi_period : 235.74893 +35.73513 -66.92212
xi_semimajor_axis : 0.36626 +0.43828 -0.26638
xi_argument_of_latitude_reference : 363.74166 +6.65843 -171.40729
Fitted fluxes (source and blending):
flux_s_1 : 20.17612 +52.97587 -12.11837
flux_b_1 : 95.16956 +12.10555 -52.96885
Best model:
chi2: 4814.1966
t_0 u_0 t_E pi_E_N pi_E_E xi_Omega_node xi_inclination xi_period xi_semimajor_axis xi_argument_of_latitude_reference
2453968.4727549287 -0.8192797700980813 1710.118610166288 -3.5580710922056555 -0.39667562040512727 290.7877079860198 70.66902932098321 218.59549815086774 1.0018011687023032 356.0458154528687
Fluxes:
60.61421764329237 54.74370170613686
