Mean acceptance fraction: 0.059
Mean autocorrelation time [steps]: 3582.5
Fitted parameters:
t_0 : 2452920.77542 +52.03942 -37.54528
u_0 : 0.42556 +0.38807 -0.13978
t_E : 245.73707 +292.75848 -70.00660
pi_E_N : 0.13932 +0.06041 -0.16370
pi_E_E : 0.09085 +0.17463 -0.03095
xi_Omega_node : 218.20822 +49.21306 -157.53485
xi_inclination : 68.74479 +208.39699 -71.31246
xi_period : 6.34111 +91.08706 -2.81089
xi_semimajor_axis : 0.02226 +0.02391 -0.01672
xi_argument_of_latitude_reference : 220.39929 +103.50546 -173.94816
Fitted fluxes (source and blending):
flux_s_1 : 19.86185 +41.64848 -11.05498
flux_b_1 : 95.22789 +10.85877 -41.52790
Best model:
chi2: 1155.7226
t_0 u_0 t_E pi_E_N pi_E_E xi_Omega_node xi_inclination xi_period xi_semimajor_axis xi_argument_of_latitude_reference
2452917.487297911 0.6161055455035185 224.38780563739928 0.1678089339342585 0.0534573220538698 370.5069283500012 232.5931054161969 376.24053436278683 0.058322143477070446 169.65155238768472
Fluxes:
34.950705213713256 80.19628719315072
