Mean acceptance fraction: 0.081
Mean autocorrelation time [steps]: 2905.3
Fitted parameters:
t_0 : 2452927.23039 +0.81381 -13.03334
u_0 : -146.16971 +97.89311 -48.79560
t_E : 0.71397 +1.43845 -0.17705
pi_E_N : 5.93276 +0.90876 -1.70642
pi_E_E : 47.90600 +16.03167 -40.11027
xi_Omega_node : 252.81354 +112.04806 -220.15272
xi_inclination : 123.17023 +141.46485 -126.86142
xi_period : 845.33360 +116.62735 -644.10402
xi_semimajor_axis : 1.20751 +0.37961 -0.19790
xi_argument_of_latitude_reference : 101.15525 +217.87204 -106.60819
Fitted fluxes (source and blending):
flux_s_1 : 62796292986.72393 +135494153904.57843 -62095121528.75903
flux_b_1 : -62796292683.62720 +62095121528.69751 -135494153904.59775
Best model:
chi2: 2940.1184
t_0 u_0 t_E pi_E_N pi_E_E xi_Omega_node xi_inclination xi_period xi_semimajor_axis xi_argument_of_latitude_reference
2452928.0777465296 -120.65175506018144 0.8632236513601412 4.393190949421458 39.38824922766043 200.14226441955591 192.10999053683923 797.5653382526681 1.066537781091148 186.51972791026634
Fluxes:
29216964959.147636 -29216964656.105095
