Mean acceptance fraction: 0.086
Mean autocorrelation time [steps]: 3108.0
Fitted parameters:
t_0 : 2452863.11503 +0.03882 -0.03657
u_0 : 0.05607 +0.00195 -0.00117
t_E : 62.70736 +0.80517 -1.03402
pi_E_N : 0.25410 +0.14774 -0.21676
pi_E_E : 0.07812 +0.02742 -0.03485
xi_Omega_node : 153.03822 +147.68080 -75.81999
xi_inclination : 294.11717 +59.88484 -178.45156
xi_period : 35.00367 +6.71330 -13.22891
xi_semimajor_axis : 0.00170 +0.00130 -0.00059
xi_argument_of_latitude_reference : 137.80958 +176.61014 -124.86212
Fitted fluxes (source and blending):
flux_s_1 : 102.11803 +2.84477 -1.88071
flux_b_1 : 205.16608 +1.86956 -2.82318
Best model:
chi2: 1805.6255
t_0 u_0 t_E pi_E_N pi_E_E xi_Omega_node xi_inclination xi_period xi_semimajor_axis xi_argument_of_latitude_reference
2452863.1128297746 0.0560207568144695 62.9426563191477 0.29737134855504477 0.06996318928047897 217.61860133863334 360.91898333519094 34.328164071208754 0.0012397414893591276 284.73097673742757
Fluxes:
101.70884761886498 205.5636782470851
