Mean acceptance fraction: 0.050
Mean autocorrelation time [steps]: 3891.9
Fitted parameters:
t_0 : 2454368.50113 +15.99814 -20.64950
u_0 : -7.58930 +3.38035 -3.27089
t_E : 11.45451 +8.29559 -3.26933
pi_E_N : 1.02114 +0.56237 -0.47641
pi_E_E : -0.00301 +1.43780 -1.48749
xi_Omega_node : 223.10464 +100.40425 -81.38007
xi_inclination : 168.27716 +68.95540 -137.66778
xi_period : 926.17813 +5727.55908 -591.47471
xi_semimajor_axis : 3.29608 +4.04935 -2.58209
xi_argument_of_latitude_reference : 79.61788 +200.55839 -79.09880
Fitted fluxes (source and blending):
flux_s_1 : 61093.63844 +209684.28098 -54296.96959
flux_b_1 : -60980.47653 +54296.93617 -209684.34312
Best model:
chi2: 2463.7093
t_0 u_0 t_E pi_E_N pi_E_E xi_Omega_node xi_inclination xi_period xi_semimajor_axis xi_argument_of_latitude_reference
2454342.0200489247 -10.523899037216129 8.227206452662063 0.911185188389668 -1.8594976697281336 187.4837161322202 156.62359512316294 1059.313257846443 10.52807543995585 -9.370635642143869
Fluxes:
289766.9738048576 -289653.94358339603
