Mean acceptance fraction: 0.047
Mean autocorrelation time [steps]: 4068.8
Fitted parameters:
t_0 : 2454145.77995 +0.85414 -0.75551
u_0 : 0.02478 +0.01836 -0.01605
t_E : 116.44153 +73.60921 -23.72420
pi_E_N : 0.08943 +0.04540 -0.12516
pi_E_E : 0.42133 +0.13205 -0.11404
xi_Omega_node : 130.91535 +75.23112 -114.33836
xi_inclination : 120.29548 +163.48556 -62.45346
xi_period : 225.15661 +157.67919 -37.62739
xi_semimajor_axis : 0.07361 +0.07552 -0.03631
xi_argument_of_latitude_reference : 251.79506 +90.45024 -133.27948
Fitted fluxes (source and blending):
flux_s_1 : 6.45231 +2.85944 -3.49641
flux_b_1 : 10.63328 +3.33465 -2.82071
Best model:
chi2: 2179.7992
t_0 u_0 t_E pi_E_N pi_E_E xi_Omega_node xi_inclination xi_period xi_semimajor_axis xi_argument_of_latitude_reference
2454146.282191642 0.032393918413566154 116.06160710206193 0.13763464985899254 0.4720100253223233 118.88952199543084 75.9541417892039 192.35421062612852 0.0719083512489085 361.6463317892745
Fluxes:
6.552269700532867 10.517905217714448
