Mean acceptance fraction: 0.096
Mean autocorrelation time [steps]: 3171.1
Fitted parameters:
t_0 : 2454577.10468 +0.00714 -0.01379
u_0 : 0.02296 +0.00019 -0.00016
t_E : 75.84610 +0.40150 -0.61224
pi_E_N : 0.01922 +0.07599 -0.13571
pi_E_E : -0.03023 +0.01382 -0.01104
xi_Omega_node : 249.95562 +24.88898 -174.81833
xi_inclination : 296.38552 +15.56265 -11.31288
xi_period : 0.20088 +6.06866 -0.00067
xi_semimajor_axis : 0.00022 +0.00017 -0.00001
xi_argument_of_latitude_reference : 221.25655 +150.17671 -38.48142
Fitted fluxes (source and blending):
flux_s_1 : 167.99118 +1.81255 -1.07680
flux_b_1 : 19.39478 +1.08260 -1.81128
Best model:
chi2: 13731.3664
t_0 u_0 t_E pi_E_N pi_E_E xi_Omega_node xi_inclination xi_period xi_semimajor_axis xi_argument_of_latitude_reference
2454577.1073520607 0.022961123483853433 75.92684301611794 0.038109734281541505 -0.027529662529846392 267.0606902805583 286.85075371005786 0.20002051025829634 0.00021563782037289225 207.536715950225
Fluxes:
167.7589985048519 19.628155497439014
