Mean acceptance fraction: 0.120
Mean autocorrelation time [steps]: 1645.5
Fitted parameters:
t_0 : 2454009.66929 +0.27154 -0.23905
u_0 : 0.24727 +0.04295 -0.04368
t_E : 61.60633 +12.26745 -7.00052
pi_E_N : -0.37005 +0.11743 -0.09475
pi_E_E : 0.20287 +0.07113 -0.05169
xi_Omega_node : 210.78715 +125.70507 -162.98028
xi_inclination : 202.52445 +100.34123 -140.33756
xi_period : 5856619503559.44531 +560678921570524548038656.00000 -5856619503528.89062
xi_semimajor_axis : 575220.36541 +19939662398673604.00000 -575220.35704
xi_argument_of_latitude_reference : 191.35097 +120.69571 -128.74006
Fitted fluxes (source and blending):
flux_s_1 : 27.83615 +6.28521 -5.87310
flux_b_1 : -5.36397 +5.86943 -6.27680
Best model:
chi2: 1038.7699
t_0 u_0 t_E pi_E_N pi_E_E xi_Omega_node xi_inclination xi_period xi_semimajor_axis xi_argument_of_latitude_reference
2454010.3166449396 0.2509859990881146 60.827136585677344 -0.3793137091351708 0.21228897798897678 344.28068204211684 259.3421902217799 30.471468852198218 0.00799624583727337 180.78024113869668
Fluxes:
28.174192374144162 -5.699764555138096
