Mean acceptance fraction: 0.078
Mean autocorrelation time [steps]: 3602.7
Fitted parameters:
t_0 : 2452575.85795 +5.87736 -8.32009
u_0 : 4.09855 +17.73365 -3.61804
t_E : 31.60989 +121.50332 -25.12223
pi_E_N : 0.18785 +0.83140 -0.24629
pi_E_E : 0.96196 +3.65931 -0.76805
xi_Omega_node : 169.52819 +146.31974 -129.37690
xi_inclination : 158.37798 +159.22770 -140.98952
xi_period : 496204.09972 +18577308.06363 -469821.14373
xi_semimajor_axis : 39.50863 +1815.81449 -38.21888
xi_argument_of_latitude_reference : 181.86575 +144.20173 -116.27293
Fitted fluxes (source and blending):
flux_s_1 : 3502.29427 +2313462.79497 -3485.63752
flux_b_1 : -3480.91982 +3485.60498 -2313462.80048
Best model:
chi2: 489.7503
t_0 u_0 t_E pi_E_N pi_E_E xi_Omega_node xi_inclination xi_period xi_semimajor_axis xi_argument_of_latitude_reference
2452556.151259225 0.37881403378242073 166.5031959808462 -0.10615146046904161 0.1823949154949424 149.2261913724573 130.87531999577791 1154.798468738805 0.29145940012716504 136.26596289432325
Fluxes:
10.636952244096353 10.66596683426938
