Mean acceptance fraction: 0.089
Mean autocorrelation time [steps]: 3152.5
Fitted parameters:
t_0 : 2454726.44792 +8.01454 -6.32227
u_0 : -7.46473 +1.30935 -1.24795
t_E : 19.42606 +3.91119 -2.56975
pi_E_N : 0.06342 +0.19021 -0.31848
pi_E_E : -0.81469 +0.33888 -0.31565
xi_Omega_node : 159.91254 +126.73945 -65.51847
xi_inclination : 138.71950 +65.81070 -47.69669
xi_period : 267.77653 +17.48143 -14.94845
xi_semimajor_axis : 0.33727 +0.16609 -0.07931
xi_argument_of_latitude_reference : 105.53474 +131.51839 -54.60040
Fitted fluxes (source and blending):
flux_s_1 : 199049.25346 +163670.38578 -103843.43575
flux_b_1 : -198932.33227 +103843.39997 -163670.38941
Best model:
chi2: 1746.4357
t_0 u_0 t_E pi_E_N pi_E_E xi_Omega_node xi_inclination xi_period xi_semimajor_axis xi_argument_of_latitude_reference
2454713.0274402187 -8.172258485778423 18.458410570367914 -0.6210517776250655 -1.334422201767285 181.55251575295824 57.09553688902992 291.4183397683508 0.7631355711728001 97.79059416570219
Fluxes:
294569.6202898871 -294452.72984340816
