Mean acceptance fraction: 0.257
Mean autocorrelation time [steps]: 4071.5
Fitted parameters:
t_0 : 2452227.48208 +867.93065 -4.49516
u_0 : -0.41121 +0.36718 -9.69154
t_E : 8.82534 +22.01197 -2.32526
pi_E_N : -31.72451 +27.65731 -9.79729
pi_E_E : 22.58576 +9.95898 -27.00694
xi_Omega_node : 88.50286 +142.96057 -51.85849
xi_inclination : 188.66343 +173.14599 -96.07474
xi_period : 0.49638 +11.79546 -0.00006
xi_semimajor_axis : 0.46679 +4.28897 -0.44092
xi_argument_of_latitude_reference : 316.19514 +57.65794 -40.12547
Fitted fluxes (source and blending):
flux_s_1 : 27315938726.39008 +64668183129.29546 -27314023396.45190
flux_b_1 : -27315938323.99598 +27314023395.26892 -64668183129.25191
Best model:
chi2: 10489.3104
t_0 u_0 t_E pi_E_N pi_E_E xi_Omega_node xi_inclination xi_period xi_semimajor_axis xi_argument_of_latitude_reference
2452224.9834829066 -0.013703238890437253 9.198791626499196 -30.183742478593498 21.75712527850383 88.46575870944447 92.54771863462909 0.49632962125916325 5.552848714327497 312.690961770424
Fluxes:
23242703106.70859 -23242702704.414326
