Mean acceptance fraction: 0.114
Mean autocorrelation time [steps]: 2299.5
Fitted parameters:
t_0 : 2454145.35862 +1.06441 -1.78348
u_0 : 0.03726 +0.00568 -0.01637
t_E : 98.30819 +20.11053 -15.54085
pi_E_N : -0.01496 +0.04042 -0.10016
pi_E_E : 0.38536 +0.08755 -0.05795
xi_Omega_node : 177.26705 +148.70144 -131.67582
xi_inclination : 168.39797 +155.39854 -143.78080
xi_period : 146135592629.69214 +30758622841790500.00000 -146034333023.11331
xi_semimajor_axis : 920237.85738 +86173498121.83025 -916144.82681
xi_argument_of_latitude_reference : 164.33840 +156.98624 -126.65657
Fitted fluxes (source and blending):
flux_s_1 : 9.16100 +3.16896 -2.12823
flux_b_1 : 7.97603 +2.11278 -3.14015
Best model:
chi2: 2192.5824
t_0 u_0 t_E pi_E_N pi_E_E xi_Omega_node xi_inclination xi_period xi_semimajor_axis xi_argument_of_latitude_reference
2454146.894760011 0.03503423620847416 117.54386700908609 0.0451802064706075 0.3300382906756333 260.8053823222986 195.27849904027494 98.71688488550754 0.008088735501009104 289.68529992489584
Fluxes:
6.305850685462512 10.824344734665571
