Mean acceptance fraction: 0.136
Mean autocorrelation time [steps]: 1797.9
Fitted parameters:
t_0 : 2453227.51575 +0.12921 -0.18871
u_0 : 0.14972 +0.00575 -0.00532
t_E : 77.83169 +2.41921 -2.25650
pi_E_N : 0.29145 +0.11826 -0.11207
pi_E_E : -0.21254 +0.02848 -0.08424
xi_Omega_node : 175.92581 +129.80744 -153.23187
xi_inclination : 155.67288 +137.22586 -114.92602
xi_period : 1425789560242756885938176.00000 +425416562190905388700981254247474528256.00000 -1425789560242756885938176.00000
xi_semimajor_axis : 238978003822608768.00000 +172918078312456265891205502468096.00000 -238978003822608768.00000
xi_argument_of_latitude_reference : 180.94746 +130.80006 -156.72109
Fitted fluxes (source and blending):
flux_s_1 : 31.35522 +1.41514 -1.22556
flux_b_1 : -1.74652 +1.21477 -1.40474
Best model:
chi2: 1567.0150
t_0 u_0 t_E pi_E_N pi_E_E xi_Omega_node xi_inclination xi_period xi_semimajor_axis xi_argument_of_latitude_reference
2453227.0360111804 0.15634197270939504 74.50022683919676 0.24300153675257918 -0.2048937340868144 353.4093804889527 104.72498011541192 35.126867078409845 0.00499493225207468 8.68042667097285
Fluxes:
33.16516270034535 -3.534587420093893
