Mean acceptance fraction: 0.075
Mean autocorrelation time [steps]: 3355.7
Fitted parameters:
t_0 : 2454773.58570 +3.71064 -3.72385
u_0 : 0.36233 +0.28961 -0.10125
t_E : 63.60965 +24.06030 -19.36623
pi_E_N : 0.16917 +0.23918 -0.21467
pi_E_E : 0.33698 +0.25600 -0.15444
xi_Omega_node : 146.86947 +179.35694 -108.82257
xi_inclination : 247.09797 +89.99444 -176.86448
xi_period : 993767.44981 +433579071.56343 -974065.49572
xi_semimajor_axis : 168.14955 +41061.74087 -158.71121
xi_argument_of_latitude_reference : 210.28138 +115.71403 -171.89450
Fitted fluxes (source and blending):
flux_s_1 : 39.13259 +57.74744 -13.56550
flux_b_1 : -5.83301 +13.54701 -57.75224
Best model:
chi2: 1017.2200
t_0 u_0 t_E pi_E_N pi_E_E xi_Omega_node xi_inclination xi_period xi_semimajor_axis xi_argument_of_latitude_reference
2454769.151709556 0.17991798918656132 86.49512279194997 0.011263348496651192 0.11196270779287464 99.71634150391455 292.3724208658383 32.27726124345304 0.019945323338070323 129.2648446022328
Fluxes:
17.073498746207264 16.21862024015052
