Mean acceptance fraction: 0.099
Mean autocorrelation time [steps]: nan
Fitted parameters:
t_0 : 2454009.67357 +0.42230 -0.41900
u_0 : 0.26535 +0.04858 -0.04290
t_E : 62.16248 +9.62736 -7.98243
pi_E_N : -0.12966 +0.75266 -0.26919
pi_E_E : 0.27321 +0.12270 -0.12442
xi_Omega_node : 227.73272 +119.68529 -157.54340
xi_inclination : 198.00489 +109.22539 -180.81550
xi_period : 20687563581.16849 +1898063218378494464.00000 -20687563532.89553
xi_semimajor_axis : 37061.44223 +2740111893414.48828 -37061.42896
xi_argument_of_latitude_reference : 169.28209 +162.08505 -107.58372
Fitted fluxes (source and blending):
flux_s_1 : 30.42466 +7.37262 -5.89380
flux_b_1 : -7.97805 +5.91715 -7.35991
Best model:
chi2: 1049.1211
t_0 u_0 t_E pi_E_N pi_E_E xi_Omega_node xi_inclination xi_period xi_semimajor_axis xi_argument_of_latitude_reference
2454010.6030821553 0.3183157474134434 58.86443212358894 0.5920210681798075 0.38931633679176747 351.5506225595977 261.57134439716896 31.193667908645416 0.01175032203011881 166.7799117099728
Fluxes:
38.21577700291926 -15.781953847972819
