Mean acceptance fraction: 0.122
Mean autocorrelation time [steps]: 1422.6
Fitted parameters:
t_0 : 2452509.70913 +0.28489 -0.25605
u_0 : 0.16015 +0.01857 -0.02372
t_E : 191.69501 +19.72807 -13.62127
pi_E_N : -0.02977 +0.05974 -0.04302
pi_E_E : 0.05889 +0.00553 -0.00523
xi_Omega_node : 184.91880 +132.89984 -141.43832
xi_inclination : 191.80045 +130.24809 -150.63786
xi_period : 216237197677650.25000 +13189060990874512339318603776.00000 -216237197677507.65625
xi_semimajor_axis : 404268732.27175 +26657405908611439263744.00000 -404268732.26780
xi_argument_of_latitude_reference : 162.52345 +142.25456 -126.87090
Fitted fluxes (source and blending):
flux_s_1 : 43.45931 +5.89977 -7.37108
flux_b_1 : 18.08018 +7.35355 -5.85646
Best model:
chi2: 638.2763
t_0 u_0 t_E pi_E_N pi_E_E xi_Omega_node xi_inclination xi_period xi_semimajor_axis xi_argument_of_latitude_reference
2452509.2526076427 0.16922355640495304 184.3858465299606 -0.0033957926768940225 0.05538782950445193 251.90216676603038 225.38439538205074 4.604135644033599 0.0019124084398885772 287.5167214869369
Fluxes:
46.36977242457446 15.178654828484966
