Mean acceptance fraction: 0.059
Mean autocorrelation time [steps]: 3751.1
Fitted parameters:
t_0 : 2454144.33088 +1.53968 -1.80658
u_0 : 0.02118 +0.01414 -0.01240
t_E : 113.41117 +52.22772 -27.70658
pi_E_N : 0.02564 +0.08611 -0.10803
pi_E_E : 0.27430 +0.24329 -0.13568
xi_Omega_node : 162.62204 +131.49902 -106.62135
xi_inclination : 195.38479 +61.97007 -112.01120
xi_period : 337.26853 +276.13119 -60.85640
xi_semimajor_axis : 0.13792 +0.07859 -0.08074
xi_argument_of_latitude_reference : 136.97061 +204.80597 -109.31574
Fitted fluxes (source and blending):
flux_s_1 : 8.00524 +4.95422 -2.69774
flux_b_1 : 9.10996 +2.65097 -4.93640
Best model:
chi2: 2181.3450
t_0 u_0 t_E pi_E_N pi_E_E xi_Omega_node xi_inclination xi_period xi_semimajor_axis xi_argument_of_latitude_reference
2454143.985311888 0.03531905612405048 77.64932841573422 -0.20809626994638158 0.5422523576207097 1.606527733650836 23.46703456262358 1034.8854083408278 0.2975721884889939 170.3810355115703
Fluxes:
12.770119339966909 4.343164055834007
