Mean acceptance fraction: 0.066
Mean autocorrelation time [steps]: 3738.2
Fitted parameters:
t_0 : 2453756.57275 +0.06056 -0.23000
u_0 : -0.00553 +0.00541 -0.00064
t_E : 27534.72421 +26006.69043 -18690.55052
pi_E_N : 0.00159 +0.00023 -0.07172
pi_E_E : 0.00536 +0.00101 -0.01711
xi_Omega_node : 210.48911 +163.86565 -82.02409
xi_inclination : 266.08210 +71.40594 -39.02577
xi_period : 41.90519 +2.99440 -0.18240
xi_semimajor_axis : 0.01347 +0.04005 -0.01311
xi_argument_of_latitude_reference : 12.07079 +94.21705 -8.11778
Fitted fluxes (source and blending):
flux_s_1 : 3.84712 +6.92233 -1.24766
flux_b_1 : 1308.87820 +19.24544 -75.85244
Best model:
chi2: 9929.5881
t_0 u_0 t_E pi_E_N pi_E_E xi_Omega_node xi_inclination xi_period xi_semimajor_axis xi_argument_of_latitude_reference
2453756.574975113 -0.0059017586444780725 9106.612841124585 0.0016239530697712543 0.0054260461158865654 373.3937549404973 266.52496759503737 41.821947951662004 0.0003662144009713563 5.149442806159964
Fluxes:
2.6110264419456257 1233.0605480280947
