Mean acceptance fraction: 0.065
Mean autocorrelation time [steps]: 3543.2
Fitted parameters:
t_0 : 2453486.14614 +3.06697 -3.47330
u_0 : -0.51247 +0.11329 -0.15249
t_E : 84.98542 +13.16034 -6.97661
pi_E_N : -0.39492 +0.43195 -0.22329
pi_E_E : 0.25169 +0.13179 -0.09538
xi_Omega_node : 281.43890 +73.69056 -95.05433
xi_inclination : 171.39692 +162.85929 -145.04600
xi_period : 160.15185 +63.20762 -63.79009
xi_semimajor_axis : 0.02726 +0.01988 -0.02000
xi_argument_of_latitude_reference : 240.48808 +81.00855 -83.50184
Fitted fluxes (source and blending):
flux_s_1 : 153.99174 +83.90133 -46.86461
flux_b_1 : 111.50328 +46.82781 -83.85730
Best model:
chi2: 832.9257
t_0 u_0 t_E pi_E_N pi_E_E xi_Omega_node xi_inclination xi_period xi_semimajor_axis xi_argument_of_latitude_reference
2453488.9848620594 -0.5097581325230516 78.6973928268812 -0.8667133166302723 0.0763915848739034 242.14838042830672 308.6395163786567 90.69255634439911 0.04080766499898704 227.79509123432692
Fluxes:
152.21958717776423 113.37266039761707
