Mean acceptance fraction: 0.061
Mean autocorrelation time [steps]: 3257.0
Fitted parameters:
t_0 : 2452345.49293 +0.55993 -1.15138
u_0 : -0.16254 +0.08192 -0.22472
t_E : 89.40167 +49.72279 -25.32928
pi_E_N : -0.14984 +0.62709 -0.81325
pi_E_E : 0.83510 +0.36098 -1.19703
xi_Omega_node : 171.85626 +82.61380 -173.33274
xi_inclination : 106.60979 +116.44439 -28.62815
xi_period : 4.58639 +2.15032 -0.62541
xi_semimajor_axis : 0.03954 +0.19914 -0.02389
xi_argument_of_latitude_reference : 230.84616 +13.22916 -125.50682
Fitted fluxes (source and blending):
flux_s_1 : 12.96815 +43.12803 -6.04295
flux_b_1 : 35.43202 +6.05424 -43.13008
Best model:
chi2: 1117.9851
t_0 u_0 t_E pi_E_N pi_E_E xi_Omega_node xi_inclination xi_period xi_semimajor_axis xi_argument_of_latitude_reference
2452345.1738968515 -0.2693995470152276 78.13891907064641 -0.46573892414794066 -0.3313595788812772 256.5067512836589 79.84853337921436 6.498468758860245 0.2369768877526335 236.43950265149718
Fluxes:
43.55706680701655 4.834533907916854
