Mean acceptance fraction: 0.120
Mean autocorrelation time [steps]: 3128.5
Fitted parameters:
t_0 : 2452853.90678 +49.33499 -109.48909
u_0 : -0.75475 +0.30747 -1.59293
t_E : 212.73947 +52.83408 -89.61062
pi_E_N : -0.23199 +0.06239 -0.26971
pi_E_E : 0.06698 +0.02143 -0.04546
xi_Omega_node : 191.79288 +131.00800 -145.91583
xi_inclination : 164.39619 +139.32567 -130.32819
xi_period : 1981153683360386048.00000 +776511209807885107200.00000 -1981153683060563456.00000
xi_semimajor_axis : 4140434491188.81104 +1059453662533948.37500 -4140434490939.68750
xi_argument_of_latitude_reference : 180.36903 +128.37887 -145.55840
Fitted fluxes (source and blending):
flux_s_1 : 59.74912 +1224.39648 -36.14974
flux_b_1 : 55.41990 +36.10151 -1224.42299
Best model:
chi2: 1152.5293
t_0 u_0 t_E pi_E_N pi_E_E xi_Omega_node xi_inclination xi_period xi_semimajor_axis xi_argument_of_latitude_reference
2452901.447140371 -0.5289926879657305 239.11619796684505 -0.1787850687385109 0.07713402074435399 35.00679886633458 101.57455701948349 1.787808705252943e+19 325427321572939.3 11.209147036889448
Fluxes:
28.81218716820936 86.3140268373859
