Mean acceptance fraction: 0.102
Mean autocorrelation time [steps]: 2966.7
Fitted parameters:
t_0 : 2453981.80072 +14.91549 -16.68359
u_0 : 4.05806 +3.13060 -3.21883
t_E : 38.75651 +81.35810 -16.39772
pi_E_N : 3.31795 +2.55369 -2.06964
pi_E_E : 1.26943 +1.64209 -0.99138
xi_Omega_node : 201.33548 +172.48378 -10.11030
xi_inclination : 187.47557 +77.93052 -94.35322
xi_period : 5.61405 +0.01184 -0.01119
xi_semimajor_axis : 0.42010 +0.16988 -0.24024
xi_argument_of_latitude_reference : 179.23433 +171.73711 -21.05471
Fitted fluxes (source and blending):
flux_s_1 : 5677.96800 +46286.57962 -5611.67494
flux_b_1 : -5562.64909 +5611.67420 -46286.59143
Best model:
chi2: 4890.2022
t_0 u_0 t_E pi_E_N pi_E_E xi_Omega_node xi_inclination xi_period xi_semimajor_axis xi_argument_of_latitude_reference
2453989.4591565602 3.7994982234361756 40.050894268723326 3.2752250863967522 1.4920276251460463 193.02423892213412 264.0388669716836 5.610752151000952 0.33958977665241236 172.72318100207232
Fluxes:
4649.1780034413105 -4533.8572245141895
