Mean acceptance fraction: 0.148
Mean autocorrelation time [steps]: 1121.9
Fitted parameters:
t_0 : 2453227.49811 +0.11531 -0.16162
u_0 : 0.14811 +0.00438 -0.00468
t_E : 78.34343 +2.07562 -2.09931
pi_E_N : 0.27277 +0.07383 -0.10290
pi_E_E : -0.20730 +0.02627 -0.02704
xi_Omega_node : 205.41805 +114.65667 -148.30955
xi_inclination : 151.14720 +172.87755 -103.86142
xi_period : 17823433778839965533208576.00000 +5909694472435226040705038546390390669312.00000 -17823433778839965533208576.00000
xi_semimajor_axis : 28123583708028022784.00000 +59414670544569545471745730226946048.00000 -28123583708028022784.00000
xi_argument_of_latitude_reference : 176.67776 +135.90873 -146.01583
Fitted fluxes (source and blending):
flux_s_1 : 30.92644 +1.09815 -1.00205
flux_b_1 : -1.31781 +0.98954 -1.08454
Best model:
chi2: 1555.3007
t_0 u_0 t_E pi_E_N pi_E_E xi_Omega_node xi_inclination xi_period xi_semimajor_axis xi_argument_of_latitude_reference
2453227.413102306 0.14909753747997598 78.30730433317302 0.27480012765697825 -0.21076065812506353 250.24453174600595 348.788766920024 3.2412470737717856 0.001750040149340424 158.21067276858545
Fluxes:
30.960183506356994 -1.3560684880524652
