Mean acceptance fraction: 0.048
Mean autocorrelation time [steps]: 3861.3
Fitted parameters:
t_0 : 2453784.69713 +1.74413 -2.49032
u_0 : 0.03475 +0.01961 -0.01614
t_E : 356.53536 +351.73518 -131.29015
pi_E_N : -0.00780 +0.07444 -0.07593
pi_E_E : -0.00493 +0.07773 -0.13691
xi_Omega_node : 191.30631 +30.84099 -36.19370
xi_inclination : 102.83661 +14.60432 -15.73234
xi_period : 415.25462 +46.88592 -135.12042
xi_semimajor_axis : 0.30766 +0.17749 -0.27283
xi_argument_of_latitude_reference : 189.46978 +18.44086 -24.29287
Fitted fluxes (source and blending):
flux_s_1 : 2.22740 +1.64289 -1.04906
flux_b_1 : 45.20119 +1.08354 -1.43972
Best model:
chi2: 2955.8848
t_0 u_0 t_E pi_E_N pi_E_E xi_Omega_node xi_inclination xi_period xi_semimajor_axis xi_argument_of_latitude_reference
2453784.5518501983 0.02774223729185945 253.11632489071906 -0.02961381256906955 0.022784438065496848 205.17390769689024 103.37677991937385 464.5090047561131 0.31675535781627173 212.2167647933834
Fluxes:
2.062894662993752 45.5709831628081
