Mean acceptance fraction: 0.067
Mean autocorrelation time [steps]: 4557.6
Fitted parameters:
t_0 : 2454348.45472 +0.34395 -0.33977
u_0 : -0.00644 +0.00433 -0.00163
t_E : 41.69440 +19.62407 -17.80729
pi_E_N : 5.91980 +5.28012 -6.28136
pi_E_E : -0.80393 +0.87240 -3.69125
xi_Omega_node : 246.07041 +48.40223 -185.08338
xi_inclination : 88.31172 +175.89008 -16.46913
xi_period : 31.59112 +13.37263 -24.92725
xi_semimajor_axis : 0.06463 +0.03281 -0.04649
xi_argument_of_latitude_reference : 213.24172 +81.21433 -72.07284
Fitted fluxes (source and blending):
flux_s_1 : 14.39739 +17.31819 -5.65272
flux_b_1 : -9.44219 +5.53590 -17.07150
Best model:
chi2: 61671.9458
t_0 u_0 t_E pi_E_N pi_E_E xi_Omega_node xi_inclination xi_period xi_semimajor_axis xi_argument_of_latitude_reference
2454348.5349928397 -0.008363891697850376 25.96166564195336 13.8568557579015 -4.343967896026208 278.49688367132023 78.62209364013664 6.582969984534375 0.06944164361113846 217.98394671617172
Fluxes:
26.38505358153989 -20.868351960010738
