Mean acceptance fraction: 0.096
Mean autocorrelation time [steps]: 2223.6
Fitted parameters:
t_0 : 2453110.63470 +0.48443 -0.20120
u_0 : 0.08359 +0.01209 -0.01145
t_E : 95.79048 +13.93598 -15.78852
pi_E_N : -1.03043 +0.30618 -0.08783
pi_E_E : 0.12178 +0.06375 -0.06612
xi_Omega_node : 161.27999 +163.21574 -132.43228
xi_inclination : 145.76023 +159.46871 -90.43427
xi_period : 489504268.47085 +1388437470378888448.00000 -489504210.14868
xi_semimajor_axis : 17062.69241 +15351920487893.80078 -17062.68568
xi_argument_of_latitude_reference : 167.17713 +163.47664 -136.41104
Fitted fluxes (source and blending):
flux_s_1 : 13.18216 +2.16150 -1.83824
flux_b_1 : 7.80547 +1.81675 -2.15170
Best model:
chi2: 1678.9462
t_0 u_0 t_E pi_E_N pi_E_E xi_Omega_node xi_inclination xi_period xi_semimajor_axis xi_argument_of_latitude_reference
2453111.334125843 0.07667762494659594 100.46519709837455 -0.9547170405958445 0.056249153009246405 19.6162992494248 226.636081914775 20.660803164984273 0.0037152482423352838 211.29757216969716
Fluxes:
12.164878276384757 8.814447504642274
