Mean acceptance fraction: 0.158
Mean autocorrelation time [steps]: 1615.0
Fitted parameters:
t_0 : 2453333.13673 +0.19055 -0.23936
u_0 : -0.05851 +0.00169 -0.00141
t_E : 261.88534 +4.09911 -3.84487
pi_E_N : -0.07394 +0.00146 -0.00117
pi_E_E : 0.06025 +0.00150 -0.00150
xi_Omega_node : 309.62144 +14.36681 -172.57048
xi_inclination : 284.11599 +10.21118 -7.19852
xi_period : 23.96321 +0.06550 -0.07991
xi_semimajor_axis : 0.00391 +0.00182 -0.00130
xi_argument_of_latitude_reference : 56.90250 +168.29148 -21.53261
Fitted fluxes (source and blending):
flux_s_1 : 363.87623 +7.12206 -7.29265
flux_b_1 : 595.18907 +6.89522 -6.72544
Best model:
chi2: 4216.4973
t_0 u_0 t_E pi_E_N pi_E_E xi_Omega_node xi_inclination xi_period xi_semimajor_axis xi_argument_of_latitude_reference
2453333.0270728716 -0.059349776294886816 262.9513798961365 -0.07374765000285231 0.059735832302645925 314.1757320885777 282.436821997801 23.989526958009833 0.004677289214917238 40.433965086914085
Fluxes:
362.1169193556163 596.8784790069955
