Mean acceptance fraction: 0.100
Mean autocorrelation time [steps]: 2567.5
Fitted parameters:
t_0 : 2453965.30641 +1.09924 -4.27751
u_0 : -0.05983 +0.00989 -0.27554
t_E : 557.05568 +86.85222 -73.29168
pi_E_N : 0.34570 +0.05949 -1.12296
pi_E_E : -0.00107 +0.01055 -0.50422
xi_Omega_node : 215.30393 +123.78768 -186.64041
xi_inclination : 271.03813 +12.80706 -94.54228
xi_period : 20.94989 +0.47949 -8.41138
xi_semimajor_axis : 0.00519 +0.02097 -0.00144
xi_argument_of_latitude_reference : 44.11650 +177.34384 -47.67688
Fitted fluxes (source and blending):
flux_s_1 : 1.71434 +13.18339 -0.27321
flux_b_1 : 113.67953 +0.24813 -13.26053
Best model:
chi2: 5124.5909
t_0 u_0 t_E pi_E_N pi_E_E xi_Omega_node xi_inclination xi_period xi_semimajor_axis xi_argument_of_latitude_reference
2453953.901473238 -0.2648527893528432 962.5825492810318 -0.7779364141851666 0.21164443778447795 342.76975725784126 273.44854463578827 12.619606216930565 0.07054229990874195 24.70742959809694
Fluxes:
10.884135439493514 104.41938147678957
