Mean acceptance fraction: 0.046
Mean autocorrelation time [steps]: 4027.7
Fitted parameters:
t_0 : 2453857.93857 +0.39237 -0.24811
u_0 : -0.00115 +0.00025 -0.00026
t_E : 1040.14385 +383.66733 -784.59956
pi_E_N : 0.02641 +0.00551 -0.01155
pi_E_E : -0.11064 +0.02978 -0.29065
xi_Omega_node : 111.33420 +166.77673 -127.73612
xi_inclination : 266.13329 +70.47867 -176.22316
xi_period : 95.68512 +44.67169 -30.23109
xi_semimajor_axis : 0.00410 +0.02557 -0.00287
xi_argument_of_latitude_reference : 70.59576 +91.04732 -55.85727
Fitted fluxes (source and blending):
flux_s_1 : 0.37798 +1.22603 -0.08366
flux_b_1 : 19.01160 +0.30442 -0.84438
Best model:
chi2: 1789.2478
t_0 u_0 t_E pi_E_N pi_E_E xi_Omega_node xi_inclination xi_period xi_semimajor_axis xi_argument_of_latitude_reference
2453858.4039182253 -0.0009770145491175667 1073.106711979248 0.028119810928064412 -0.10669567221562055 -17.131726087106568 264.62768004406894 141.6606083256077 0.005754842147856974 62.509280818139814
Fluxes:
0.31397944285930846 19.375369950431175
