Mean acceptance fraction: 0.052
Mean autocorrelation time [steps]: 3926.1
Fitted parameters:
t_0 : 2453964.26974 +69.22695 -60.15782
u_0 : 3.56275 +4.73644 -2.59545
t_E : 74.64282 +230.72093 -37.34809
pi_E_N : 1.05405 +2.64851 -1.46800
pi_E_E : 5.53734 +6.35526 -3.39213
xi_Omega_node : 103.41779 +136.47943 -27.40382
xi_inclination : 209.90321 +46.57024 -71.81912
xi_period : 456.37832 +125.70607 -97.00345
xi_semimajor_axis : 1.84579 +1.43028 -1.17588
xi_argument_of_latitude_reference : 173.10633 +165.89961 -23.89782
Fitted fluxes (source and blending):
flux_s_1 : 4533.63334 +80758.50715 -4447.82728
flux_b_1 : -4418.27052 +4447.83102 -80758.51099
Best model:
chi2: 4822.9993
t_0 u_0 t_E pi_E_N pi_E_E xi_Omega_node xi_inclination xi_period xi_semimajor_axis xi_argument_of_latitude_reference
2453949.983025441 2.219327577723648 68.97828719871876 0.664338482142019 3.6185028212384602 220.96875743631895 199.45932861585015 668.1495883669033 1.6996491771216613 299.91209711677925
Fluxes:
701.9023281488102 -586.5440182137169
