Mean acceptance fraction: 0.071
Mean autocorrelation time [steps]: 3953.2
Fitted parameters:
t_0 : 2454341.04232 +7.94510 -6.88567
u_0 : 0.11818 +0.02657 -0.05666
t_E : 408.86814 +1081.38130 -75.34831
pi_E_N : -0.10923 +0.05961 -0.22941
pi_E_E : -0.08584 +0.18315 -0.03779
xi_Omega_node : 270.18257 +108.80938 -30.27541
xi_inclination : 175.41142 +82.25565 -64.62776
xi_period : 208.16274 +103.52650 -43.25249
xi_semimajor_axis : 0.05557 +0.02612 -0.01672
xi_argument_of_latitude_reference : 121.92365 +48.82652 -98.61499
Fitted fluxes (source and blending):
flux_s_1 : 5.32570 +1.36580 -3.07992
flux_b_1 : 22.00798 +4.67829 -1.26986
Best model:
chi2: 11832.9262
t_0 u_0 t_E pi_E_N pi_E_E xi_Omega_node xi_inclination xi_period xi_semimajor_axis xi_argument_of_latitude_reference
2454350.650535965 0.1419736357845705 321.77354020259634 -0.10940003513675561 -0.1338745096748195 308.5734723125708 208.51484575064498 315.9376205859949 0.0700957681311465 127.21473762052064
Fluxes:
6.656284444322947 20.748732208753545
