Mean acceptance fraction: 0.117
Mean autocorrelation time [steps]: 2519.0
Fitted parameters:
t_0 : 2454722.94785 +0.32319 -0.45333
u_0 : 0.11803 +0.24472 -0.04043
t_E : 38.35267 +15.22012 -18.68080
pi_E_N : -3.92409 +0.88060 -0.55309
pi_E_E : -0.73650 +0.35838 -0.28566
xi_Omega_node : 273.44635 +11.42464 -18.97708
xi_inclination : 114.86354 +143.56631 -13.11345
xi_period : 16.94857 +1.51485 -1.55641
xi_semimajor_axis : 0.03767 +0.02005 -0.01193
xi_argument_of_latitude_reference : 363.07037 +8.17759 -19.82402
Fitted fluxes (source and blending):
flux_s_1 : 14.08332 +34.54700 -5.13824
flux_b_1 : 19.99938 +5.13912 -34.54743
Best model:
chi2: 2151.0816
t_0 u_0 t_E pi_E_N pi_E_E xi_Omega_node xi_inclination xi_period xi_semimajor_axis xi_argument_of_latitude_reference
2454723.178369629 0.07116656500617792 55.778200466105375 -4.007800661795457 -0.8677961149543835 266.9467909603568 112.71680493610384 16.955022911604257 0.032151951255867714 363.5656762799281
Fluxes:
8.586995608589172 25.498391551129632
