Mean acceptance fraction: 0.060
Mean autocorrelation time [steps]: 3722.1
Fitted parameters:
t_0 : 2453857.92521 +0.09506 -0.03764
u_0 : -0.00866 +0.00649 -0.00244
t_E : 180.31735 +598.09217 -32.33731
pi_E_N : 0.17028 +0.03563 -0.14061
pi_E_E : -0.57790 +0.44121 -0.12372
xi_Omega_node : 186.37883 +134.53781 -142.63681
xi_inclination : 137.68279 +129.00820 -110.82634
xi_period : 26.31630 +2.95862 -16.37767
xi_semimajor_axis : 0.00152 +0.00109 -0.00133
xi_argument_of_latitude_reference : 170.62669 +103.55263 -124.84537
Fitted fluxes (source and blending):
flux_s_1 : 2.56687 +0.64470 -1.54672
flux_b_1 : 17.54040 +1.34785 -0.56546
Best model:
chi2: 1711.3806
t_0 u_0 t_E pi_E_N pi_E_E xi_Omega_node xi_inclination xi_period xi_semimajor_axis xi_argument_of_latitude_reference
2453857.935160184 -0.012248547179850761 141.32202345515677 0.21311076813952246 -0.7310683048763655 319.09560960519156 240.93145285664625 26.95925713971366 0.0025113897129589923 269.1606169277772
Fluxes:
3.405572080023954 16.794000579367378
