Mean acceptance fraction: 0.092
Mean autocorrelation time [steps]: 3321.7
Fitted parameters:
t_0 : 2454288.08491 +3.84407 -5.21735
u_0 : -0.84447 +0.14948 -0.05272
t_E : 109.83032 +13.97886 -8.41624
pi_E_N : 0.20977 +0.08285 -0.04483
pi_E_E : -0.17917 +0.03616 -0.05084
xi_Omega_node : 176.55063 +75.65529 -169.79748
xi_inclination : 89.20650 +215.03809 -39.93522
xi_period : 123.86463 +5.84562 -115.89413
xi_semimajor_axis : 0.02539 +0.00888 -0.01971
xi_argument_of_latitude_reference : 133.62542 +105.16463 -92.23647
Fitted fluxes (source and blending):
flux_s_1 : 162.19990 +19.88912 -49.49441
flux_b_1 : -45.42997 +49.30482 -19.89970
Best model:
chi2: 2975.9344
t_0 u_0 t_E pi_E_N pi_E_E xi_Omega_node xi_inclination xi_period xi_semimajor_axis xi_argument_of_latitude_reference
2454290.6362449955 -0.8689039536570112 112.47667428788212 0.1808722081859467 -0.14204309747271754 176.02695323196014 57.190195328163455 124.71251027960385 0.03783797825503738 40.85386057960653
Fluxes:
169.11051276099525 -52.53481330159515
