Mean acceptance fraction: 0.122
Mean autocorrelation time [steps]: 3880.3
Fitted parameters:
t_0 : 2452770.60136 +169.38684 -72.56407
u_0 : 0.33020 +0.13180 -0.08540
t_E : 932.88865 +122.03776 -99.74888
pi_E_N : 0.19249 +0.10730 -0.05266
pi_E_E : 0.21723 +0.03203 -0.09227
xi_Omega_node : 117.90631 +42.39341 -19.02116
xi_inclination : 310.10830 +32.89767 -12.63632
xi_period : 424.11791 +18.64626 -19.05043
xi_semimajor_axis : 0.05405 +0.01594 -0.01487
xi_argument_of_latitude_reference : 239.74026 +27.77388 -60.48556
Fitted fluxes (source and blending):
flux_s_1 : 419.93452 +19.89351 -18.51282
flux_b_1 : -21.34271 +18.44206 -19.84967
Best model:
chi2: 1864.8044
t_0 u_0 t_E pi_E_N pi_E_E xi_Omega_node xi_inclination xi_period xi_semimajor_axis xi_argument_of_latitude_reference
2452730.2592719435 0.2394872226557689 958.5761126772436 0.16997876623317582 0.22051127026620967 113.29945831533186 298.6312432231861 424.44326776071944 0.07496771361495355 257.9366258855214
Fluxes:
398.26590779905223 0.20855501842851518
