Mean acceptance fraction: 0.040
Mean autocorrelation time [steps]: 4222.8
Fitted parameters:
t_0 : 2453858.29239 +0.30456 -0.54594
u_0 : 0.00085 +0.00030 -0.00014
t_E : 1429.26174 +454.48905 -1297.74128
pi_E_N : 0.01820 +0.00712 -0.15401
pi_E_E : -0.07360 +0.01915 -0.02161
xi_Omega_node : 143.52960 +58.59668 -99.47607
xi_inclination : 254.28665 +31.55905 -130.02261
xi_period : 108.65387 +33.88102 -66.09625
xi_semimajor_axis : 0.00408 +0.04843 -0.00285
xi_argument_of_latitude_reference : 229.76360 +31.98260 -149.36719
Fitted fluxes (source and blending):
flux_s_1 : 0.24444 +2.83543 -0.03471
flux_b_1 : 19.27854 +0.20314 -1.53768
Best model:
chi2: 1776.2708
t_0 u_0 t_E pi_E_N pi_E_E xi_Omega_node xi_inclination xi_period xi_semimajor_axis xi_argument_of_latitude_reference
2453858.9296092414 0.0006621886752476365 2056.3546937234973 0.021133852966453173 -0.05716820547212679 144.37758389186877 260.6884306516193 162.14948063517662 0.005974543156257896 228.96034270372456
Fluxes:
0.14839684638943604 19.645631505744895
