Mean acceptance fraction: 0.065
Mean autocorrelation time [steps]: 2972.2
Fitted parameters:
t_0 : 2453624.83631 +1.61107 -2.46806
u_0 : 0.03282 +0.01398 -0.00873
t_E : 477.48098 +63.48455 -273.68870
pi_E_N : 0.09250 +0.08419 -0.14294
pi_E_E : -0.11951 +0.01537 -0.02482
xi_Omega_node : 181.51258 +160.88331 -22.99548
xi_inclination : 103.94452 +137.20436 -20.35644
xi_period : 2487.83470 +357.23883 -1144.11897
xi_semimajor_axis : 1.14355 +0.14623 -1.02248
xi_argument_of_latitude_reference : 193.02272 +25.98167 -174.94401
Fitted fluxes (source and blending):
flux_s_1 : 3.07963 +1.26461 -0.69020
flux_b_1 : 15.36991 +0.78392 -0.79099
Best model:
chi2: 1137.1975
t_0 u_0 t_E pi_E_N pi_E_E xi_Omega_node xi_inclination xi_period xi_semimajor_axis xi_argument_of_latitude_reference
2453624.6623568926 0.03264247553342523 488.8891277246572 0.13405353113652896 -0.12150241256150503 343.6770154519206 105.2724706784845 2520.9912559075688 1.0760139431831095 204.8256264500927
Fluxes:
2.9990864245059674 15.413122282753113
