Mean acceptance fraction: 0.049
Mean autocorrelation time [steps]: 3700.0
Fitted parameters:
t_0 : 2454332.83032 +1.34337 -0.96727
u_0 : 0.08739 +0.01272 -0.01222
t_E : 508.12295 +68.63153 -56.53832
pi_E_N : -0.05582 +0.00827 -0.01007
pi_E_E : -0.05438 +0.00869 -0.00577
xi_Omega_node : 168.00810 +162.92764 -170.63361
xi_inclination : 172.59848 +104.29780 -67.37200
xi_period : 0.95906 +22.32935 -0.80583
xi_semimajor_axis : 0.00248 +0.00136 -0.00055
xi_argument_of_latitude_reference : 162.33255 +149.33173 -98.46609
Fitted fluxes (source and blending):
flux_s_1 : 3.75128 +0.73158 -0.54971
flux_b_1 : 23.43890 +0.42636 -0.58935
Best model:
chi2: 11786.6412
t_0 u_0 t_E pi_E_N pi_E_E xi_Omega_node xi_inclination xi_period xi_semimajor_axis xi_argument_of_latitude_reference
2454332.888903199 0.08052251070574776 562.523727625308 -0.05252947593688602 -0.05033971283080191 -2.625506785925097 8.145445722291214 0.09686625979456531 0.002555823798765848 108.8604964090323
Fluxes:
3.402054387314452 23.736216519542207
