Mean acceptance fraction: 0.359
Mean autocorrelation time [steps]: 3727.1
Fitted parameters:
t_0 : 2452712.86211 +398.04010 -354.06092
u_0 : 1.36446 +2.48681 -1.36404
t_E : 256.35805 +897.13876 -178.43629
pi_E_N : -0.10924 +0.51327 -1.27765
pi_E_E : 0.30455 +3.04271 -0.08010
xi_Omega_node : 115.21812 +44.93751 -73.27707
xi_inclination : 89.54473 +2.52495 -108.35370
xi_period : 23.61606 +14.50150 -8.87396
xi_semimajor_axis : 0.06044 +0.22307 -0.05941
xi_argument_of_latitude_reference : 27.72429 +310.44608 -38.39274
Fitted fluxes (source and blending):
flux_s_1 : 2847.62249 +3027676.60042 -2583.59931
flux_b_1 : -2446.11851 +2580.46429 -3027675.48771
Best model:
chi2: 3276.3906
t_0 u_0 t_E pi_E_N pi_E_E xi_Omega_node xi_inclination xi_period xi_semimajor_axis xi_argument_of_latitude_reference
2452709.4536726577 9.751783043461392e-05 1122.3852151754627 -0.12242073222726309 0.2322806707777112 89.24645815065035 90.05071882905517 14.391067773625446 0.02966841302238747 339.7699009552067
Fluxes:
278.2613061544863 120.15457390262303
