Mean acceptance fraction: 0.045
Mean autocorrelation time [steps]: 3996.9
Fitted parameters:
t_0 : 2453857.72371 +0.11727 -0.01748
u_0 : -0.00137 +0.00025 -0.00010
t_E : 468.92848 +651.19494 -386.92474
pi_E_N : 0.01556 +0.07437 -0.31599
pi_E_E : -0.23417 +0.11954 -1.30927
xi_Omega_node : 249.71931 +24.82703 -200.04882
xi_inclination : 277.90804 +6.07265 -84.50655
xi_period : 12.81693 +2.51201 -1.44006
xi_semimajor_axis : 0.00264 +0.02783 -0.00079
xi_argument_of_latitude_reference : 90.34890 +167.58044 -18.03938
Fitted fluxes (source and blending):
flux_s_1 : 0.92100 +4.26660 -0.50904
flux_b_1 : 18.75738 +0.12093 -3.34986
Best model:
chi2: 1823.2925
t_0 u_0 t_E pi_E_N pi_E_E xi_Omega_node xi_inclination xi_period xi_semimajor_axis xi_argument_of_latitude_reference
2453857.7141975663 -0.0014619164372870303 475.7387834705743 0.06811033809112124 -0.22249790747960452 273.82666067892706 281.83333684809924 12.136621754620863 0.0025504319786595207 71.9901752623232
Fluxes:
0.8986339594488925 18.819556871335973
