Mean acceptance fraction: 0.087
Mean autocorrelation time [steps]: 4087.8
Fitted parameters:
t_0 : 2454039.04537 +48.07092 -2.60119
u_0 : 0.63938 +0.02023 -0.09937
t_E : 402.91691 +136.40789 -16.32511
pi_E_N : 0.03773 +0.00212 -0.05121
pi_E_E : -0.04211 +0.27364 -0.00264
xi_Omega_node : 148.77362 +188.59316 -117.03799
xi_inclination : 117.73341 +162.38782 -67.59642
xi_period : 13.24762 +1.29029 -11.51662
xi_semimajor_axis : 0.00172 +0.00942 -0.00169
xi_argument_of_latitude_reference : 131.55842 +101.99502 -145.42029
Fitted fluxes (source and blending):
flux_s_1 : 250.81330 +15.66932 -74.32670
flux_b_1 : 164.93507 +71.19246 -15.54988
Best model:
chi2: 8052.8584
t_0 u_0 t_E pi_E_N pi_E_E xi_Omega_node xi_inclination xi_period xi_semimajor_axis xi_argument_of_latitude_reference
2454037.202295976 0.6570720853163705 397.0066952732168 0.03963446006386498 -0.04507115714986733 57.28986394481878 47.35476863962714 0.1545522245067012 0.0024403042189025037 173.99930839084223
Fluxes:
265.62367653367465 150.21171117378827
