Mean acceptance fraction: 0.085
Mean autocorrelation time [steps]: 3396.6
Fitted parameters:
t_0 : 2452863.07547 +0.07250 -0.07220
u_0 : -0.05561 +0.00139 -0.00146
t_E : 62.50061 +1.04269 -0.84403
pi_E_N : 0.21128 +0.20326 -0.20993
pi_E_E : 0.08840 +0.02228 -0.04328
xi_Omega_node : 139.48184 +101.63869 -107.57588
xi_inclination : 189.07806 +124.01843 -102.40541
xi_period : 40.38733 +40.56464 -6.37520
xi_semimajor_axis : 0.00217 +0.00315 -0.00078
xi_argument_of_latitude_reference : 200.40214 +126.23821 -115.23805
Fitted fluxes (source and blending):
flux_s_1 : 101.22787 +1.83680 -2.34868
flux_b_1 : 206.05517 +2.33438 -1.81958
Best model:
chi2: 1806.0309
t_0 u_0 t_E pi_E_N pi_E_E xi_Omega_node xi_inclination xi_period xi_semimajor_axis xi_argument_of_latitude_reference
2452863.0586968837 -0.05610253361949792 62.527999784644194 0.17155965014354307 0.09499346565898195 194.4716371396219 144.83794623399643 35.89557863499383 0.0013131673558361135 334.62885459647805
Fluxes:
101.19250422808214 206.08612165473033
