Mean acceptance fraction: 0.049
Mean autocorrelation time [steps]: 4358.2
Fitted parameters:
t_0 : 2452927.32199 +2.65992 -43.18025
u_0 : 0.01323 +0.04192 -0.00426
t_E : 2277.55458 +2644.68032 -1042.11035
pi_E_N : -0.06521 +0.13674 -0.20783
pi_E_E : 0.06689 +0.29402 -0.06675
xi_Omega_node : 180.55538 +90.16180 -25.81391
xi_inclination : 99.48112 +74.06874 -25.69616
xi_period : 207.95667 +15.71131 -56.47064
xi_semimajor_axis : 0.03932 +0.12082 -0.02478
xi_argument_of_latitude_reference : 296.71789 +58.38227 -124.21754
Fitted fluxes (source and blending):
flux_s_1 : 0.80998 +3.19607 -0.21493
flux_b_1 : 53.97757 +0.34472 -2.06773
Best model:
chi2: 530.1035
t_0 u_0 t_E pi_E_N pi_E_E xi_Omega_node xi_inclination xi_period xi_semimajor_axis xi_argument_of_latitude_reference
2452447.5746568968 0.24605232817643313 433.9738698779194 -1.5166834632788557 0.4284352550262916 31.554337552025864 110.4423330808939 215.71390169529238 0.4949576974718495 154.26888137594028
Fluxes:
222.74691327808043 -166.60192677266548
