Mean acceptance fraction: 0.045
Mean autocorrelation time [steps]: 4008.8
Fitted parameters:
t_0 : 2452971.10997 +14.12831 -42.64726
u_0 : 0.00675 +0.00782 -0.00625
t_E : 763.18325 +2863.59901 -461.05997
pi_E_N : -0.32702 +0.42793 -0.31396
pi_E_E : 0.18714 +0.27505 -0.16629
xi_Omega_node : 309.21688 +54.94719 -140.47007
xi_inclination : 82.60686 +152.59159 -67.34487
xi_period : 29.45273 +116.37478 -21.22982
xi_semimajor_axis : 0.04140 +0.03551 -0.02338
xi_argument_of_latitude_reference : 187.43124 +77.80480 -146.11259
Fitted fluxes (source and blending):
flux_s_1 : 4.15275 +6.89158 -3.09191
flux_b_1 : 51.78765 +2.59665 -6.78855
Best model:
chi2: 535.5250
t_0 u_0 t_E pi_E_N pi_E_E xi_Omega_node xi_inclination xi_period xi_semimajor_axis xi_argument_of_latitude_reference
2452973.259866096 0.07562408286952875 228.63398125684472 -0.6502911342777201 0.5610884014455474 378.1612740277386 68.03693236843145 146.83812168314185 0.13265634772039658 11.19375565303119
Fluxes:
13.959779848670667 42.14581263395467
