Mean acceptance fraction: 0.069
Mean autocorrelation time [steps]: 3718.5
Fitted parameters:
t_0 : 2452929.13521 +15.78750 -2.83482
u_0 : -0.00880 +0.00273 -0.02996
t_E : 1467.14090 +1275.09985 -1102.97175
pi_E_N : -0.02904 +0.01774 -0.33341
pi_E_E : 0.07133 +0.06871 -0.03939
xi_Omega_node : 179.22764 +165.36719 -5.65168
xi_inclination : 275.60124 +7.94502 -81.71578
xi_period : 664.00499 +47.12749 -191.24397
xi_semimajor_axis : 0.06932 +0.18069 -0.03912
xi_argument_of_latitude_reference : 215.01722 +139.93247 -14.44408
Fitted fluxes (source and blending):
flux_s_1 : 0.58984 +2.96565 -0.19879
flux_b_1 : 53.60779 +0.63167 -1.07207
Best model:
chi2: 529.6311
t_0 u_0 t_E pi_E_N pi_E_E xi_Omega_node xi_inclination xi_period xi_semimajor_axis xi_argument_of_latitude_reference
2452925.8569780327 -0.007411635139614726 1636.8213928171747 -0.0170522394626897 0.07243112584057937 174.64758363243217 283.23212762886595 664.2782390371408 0.06864865574874494 203.41404781132917
Fluxes:
0.49498708279347525 53.28134692708531
