Mean acceptance fraction: 0.118
Mean autocorrelation time [steps]: 2182.8
Fitted parameters:
t_0 : 2453676.01984 +0.89808 -0.90858
u_0 : -0.03605 +0.00210 -0.00263
t_E : 250.21996 +24.30202 -15.30619
pi_E_N : 0.07138 +0.01574 -0.03361
pi_E_E : 0.04696 +0.00849 -0.01013
xi_Omega_node : 206.23246 +134.98127 -162.68573
xi_inclination : 177.97963 +149.62396 -144.58627
xi_period : 15953681001325.93164 +4192072258152963646685184.00000 -15953680999959.14844
xi_semimajor_axis : 88828708.69603 +886741042635326848.00000 -88828708.65510
xi_argument_of_latitude_reference : 184.51165 +157.73906 -142.58885
Fitted fluxes (source and blending):
flux_s_1 : 11.03216 +1.22715 -1.21906
flux_b_1 : -1.74601 +1.16314 -1.19367
Best model:
chi2: 1831.7614
t_0 u_0 t_E pi_E_N pi_E_E xi_Omega_node xi_inclination xi_period xi_semimajor_axis xi_argument_of_latitude_reference
2453677.1289590998 -0.03642023941173304 239.4058113880489 0.08323981539054834 0.052463395917445706 355.9807734216981 74.9380068382574 27.04452780278191 0.001851462475193352 159.88507572187612
Fluxes:
11.78354396444819 -2.48460583945963
