Mean acceptance fraction: 0.076
Mean autocorrelation time [steps]: 3579.9
Fitted parameters:
t_0 : 2453859.54975 +0.62741 -0.71126
u_0 : -0.24182 +0.00830 -0.03526
t_E : 157.64132 +4.49430 -9.43600
pi_E_N : -0.12633 +0.06516 -0.01568
pi_E_E : -0.05095 +0.00748 -0.02075
xi_Omega_node : 93.71326 +171.26294 -68.76697
xi_inclination : 221.72861 +87.66325 -170.13548
xi_period : 88.66058 +41.86056 -27.75383
xi_semimajor_axis : 0.00441 +0.00207 -0.00136
xi_argument_of_latitude_reference : 153.46566 +44.87817 -163.91338
Fitted fluxes (source and blending):
flux_s_1 : 137.07779 +26.61504 -6.86551
flux_b_1 : 176.23752 +6.82381 -26.59889
Best model:
chi2: 4815.8558
t_0 u_0 t_E pi_E_N pi_E_E xi_Omega_node xi_inclination xi_period xi_semimajor_axis xi_argument_of_latitude_reference
2453859.5330274394 -0.23912406235840938 158.82844901306194 -0.13168338139717828 -0.04949673775409138 282.7761374823276 204.85348754007288 129.29237378148824 0.003728625929580905 358.59978319808715
Fluxes:
135.7645134103823 177.5369091435665
