Mean acceptance fraction: 0.059
Mean autocorrelation time [steps]: 3795.4
Fitted parameters:
t_0 : 2454388.42781 +5.63508 -5.10120
u_0 : 5.61823 +2.11146 -1.14180
t_E : 14.87205 +3.53631 -4.01928
pi_E_N : -1.97778 +1.56382 -1.70550
pi_E_E : 0.88020 +0.41084 -0.25637
xi_Omega_node : 234.62192 +125.64582 -198.40555
xi_inclination : 158.32839 +178.09624 -135.15787
xi_period : 209.35471 +39.07875 -170.34489
xi_semimajor_axis : 0.32949 +0.46197 -0.26380
xi_argument_of_latitude_reference : 116.65285 +183.25626 -97.29169
Fitted fluxes (source and blending):
flux_s_1 : 18847.85192 +45636.27404 -10790.07711
flux_b_1 : -18734.72278 +10790.06987 -45636.24798
Best model:
chi2: 2470.6116
t_0 u_0 t_E pi_E_N pi_E_E xi_Omega_node xi_inclination xi_period xi_semimajor_axis xi_argument_of_latitude_reference
2454389.0629972476 8.938208324944647 9.406846866648557 -5.193605421330815 1.6074986422252406 5.70246518430678 59.80162073764092 255.87905176314098 1.416403503718899 298.4998594145772
Fluxes:
111780.51457945711 -111667.38500179576
