Mean acceptance fraction: 0.076
Mean autocorrelation time [steps]: 3533.0
Fitted parameters:
t_0 : 2453532.59338 +24.03151 -49.06397
u_0 : -74.71274 +42.04094 -60.34162
t_E : 6.61434 +7.73785 -2.58404
pi_E_N : -3.74871 +2.81700 -4.33488
pi_E_E : 12.73893 +12.50296 -7.41454
xi_Omega_node : 174.70342 +134.52802 -103.08316
xi_inclination : 200.39867 +124.90078 -137.10167
xi_period : 191.22793 +25.38072 -23.49280
xi_semimajor_axis : 1.81871 +1.49798 -1.14889
xi_argument_of_latitude_reference : 222.02385 +101.81635 -119.40004
Fitted fluxes (source and blending):
flux_s_1 : 626978724.96767 +6075851115.05254 -604153695.82935
flux_b_1 : -626978658.50357 +604153695.82719 -6075851115.05343
Best model:
chi2: 919.0443
t_0 u_0 t_E pi_E_N pi_E_E xi_Omega_node xi_inclination xi_period xi_semimajor_axis xi_argument_of_latitude_reference
2453522.0554079604 -101.36432588511016 3.7515051871175213 -5.359267603646643 14.411260933431418 276.8810535757845 294.00697634077306 186.55067516387044 2.0425940734615695 103.93834498389478
Fluxes:
2104148078.574518 -2104148012.0835207
