Mean acceptance fraction: 0.080
Mean autocorrelation time [steps]: 2244.6
Fitted parameters:
t_0 : 2453110.49477 +0.49358 -0.15726
u_0 : -0.07217 +0.01433 -0.03368
t_E : 91.86009 +18.45286 -15.31039
pi_E_N : -1.02089 +0.57357 -0.07973
pi_E_E : 0.11371 +0.05726 -0.14238
xi_Omega_node : 177.74012 +153.10344 -138.91140
xi_inclination : 201.67271 +122.16157 -132.31601
xi_period : 2263550.96520 +1279836126566.10376 -2263323.48906
xi_semimajor_axis : 99.51641 +31304860.92990 -99.43058
xi_argument_of_latitude_reference : 152.55812 +153.65746 -124.21628
Fitted fluxes (source and blending):
flux_s_1 : 11.26327 +5.90718 -2.37068
flux_b_1 : 9.73538 +2.35634 -5.89693
Best model:
chi2: 1686.3366
t_0 u_0 t_E pi_E_N pi_E_E xi_Omega_node xi_inclination xi_period xi_semimajor_axis xi_argument_of_latitude_reference
2453110.7901161206 -0.07909694016746809 91.60182384514046 -1.3441451721762072 -0.014094433912098636 71.84818730061276 134.08909057831235 185.09366910055985 0.054094872872245806 6.0216091941791205
Fluxes:
12.475988327146881 8.518717060414739
