Mean acceptance fraction: 0.096
Mean autocorrelation time [steps]: 4528.3
Fitted parameters:
t_0 : 2453894.52842 +2.66566 -1.60990
u_0 : 0.07066 +0.00523 -0.00252
t_E : 138.63322 +31.11771 -67.04164
pi_E_N : -0.29358 +0.23566 -0.02717
pi_E_E : -0.11524 +0.05189 -0.05587
xi_Omega_node : 169.76099 +18.36039 -52.18217
xi_inclination : 106.18517 +86.70726 -2.53971
xi_period : 1119.14732 +41.82838 -610.34582
xi_semimajor_axis : 1.45327 +0.21255 -1.38384
xi_argument_of_latitude_reference : 78.92151 +127.86684 -14.47771
Fitted fluxes (source and blending):
flux_s_1 : 351.69699 +1.87757 -4.18423
flux_b_1 : 193.46989 +4.90409 -2.09767
Best model:
chi2: 13560.1966
t_0 u_0 t_E pi_E_N pi_E_E xi_Omega_node xi_inclination xi_period xi_semimajor_axis xi_argument_of_latitude_reference
2453897.614390568 0.06914569480038547 171.77658619340667 -0.2906413462112185 -0.10647342725209769 180.91345536828274 105.17438259641604 1159.578861118367 1.675327742609826 81.02487538230247
Fluxes:
352.28950913026455 192.44144290110597
