Mean acceptance fraction: 0.066
Mean autocorrelation time [steps]: 3901.2
Fitted parameters:
t_0 : 2452572.90663 +7.44124 -12.98194
u_0 : 1.25680 +5.66933 -0.93581
t_E : 78.98690 +96.86988 -60.00643
pi_E_N : 0.07372 +0.22769 -0.15269
pi_E_E : 0.39649 +1.17895 -0.25315
xi_Omega_node : 209.81976 +111.80278 -159.05194
xi_inclination : 152.62814 +175.46281 -119.25703
xi_period : 936.29915 +5857.75225 -901.45633
xi_semimajor_axis : 0.14687 +0.89419 -0.13252
xi_argument_of_latitude_reference : 190.80650 +101.67829 -148.07013
Fitted fluxes (source and blending):
flux_s_1 : 97.95075 +25047.85261 -88.73812
flux_b_1 : -76.58139 +88.68736 -25047.83405
Best model:
chi2: 489.3669
t_0 u_0 t_E pi_E_N pi_E_E xi_Omega_node xi_inclination xi_period xi_semimajor_axis xi_argument_of_latitude_reference
2452570.5398939257 0.3092023455657012 164.30789998556935 -0.053313916019340435 0.21875747339307833 220.92774924810286 71.62982423438119 801.7263534355693 0.17739304981536563 142.7179152114147
Fluxes:
8.961157594783407 12.365758214567062
