Mean acceptance fraction: 0.072
Mean autocorrelation time [steps]: 3362.4
Fitted parameters:
t_0 : 2452341.88577 +3.39273 -26.07598
u_0 : 0.20117 +0.25589 -0.11959
t_E : 74.36893 +25.85362 -23.21707
pi_E_N : 0.59658 +0.42599 -1.51050
pi_E_E : 0.12840 +1.79178 -0.51830
xi_Omega_node : 113.94763 +53.99602 -52.65721
xi_inclination : 177.27835 +162.13340 -87.02134
xi_period : 40.14178 +12.39069 -5.28023
xi_semimajor_axis : 0.08893 +0.32190 -0.06235
xi_argument_of_latitude_reference : 199.76492 +40.89243 -189.59343
Fitted fluxes (source and blending):
flux_s_1 : 25.38139 +101.51793 -16.08843
flux_b_1 : 23.02908 +16.09813 -101.52255
Best model:
chi2: 1112.4401
t_0 u_0 t_E pi_E_N pi_E_E xi_Omega_node xi_inclination xi_period xi_semimajor_axis xi_argument_of_latitude_reference
2452336.6657427074 0.33077691095236383 82.86925585163723 0.3721383563796169 -0.3734977711932505 122.79040740391396 92.15935866336427 40.28791786861787 0.2595681898129098 212.15014611561853
Fluxes:
46.031908710449784 2.3648842896616262
