Mean acceptance fraction: 0.090
Mean autocorrelation time [steps]: 2995.2
Fitted parameters:
t_0 : 2454009.55778 +0.28097 -0.86849
u_0 : 0.26692 +0.07205 -0.03835
t_E : 59.20624 +9.05785 -7.18678
pi_E_N : -0.25551 +0.82301 -0.15547
pi_E_E : 0.24048 +0.11705 -0.09168
xi_Omega_node : 180.79081 +141.97035 -134.01500
xi_inclination : 164.59838 +166.59442 -138.40437
xi_period : 414188.61372 +119640325917002896.00000 -414005.36542
xi_semimajor_axis : 0.78434 +212764921756.58295 -0.74224
xi_argument_of_latitude_reference : 183.77048 +111.89503 -156.04248
Fitted fluxes (source and blending):
flux_s_1 : 30.74626 +11.23773 -5.38112
flux_b_1 : -8.27830 +5.37528 -11.25292
Best model:
chi2: 1051.1444
t_0 u_0 t_E pi_E_N pi_E_E xi_Omega_node xi_inclination xi_period xi_semimajor_axis xi_argument_of_latitude_reference
2454009.635889228 0.21262387415095946 68.2212274134825 -0.3687505965205436 0.15722166235792767 45.00886603153691 204.6691728171308 1.2662268067413947e+17 3652796858033.7705 190.3247878513127
Fluxes:
23.086090265208764 -0.6238386608407067
