Mean acceptance fraction: 0.042
Mean autocorrelation time [steps]: 3971.8
Fitted parameters:
t_0 : 2453110.25347 +0.61170 -1.38879
u_0 : 0.06184 +0.02382 -0.02695
t_E : 134.42141 +57.03035 -47.12255
pi_E_N : -0.46570 +1.25986 -0.65478
pi_E_E : 0.15296 +0.12119 -0.36921
xi_Omega_node : 178.76065 +126.15195 -117.35373
xi_inclination : 154.65514 +133.18966 -88.66669
xi_period : 231.56035 +281.69290 -78.23747
xi_semimajor_axis : 0.05615 +0.03943 -0.03310
xi_argument_of_latitude_reference : 139.25714 +150.40272 -96.43540
Fitted fluxes (source and blending):
flux_s_1 : 9.63865 +3.94666 -4.31744
flux_b_1 : 11.36551 +4.28553 -3.95938
Best model:
chi2: 1670.5581
t_0 u_0 t_E pi_E_N pi_E_E xi_Omega_node xi_inclination xi_period xi_semimajor_axis xi_argument_of_latitude_reference
2453108.179134395 0.03141001398224653 183.6520381375674 -0.6080224153081317 -0.2860180599575613 55.56170602659296 169.19986329584015 321.7949167871481 0.11534599062368567 103.84319148478991
Fluxes:
4.9484733874305125 15.942823579699589
