Mean acceptance fraction: 0.065
Mean autocorrelation time [steps]: 3958.8
Fitted parameters:
t_0 : 2454049.41659 +37.18252 -50.16273
u_0 : 1.74555 +0.85944 -0.76370
t_E : 69.47299 +31.32758 -19.28726
pi_E_N : 2.77306 +1.43242 -0.97546
pi_E_E : 1.60227 +1.19417 -0.88485
xi_Omega_node : 249.27183 +75.51624 -100.40634
xi_inclination : 213.61195 +123.60527 -78.46640
xi_period : 154.67045 +28.82385 -68.68125
xi_semimajor_axis : 0.14777 +0.12636 -0.08524
xi_argument_of_latitude_reference : 136.23410 +125.43500 -102.71142
Fitted fluxes (source and blending):
flux_s_1 : 599.59525 +2262.74657 -431.99318
flux_b_1 : -484.23301 +431.98068 -2262.76628
Best model:
chi2: 4823.8251
t_0 u_0 t_E pi_E_N pi_E_E xi_Omega_node xi_inclination xi_period xi_semimajor_axis xi_argument_of_latitude_reference
2454088.078437084 3.2988246265579546 38.91812602167564 5.883649314366459 4.031532438608227 159.5092918075594 266.91900676127364 179.75627485886042 0.4318232007705641 244.1459533751318
Fluxes:
8628.955703295795 -8513.597337866775
