Mean acceptance fraction: 0.119
Mean autocorrelation time [steps]: 2087.2
Fitted parameters:
t_0 : 2454774.38355 +2.82944 -2.03435
u_0 : 0.38601 +0.23155 -0.10854
t_E : 58.66625 +12.28013 -13.08169
pi_E_N : 0.16468 +0.17972 -0.17212
pi_E_E : 0.31580 +0.19496 -0.12326
xi_Omega_node : 179.41920 +136.34109 -144.68646
xi_inclination : 161.35963 +141.71746 -134.73221
xi_period : 2143665137386977.00000 +353063323258838977609728.00000 -2143665136627239.00000
xi_semimajor_axis : 4709253940.78709 +1234841442784084736.00000 -4709253928.08382
xi_argument_of_latitude_reference : 174.62859 +123.26907 -135.21774
Fitted fluxes (source and blending):
flux_s_1 : 42.79591 +45.63751 -15.28315
flux_b_1 : -9.50667 +15.28071 -45.62665
Best model:
chi2: 1013.5656
t_0 u_0 t_E pi_E_N pi_E_E xi_Omega_node xi_inclination xi_period xi_semimajor_axis xi_argument_of_latitude_reference
2454771.768339854 0.2048372212259192 82.43567622952655 -0.0083888259305865 0.1412344820220107 161.76416051897425 270.1033293137906 38.21427188244786 0.020417365324787475 55.69157590927049
Fluxes:
18.914308850100486 14.364370728994999
