Mean acceptance fraction: 0.050
Mean autocorrelation time [steps]: 3622.4
Fitted parameters:
t_0 : 2454690.77190 +1.27626 -1.37008
u_0 : -0.09946 +0.03338 -0.17341
t_E : 59.69313 +15.45190 -20.78842
pi_E_N : 0.36870 +1.02082 -0.24342
pi_E_E : -1.39674 +0.30225 -0.27631
xi_Omega_node : 162.63394 +108.81490 -104.10715
xi_inclination : 183.81250 +57.81701 -91.88303
xi_period : 193.41815 +54.69698 -149.60309
xi_semimajor_axis : 0.12502 +0.17613 -0.05329
xi_argument_of_latitude_reference : 151.41359 +132.69321 -74.36714
Fitted fluxes (source and blending):
flux_s_1 : 4.48107 +10.65186 -1.57247
flux_b_1 : 25.82818 +1.41937 -10.50874
Best model:
chi2: 3340.4581
t_0 u_0 t_E pi_E_N pi_E_E xi_Omega_node xi_inclination xi_period xi_semimajor_axis xi_argument_of_latitude_reference
2454689.412141693 -0.06121950748128183 68.32627428703269 0.17657347790656164 -1.30529079870487 56.542846368298896 209.50814022371236 245.4644974210752 0.3299349159970415 171.16147525339537
Fluxes:
2.519700446115438 27.481239300205832
