Mean acceptance fraction: 0.061
Mean autocorrelation time [steps]: 3582.6
Fitted parameters:
t_0 : 2454339.90582 +2.33966 -0.67478
u_0 : 0.06761 +0.02229 -0.01222
t_E : 622.40280 +219.53554 -120.99463
pi_E_N : -0.05332 +0.01564 -0.11428
pi_E_E : -0.02147 +0.51951 -0.00956
xi_Omega_node : 223.14550 +120.65975 -105.62628
xi_inclination : 316.28741 +46.72397 -207.62297
xi_period : 1030.83971 +646.85663 -867.37715
xi_semimajor_axis : 0.05806 +0.08753 -0.01700
xi_argument_of_latitude_reference : 100.33799 +153.94432 -54.23749
Fitted fluxes (source and blending):
flux_s_1 : 2.82468 +0.85541 -0.50625
flux_b_1 : 24.79817 +1.44172 -0.78235
Best model:
chi2: 11838.0746
t_0 u_0 t_E pi_E_N pi_E_E xi_Omega_node xi_inclination xi_period xi_semimajor_axis xi_argument_of_latitude_reference
2454341.265437942 0.051792057978418224 695.0015592795859 -0.03646633058789269 -0.019487032345310306 275.5011975102783 362.59038183401344 1087.346088332026 0.0641582458391222 132.88609508381904
Fluxes:
2.146435666260071 25.173702397576605
