Mean acceptance fraction: 0.056
Mean autocorrelation time [steps]: 3584.9
Fitted parameters:
t_0 : 2453492.96652 +1.04384 -1.11782
u_0 : -0.87678 +0.32397 -0.23608
t_E : 53.02467 +20.39077 -6.61399
pi_E_N : -0.28741 +0.17955 -0.24810
pi_E_E : 0.05284 +0.06475 -0.07769
xi_Omega_node : 256.93409 +62.59742 -174.75183
xi_inclination : 208.19205 +75.45388 -64.05392
xi_period : 208.63857 +20.55365 -24.79558
xi_semimajor_axis : 0.04796 +0.02413 -0.03319
xi_argument_of_latitude_reference : 159.57338 +157.33970 -110.20546
Fitted fluxes (source and blending):
flux_s_1 : 1327.59642 +851.19944 -743.76707
flux_b_1 : -822.80955 +743.69820 -851.24332
Best model:
chi2: 1626.5005
t_0 u_0 t_E pi_E_N pi_E_E xi_Omega_node xi_inclination xi_period xi_semimajor_axis xi_argument_of_latitude_reference
2453494.3078011684 -1.3107544653316188 40.59853394171546 -0.5988301657191843 -0.034458729307949604 286.3671310818329 175.70935832615018 213.16440821163906 0.0892587015549012 232.55026885956244
Fluxes:
3182.773744054608 -2677.9436185142163
