Mean acceptance fraction: 0.092
Mean autocorrelation time [steps]: 4111.0
Fitted parameters:
t_0 : 2453496.76925 +2.86693 -18.89664
u_0 : 6.40862 +1.42859 -1.09538
t_E : 32.52198 +6.49776 -5.67086
pi_E_N : 0.16325 +0.07602 -0.29868
pi_E_E : -0.26360 +0.05494 -0.10086
xi_Omega_node : 196.36254 +34.85501 -24.90984
xi_inclination : 132.79664 +37.83747 -68.71831
xi_period : 435.87780 +59.52183 -41.17972
xi_semimajor_axis : 0.37635 +0.12776 -0.07478
xi_argument_of_latitude_reference : 286.77739 +38.16157 -32.34644
Fitted fluxes (source and blending):
flux_s_1 : 401480.04047 +468502.13864 -204643.13042
flux_b_1 : -400740.44052 +204642.91239 -468502.69250
Best model:
chi2: 2418.5742
t_0 u_0 t_E pi_E_N pi_E_E xi_Omega_node xi_inclination xi_period xi_semimajor_axis xi_argument_of_latitude_reference
2453500.202210373 8.415712188979857 25.969308401832507 0.2814635382720402 -0.38783811925372147 93.64874701329649 226.2576579374713 543.6287820088198 0.6489621649140067 181.9532337988671
Fluxes:
1157219.5330178905 -1156480.4787831958
