Mean acceptance fraction: 0.075
Mean autocorrelation time [steps]: 3690.5
Fitted parameters:
t_0 : 2454384.04073 +1.63724 -2.92274
u_0 : -11.66757 +5.59558 -8.22661
t_E : 7.08876 +6.42953 -2.96169
pi_E_N : 1.49659 +1.02268 -0.70874
pi_E_E : 1.87192 +1.44409 -0.81598
xi_Omega_node : 186.29088 +125.40203 -147.43080
xi_inclination : 188.57318 +119.23461 -127.26418
xi_period : 3502374.08514 +10502688682.88650 -3502099.14841
xi_semimajor_axis : 891.48795 +7322372.14436 -891.16205
xi_argument_of_latitude_reference : 172.22850 +140.30299 -133.15563
Fitted fluxes (source and blending):
flux_s_1 : 313783.72807 +2284907.29385 -288845.78915
flux_b_1 : -313670.58477 +288845.78627 -2284907.27362
Best model:
chi2: 2484.3575
t_0 u_0 t_E pi_E_N pi_E_E xi_Omega_node xi_inclination xi_period xi_semimajor_axis xi_argument_of_latitude_reference
2454384.2126663495 -5.366364656535057 14.150556289031243 1.9996446096456688 0.7287177079862606 201.41267925395624 195.35329111509967 209.33349327067717 0.19422039176745193 130.84640708465827
Fluxes:
15615.272326110584 -15502.144707870471
