Mean acceptance fraction: 0.087
Mean autocorrelation time [steps]: 3361.3
Fitted parameters:
t_0 : 2454837.90364 +13.41788 -5.36172
u_0 : -113.49144 +82.25742 -281.65500
t_E : 1.80447 +5.20094 -1.35940
pi_E_N : -5.31272 +4.87820 -21.32705
pi_E_E : -3.08964 +3.90040 -17.09432
xi_Omega_node : 217.92644 +131.61828 -167.14315
xi_inclination : 184.32838 +150.01723 -133.20119
xi_period : 21171591599.59982 +1580104910057.66016 -21171422950.53460
xi_semimajor_axis : 2731908.46926 +169209077.60156 -2731891.98699
xi_argument_of_latitude_reference : 195.47316 +142.12908 -162.51928
Fitted fluxes (source and blending):
flux_s_1 : 1659675762.07927 +268611813946.50034 -1650220274.64882
flux_b_1 : -1659675683.04305 +1650220274.57878 -268611813946.54568
Best model:
chi2: 1016.5392
t_0 u_0 t_E pi_E_N pi_E_E xi_Omega_node xi_inclination xi_period xi_semimajor_axis xi_argument_of_latitude_reference
2454835.355021749 -23.2785076285448 8.240951649461502 -1.4654118106836211 -0.9273041371819926 226.6233899229154 188.0693654475442 82.9960881133972 0.2672767232328378 285.16375383144856
Fluxes:
2996152.774828338 -2996073.7935184957
