Mean acceptance fraction: 0.060
Mean autocorrelation time [steps]: 3286.1
Fitted parameters:
t_0 : 2454386.92807 +8.24280 -15.43697
u_0 : 5.54468 +2.25327 -1.19876
t_E : 17.75002 +4.62893 -4.53052
pi_E_N : -0.70397 +0.47721 -0.75933
pi_E_E : 0.35598 +0.26205 -0.24942
xi_Omega_node : 211.75880 +94.46020 -152.71512
xi_inclination : 199.89607 +137.96743 -170.42066
xi_period : 357.81049 +1501.38592 -139.38894
xi_semimajor_axis : 0.67468 +1.19861 -0.44318
xi_argument_of_latitude_reference : 199.66030 +144.08880 -123.88133
Fitted fluxes (source and blending):
flux_s_1 : 16994.57125 +50649.52276 -10054.43499
flux_b_1 : -16883.21169 +10054.50762 -50649.55277
Best model:
chi2: 2243.1478
t_0 u_0 t_E pi_E_N pi_E_E xi_Omega_node xi_inclination xi_period xi_semimajor_axis xi_argument_of_latitude_reference
2454359.097442589 4.963684655505983 19.1668915856822 0.15681977017483084 -0.08240129997073598 282.53204375415817 352.54733327264626 1171.7356067115688 2.8564356625717506 220.23701501132254
Fluxes:
11942.239766680088 -11830.908285804817
