Mean acceptance fraction: 0.060
Mean autocorrelation time [steps]: 3805.1
Fitted parameters:
t_0 : 2454740.93419 +3.84529 -1.81542
u_0 : -0.13492 +0.01723 -0.03418
t_E : 220.07210 +24.99773 -21.47652
pi_E_N : -0.05940 +0.09218 -0.05760
pi_E_E : 0.12166 +0.03251 -0.03100
xi_Omega_node : 138.05479 +159.74261 -72.44434
xi_inclination : 77.63073 +220.46677 -60.12133
xi_period : 14.75154 +117.73258 -10.33885
xi_semimajor_axis : 0.01315 +0.00929 -0.00497
xi_argument_of_latitude_reference : 243.86678 +102.33922 -87.83646
Fitted fluxes (source and blending):
flux_s_1 : 10.19004 +3.00869 -1.68601
flux_b_1 : 52.13330 +1.59917 -3.02775
Best model:
chi2: 1766.2206
t_0 u_0 t_E pi_E_N pi_E_E xi_Omega_node xi_inclination xi_period xi_semimajor_axis xi_argument_of_latitude_reference
2454741.7949644863 -0.14253006326167988 218.5807996216037 -0.10101986169009877 0.14901734351467194 132.608077921844 75.78117699268678 4.57751934046915 0.022589478738115544 238.88407307484798
Fluxes:
10.848048468198538 51.474484336976225
