Mean acceptance fraction: 0.043
Mean autocorrelation time [steps]: 3723.8
Fitted parameters:
t_0 : 2454348.45949 +0.03899 -0.02805
u_0 : -0.01976 +0.01095 -0.00213
t_E : 19.42019 +21.67532 -0.83259
pi_E_N : -8.74783 +7.45370 -0.53405
pi_E_E : -10.45325 +8.89007 -0.58322
xi_Omega_node : 213.24686 +116.72533 -87.95164
xi_inclination : 41.88372 +36.37308 -38.23377
xi_period : 344.53376 +76.02419 -211.96853
xi_semimajor_axis : 0.08780 +0.04549 -0.06819
xi_argument_of_latitude_reference : 236.73451 +95.82212 -107.32618
Fitted fluxes (source and blending):
flux_s_1 : 32.90130 +1.47479 -18.81594
flux_b_1 : -27.60356 +18.43483 -1.46105
Best model:
chi2: 22459.6204
t_0 u_0 t_E pi_E_N pi_E_E xi_Omega_node xi_inclination xi_period xi_semimajor_axis xi_argument_of_latitude_reference
2454348.4509902294 -0.01959486039795135 16.261037164216617 -10.429900328305793 -11.974465911568346 143.54504516798858 10.036879046681204 0.3167487722421483 0.004212879768576152 267.28042952808346
Fluxes:
41.245242633588006 -35.895162869238554
