Mean acceptance fraction: 0.095
Mean autocorrelation time [steps]: 3913.9
Fitted parameters:
t_0 : 2453756.56203 +0.51345 -0.15914
u_0 : -0.00419 +0.00089 -0.00241
t_E : 16915.34717 +13862.50329 -3327.51964
pi_E_N : 0.00084 +0.00025 -0.00037
pi_E_E : 0.00297 +0.00065 -0.00435
xi_Omega_node : 131.57138 +8.58381 -2.54319
xi_inclination : 97.43235 +49.82092 -3.62042
xi_period : 182.05491 +82.55492 -1.12791
xi_semimajor_axis : 0.00031 +0.01540 -0.00007
xi_argument_of_latitude_reference : 184.14416 +3.30068 -20.50381
Fitted fluxes (source and blending):
flux_s_1 : 1.66143 +4.44290 -0.35475
flux_b_1 : 1231.50101 +6.55975 -0.33203
Best model:
chi2: 7436.4476
t_0 u_0 t_E pi_E_N pi_E_E xi_Omega_node xi_inclination xi_period xi_semimajor_axis xi_argument_of_latitude_reference
2453756.5260445024 -0.004753223543864542 12659.189112893002 0.0010933728519500253 0.003883592674853619 132.26653734221145 95.1901115201776 181.557683699598 0.00035974692236224185 184.79185905685094
Fluxes:
1.8872926609439433 1231.5747834554886
