Mean acceptance fraction: 0.178
Mean autocorrelation time [steps]: 1728.4
Fitted parameters:
t_0 : 2454577.08327 +0.07499 -0.00991
u_0 : -0.02272 +0.00020 -0.00152
t_E : 75.52864 +0.35525 -0.39365
pi_E_N : -0.05111 +0.11814 -0.09327
pi_E_E : -0.03675 +0.00949 -0.00945
xi_Omega_node : 373.96449 +4.63735 -96.92911
xi_inclination : 67.94120 +14.56566 -9.30085
xi_period : 8.20663 +8.62909 -0.33261
xi_semimajor_axis : 0.00045 +0.00121 -0.00007
xi_argument_of_latitude_reference : 331.80869 +9.26950 -43.31112
Fitted fluxes (source and blending):
flux_s_1 : 168.64619 +1.15694 -0.89556
flux_b_1 : 18.72264 +0.88506 -1.14085
Best model:
chi2: 19709.7092
t_0 u_0 t_E pi_E_N pi_E_E xi_Omega_node xi_inclination xi_period xi_semimajor_axis xi_argument_of_latitude_reference
2454577.076090489 -0.02259902457255416 75.5397497273185 -0.06717726189276117 -0.037776203539779875 379.3366290078087 70.51001039500849 7.932139883336407 0.0004031579607885273 339.6627734588577
Fluxes:
168.54371445836412 18.82413707912454
