Mean acceptance fraction: 0.035
Mean autocorrelation time [steps]: 3800.3
Fitted parameters:
t_0 : 2452930.26908 +0.20345 -0.24669
u_0 : 0.00582 +0.00198 -0.00460
t_E : 2322.60943 +5083.10090 -915.98884
pi_E_N : -0.11695 +0.09457 -0.11324
pi_E_E : 0.09535 +0.09401 -0.06280
xi_Omega_node : 202.42019 +78.11306 -51.86824
xi_inclination : 241.45325 +78.22199 -177.09817
xi_period : 46.89053 +22.77180 -7.29679
xi_semimajor_axis : 0.03446 +0.01940 -0.02937
xi_argument_of_latitude_reference : 251.88767 +99.80384 -150.57909
Fitted fluxes (source and blending):
flux_s_1 : 1.40836 +1.40069 -0.94228
flux_b_1 : 54.11549 +0.41385 -0.67606
Best model:
chi2: 689.7738
t_0 u_0 t_E pi_E_N pi_E_E xi_Omega_node xi_inclination xi_period xi_semimajor_axis xi_argument_of_latitude_reference
2452929.9923742325 0.006386725832130775 7695.844497779668 -0.030494826319807263 0.05451771045127099 242.84760468644578 320.98043347300086 71.43296780285615 0.0055169150922467144 379.26912846812706
Fluxes:
0.4577338067520642 54.14224059148759
