Mean acceptance fraction: 0.070
Mean autocorrelation time [steps]: 4005.2
Fitted parameters:
t_0 : 2454004.98069 +6.03686 -4.94239
u_0 : 1.46089 +0.39934 -0.44386
t_E : 84.07592 +21.76605 -13.25405
pi_E_N : 1.77693 +0.22121 -0.26261
pi_E_E : 0.69684 +0.19451 -0.19329
xi_Omega_node : 132.83457 +98.43671 -110.21533
xi_inclination : 260.64637 +16.07655 -71.47846
xi_period : 7.06324 +0.23985 -1.44044
xi_semimajor_axis : 0.06501 +0.08515 -0.03921
xi_argument_of_latitude_reference : 134.26597 +85.62159 -128.94114
Fitted fluxes (source and blending):
flux_s_1 : 271.20888 +208.71332 -149.93757
flux_b_1 : -155.88412 +149.92429 -208.69271
Best model:
chi2: 4863.0349
t_0 u_0 t_E pi_E_N pi_E_E xi_Omega_node xi_inclination xi_period xi_semimajor_axis xi_argument_of_latitude_reference
2454000.365387197 1.862082782465506 70.03201732997462 2.0003105978517506 0.9540565583544591 191.780138368515 206.24180881943488 2.8823219220166525 0.036297734259376296 55.32302063311889
Fluxes:
471.6525710200123 -356.34519903285735
