Mean acceptance fraction: 0.071
Mean autocorrelation time [steps]: 3782.9
Fitted parameters:
t_0 : 2453755.92012 +1.57884 -1.42198
u_0 : -6.89373 +1.67406 -1.61816
t_E : 32.00140 +9.44442 -5.44405
pi_E_N : -0.61183 +0.14616 -0.13354
pi_E_E : -0.35858 +0.09078 -0.12885
xi_Omega_node : 168.72386 +147.53611 -137.33211
xi_inclination : 234.19436 +97.52463 -178.46472
xi_period : 69.54472 +11.13972 -60.03932
xi_semimajor_axis : 0.02274 +0.01369 -0.00676
xi_argument_of_latitude_reference : 195.32468 +139.15001 -158.18574
Fitted fluxes (source and blending):
flux_s_1 : 112807.85665 +141091.35582 -73405.46215
flux_b_1 : -112481.23473 +73405.56043 -141091.29907
Best model:
chi2: 1397.5285
t_0 u_0 t_E pi_E_N pi_E_E xi_Omega_node xi_inclination xi_period xi_semimajor_axis xi_argument_of_latitude_reference
2453752.518985388 -8.162585776766617 28.51912061114663 -0.9151150637083186 -0.5805753191231354 89.85566091335778 369.01774727412754 240.73825089670444 0.12854354174503899 373.26932605623904
Fluxes:
218407.94136786598 -218081.30382214655
