Mean acceptance fraction: 0.118
Mean autocorrelation time [steps]: 2558.6
Fitted parameters:
t_0 : 2452863.08403 +0.06610 -0.05332
u_0 : -0.05543 +0.00139 -0.00148
t_E : 62.58677 +0.92703 -0.77913
pi_E_N : 0.18204 +0.19718 -0.19230
pi_E_E : 0.09616 +0.01503 -0.03227
xi_Omega_node : 150.54677 +82.44535 -127.14099
xi_inclination : 226.04085 +86.21931 -114.46913
xi_period : 37.57176 +27.40988 -6.06106
xi_semimajor_axis : 0.00191 +0.00226 -0.00080
xi_argument_of_latitude_reference : 272.96259 +66.60911 -112.33974
Fitted fluxes (source and blending):
flux_s_1 : 101.00749 +1.93261 -2.00923
flux_b_1 : 206.28194 +1.98914 -1.92070
Best model:
chi2: 1805.5168
t_0 u_0 t_E pi_E_N pi_E_E xi_Omega_node xi_inclination xi_period xi_semimajor_axis xi_argument_of_latitude_reference
2452863.07270663 -0.05501300810640865 62.68211023093803 0.21113817764229015 0.08267732453002638 256.8028526346218 274.27897085175596 35.94640564846572 0.0056722667819634025 344.35805320061405
Fluxes:
100.08064835677065 207.20265620325918
