Mean acceptance fraction: 0.074
Mean autocorrelation time [steps]: 3229.6
Fitted parameters:
t_0 : 2454232.55419 +660.95413 -673.53275
u_0 : 117.56549 +626.91098 -93.65229
t_E : 2.55879 +5.16863 -1.90169
pi_E_N : -320.21685 +314.46941 -1044.69795
pi_E_E : 218.24129 +728.79008 -201.03455
xi_Omega_node : 235.49701 +95.82919 -158.25401
xi_inclination : 228.07224 +120.62975 -173.66433
xi_period : 270646143.98313 +43832102012.37674 -270646087.47565
xi_semimajor_axis : 188746.90325 +40906065.81936 -188746.36287
xi_argument_of_latitude_reference : 129.94475 +161.09063 -126.08054
Fitted fluxes (source and blending):
flux_s_1 : 290408212964.43793 +21627346495671.99609 -290361682041.33142
flux_b_1 : -290408212942.93311 +290361682041.28180 -21627346495672.05078
Best model:
chi2: 1632.8031
t_0 u_0 t_E pi_E_N pi_E_E xi_Omega_node xi_inclination xi_period xi_semimajor_axis xi_argument_of_latitude_reference
2454904.153183279 22.11636519283566 7.03360443375066 -1.5307780050272355 6.628097174224614 110.83196546338937 246.62882727284665 58.7852801537431 0.28632528561460924 -19.061326167147076
Fluxes:
2685129.141519165 -2685107.7235172503
