Mean acceptance fraction: 0.069
Mean autocorrelation time [steps]: 3386.4
Fitted parameters:
t_0 : 2452863.12408 +0.03892 -0.04918
u_0 : 0.05535 +0.00093 -0.00088
t_E : 62.92292 +0.87820 -0.74574
pi_E_N : 0.12076 +0.20163 -0.16791
pi_E_E : 0.10879 +0.01543 -0.02955
xi_Omega_node : 165.14519 +148.47667 -139.98293
xi_inclination : 192.24210 +119.78215 -138.56784
xi_period : 2476.80502 +54265490649224376.00000 -2438.56699
xi_semimajor_axis : 0.18762 +557069113951.65955 -0.18582
xi_argument_of_latitude_reference : 152.92341 +110.15185 -92.66658
Fitted fluxes (source and blending):
flux_s_1 : 101.49008 +1.16375 -1.65947
flux_b_1 : 205.78847 +1.66379 -1.13889
Best model:
chi2: 1796.8094
t_0 u_0 t_E pi_E_N pi_E_E xi_Omega_node xi_inclination xi_period xi_semimajor_axis xi_argument_of_latitude_reference
2452863.1280914834 0.0563398522004773 62.50715642011754 0.23786027052134043 0.08575738879991177 170.40993418582457 260.6379175386132 2.8016546489863265e+18 17103999947997.922 161.64505018337513
Fluxes:
103.23206223391493 204.04308975418647
