Mean acceptance fraction: 0.063
Mean autocorrelation time [steps]: 4094.5
Fitted parameters:
t_0 : 2453858.84215 +0.16170 -0.30278
u_0 : -0.28019 +0.03352 -0.08271
t_E : 148.71914 +10.59032 -18.46612
pi_E_N : -0.02550 +0.08068 -0.04998
pi_E_E : -0.04193 +0.00606 -0.03493
xi_Omega_node : 270.83818 +56.00439 -181.89453
xi_inclination : 229.51228 +47.24044 -132.59603
xi_period : 96.41847 +38.31199 -88.55491
xi_semimajor_axis : 0.00391 +0.00229 -0.00313
xi_argument_of_latitude_reference : 191.20300 +137.22102 -166.42433
Fitted fluxes (source and blending):
flux_s_1 : 166.24120 +68.68171 -24.96312
flux_b_1 : 147.09700 +24.94852 -68.69980
Best model:
chi2: 4819.2405
t_0 u_0 t_E pi_E_N pi_E_E xi_Omega_node xi_inclination xi_period xi_semimajor_axis xi_argument_of_latitude_reference
2453858.766848337 -0.2360673750011228 162.24071830238407 -0.11218221443193613 -0.03943415835378943 132.80891353018052 246.05733371066572 128.4211686485913 0.005202265395835741 225.03357435198404
Fluxes:
133.65718012816902 179.63579642939916
