Mean acceptance fraction: 0.041
Mean autocorrelation time [steps]: 4036.6
Fitted parameters:
t_0 : 2453857.91547 +0.14410 -0.08408
u_0 : 0.00078 +0.00032 -0.00076
t_E : 1073.91177 +865.77966 -774.73877
pi_E_N : 0.02306 +0.08519 -0.05410
pi_E_E : -0.14517 +0.08398 -0.31116
xi_Omega_node : 264.28730 +26.12642 -214.26409
xi_inclination : 120.68049 +114.09503 -33.91964
xi_period : 7.40140 +0.86768 -1.58798
xi_semimajor_axis : 0.00047 +0.00505 -0.00046
xi_argument_of_latitude_reference : 127.71015 +82.37324 -50.80531
Fitted fluxes (source and blending):
flux_s_1 : 0.49006 +1.07794 -0.23509
flux_b_1 : 18.95214 +0.06576 -0.24892
Best model:
chi2: 1873.0821
t_0 u_0 t_E pi_E_N pi_E_E xi_Omega_node xi_inclination xi_period xi_semimajor_axis xi_argument_of_latitude_reference
2453858.032719479 0.0015485405675436032 973.067487225733 0.036534002329775904 -0.10554918477643864 326.4605901143695 65.62674169641608 7.717043185601472 6.509946709111381e-06 -12.431959250760926
Fluxes:
0.44843676620136497 18.967819315252694
