Mean acceptance fraction: 0.047
Mean autocorrelation time [steps]: 3803.4
Fitted parameters:
t_0 : 2454145.15599 +0.99976 -1.49615
u_0 : -0.03385 +0.02826 -0.01153
t_E : 99.89784 +332.87938 -15.26839
pi_E_N : -0.03183 +0.06682 -0.16941
pi_E_E : 0.40721 +0.07922 -0.12191
xi_Omega_node : 154.90645 +160.56910 -100.86073
xi_inclination : 228.85140 +110.09426 -147.60437
xi_period : 260.55007 +513.17845 -195.45037
xi_semimajor_axis : 0.03640 +0.07187 -0.03271
xi_argument_of_latitude_reference : 179.28968 +101.89136 -125.08913
Fitted fluxes (source and blending):
flux_s_1 : 9.13090 +3.01674 -5.38612
flux_b_1 : 7.99173 +6.36099 -3.02381
Best model:
chi2: 2183.1882
t_0 u_0 t_E pi_E_N pi_E_E xi_Omega_node xi_inclination xi_period xi_semimajor_axis xi_argument_of_latitude_reference
2454145.304356027 -0.05963364671571579 78.86481973600482 -0.22757598682301888 0.5832270358759383 328.39446239660987 17.68782059504437 513.1201802576265 0.11752533737163824 231.61527541704558
Fluxes:
12.701597277567739 4.40678484493157
