Mean acceptance fraction: 0.099
Mean autocorrelation time [steps]: 2826.7
Fitted parameters:
t_0 : 2452886.74932 +74.83827 -84.06839
u_0 : -0.51793 +0.27443 -0.60863
t_E : 234.15482 +58.21753 -49.29942
pi_E_N : -0.18538 +0.04424 -0.11564
pi_E_E : 0.07739 +0.07204 -0.02685
xi_Omega_node : 229.63653 +109.67400 -156.79497
xi_inclination : 183.79683 +138.20374 -139.56597
xi_period : 81843.46786 +31780523259.79741 -81525.82100
xi_semimajor_axis : 0.69871 +94752.70754 -0.66490
xi_argument_of_latitude_reference : 154.43733 +165.02613 -129.89458
Fitted fluxes (source and blending):
flux_s_1 : 29.40133 +118.92739 -19.02024
flux_b_1 : 85.72017 +18.97320 -118.88518
Best model:
chi2: 1154.8852
t_0 u_0 t_E pi_E_N pi_E_E xi_Omega_node xi_inclination xi_period xi_semimajor_axis xi_argument_of_latitude_reference
2452944.2042553574 -0.308791635138008 320.5536626656632 -0.13967187797213024 0.08238897522439861 201.0956481306551 42.749226327787596 371.0100539038713 0.042446049226890895 10.545370112011508
Fluxes:
12.223039294352503 102.81036998809083
