Mean acceptance fraction: 0.063
Mean autocorrelation time [steps]: 3882.1
Fitted parameters:
t_0 : 2454904.71008 +16.50089 -21.19521
u_0 : 216.74959 +279.28727 -172.78361
t_E : 1.07153 +4.92207 -0.66136
pi_E_N : -47.32670 +38.46895 -87.95354
pi_E_E : 38.17314 +157.68870 -34.06276
xi_Omega_node : 175.39549 +142.99970 -109.73653
xi_inclination : 166.32249 +170.55788 -127.18372
xi_period : 74.33441 +37.82582 -9.49548
xi_semimajor_axis : 6.88063 +10.03265 -4.94743
xi_argument_of_latitude_reference : 143.77914 +132.33926 -130.13237
Fitted fluxes (source and blending):
flux_s_1 : 24996494907.04042 +693681483129.97510 -24954987656.42149
flux_b_1 : -24996494885.62730 +24954987656.38892 -693681483130.03516
Best model:
chi2: 1613.4390
t_0 u_0 t_E pi_E_N pi_E_E xi_Omega_node xi_inclination xi_period xi_semimajor_axis xi_argument_of_latitude_reference
2454916.3697294705 221.86274212532177 0.7229435616374982 -56.49794176190922 37.30110833554638 322.2580008697047 95.76856479498309 72.53312935095835 11.330347979945689 164.51438686447875
Fluxes:
26286972453.831635 -26286972432.43914
