Mean acceptance fraction: 0.108
Mean autocorrelation time [steps]: 3029.3
Fitted parameters:
t_0 : 2454165.83690 +44.85558 -8.11593
u_0 : -11.48199 +1.61279 -3.02908
t_E : 21.46843 +4.72648 -3.55877
pi_E_N : -0.02353 +0.12839 -0.82132
pi_E_E : -0.20964 +0.09518 -0.11378
xi_Omega_node : 300.29459 +5.15612 -2.17136
xi_inclination : 328.42478 +33.92215 -284.76470
xi_period : 266.45281 +3.30874 -37.07768
xi_semimajor_axis : 1.04424 +0.29419 -0.62910
xi_argument_of_latitude_reference : 379.19449 +0.64791 -17.53547
Fitted fluxes (source and blending):
flux_s_1 : 1342323.68030 +2097325.10547 -596981.16091
flux_b_1 : -1341510.11521 +596981.15092 -2097325.10581
Best model:
chi2: 4939.5709
t_0 u_0 t_E pi_E_N pi_E_E xi_Omega_node xi_inclination xi_period xi_semimajor_axis xi_argument_of_latitude_reference
2454154.558155922 -17.175475079893644 15.007719247261347 0.23122071624679222 -0.37520762089138415 300.85466142769315 325.96368793930975 271.3212169998356 1.805364268063534 379.93773535373185
Fluxes:
6887973.202980927 -6887159.685575967
