Mean acceptance fraction: 0.076
Mean autocorrelation time [steps]: 3736.6
Fitted parameters:
t_0 : 2452578.04632 +4.85610 -6.18859
u_0 : -6.18989 +5.63453 -29.77911
t_E : 20.55319 +134.17136 -16.94193
pi_E_N : -0.48217 +0.46284 -2.19540
pi_E_E : 2.18792 +10.79610 -1.85638
xi_Omega_node : 154.80210 +162.25946 -132.02663
xi_inclination : 189.93337 +111.75755 -146.21640
xi_period : 4541918364.83427 +697046035704.14429 -4495699721.82635
xi_semimajor_axis : 360484.52473 +50318540.45956 -358050.69872
xi_argument_of_latitude_reference : 224.86347 +99.79237 -185.40012
Fitted fluxes (source and blending):
flux_s_1 : 16656.75934 +17097649.04337 -16637.46203
flux_b_1 : -16635.37920 +16637.42013 -17097649.10424
Best model:
chi2: 490.4360
t_0 u_0 t_E pi_E_N pi_E_E xi_Omega_node xi_inclination xi_period xi_semimajor_axis xi_argument_of_latitude_reference
2452566.7668526317 -0.7004358636606887 99.1616196408361 -0.08714827229881783 0.41681152932101917 52.591529191557925 316.70253640596286 2301.7569739847168 0.6506907588758958 369.5318521090353
Fluxes:
29.01843747786229 -7.671241083175916
