Mean acceptance fraction: 0.085
Mean autocorrelation time [steps]: 3276.0
Fitted parameters:
t_0 : 2453629.44814 +0.45483 -1.19262
u_0 : 0.52895 +0.09731 -0.04011
t_E : 87.09381 +3.48694 -5.68300
pi_E_N : 0.26294 +0.07290 -0.05680
pi_E_E : 0.12375 +0.01730 -0.01503
xi_Omega_node : 206.53917 +91.77676 -154.89913
xi_inclination : 164.10668 +137.77540 -72.82781
xi_period : 107.33914 +82224353040827.62500 -99.43412
xi_semimajor_axis : 0.01985 +487507243.04500 -0.01656
xi_argument_of_latitude_reference : 220.75204 +100.34204 -125.20767
Fitted fluxes (source and blending):
flux_s_1 : 209.01430 +71.49844 -24.01799
flux_b_1 : -48.77162 +23.99028 -70.67853
Best model:
chi2: 911.6795
t_0 u_0 t_E pi_E_N pi_E_E xi_Omega_node xi_inclination xi_period xi_semimajor_axis xi_argument_of_latitude_reference
2453629.500084331 0.5515656195382972 84.61161743008223 0.26344360194578187 0.12817101928159316 284.42039156316054 280.1039029189296 7.883689757037901 0.0033158779266180952 141.83207274245987
Fluxes:
221.3186429617282 -61.04991790160482
