Mean acceptance fraction: 0.086
Mean autocorrelation time [steps]: 2794.0
Fitted parameters:
t_0 : 2454774.71339 +4.04527 -3.63869
u_0 : 0.39847 +0.49819 -0.14818
t_E : 57.63680 +20.95912 -20.22570
pi_E_N : 0.18725 +0.25212 -0.26622
pi_E_E : 0.34748 +0.36002 -0.15226
xi_Omega_node : 187.40161 +142.70833 -172.44712
xi_inclination : 199.64837 +118.82228 -139.54097
xi_period : 304464090.86604 +10855862469.52938 -303543614.51118
xi_semimajor_axis : 66305.99859 +1953120.19645 -66262.26559
xi_argument_of_latitude_reference : 168.96296 +139.37504 -121.68108
Fitted fluxes (source and blending):
flux_s_1 : 44.95406 +130.27335 -20.78189
flux_b_1 : -11.66444 +20.77616 -130.25941
Best model:
chi2: 1014.3614
t_0 u_0 t_E pi_E_N pi_E_E xi_Omega_node xi_inclination xi_period xi_semimajor_axis xi_argument_of_latitude_reference
2454772.231181121 0.17183135752222126 90.57059580932093 -0.1226033600581154 0.11614459180198405 -3.02183831543055 96.59755816414074 37.073663643773486 0.02135529603948682 249.14929278301884
Fluxes:
15.861435582102523 17.41784116984197
