Mean acceptance fraction: 0.086
Mean autocorrelation time [steps]: 2271.9
Fitted parameters:
t_0 : 2453110.45434 +0.28131 -0.15979
u_0 : -0.07025 +0.01227 -0.01943
t_E : 97.90043 +19.84318 -16.74447
pi_E_N : -0.99461 +1.76389 -0.08666
pi_E_E : 0.13928 +0.13050 -0.04385
xi_Omega_node : 197.95131 +141.54035 -134.54141
xi_inclination : 118.22524 +183.13413 -121.74951
xi_period : 215161.51817 +562346821569.74158 -215055.87297
xi_semimajor_axis : 4.00063 +9204393.58773 -3.98070
xi_argument_of_latitude_reference : 229.28657 +82.85957 -157.03292
Fitted fluxes (source and blending):
flux_s_1 : 10.94167 +3.26139 -2.02369
flux_b_1 : 10.05748 +2.00904 -3.25056
Best model:
chi2: 1683.7199
t_0 u_0 t_E pi_E_N pi_E_E xi_Omega_node xi_inclination xi_period xi_semimajor_axis xi_argument_of_latitude_reference
2453110.994619387 -0.05222431743900638 112.16210399014564 -0.9114886490983432 -0.06663444693997102 52.59075682577904 210.12376314898898 277.7657611611848 0.048251124050625566 84.51127146966132
Fluxes:
8.0981593807343 12.891099599002905
