Mean acceptance fraction: 0.063
Mean autocorrelation time [steps]: 4059.3
Fitted parameters:
t_0 : 2454040.52901 +77.84826 -63.77888
u_0 : 2.36552 +1.68782 -1.69906
t_E : 56.36806 +74.79428 -18.06652
pi_E_N : 3.64609 +2.81069 -2.19297
pi_E_E : 2.25350 +2.29106 -1.93214
xi_Omega_node : 16.12449 +37.67452 -23.09578
xi_inclination : 268.28945 +27.04789 -59.70053
xi_period : 167.89551 +84.06218 -63.08604
xi_semimajor_axis : 0.43076 +0.45795 -0.30868
xi_argument_of_latitude_reference : 55.04635 +62.21129 -39.63490
Fitted fluxes (source and blending):
flux_s_1 : 1770.19503 +14452.81354 -1723.58266
flux_b_1 : -1654.84080 +1723.56131 -14452.83758
Best model:
chi2: 4817.2492
t_0 u_0 t_E pi_E_N pi_E_E xi_Omega_node xi_inclination xi_period xi_semimajor_axis xi_argument_of_latitude_reference
2454073.2573510054 2.5422778421028815 50.65038629449746 5.191433410338718 3.2874324518366773 15.97052554149084 276.4997349805042 192.48689618497525 0.6695835486038791 62.48987180769368
Fluxes:
2752.703525132863 -2637.355565537525
