Mean acceptance fraction: 0.053
Mean autocorrelation time [steps]: 3644.1
Fitted parameters:
t_0 : 2454382.52204 +5.63787 -28.44979
u_0 : -4.85439 +2.39181 -2.96345
t_E : 19.25505 +14.67159 -6.88090
pi_E_N : 0.59597 +0.73287 -0.30601
pi_E_E : 0.37196 +0.31463 -0.27525
xi_Omega_node : 239.54239 +85.74673 -158.39225
xi_inclination : 294.68151 +64.25772 -201.24789
xi_period : 374.49345 +2459.34804 -152.71001
xi_semimajor_axis : 0.54249 +1.09888 -0.35967
xi_argument_of_latitude_reference : 161.09042 +130.88699 -110.16189
Fitted fluxes (source and blending):
flux_s_1 : 10642.85874 +51461.08314 -9380.51362
flux_b_1 : -10531.53210 +9380.55489 -51461.01374
Best model:
chi2: 2239.9653
t_0 u_0 t_E pi_E_N pi_E_E xi_Omega_node xi_inclination xi_period xi_semimajor_axis xi_argument_of_latitude_reference
2454406.4690317977 -2.516087788168839 35.91038500006012 0.1014634240310609 -0.11564619124661868 374.4106507837638 295.5372627551446 1184.9940622651527 2.102277861532099 158.76755155077007
Fluxes:
1171.1460368661064 -1059.809836619533
