Mean acceptance fraction: 0.094
Mean autocorrelation time [steps]: 4441.4
Fitted parameters:
t_0 : 2454348.48957 +0.08537 -0.06334
u_0 : 0.00329 +0.00414 -0.00320
t_E : 33.79896 +12.40220 -7.71496
pi_E_N : -0.60535 +0.94009 -1.15222
pi_E_E : 0.21114 +2.41718 -0.91050
xi_Omega_node : 224.74641 +40.70970 -125.78416
xi_inclination : 286.76067 +52.74478 -54.28278
xi_period : 5.04903 +7.98649 -3.28462
xi_semimajor_axis : 0.01529 +0.01123 -0.00949
xi_argument_of_latitude_reference : 183.07044 +76.04325 -89.06602
Fitted fluxes (source and blending):
flux_s_1 : 16.12909 +6.77427 -4.02182
flux_b_1 : -10.82331 +3.81153 -6.79649
Best model:
chi2: 11365.8834
t_0 u_0 t_E pi_E_N pi_E_E xi_Omega_node xi_inclination xi_period xi_semimajor_axis xi_argument_of_latitude_reference
2454348.516430547 0.005407449510170813 39.957076778357845 3.696761436250726 -2.8723581598004007 258.27705130489755 278.30141467831504 0.9825639256709471 0.009780321139717692 137.3719166952108
Fluxes:
13.827946576006102 -8.729689057158271
