Mean acceptance fraction: 0.050
Mean autocorrelation time [steps]: 3743.2
Fitted parameters:
t_0 : 2454767.70859 +207.05007 -52.64617
u_0 : 7.74612 +5.64747 -3.98071
t_E : 37.50710 +35.32229 -11.62986
pi_E_N : -0.87955 +1.26497 -0.51208
pi_E_E : 1.54913 +3.05556 -1.12971
xi_Omega_node : 236.33031 +112.51241 -172.65406
xi_inclination : 218.39064 +113.44910 -181.27056
xi_period : 602.96481 +1698.16236 -429.85724
xi_semimajor_axis : 0.61375 +0.51270 -0.35851
xi_argument_of_latitude_reference : 226.89042 +94.37028 -157.69802
Fitted fluxes (source and blending):
flux_s_1 : 44035.56584 +935158.44231 -40985.21916
flux_b_1 : -43985.92730 +40985.22723 -935158.45770
Best model:
chi2: 1364.4625
t_0 u_0 t_E pi_E_N pi_E_E xi_Omega_node xi_inclination xi_period xi_semimajor_axis xi_argument_of_latitude_reference
2454850.447975383 17.416830756663924 20.64003031840155 -0.5624715378696115 4.586331427375698 59.190310916075234 319.2932943740903 174.57775360740237 0.4957740466360588 354.8231952402467
Fluxes:
1381895.287767606 -1381845.6655933985
