Mean acceptance fraction: 0.072
Mean autocorrelation time [steps]: 3647.9
Fitted parameters:
t_0 : 2453522.62957 +25.53277 -39.62196
u_0 : -44.47525 +20.65942 -53.05187
t_E : 11.94302 +6.85688 -6.26376
pi_E_N : -2.17657 +1.07304 -2.80901
pi_E_E : 8.23086 +10.00156 -4.47340
xi_Omega_node : 132.15388 +161.98305 -107.51773
xi_inclination : 162.66402 +150.85045 -124.62987
xi_period : 196.33882 +22.59999 -27.34184
xi_semimajor_axis : 1.10635 +1.50546 -0.61952
xi_argument_of_latitude_reference : 201.43774 +108.52914 -177.35163
Fitted fluxes (source and blending):
flux_s_1 : 82126683.97231 +1751693884.13567 -75667218.77518
flux_b_1 : -82126617.46167 +75667218.77171 -1751693884.18265
Best model:
chi2: 918.6342
t_0 u_0 t_E pi_E_N pi_E_E xi_Omega_node xi_inclination xi_period xi_semimajor_axis xi_argument_of_latitude_reference
2453528.564105915 -18.770716404424693 23.20480558340954 -1.027815839024795 2.975108598878629 115.93815056104147 95.92515773490462 193.39437116093768 0.41869865266936596 297.2187265928271
Fluxes:
2498599.7367798304 -2498533.2689384986
