Mean acceptance fraction: 0.072
Mean autocorrelation time [steps]: 3817.1
Fitted parameters:
t_0 : 2454901.44918 +15.99165 -14.91039
u_0 : 103.90253 +187.75763 -85.38800
t_E : 1.56911 +8.12204 -0.88863
pi_E_N : -30.34741 +26.12861 -69.62810
pi_E_E : 21.84290 +70.71103 -20.65364
xi_Omega_node : 174.43871 +148.96218 -109.19608
xi_inclination : 150.73090 +188.43896 -121.63379
xi_period : 75.66750 +25.55090 -8.27712
xi_semimajor_axis : 3.49425 +7.58162 -2.81822
xi_argument_of_latitude_reference : 254.29073 +93.84666 -134.76937
Fitted fluxes (source and blending):
flux_s_1 : 1303167452.37522 +86434553553.88934 -1301834571.72348
flux_b_1 : -1303167430.98297 +1301834571.74399 -86434553553.89117
Best model:
chi2: 1614.5195
t_0 u_0 t_E pi_E_N pi_E_E xi_Omega_node xi_inclination xi_period xi_semimajor_axis xi_argument_of_latitude_reference
2454905.216839552 68.10993708954089 2.399423958647219 -20.86783223273429 9.38505447989931 334.56627019132065 59.34482124840271 76.31573844966773 3.817024102666588 108.47013999822599
Fluxes:
234986667.96526283 -234986646.58960786
