Mean acceptance fraction: 0.176
Mean autocorrelation time [steps]: 1315.4
Fitted parameters:
t_0 : 2454028.57426 +57.44696 -2.81127
u_0 : -0.84285 +0.42566 -0.03731
t_E : 370.01065 +221.22203 -9.24782
pi_E_N : -0.04538 +0.05493 -0.00166
pi_E_E : -0.06509 +0.26981 -0.00364
xi_Omega_node : 328.32225 +18.24205 -141.89486
xi_inclination : 237.81194 +142.10724 -132.94656
xi_period : 117.89530 +3.55097 -52.94263
xi_semimajor_axis : 0.00417 +0.01086 -0.00128
xi_argument_of_latitude_reference : 56.71438 +23.71745 -50.85357
Fitted fluxes (source and blending):
flux_s_1 : 420.77928 +36.15957 -325.34030
flux_b_1 : -4.74018 +321.32799 -36.09492
Best model:
chi2: 8159.0595
t_0 u_0 t_E pi_E_N pi_E_E xi_Omega_node xi_inclination xi_period xi_semimajor_axis xi_argument_of_latitude_reference
2454028.491999585 -0.852253169299698 366.3115709218211 -0.045465931125104775 -0.06571387556894458 340.87131809249325 107.23352472982656 120.29796059092963 0.004968295343461854 69.23921131946112
Fluxes:
429.5881867353919 -13.510533791533634
