Mean acceptance fraction: 0.088
Mean autocorrelation time [steps]: 4260.3
Fitted parameters:
t_0 : 2453857.82249 +0.15594 -0.31344
u_0 : 0.00113 +0.00068 -0.00109
t_E : 450.92720 +1139.39176 -314.91324
pi_E_N : 0.04818 +0.18732 -0.32377
pi_E_E : -0.10966 +1.58439 -0.63481
xi_Omega_node : 267.04903 +2.16187 -97.70074
xi_inclination : 256.28852 +95.79345 -3.03817
xi_period : 5.42201 +3.54542 -2.35304
xi_semimajor_axis : 0.00804 +0.00303 -0.00790
xi_argument_of_latitude_reference : 196.17650 +85.63352 -105.86842
Fitted fluxes (source and blending):
flux_s_1 : 1.55767 +1.68620 -1.18601
flux_b_1 : 18.51200 +0.52932 -1.40196
Best model:
chi2: 1740.6617
t_0 u_0 t_E pi_E_N pi_E_E xi_Omega_node xi_inclination xi_period xi_semimajor_axis xi_argument_of_latitude_reference
2453857.9821333224 0.00968383242683072 159.23354765500898 0.21862571845783269 -0.6476124268585871 350.1309051737533 137.07390493499184 18.15826255201756 0.0006020419038196955 309.92665752964746
Fluxes:
2.8506029473465953 17.38340278550025
