Mean acceptance fraction: 0.143
Mean autocorrelation time [steps]: 2477.6
Fitted parameters:
t_0 : 2453793.09392 +2.37896 -1.84390
u_0 : -0.10669 +0.03318 -0.02461
t_E : 125.46245 +32.45468 -13.29332
pi_E_N : -0.06043 +0.04061 -0.02653
pi_E_E : 0.31190 +0.03848 -0.06656
xi_Omega_node : 253.39855 +53.47510 -10.56508
xi_inclination : 63.12412 +10.39086 -53.11029
xi_period : 63.82981 +3.96766 -6.68972
xi_semimajor_axis : 0.01978 +0.01068 -0.00756
xi_argument_of_latitude_reference : 263.41145 +48.26934 -36.39852
Fitted fluxes (source and blending):
flux_s_1 : 7.10986 +1.46560 -1.89976
flux_b_1 : 40.47151 +1.85481 -1.44463
Best model:
chi2: 2943.1375
t_0 u_0 t_E pi_E_N pi_E_E xi_Omega_node xi_inclination xi_period xi_semimajor_axis xi_argument_of_latitude_reference
2453795.433775278 -0.09218408286650583 128.50122266359378 -0.07197331484678172 0.3037211297365074 249.15875229128142 70.09815016755961 56.79960656264101 0.03066810378386743 252.50202808962672
Fluxes:
6.452668073036071 41.13766716352889
