Mean acceptance fraction: 0.081
Mean autocorrelation time [steps]: 3800.9
Fitted parameters:
t_0 : 2454032.99288 +48.38315 -9.82601
u_0 : -0.84184 +0.18198 -0.10897
t_E : 373.90117 +31.78847 -34.38802
pi_E_N : -0.04267 +0.04576 -0.00586
pi_E_E : -0.06376 +0.33398 -0.01278
xi_Omega_node : 270.04023 +71.79798 -63.49763
xi_inclination : 282.60387 +53.99109 -65.87881
xi_period : 266.67310 +134.75748 -104.74874
xi_semimajor_axis : 0.00852 +0.01659 -0.00530
xi_argument_of_latitude_reference : 242.54880 +45.40605 -150.25445
Fitted fluxes (source and blending):
flux_s_1 : 418.91483 +108.32862 -234.56261
flux_b_1 : -2.97320 +231.67949 -108.06851
Best model:
chi2: 8167.2393
t_0 u_0 t_E pi_E_N pi_E_E xi_Omega_node xi_inclination xi_period xi_semimajor_axis xi_argument_of_latitude_reference
2454025.680230299 -0.9193173878720515 352.33631079427215 -0.04812054673806701 -0.07077576871486153 223.08581115141953 300.4001137285318 0.23659375954184725 0.001550335087633031 245.08311048889243
Fluxes:
501.2169881515973 -84.98644609448887
