Mean acceptance fraction: 0.076
Mean autocorrelation time [steps]: 3677.2
Fitted parameters:
t_0 : 2454298.36348 +2.30248 -18.31324
u_0 : 0.70364 +8.86766 -0.24464
t_E : 189.26320 +2365.49031 -43.38084
pi_E_N : -0.14304 +0.06056 -0.87521
pi_E_E : -0.10691 +0.05027 -2.99910
xi_Omega_node : 88.01057 +90.65012 -29.68451
xi_inclination : 172.79088 +77.63103 -101.82255
xi_period : 333.44612 +65.79301 -95.24320
xi_semimajor_axis : 0.11206 +2.00479 -0.05568
xi_argument_of_latitude_reference : 296.53787 +11.84388 -315.58928
Fitted fluxes (source and blending):
flux_s_1 : 113.02037 +330842.48834 -56.56858
flux_b_1 : 3.39345 +56.45069 -330842.06022
Best model:
chi2: 2926.9907
t_0 u_0 t_E pi_E_N pi_E_E xi_Omega_node xi_inclination xi_period xi_semimajor_axis xi_argument_of_latitude_reference
2454295.8033085167 0.6843574820791172 158.1287743484822 -0.09597522954860341 -0.0401463138242788 53.396149730636374 77.80320381258667 368.5570772254571 0.12776301266130916 314.70568270147083
Fluxes:
107.46367146164144 8.984921419531448
