Mean acceptance fraction: 0.052
Mean autocorrelation time [steps]: 3763.4
Fitted parameters:
t_0 : 2454359.47423 +24.01152 -39.26649
u_0 : 3.51201 +1.42452 -1.46003
t_E : 29.45559 +17.29588 -8.15537
pi_E_N : -0.13079 +0.13904 -0.97967
pi_E_E : -0.00700 +0.29203 -0.16923
xi_Omega_node : 157.95764 +118.75984 -115.82361
xi_inclination : 46.42158 +156.94258 -49.41912
xi_period : 868.02611 +1323.04803 -610.67857
xi_semimajor_axis : 1.78139 +2.86824 -1.44734
xi_argument_of_latitude_reference : 55.59993 +226.09284 -55.56982
Fitted fluxes (source and blending):
flux_s_1 : 4345.29988 +9509.33991 -3642.73626
flux_b_1 : -4233.94238 +3642.52545 -9509.35875
Best model:
chi2: 2225.5222
t_0 u_0 t_E pi_E_N pi_E_E xi_Omega_node xi_inclination xi_period xi_semimajor_axis xi_argument_of_latitude_reference
2454312.498933372 1.6995591913175305 65.56809971420965 -0.0075648970768076584 -0.061950080786724177 130.63162547984197 60.533199495649335 3335.9294589078527 8.837521610372331 33.99053057335678
Fluxes:
503.4795819215394 -392.38108032911174
