Mean acceptance fraction: 0.079
Mean autocorrelation time [steps]: 3421.4
Fitted parameters:
t_0 : 2454339.88753 +0.10150 -0.17231
u_0 : -0.10028 +0.01148 -0.02198
t_E : 427.34201 +39.48753 -68.35563
pi_E_N : 0.07696 +0.01904 -0.00950
pi_E_E : -0.04947 +0.00561 -0.01270
xi_Omega_node : 172.17978 +10.67314 -32.77841
xi_inclination : 94.56646 +167.17307 -9.65540
xi_period : 5.69873 +0.20846 -2.59520
xi_semimajor_axis : 0.00640 +0.00342 -0.00123
xi_argument_of_latitude_reference : 49.07469 +320.24136 -54.10003
Fitted fluxes (source and blending):
flux_s_1 : 4.46037 +1.07779 -0.47617
flux_b_1 : 22.72308 +0.41838 -0.90493
Best model:
chi2: 11908.0181
t_0 u_0 t_E pi_E_N pi_E_E xi_Omega_node xi_inclination xi_period xi_semimajor_axis xi_argument_of_latitude_reference
2454337.110266252 -0.12270742624732006 350.81940876559486 0.11212324747587196 -0.06991041056349584 158.27325401512437 94.561391909888 5.911488285705742 0.008035172963254875 2.6884503185249624
Fluxes:
5.597724017971266 21.773204830147712
