Mean acceptance fraction: 0.064
Mean autocorrelation time [steps]: 3383.8
Fitted parameters:
t_0 : 2454891.69770 +20.72814 -24.85403
u_0 : 761.39829 +878.87620 -690.89221
t_E : 0.39544 +10.69945 -0.24590
pi_E_N : -203.84920 +200.99028 -323.34932
pi_E_E : 322.29573 +604.63158 -275.88458
xi_Omega_node : 235.68533 +92.26147 -143.87392
xi_inclination : 99.91473 +203.34884 -91.24313
xi_period : 71.80155 +46.60834 -13.69275
xi_semimajor_axis : 18.40114 +21.72286 -15.93452
xi_argument_of_latitude_reference : 153.15464 +131.67717 -104.53716
Fitted fluxes (source and blending):
flux_s_1 : 4433436461892.21387 +81452263473940.79688 -4425591626418.71582
flux_b_1 : -4433436461870.80371 +4425591626418.74707 -81452263473940.85938
Best model:
chi2: 1615.0631
t_0 u_0 t_E pi_E_N pi_E_E xi_Omega_node xi_inclination xi_period xi_semimajor_axis xi_argument_of_latitude_reference
2454905.785171699 1108.131760299761 0.1372136770708877 -326.39180777712363 111.88727619649364 332.4707758201442 42.46913029636303 76.29939409738563 48.52869519904303 106.98777722327867
Fluxes:
16374955049853.574 -16374955049832.19
