Mean acceptance fraction: 0.087
Mean autocorrelation time [steps]: 2880.1
Fitted parameters:
t_0 : 2452344.81191 +0.86290 -0.86896
u_0 : 0.06785 +0.04443 -0.02194
t_E : 97.84367 +40.85558 -28.93691
pi_E_N : 0.53180 +0.15443 -1.32692
pi_E_E : 1.09359 +0.75721 -0.25865
xi_Omega_node : 201.85438 +136.64994 -147.40412
xi_inclination : 104.92065 +192.29229 -92.84249
xi_period : 28194193.18443 +850603110296942.87500 -28194118.62391
xi_semimajor_axis : 616.50092 +20300795358.37259 -616.48140
xi_argument_of_latitude_reference : 227.81037 +93.88405 -169.01275
Fitted fluxes (source and blending):
flux_s_1 : 7.37308 +5.53095 -2.27218
flux_b_1 : 41.06386 +2.26157 -5.53276
Best model:
chi2: 1162.4136
t_0 u_0 t_E pi_E_N pi_E_E xi_Omega_node xi_inclination xi_period xi_semimajor_axis xi_argument_of_latitude_reference
2452345.5333403903 0.06944993661918435 95.85251630400866 0.6052489666757687 1.1189967334654747 116.7182119999521 57.112244847397896 81.27311302961523 0.02751757461804497 276.3794818203384
Fluxes:
7.0063231532674175 41.42037540140365
