Mean acceptance fraction: 0.125
Mean autocorrelation time [steps]: 1967.0
Fitted parameters:
t_0 : 2453815.25172 +1.47002 -1.50455
u_0 : 0.74681 +0.26103 -0.17765
t_E : 105.48449 +14.73457 -15.80287
pi_E_N : -0.18846 +0.06986 -0.06350
pi_E_E : -0.10248 +0.02029 -0.02411
xi_Omega_node : 169.30995 +146.79506 -129.37211
xi_inclination : 201.99090 +114.03624 -169.35296
xi_period : 58155815536930962014208.00000 +1602131954415765581866809163776.00000 -58155814975333998788608.00000
xi_semimajor_axis : 1280589041075176704.00000 +36738869863755020406620160.00000 -1280589033534832896.00000
xi_argument_of_latitude_reference : 167.41538 +151.09709 -146.16092
Fitted fluxes (source and blending):
flux_s_1 : 102.94063 +82.22748 -37.95040
flux_b_1 : 310.69525 +37.92074 -82.26801
Best model:
chi2: 1208.0028
t_0 u_0 t_E pi_E_N pi_E_E xi_Omega_node xi_inclination xi_period xi_semimajor_axis xi_argument_of_latitude_reference
2453816.075257912 0.5252131327126707 124.04160703647553 -0.09729093683006809 -0.07798996568717884 196.5051422835848 19.445104147432076 94.24103787613807 0.006915712725783651 303.9531476100433
Fluxes:
56.6339179089553 356.9954474341214
