Mean acceptance fraction: 0.068
Mean autocorrelation time [steps]: 3595.6
Fitted parameters:
t_0 : 2453790.84757 +0.69107 -0.91609
u_0 : -0.10458 +0.02009 -0.02359
t_E : 136.84967 +21.97726 -18.99477
pi_E_N : -0.03818 +0.02825 -0.02724
pi_E_E : 0.28955 +0.04589 -0.04274
xi_Omega_node : 190.06897 +102.60640 -127.97766
xi_inclination : 202.47487 +139.23061 -170.70548
xi_period : 70.09437 +65.86987 -40.42334
xi_semimajor_axis : 0.01222 +0.00565 -0.00632
xi_argument_of_latitude_reference : 192.74315 +122.64314 -146.11571
Fitted fluxes (source and blending):
flux_s_1 : 6.61353 +1.63360 -1.32278
flux_b_1 : 40.92643 +1.29604 -1.58084
Best model:
chi2: 2953.4710
t_0 u_0 t_E pi_E_N pi_E_E xi_Omega_node xi_inclination xi_period xi_semimajor_axis xi_argument_of_latitude_reference
2453791.985996692 -0.123035676783992 120.48450586121466 -0.06869502122698079 0.323883004744138 81.5626371836984 21.068434877501645 66.5251812446535 0.015254507339892781 141.23502961848249
Fluxes:
7.9584756007160795 39.624749805324186
