Mean acceptance fraction: 0.072
Mean autocorrelation time [steps]: 3111.8
Fitted parameters:
t_0 : 2453239.39856 +7.22354 -5.60476
u_0 : -0.97730 +0.57588 -1.81589
t_E : 140.13829 +100.67906 -77.21503
pi_E_N : -0.46413 +0.19548 -0.28732
pi_E_E : -0.05213 +0.06888 -0.12621
xi_Omega_node : 204.09259 +137.33353 -122.16581
xi_inclination : 168.42612 +116.34660 -134.66871
xi_period : 97.17029 +45.90358 -75.01085
xi_semimajor_axis : 0.03231 +0.05786 -0.01352
xi_argument_of_latitude_reference : 168.08023 +129.24768 -111.89397
Fitted fluxes (source and blending):
flux_s_1 : 74.24956 +1172.40339 -57.60683
flux_b_1 : -61.58187 +57.59581 -1172.37770
Best model:
chi2: 2092.8012
t_0 u_0 t_E pi_E_N pi_E_E xi_Omega_node xi_inclination xi_period xi_semimajor_axis xi_argument_of_latitude_reference
2453233.0215113265 -0.46234458429843234 211.12743190003462 -0.3245585775811061 -0.012233138862373923 352.1780065087057 123.13808206492159 22.660810534477857 0.02980673988426767 325.2012593326435
Fluxes:
20.184985737836858 -7.522885998953031
