Mean acceptance fraction: 0.080
Mean autocorrelation time [steps]: 3419.8
Fitted parameters:
t_0 : 2452863.08782 +0.07473 -0.09071
u_0 : -0.05529 +0.00148 -0.00147
t_E : 62.78874 +1.11999 -0.92936
pi_E_N : 0.18106 +0.23348 -0.28472
pi_E_E : 0.08970 +0.02013 -0.05048
xi_Omega_node : 201.33398 +119.20853 -140.41837
xi_inclination : 243.53653 +81.05692 -131.41505
xi_period : 41.00761 +45.60597 -7.19048
xi_semimajor_axis : 0.00245 +0.00440 -0.00096
xi_argument_of_latitude_reference : 166.15809 +145.70022 -91.24454
Fitted fluxes (source and blending):
flux_s_1 : 100.71429 +1.96958 -2.85164
flux_b_1 : 206.56607 +2.85124 -1.95334
Best model:
chi2: 1805.9283
t_0 u_0 t_E pi_E_N pi_E_E xi_Omega_node xi_inclination xi_period xi_semimajor_axis xi_argument_of_latitude_reference
2452863.074497767 -0.05596068085593345 62.39830617213388 0.19915869887697757 0.09176343832377007 5.089345199377732 249.91439626436014 35.98098481956248 0.0014287265489608195 146.39947957578994
Fluxes:
101.4214875076793 205.85635777728805
