Mean acceptance fraction: 0.097
Mean autocorrelation time [steps]: 3450.2
Fitted parameters:
t_0 : 2453806.06080 +7.77722 -11.63362
u_0 : 15.24150 +2.86630 -2.54858
t_E : 15.69542 +3.28633 -2.76006
pi_E_N : 0.86118 +0.21613 -0.19330
pi_E_E : -0.74355 +0.16095 -0.15801
xi_Omega_node : 257.19829 +68.95849 -64.25481
xi_inclination : 182.04213 +28.79312 -35.37540
xi_period : 446.83984 +30.09527 -35.30981
xi_semimajor_axis : 1.15304 +0.30426 -0.37589
xi_argument_of_latitude_reference : 82.50680 +96.87358 -41.31207
Fitted fluxes (source and blending):
flux_s_1 : 2520405.35796 +2566945.49276 -1276754.04608
flux_b_1 : -2520078.82721 +1276754.04280 -2566945.52774
Best model:
chi2: 1367.6019
t_0 u_0 t_E pi_E_N pi_E_E xi_Omega_node xi_inclination xi_period xi_semimajor_axis xi_argument_of_latitude_reference
2453809.1966315345 11.327350360251241 23.291527081159636 0.5829184401979304 -0.8170552366102524 285.9630805694961 111.62564368162698 585.4780601312641 1.1123319038811788 65.23678530139532
Fluxes:
788801.4965842034 -788475.0765346872
