Mean acceptance fraction: 0.064
Mean autocorrelation time [steps]: 3299.6
Fitted parameters:
t_0 : 2454693.67493 +2.24613 -4.37210
u_0 : 0.11268 +0.05515 -0.06460
t_E : 54.73374 +9.08458 -8.98722
pi_E_N : -1.09650 +0.41634 -0.36179
pi_E_E : -1.77076 +0.59284 -0.75254
xi_Omega_node : 284.83578 +61.07835 -75.04484
xi_inclination : 181.25383 +154.86442 -93.10755
xi_period : 158.88469 +51.06932 -65.76258
xi_semimajor_axis : 0.24098 +0.21635 -0.12477
xi_argument_of_latitude_reference : 138.59047 +189.72220 -113.28342
Fitted fluxes (source and blending):
flux_s_1 : 6.16585 +3.35776 -1.52033
flux_b_1 : 24.29100 +1.52071 -3.35914
Best model:
chi2: 3568.0796
t_0 u_0 t_E pi_E_N pi_E_E xi_Omega_node xi_inclination xi_period xi_semimajor_axis xi_argument_of_latitude_reference
2454691.9561339202 0.10788124891352494 72.27188345758995 0.4159735457884608 -1.0818910086220548 298.6628713977674 93.4945959388606 434.5032019117324 0.12017723460300216 355.47036893488064
Fluxes:
4.9489568453026305 25.360486157438423
