Mean acceptance fraction: 0.096
Mean autocorrelation time [steps]: 2488.5
Fitted parameters:
t_0 : 2452509.76970 +2.84769 -1.11612
u_0 : 0.16764 +0.02728 -0.02459
t_E : 183.25558 +21.18034 -16.96617
pi_E_N : -0.00879 +0.04599 -0.05466
pi_E_E : 0.05580 +0.00750 -0.03024
xi_Omega_node : 201.39381 +141.13930 -142.71075
xi_inclination : 185.05503 +113.99653 -130.64834
xi_period : 995.94331 +882747391.71776 -737.97980
xi_semimajor_axis : 0.04575 +10252.74800 -0.03396
xi_argument_of_latitude_reference : 148.06642 +119.24225 -123.83815
Fitted fluxes (source and blending):
flux_s_1 : 45.87112 +9.16130 -7.73449
flux_b_1 : 15.69311 +7.70121 -9.17989
Best model:
chi2: 639.1554
t_0 u_0 t_E pi_E_N pi_E_E xi_Omega_node xi_inclination xi_period xi_semimajor_axis xi_argument_of_latitude_reference
2452514.9542668215 0.19586507158395616 159.72155061732605 0.006158607535958857 0.015558966793071564 356.48707123873413 191.4446083345611 312.62564462988945 0.0514480788370853 174.11908552362473
Fluxes:
56.04240746989586 5.519254973757753
