Mean acceptance fraction: 0.037
Mean autocorrelation time [steps]: 3435.6
Fitted parameters:
t_0 : 2452930.40216 +0.47050 -0.19311
u_0 : -0.00583 +0.00095 -0.00266
t_E : 4779.07891 +6760.62121 -2614.82038
pi_E_N : -0.03090 +0.15808 -0.09657
pi_E_E : 0.02442 +0.18663 -0.01014
xi_Omega_node : 162.93990 +78.48765 -178.84383
xi_inclination : 261.56173 +39.01196 -34.15284
xi_period : 112.69811 +89.63521 -53.20416
xi_semimajor_axis : 0.01576 +0.06716 -0.00799
xi_argument_of_latitude_reference : 204.40790 +140.69925 -133.90576
Fitted fluxes (source and blending):
flux_s_1 : 0.55461 +2.27755 -0.26989
flux_b_1 : 54.16584 +0.51218 -0.58427
Best model:
chi2: 564.9011
t_0 u_0 t_E pi_E_N pi_E_E xi_Omega_node xi_inclination xi_period xi_semimajor_axis xi_argument_of_latitude_reference
2452930.9332029163 -0.005218578916717869 12562.059005182715 -0.034818790235656434 0.011034555350443575 240.52090682626735 249.9519740606637 216.22843460368074 0.015565815236899863 357.4795321119805
Fluxes:
0.2988327134522503 54.34840474914382
