Mean acceptance fraction: 0.141
Mean autocorrelation time [steps]: nan
Fitted parameters:
t_0 : 2453677.68478 +1.06978 -1.29565
u_0 : 0.04124 +0.00261 -0.00253
t_E : 216.52515 +24.50951 -16.61048
pi_E_N : 0.07532 +0.01875 -0.02425
pi_E_E : 0.06377 +0.01449 -0.01549
xi_Omega_node : 199.02384 +114.80701 -164.75271
xi_inclination : 182.98455 +121.29006 -128.27353
xi_period : 33019506886283968380928.00000 +689369155334718156391059000655872.00000 -33019506884638819745792.00000
xi_semimajor_axis : 101211346760349184.00000 +33200369290127372678835732480.00000 -101211346755168384.00000
xi_argument_of_latitude_reference : 152.18068 +171.05092 -118.89961
Fitted fluxes (source and blending):
flux_s_1 : 14.12440 +1.77866 -1.93493
flux_b_1 : -4.80977 +1.89508 -1.74209
Best model:
chi2: 1831.4384
t_0 u_0 t_E pi_E_N pi_E_E xi_Omega_node xi_inclination xi_period xi_semimajor_axis xi_argument_of_latitude_reference
2453677.8112511216 0.04276106545177681 222.19513747895016 0.058933459258709506 0.05535574983230841 326.4911368836797 150.8350579664925 27.310726521661316 0.0024312014849030136 111.87382564284302
Fluxes:
13.661103626901996 -4.342583048986442
