Mean acceptance fraction: 0.062
Mean autocorrelation time [steps]: 3661.2
Fitted parameters:
t_0 : 2453492.77290 +0.25637 -0.34234
u_0 : -5.98400 +0.27264 -0.80387
t_E : 31.76896 +1.43332 -3.62648
pi_E_N : -0.17254 +0.00671 -0.02177
pi_E_E : -0.31956 +0.02087 -0.04223
xi_Omega_node : 217.65448 +129.32205 -102.28083
xi_inclination : 207.59048 +111.08536 -126.34034
xi_period : 5.45752 +4.03312 -4.45131
xi_semimajor_axis : 0.01256 +0.01091 -0.00328
xi_argument_of_latitude_reference : 132.09938 +179.82229 -61.54856
Fitted fluxes (source and blending):
flux_s_1 : 309484.98985 +191894.09436 -49460.63035
flux_b_1 : -308744.20916 +49460.64022 -191894.17685
Best model:
chi2: 2853.8044
t_0 u_0 t_E pi_E_N pi_E_E xi_Omega_node xi_inclination xi_period xi_semimajor_axis xi_argument_of_latitude_reference
2453492.919718092 -5.7110792701303295 33.11370250059742 -0.1667330840787505 -0.3007270737908424 291.6897271651951 191.57925498685418 1.005920070822989 0.016987560047671373 111.18996536434949
Fluxes:
259347.5452513517 -258606.58058208576
