Mean acceptance fraction: 0.119
Mean autocorrelation time [steps]: 2251.7
Fitted parameters:
t_0 : 2453769.55769 +2.40928 -3.11023
u_0 : -0.24867 +0.04859 -0.05772
t_E : 130.57340 +17.63789 -15.67679
pi_E_N : -0.07003 +0.06419 -0.05189
pi_E_E : 0.10460 +0.02215 -0.01548
xi_Omega_node : 193.72850 +129.75797 -144.97304
xi_inclination : 211.48246 +137.13069 -165.23791
xi_period : 542894265218500096.00000 +762926210559111749173248.00000 -542894265218491072.00000
xi_semimajor_axis : 3608743530.35707 +6808485739805349.00000 -3608743528.46778
xi_argument_of_latitude_reference : 180.17759 +141.67655 -150.36685
Fitted fluxes (source and blending):
flux_s_1 : 33.38662 +11.34573 -7.91915
flux_b_1 : 163.24740 +7.88962 -11.28277
Best model:
chi2: 1175.6793
t_0 u_0 t_E pi_E_N pi_E_E xi_Omega_node xi_inclination xi_period xi_semimajor_axis xi_argument_of_latitude_reference
2453771.280302205 -0.24962730358882035 132.9083002942084 -0.047716885422306524 0.09287949520911526 176.11851567959945 362.0386939327269 86.21656203268373 0.005712169840096537 368.9559508558845
Fluxes:
33.13568157485296 163.5378427714333
