Mean acceptance fraction: 0.101
Mean autocorrelation time [steps]: 3340.4
Fitted parameters:
t_0 : 2454292.97469 +12.12588 -3.45956
u_0 : -0.67782 +0.10055 -0.06203
t_E : 140.54756 +15.03185 -12.13628
pi_E_N : 0.11878 +0.02317 -0.04698
pi_E_E : -0.09572 +0.03263 -0.04203
xi_Omega_node : 148.33858 +149.18434 -115.59668
xi_inclination : 196.07481 +45.84151 -61.01592
xi_period : 365.11309 +17.10940 -14.27786
xi_semimajor_axis : 0.08053 +0.03049 -0.01275
xi_argument_of_latitude_reference : 203.89944 +122.45605 -148.36737
Fitted fluxes (source and blending):
flux_s_1 : 106.22137 +18.15912 -24.31688
flux_b_1 : 10.21623 +24.28920 -18.09313
Best model:
chi2: 2927.2001
t_0 u_0 t_E pi_E_N pi_E_E xi_Omega_node xi_inclination xi_period xi_semimajor_axis xi_argument_of_latitude_reference
2454292.1953092935 -0.664014761763557 140.2136015566847 0.12394736104997006 -0.09175776444175654 169.1702282245405 183.67277625077514 369.06261549962403 0.06890247179279074 187.67458248891504
Fluxes:
102.49416735522763 13.92706652824308
