Mean acceptance fraction: 0.051
Mean autocorrelation time [steps]: 3753.5
Fitted parameters:
t_0 : 2453751.77572 +1.39355 -1.63195
u_0 : 7.70498 +1.88654 -1.44051
t_E : 28.12452 +5.94337 -5.50650
pi_E_N : 0.63885 +0.15168 -0.10219
pi_E_E : -0.19226 +0.04720 -0.08772
xi_Omega_node : 334.61767 +26.02384 -126.87727
xi_inclination : 133.22753 +192.16263 -80.94668
xi_period : 9.44715 +53.35936 -7.20361
xi_semimajor_axis : 0.03229 +0.01427 -0.01593
xi_argument_of_latitude_reference : 210.97245 +132.81566 -84.44517
Fitted fluxes (source and blending):
flux_s_1 : 176511.10345 +238191.53265 -96863.67081
flux_b_1 : -176184.28597 +96863.60229 -238191.62888
Best model:
chi2: 1472.9075
t_0 u_0 t_E pi_E_N pi_E_E xi_Omega_node xi_inclination xi_period xi_semimajor_axis xi_argument_of_latitude_reference
2453741.8079887317 6.995390366081786 29.374220008422856 0.7210463889441063 -0.06020258903516768 1.9145538682182348 177.0627679069014 201.12986239420374 0.1011242330303082 38.12284385697538
Fluxes:
124631.06604864114 -124304.23790782568
