Mean acceptance fraction: 0.067
Mean autocorrelation time [steps]: 3813.2
Fitted parameters:
t_0 : 2454717.73977 +0.08387 -0.07571
u_0 : -0.19945 +0.01233 -0.00656
t_E : 58.86834 +2.95078 -1.23642
pi_E_N : 0.30976 +0.12650 -0.09811
pi_E_E : -0.08118 +0.00764 -0.01141
xi_Omega_node : 219.29261 +47.79505 -177.87176
xi_inclination : 158.55377 +114.52357 -87.23169
xi_period : 2.14445 +39.99848 -1.79810
xi_semimajor_axis : 0.00163 +0.00331 -0.00052
xi_argument_of_latitude_reference : 127.09308 +198.12334 -108.91936
Fitted fluxes (source and blending):
flux_s_1 : 157.86070 +6.44008 -11.78470
flux_b_1 : 52.65494 +11.79173 -6.42796
Best model:
chi2: 7516.3977
t_0 u_0 t_E pi_E_N pi_E_E xi_Omega_node xi_inclination xi_period xi_semimajor_axis xi_argument_of_latitude_reference
2454718.28848048 -0.11191807517634933 83.60488459926903 0.46158549049828695 -0.08990848035489007 247.74746921012647 116.7672586210276 110.29049478207314 0.039607416534046876 -7.20242538596744
Fluxes:
80.49188830568765 129.93058178454987
