Mean acceptance fraction: 0.054
Mean autocorrelation time [steps]: 3813.4
Fitted parameters:
t_0 : 2454377.68376 +6.24795 -10.76576
u_0 : -3.83797 +1.72584 -2.46422
t_E : 25.25623 +18.19026 -10.19170
pi_E_N : 0.35251 +0.66590 -0.31568
pi_E_E : 0.10318 +0.20262 -0.30934
xi_Omega_node : 197.32966 +74.30546 -113.40078
xi_inclination : 234.64907 +105.15712 -116.36413
xi_period : 371.99229 +451.49679 -134.43549
xi_semimajor_axis : 0.51802 +0.46157 -0.29427
xi_argument_of_latitude_reference : 170.58149 +152.37587 -152.23925
Fitted fluxes (source and blending):
flux_s_1 : 5015.79341 +22208.48146 -4407.97854
flux_b_1 : -4904.39651 +4407.94103 -22208.52367
Best model:
chi2: 2234.5633
t_0 u_0 t_E pi_E_N pi_E_E xi_Omega_node xi_inclination xi_period xi_semimajor_axis xi_argument_of_latitude_reference
2454344.091653796 -2.049467844399166 55.341002049710774 0.1612371814786515 -0.14234120029310926 222.7566621187135 160.07353537588864 1511.1867375698514 2.0862881145893084 57.94219532770831
Fluxes:
631.1239638872478 -519.897362998321
