Mean acceptance fraction: 0.066
Mean autocorrelation time [steps]: 4389.9
Fitted parameters:
t_0 : 2454212.34136 +1.70971 -0.58714
u_0 : 12.14675 +3.23184 -2.74042
t_E : 22.95065 +5.56283 -5.14930
pi_E_N : 1.68488 +0.36688 -0.39071
pi_E_E : 0.41088 +0.04983 -0.15876
xi_Omega_node : 334.57658 +8.22536 -22.84914
xi_inclination : 258.06407 +12.03288 -164.28593
xi_period : 2.41812 +0.00223 -1.42516
xi_semimajor_axis : 0.12618 +0.16939 -0.06731
xi_argument_of_latitude_reference : -7.08765 +41.11052 -10.79011
Fitted fluxes (source and blending):
flux_s_1 : 1587905.49227 +2585264.78506 -992891.14307
flux_b_1 : -1587090.05208 +992891.45436 -2585264.89361
Best model:
chi2: 7017.4870
t_0 u_0 t_E pi_E_N pi_E_E xi_Omega_node xi_inclination xi_period xi_semimajor_axis xi_argument_of_latitude_reference
2454212.405422805 9.551158359628813 27.711145864599082 1.3045069223125043 0.2263941710179373 331.6168865135727 212.1336828273843 0.9931597979816394 0.12959205976895788 -19.842317623790183
Fluxes:
626727.4594099219 -625911.749868658
