Mean acceptance fraction: 0.098
Mean autocorrelation time [steps]: 3990.5
Fitted parameters:
t_0 : 2454721.06953 +4.14058 -2.90397
u_0 : 13.22986 +2.53860 -1.92346
t_E : 11.39859 +1.88488 -1.83239
pi_E_N : 0.45229 +0.43702 -0.30972
pi_E_E : -1.43540 +0.23607 -0.28961
xi_Omega_node : 213.91729 +91.21694 -133.37981
xi_inclination : 78.04905 +173.90548 -71.18396
xi_period : 190.84529 +51.46660 -176.86283
xi_semimajor_axis : 0.27197 +0.17676 -0.24451
xi_argument_of_latitude_reference : 107.64520 +153.54263 -90.52503
Fitted fluxes (source and blending):
flux_s_1 : 1908928.36322 +1890626.10601 -890716.87253
flux_b_1 : -1908811.44895 +890716.88873 -1890626.13901
Best model:
chi2: 1745.5138
t_0 u_0 t_E pi_E_N pi_E_E xi_Omega_node xi_inclination xi_period xi_semimajor_axis xi_argument_of_latitude_reference
2454723.014805833 15.115126804858022 9.806536876900775 0.26272219443891115 -1.4951931237045353 154.48591899832127 -3.038492565465157 234.45843200684922 0.35713220305859184 160.06661961189465
Fluxes:
3198870.0025907103 -3198753.104380639
