Mean acceptance fraction: 0.084
Mean autocorrelation time [steps]: 4450.7
Fitted parameters:
t_0 : 2453756.52548 +0.07395 -0.50085
u_0 : 0.00550 +0.00680 -0.00050
t_E : 52093.97737 +162443.17020 -23105.70286
pi_E_N : -0.00985 +0.01636 -0.02964
pi_E_E : 0.00774 +0.00203 -0.01817
xi_Omega_node : 112.34530 +184.97873 -129.24787
xi_inclination : 148.05961 +15.89841 -53.62403
xi_period : 264.40344 +48.24076 -12.35648
xi_semimajor_axis : 0.02882 +0.06204 -0.01334
xi_argument_of_latitude_reference : 125.99862 +79.71333 -128.91407
Fitted fluxes (source and blending):
flux_s_1 : 8.95735 +10.72058 -3.73242
flux_b_1 : 1246.64392 +21.55769 -21.20044
Best model:
chi2: 17798.2522
t_0 u_0 t_E pi_E_N pi_E_E xi_Omega_node xi_inclination xi_period xi_semimajor_axis xi_argument_of_latitude_reference
2453748.8366456516 0.13646830559269038 2465602.175603054 -0.09343994105231286 -0.04894222237319793 292.6106257547525 96.56835331507267 364.6093629196801 0.2846268546623709 137.61417157203644
Fluxes:
90.37838304882608 1190.173326737014
