Mean acceptance fraction: 0.072
Mean autocorrelation time [steps]: 3756.2
Fitted parameters:
t_0 : 2456371.06652 +389.73059 -1492.13775
u_0 : -144.82675 +113.14087 -190.75547
t_E : 2.97865 +6.36107 -1.59992
pi_E_N : -147.29630 +153.73021 -221.50918
pi_E_E : 151.59453 +182.63031 -103.11679
xi_Omega_node : 123.70933 +177.62036 -121.61965
xi_inclination : 253.98007 +62.08040 -166.44672
xi_period : 4173.50587 +61435200.02389 -4049.26969
xi_semimajor_axis : 10.97207 +1261.19491 -8.89542
xi_argument_of_latitude_reference : 92.69276 +132.98948 -87.51522
Fitted fluxes (source and blending):
flux_s_1 : 854768475251.05713 +27707990911833.82031 -842614312322.68481
flux_b_1 : -854768475201.44885 +842614312322.70032 -27707990911833.82031
Best model:
chi2: 1356.2752
t_0 u_0 t_E pi_E_N pi_E_E xi_Omega_node xi_inclination xi_period xi_semimajor_axis xi_argument_of_latitude_reference
2456735.3597284043 -29.25452175546583 4.039634257791164 -177.3404181531435 110.26022969824218 231.89852733498168 164.16804672742933 74.20538719336602 3.6977271034936363 145.9631859272637
Fluxes:
692816899775.825 -692816899726.2196
