Mean acceptance fraction: 0.057
Mean autocorrelation time [steps]: 3606.8
Fitted parameters:
t_0 : 2454375.67543 +7.39281 -12.02443
u_0 : 5.57497 +1.80870 -1.78683
t_E : 14.74646 +5.89171 -3.67498
pi_E_N : -1.37908 +0.56206 -0.85027
pi_E_E : 0.44313 +0.64002 -0.28127
xi_Omega_node : 219.06036 +120.27419 -102.90787
xi_inclination : 197.68319 +121.46539 -49.54339
xi_period : 237.50024 +182.05748 -20.22763
xi_semimajor_axis : 0.97949 +0.67761 -0.63423
xi_argument_of_latitude_reference : 205.80463 +85.66855 -148.26542
Fitted fluxes (source and blending):
flux_s_1 : 18530.22932 +36219.07562 -14015.48207
flux_b_1 : -18417.11077 +14015.51441 -36219.06088
Best model:
chi2: 2462.7281
t_0 u_0 t_E pi_E_N pi_E_E xi_Omega_node xi_inclination xi_period xi_semimajor_axis xi_argument_of_latitude_reference
2454379.7902855105 5.293646690925552 14.585488264673831 -2.29138567150438 0.44488790319560007 355.0893143594545 200.8510680314453 227.86952734322395 1.6654467122197265 269.54401994940065
Fluxes:
14722.180027861097 -14609.034135140866
