Mean acceptance fraction: 0.085
Mean autocorrelation time [steps]: nan
Fitted parameters:
t_0 : 2454602.83191 +211.95292 -871.43991
u_0 : -676.14049 +568.66572 -679.81689
t_E : 0.82810 +4.05981 -0.49615
pi_E_N : 518.72030 +1128.67642 -414.68752
pi_E_E : 1314.93486 +1266.68138 -1051.13185
xi_Omega_node : 201.86559 +136.14649 -173.40420
xi_inclination : 184.69121 +134.82358 -154.11574
xi_period : 425873713657.03796 +674620985879557.00000 -424893707231.28009
xi_semimajor_axis : 2567828763.68224 +12537675213194.69336 -2566434758.44696
xi_argument_of_latitude_reference : 224.26842 +113.94809 -164.72736
Fitted fluxes (source and blending):
flux_s_1 : 8018168009993.09668 +97312642340475.62500 -7999274377241.59277
flux_b_1 : -8018168009971.62988 +7999274377241.60059 -97312642340475.59375
Best model:
chi2: 1642.1081
t_0 u_0 t_E pi_E_N pi_E_E xi_Omega_node xi_inclination xi_period xi_semimajor_axis xi_argument_of_latitude_reference
2454910.285704553 -15.08662298281925 10.954816782358623 0.4908939297824588 6.096500113474235 23.943023020306796 239.0728041370104 92.31618003782933 0.34647740644858516 60.33287022898524
Fluxes:
592533.3454977055 -592511.9284032531
