Mean acceptance fraction: 0.076
Mean autocorrelation time [steps]: 3476.4
Fitted parameters:
t_0 : 2453529.78873 +31.62032 -60.54781
u_0 : -47.13642 +26.21517 -61.28584
t_E : 10.67518 +10.35642 -5.61003
pi_E_N : -2.24618 +1.66971 -4.40354
pi_E_E : 8.18952 +11.11238 -4.67734
xi_Omega_node : 221.61547 +75.77589 -93.25353
xi_inclination : 154.81255 +105.10306 -114.73161
xi_period : 197.75068 +29.37174 -30.16500
xi_semimajor_axis : 1.10882 +1.04757 -0.62286
xi_argument_of_latitude_reference : 125.78758 +169.60239 -74.19933
Fitted fluxes (source and blending):
flux_s_1 : 99338978.16493 +2689441282.31799 -94823708.01443
flux_b_1 : -99338911.67435 +94823708.04377 -2689441282.34080
Best model:
chi2: 918.7345
t_0 u_0 t_E pi_E_N pi_E_E xi_Omega_node xi_inclination xi_period xi_semimajor_axis xi_argument_of_latitude_reference
2453523.836358863 -25.71914632362131 16.271982168196097 -1.2795018975397325 3.956785022808912 292.991882891496 99.34112403258305 197.01142236770332 0.5876809775002232 115.88999225858122
Fluxes:
8775508.563728593 -8775442.095738849
