Mean acceptance fraction: 0.082
Mean autocorrelation time [steps]: 3191.1
Fitted parameters:
t_0 : 2454387.71053 +2.63459 -2.66951
u_0 : 6.06561 +5.48737 -3.47775
t_E : 16.86614 +18.29548 -7.83825
pi_E_N : -0.51820 +0.30856 -0.30729
pi_E_E : 0.44342 +0.41539 -0.25347
xi_Omega_node : 163.32117 +157.10500 -131.19778
xi_inclination : 117.12694 +188.36653 -91.40903
xi_period : 198166324.03943 +9495412683138.71094 -198166164.31652
xi_semimajor_axis : 11387.41446 +466260282.78866 -11387.28073
xi_argument_of_latitude_reference : 195.22464 +128.38872 -176.17965
Fitted fluxes (source and blending):
flux_s_1 : 23559.63997 +263717.28624 -22387.62391
flux_b_1 : -23448.26098 +22387.61325 -263717.26970
Best model:
chi2: 2251.4967
t_0 u_0 t_E pi_E_N pi_E_E xi_Omega_node xi_inclination xi_period xi_semimajor_axis xi_argument_of_latitude_reference
2454391.4313390134 4.211581320564718 23.06711099421505 -0.7611053941686454 0.2757584884187891 11.455958336682272 39.3744365325 148.09336385552504 0.09444665612298632 340.4418460895577
Fluxes:
6107.794399910626 -5996.419119089032
