Mean acceptance fraction: 0.081
Mean autocorrelation time [steps]: 3683.9
Fitted parameters:
t_0 : 2452576.82701 +5.81784 -16.71552
u_0 : -3.06433 +2.50902 -12.18945
t_E : 38.51712 +114.22559 -30.18141
pi_E_N : -0.25763 +0.16068 -0.78033
pi_E_E : 1.27607 +4.06697 -0.99728
xi_Omega_node : 191.45777 +144.27711 -152.47162
xi_inclination : 199.88851 +108.70476 -150.60895
xi_period : 1443312.83260 +120505186377.25780 -1443014.40267
xi_semimajor_axis : 169.91814 +5687800.57246 -169.79544
xi_argument_of_latitude_reference : 165.72488 +158.90869 -135.24382
Fitted fluxes (source and blending):
flux_s_1 : 1317.18929 +565672.34397 -1298.46505
flux_b_1 : -1295.88889 +1298.50325 -565672.26031
Best model:
chi2: 487.8262
t_0 u_0 t_E pi_E_N pi_E_E xi_Omega_node xi_inclination xi_period xi_semimajor_axis xi_argument_of_latitude_reference
2452580.478239952 -0.5514034448264207 127.4327050386799 -0.16463932234124246 0.41857265940787164 130.36023985308594 76.25990742942582 33.59950625669677 0.04163686994775075 36.83679642301004
Fluxes:
22.15161279781468 -0.8302283308269488
