Mean acceptance fraction: 0.181
Mean autocorrelation time [steps]: 1497.1
Fitted parameters:
t_0 : 2453330.40844 +1.01621 -0.70459
u_0 : -0.09466 +0.00470 -0.00514
t_E : 159.78137 +8.54903 -5.12984
pi_E_N : -0.04430 +0.00620 -0.01274
pi_E_E : 0.12671 +0.00984 -0.01320
xi_Omega_node : 114.91779 +4.91827 -4.50215
xi_inclination : 285.67666 +2.93170 -1.98006
xi_period : 664.33107 +57.21733 -173.22024
xi_semimajor_axis : 0.20381 +0.03068 -0.13815
xi_argument_of_latitude_reference : 293.24210 +7.75964 -9.93965
Fitted fluxes (source and blending):
flux_s_1 : 600.59089 +38.98927 -32.14925
flux_b_1 : 365.18861 +32.04117 -38.91404
Best model:
chi2: 1333.7354
t_0 u_0 t_E pi_E_N pi_E_E xi_Omega_node xi_inclination xi_period xi_semimajor_axis xi_argument_of_latitude_reference
2453330.3447157494 -0.09389673775699374 159.85519732031005 -0.044448421464450216 0.12645710392831835 115.22418625236514 285.5988312092655 692.5907078665865 0.2177995804449998 293.5203733478769
Fluxes:
598.7931779973342 367.06123527598186
