Mean acceptance fraction: 0.084
Mean autocorrelation time [steps]: nan
Fitted parameters:
t_0 : 2452902.41274 +0.35210 -0.52756
u_0 : 0.63691 +0.03067 -0.03284
t_E : 64.69524 +2.17124 -1.55135
pi_E_N : 0.32823 +0.04827 -0.05360
pi_E_E : 0.11540 +0.01391 -0.01339
xi_Omega_node : 212.96255 +140.57049 -139.61192
xi_inclination : 185.81882 +107.56288 -96.29845
xi_period : 11.18404 +848875886912356.00000 -8.82985
xi_semimajor_axis : 0.00562 +3482999089.78655 -0.00250
xi_argument_of_latitude_reference : 161.03596 +141.58982 -127.78393
Fitted fluxes (source and blending):
flux_s_1 : 976.96963 +82.87565 -83.20499
flux_b_1 : -206.45641 +83.23961 -82.89691
Best model:
chi2: 2289.7109
t_0 u_0 t_E pi_E_N pi_E_E xi_Omega_node xi_inclination xi_period xi_semimajor_axis xi_argument_of_latitude_reference
2452902.331208472 0.6400441741417223 64.48392712710397 0.3198001365583093 0.11350413095481324 131.37508927483205 134.7799637402756 1.7244391641869852 0.003712665367675232 212.75540377254174
Fluxes:
991.8463808196454 -221.3608075551185
