Mean acceptance fraction: 0.085
Mean autocorrelation time [steps]: 3093.8
Fitted parameters:
t_0 : 2453110.57778 +0.85038 -0.64787
u_0 : 0.08145 +0.00996 -0.01012
t_E : 98.39802 +14.05996 -12.37436
pi_E_N : -1.02771 +0.13252 -0.10232
pi_E_E : 0.10301 +0.07659 -0.10804
xi_Omega_node : 204.56677 +133.44470 -138.70601
xi_inclination : 161.83804 +108.59789 -98.65164
xi_period : 479.25782 +588476.35164 -457.31027
xi_semimajor_axis : 0.09127 +13.22770 -0.08566
xi_argument_of_latitude_reference : 139.54141 +155.63415 -96.45604
Fitted fluxes (source and blending):
flux_s_1 : 12.87794 +1.67977 -1.69880
flux_b_1 : 8.10181 +1.71217 -1.66544
Best model:
chi2: 1673.7973
t_0 u_0 t_E pi_E_N pi_E_E xi_Omega_node xi_inclination xi_period xi_semimajor_axis xi_argument_of_latitude_reference
2453107.0530091166 0.07099200526838496 126.17696829584325 -0.9892362039916026 -0.28664995108011865 103.59996915644196 94.526305670693 340.9409466758458 0.20935662326854595 110.18563898131279
Fluxes:
11.67776776643686 9.27994596323299
