Mean acceptance fraction: 0.107
Mean autocorrelation time [steps]: 2061.6
Fitted parameters:
t_0 : 2453243.10100 +5.60189 -4.05203
u_0 : -0.46878 +0.11365 -0.20951
t_E : 233.31944 +52.97254 -48.04179
pi_E_N : -0.31585 +0.13148 -0.10471
pi_E_E : 0.01531 +0.04593 -0.06661
xi_Omega_node : 230.71854 +127.10077 -190.20673
xi_inclination : 197.37799 +149.31690 -141.91965
xi_period : 703137277951576064.00000 +522269996585256448155451392.00000 -703137277951561600.00000
xi_semimajor_axis : 7720833931020.71973 +153488851668252786688.00000 -7720833931018.37695
xi_argument_of_latitude_reference : 194.00982 +147.47657 -145.99908
Fitted fluxes (source and blending):
flux_s_1 : 19.96158 +18.04136 -6.33687
flux_b_1 : -7.29210 +6.31830 -18.04163
Best model:
chi2: 2112.1293
t_0 u_0 t_E pi_E_N pi_E_E xi_Omega_node xi_inclination xi_period xi_semimajor_axis xi_argument_of_latitude_reference
2453239.241623407 -0.40049336494168464 246.0254864941458 -0.19361508981460995 0.0882806239499361 110.87236684942876 169.54078814133365 629.5406965082449 0.10585829924634452 363.2666645107489
Fluxes:
16.11031652396385 -3.4561813871176037
