Mean acceptance fraction: 0.083
Mean autocorrelation time [steps]: 3283.1
Fitted parameters:
t_0 : 2453786.10691 +0.01520 -0.07077
u_0 : 0.02994 +0.01346 -0.02198
t_E : 301.79299 +862.78120 -69.67645
pi_E_N : 0.00072 +0.03449 -0.03264
pi_E_E : 0.21334 +0.03662 -0.16114
xi_Omega_node : 203.43457 +37.64943 -186.72155
xi_inclination : 260.38341 +23.73524 -82.56512
xi_period : 109.64206 +114.29597 -8.97271
xi_semimajor_axis : 0.06257 +0.04808 -0.02158
xi_argument_of_latitude_reference : 157.98268 +51.26798 -54.91655
Fitted fluxes (source and blending):
flux_s_1 : 1.80212 +0.98948 -0.93644
flux_b_1 : 45.51036 +0.96243 -1.04357
Best model:
chi2: 2960.4999
t_0 u_0 t_E pi_E_N pi_E_E xi_Omega_node xi_inclination xi_period xi_semimajor_axis xi_argument_of_latitude_reference
2453786.116376571 0.03936770870868618 227.9215805988349 0.033252905169946265 0.21731766679356723 238.15988410712242 260.2523785609879 102.6204792908796 0.057848285872170155 204.32508619373286
Fluxes:
2.5573329344626634 44.891691220555515
