Mean acceptance fraction: 0.075
Mean autocorrelation time [steps]: 3640.9
Fitted parameters:
t_0 : 2454704.07393 +15.11249 -7.89409
u_0 : -0.13356 +0.08176 -0.11564
t_E : 575.34745 +466.13787 -262.71204
pi_E_N : -0.08362 +0.05659 -0.05003
pi_E_E : 0.03379 +0.01935 -0.01739
xi_Omega_node : 181.02542 +97.36234 -144.59722
xi_inclination : 154.70007 +117.47654 -81.18327
xi_period : 111.10650 +77.02855 -90.33197
xi_semimajor_axis : 0.00778 +0.00685 -0.00287
xi_argument_of_latitude_reference : 162.33110 +148.68684 -101.64693
Fitted fluxes (source and blending):
flux_s_1 : 5.89397 +6.29585 -3.84434
flux_b_1 : 147.36806 +3.64670 -6.19567
Best model:
chi2: 2290.0328
t_0 u_0 t_E pi_E_N pi_E_E xi_Omega_node xi_inclination xi_period xi_semimajor_axis xi_argument_of_latitude_reference
2454707.098468326 -0.04015040124664944 1286.7072828834728 -0.018483058806859524 0.0330976449368824 248.98156270532567 169.7893915926893 161.27950156605098 0.004446507253747133 305.0321426683412
Fluxes:
1.5585586715470434 151.43512464795916
