Mean acceptance fraction: 0.066
Mean autocorrelation time [steps]: 3233.2
Fitted parameters:
t_0 : 2453827.49965 +1.64758 -2.02349
u_0 : -3.67242 +3.07782 -4.18116
t_E : 12.73887 +28.11510 -6.19397
pi_E_N : 0.02584 +0.35248 -0.35947
pi_E_E : -4.13935 +2.94393 -3.76067
xi_Omega_node : 94.93354 +114.29214 -87.62149
xi_inclination : 176.83997 +87.38444 -72.00247
xi_period : 92.50458 +53.53429 -9.88768
xi_semimajor_axis : 0.39609 +0.38863 -0.26206
xi_argument_of_latitude_reference : 340.83301 +26.83986 -119.63814
Fitted fluxes (source and blending):
flux_s_1 : 3364.61565 +54357.30445 -3332.71760
flux_b_1 : -3302.30798 +3332.73000 -54357.31923
Best model:
chi2: 1068.4978
t_0 u_0 t_E pi_E_N pi_E_E xi_Omega_node xi_inclination xi_period xi_semimajor_axis xi_argument_of_latitude_reference
2453829.426735253 -6.0453228019474174 8.44352204015976 0.3339070035641182 -6.665729135505088 112.58733142426979 109.45608408163127 85.6078477138684 0.6124997678264826 375.8317135629766
Fluxes:
20987.38184183588 -20925.077772053806
