Mean acceptance fraction: 0.074
Mean autocorrelation time [steps]: 3974.7
Fitted parameters:
t_0 : 2453859.00772 +0.45400 -0.16459
u_0 : -0.27957 +0.02551 -0.07925
t_E : 147.23098 +6.99932 -16.29808
pi_E_N : -0.05248 +0.10308 -0.05932
pi_E_E : -0.04932 +0.00796 -0.02558
xi_Omega_node : 237.10743 +55.21781 -137.28139
xi_inclination : 234.42503 +94.15345 -62.90875
xi_period : 83.50377 +42.86021 -79.96192
xi_semimajor_axis : 0.00295 +0.00095 -0.00223
xi_argument_of_latitude_reference : 180.85833 +120.58520 -167.20913
Fitted fluxes (source and blending):
flux_s_1 : 165.84930 +66.38486 -19.24475
flux_b_1 : 147.52935 +19.21215 -66.41209
Best model:
chi2: 4819.4734
t_0 u_0 t_E pi_E_N pi_E_E xi_Omega_node xi_inclination xi_period xi_semimajor_axis xi_argument_of_latitude_reference
2453859.4108661492 -0.24330012073049806 158.2772830586748 -0.11461026191342952 -0.04441377330806024 278.06624106783835 168.06447520391376 128.58330686860103 0.0036430523926770076 362.82428819602256
Fluxes:
138.7156068391271 174.59096974121596
