Mean acceptance fraction: 0.099
Mean autocorrelation time [steps]: 2589.9
Fitted parameters:
t_0 : 2452509.62820 +0.35785 -1.61209
u_0 : 0.15730 +0.01798 -0.02617
t_E : 192.18978 +24.97673 -11.63148
pi_E_N : -0.03076 +0.05489 -0.05193
pi_E_E : 0.06023 +0.00939 -0.00548
xi_Omega_node : 198.62380 +130.15181 -153.97739
xi_inclination : 193.40746 +144.87087 -162.51485
xi_period : 179873012579.85645 +1669121771435212544.00000 -179873011041.00012
xi_semimajor_axis : 2052749.95215 +10348972795756.82812 -2052749.85196
xi_argument_of_latitude_reference : 183.22945 +133.34795 -135.44135
Fitted fluxes (source and blending):
flux_s_1 : 42.54208 +5.70306 -7.40642
flux_b_1 : 19.01168 +7.93222 -5.70249
Best model:
chi2: 641.8423
t_0 u_0 t_E pi_E_N pi_E_E xi_Omega_node xi_inclination xi_period xi_semimajor_axis xi_argument_of_latitude_reference
2452509.806677064 0.17547597935399872 183.0448475693955 0.02075274815899311 0.05727166133175254 222.18323407948404 124.89278646174708 2.9599648560471153e+18 43827340122089.96 135.6317639563291
Fluxes:
48.2912811419087 13.274576718829048
