Mean acceptance fraction: 0.063
Mean autocorrelation time [steps]: 3797.8
Fitted parameters:
t_0 : 2454722.95638 +1.03091 -0.55321
u_0 : -0.14270 +0.05286 -0.17750
t_E : 35.26367 +27.47765 -13.96973
pi_E_N : -0.42440 +4.73132 -3.27850
pi_E_E : -1.03237 +0.47019 -0.54205
xi_Omega_node : 123.90629 +140.37559 -95.64315
xi_inclination : 164.88919 +88.61453 -84.92634
xi_period : 21.51692 +7.18162 -4.78026
xi_semimajor_axis : 0.03170 +0.02749 -0.01438
xi_argument_of_latitude_reference : 182.46905 +116.58537 -159.97085
Fitted fluxes (source and blending):
flux_s_1 : 16.63669 +26.02505 -6.17620
flux_b_1 : 17.45000 +6.17010 -26.03802
Best model:
chi2: 2155.3246
t_0 u_0 t_E pi_E_N pi_E_E xi_Omega_node xi_inclination xi_period xi_semimajor_axis xi_argument_of_latitude_reference
2454723.173959878 -0.14648178467272577 32.11041691440432 4.817583272094272 -0.629515490202208 265.6804519029463 72.93220881422977 17.35190471898904 0.048854452447765845 188.4152756653168
Fluxes:
18.36825988778458 15.716389393234035
