Mean acceptance fraction: 0.082
Mean autocorrelation time [steps]: 2911.4
Fitted parameters:
t_0 : 2454691.99155 +1.29001 -1.50178
u_0 : 0.46877 +0.46381 -0.22392
t_E : 32.17701 +10.39418 -8.88996
pi_E_N : 0.88432 +0.40754 -1.70884
pi_E_E : -2.21690 +1.06358 -0.93116
xi_Omega_node : 75.32074 +165.63152 -30.73647
xi_inclination : 233.50196 +75.65657 -177.98678
xi_period : 37.43586 +19.32544 -3.99772
xi_semimajor_axis : 0.12954 +0.06487 -0.06902
xi_argument_of_latitude_reference : 134.88710 +88.82480 -65.88150
Fitted fluxes (source and blending):
flux_s_1 : 31.17330 +68.06261 -17.95155
flux_b_1 : -0.78235 +17.94695 -68.07153
Best model:
chi2: 3501.9406
t_0 u_0 t_E pi_E_N pi_E_E xi_Omega_node xi_inclination xi_period xi_semimajor_axis xi_argument_of_latitude_reference
2454691.3348967773 0.5772062862716422 30.04518570804028 1.0293883003325217 -2.4965988292372128 63.915735417289376 240.84380432216503 33.46881487624075 0.1546741898713377 134.96160595426898
Fluxes:
42.26878598656198 -11.889320087684892
