Mean acceptance fraction: 0.118
Mean autocorrelation time [steps]: 3219.5
Fitted parameters:
t_0 : 2453756.38888 +0.64469 -0.66152
u_0 : -0.00450 +0.00092 -0.00070
t_E : 13959.57433 +3449.09611 -2294.76446
pi_E_N : 0.00099 +0.00020 -0.00021
pi_E_E : 0.00341 +0.00071 -0.00077
xi_Omega_node : 132.94868 +4.98816 -2.85060
xi_inclination : 263.63091 +3.15093 -5.69107
xi_period : 181.80459 +1.31227 -0.79148
xi_semimajor_axis : 0.00035 +0.00009 -0.00008
xi_argument_of_latitude_reference : 184.80127 +1.43791 -1.57873
Fitted fluxes (source and blending):
flux_s_1 : 1.81748 +0.53711 -0.39612
flux_b_1 : 1231.64439 +0.62688 -0.34499
Best model:
chi2: 7435.8179
t_0 u_0 t_E pi_E_N pi_E_E xi_Omega_node xi_inclination xi_period xi_semimajor_axis xi_argument_of_latitude_reference
2453756.207254979 -0.00507051354494815 11799.56725477883 0.0011712090904491092 0.004172814338367487 133.10052728779382 265.1829322687052 181.9158515311248 0.0003899209902920498 185.52171904298586
Fluxes:
2.0168156599461566 1231.6721099462181
