Mean acceptance fraction: 0.067
Mean autocorrelation time [steps]: 3081.2
Fitted parameters:
t_0 : 2454383.70346 +4.07232 -14.17192
u_0 : 8.34230 +2.25312 -2.84408
t_E : 10.28139 +5.66868 -2.12912
pi_E_N : -1.56006 +0.76919 -2.82422
pi_E_E : 0.84724 +0.59188 -0.91807
xi_Omega_node : 132.35765 +145.19902 -117.52751
xi_inclination : 175.76587 +55.46370 -115.61987
xi_period : 173.79135 +253343.57433 -31.14670
xi_semimajor_axis : 1.11883 +75.74924 -0.73533
xi_argument_of_latitude_reference : 197.53379 +115.78038 -125.73112
Fitted fluxes (source and blending):
flux_s_1 : 85043.63661 +136489.66218 -67764.20792
flux_b_1 : -84930.49266 +67764.18368 -136489.70294
Best model:
chi2: 2467.3546
t_0 u_0 t_E pi_E_N pi_E_E xi_Omega_node xi_inclination xi_period xi_semimajor_axis xi_argument_of_latitude_reference
2454391.869059187 10.595435975115967 8.127775372527795 -6.160053737149521 1.365380393924087 -14.677881251578688 206.001926561705 141.6885765329069 1.5857045857149064 78.05508557846449
Fluxes:
221662.23850030667 -221549.10703031826
