Mean acceptance fraction: 0.178
Mean autocorrelation time [steps]: 1292.1
Fitted parameters:
t_0 : 2454716.38395 +0.58379 -0.46411
u_0 : 0.12425 +0.05478 -0.01079
t_E : 110.89255 +5.41403 -34.20267
pi_E_N : 0.77268 +0.03187 -0.03006
pi_E_E : -0.17896 +0.07461 -0.01961
xi_Omega_node : 236.60085 +6.63454 -148.26532
xi_inclination : 252.40898 +6.58294 -167.44693
xi_period : 118.71417 +24.74549 -4.67789
xi_semimajor_axis : 0.04973 +0.00931 -0.01629
xi_argument_of_latitude_reference : -6.56134 +179.27138 -9.63421
Fitted fluxes (source and blending):
flux_s_1 : 92.39461 +47.77049 -8.69304
flux_b_1 : 117.87136 +8.67920 -47.58790
Best model:
chi2: 7346.1152
t_0 u_0 t_E pi_E_N pi_E_E xi_Omega_node xi_inclination xi_period xi_semimajor_axis xi_argument_of_latitude_reference
2454716.053743284 0.11151296936340403 116.42780412547123 0.7608088727609844 -0.18040896659249225 234.19214206862796 252.87538126437647 116.50433571840253 0.05116885748911487 -18.099112295354924
Fluxes:
82.50764630407099 127.74643738696476
