Mean acceptance fraction: 0.084
Mean autocorrelation time [steps]: 3279.3
Fitted parameters:
t_0 : 2454902.09358 +13.52329 -11.17028
u_0 : 0.46351 +0.35289 -0.21464
t_E : 161.74757 +93.58048 -43.07670
pi_E_N : -0.28396 +0.14890 -0.14966
pi_E_E : 0.11961 +0.06871 -0.04197
xi_Omega_node : 169.75751 +161.63351 -11.37010
xi_inclination : 114.36107 +153.92630 -14.86163
xi_period : 83.43013 +6.99259 -3.49186
xi_semimajor_axis : 0.07379 +0.04837 -0.03642
xi_argument_of_latitude_reference : 326.12599 +31.80108 -119.38970
Fitted fluxes (source and blending):
flux_s_1 : 29.82427 +49.01821 -16.37670
flux_b_1 : 142.44301 +16.41573 -48.99946
Best model:
chi2: 2150.7551
t_0 u_0 t_E pi_E_N pi_E_E xi_Omega_node xi_inclination xi_period xi_semimajor_axis xi_argument_of_latitude_reference
2454908.3344897144 0.4631790846843108 159.3101005469204 -0.32469658046127825 0.1047925699582747 159.97047939820084 103.83780977157288 80.16264899221518 0.0896917223397891 357.47006369096226
Fluxes:
29.612443230743178 142.64485711833717
