Mean acceptance fraction: 0.340
Mean autocorrelation time [steps]: 299.0
Fitted parameters:
t_0 : 2453892.80019 +0.00927 -0.00837
u_0 : 0.06954 +0.00027 -0.00032
t_E : 68.68038 +0.23640 -0.22139
pi_E_N : -0.10567 +0.01150 -0.01076
pi_E_E : -0.10809 +0.00677 -0.00676
xi_Omega_node : 58.19494 +4.78290 -4.08836
xi_inclination : 73.82240 +7.81975 -9.45095
xi_period : 21.31592 +0.64975 -0.62307
xi_semimajor_axis : 0.00074 +0.00010 -0.00010
xi_argument_of_latitude_reference : 378.11956 +1.43475 -3.87891
Fitted fluxes (source and blending):
flux_s_1 : 344.50639 +1.46367 -1.61930
flux_b_1 : 202.42482 +1.62944 -1.47037
Best model:
chi2: 14797.8811
t_0 u_0 t_E pi_E_N pi_E_E xi_Omega_node xi_inclination xi_period xi_semimajor_axis xi_argument_of_latitude_reference
2453892.7910621637 0.06964404584782534 68.70837568064343 -0.10663902359588974 -0.10655745038787878 219.0214707067394 87.3000836481281 22.43973898574812 0.0008542470920071208 224.51173058298806
Fluxes:
344.6208137156151 202.30519613698644
