Mean acceptance fraction: 0.034
Mean autocorrelation time [steps]: 4156.0
Fitted parameters:
t_0 : 2453964.05598 +0.57532 -0.88865
u_0 : -0.34912 +0.22646 -0.31971
t_E : 615.09308 +256.75634 -295.51269
pi_E_N : -0.85133 +1.45453 -0.44407
pi_E_E : -0.01861 +0.37202 -0.24418
xi_Omega_node : 166.33027 +179.79764 -131.78427
xi_inclination : 262.25738 +53.17316 -148.35050
xi_period : 2.91156 +5.40234 -0.00986
xi_semimajor_axis : 0.06570 +0.05244 -0.05838
xi_argument_of_latitude_reference : 203.59448 +159.24716 -77.65473
Fitted fluxes (source and blending):
flux_s_1 : 15.44852 +28.78196 -11.50185
flux_b_1 : 99.84376 +11.74076 -28.75352
Best model:
chi2: 5021.9956
t_0 u_0 t_E pi_E_N pi_E_E xi_Omega_node xi_inclination xi_period xi_semimajor_axis xi_argument_of_latitude_reference
2453964.4696548 -0.7240345986286012 789.5934906594237 -1.7290616585636336 0.4411228537592204 209.2094796520882 44.9558429172684 0.9922448540171138 0.0954552289389588 219.97787462555206
Fluxes:
67.68065630441662 47.67719328642698
