Mean acceptance fraction: 0.138
Mean autocorrelation time [steps]: 2950.6
Fitted parameters:
t_0 : 2454246.21306 +0.61900 -0.90953
u_0 : -7.48955 +1.03468 -1.57265
t_E : 28.33601 +4.32165 -4.77546
pi_E_N : -0.76246 +0.09899 -0.14806
pi_E_E : -0.57637 +0.07487 -0.11785
xi_Omega_node : 9.31591 +26.19670 -9.47421
xi_inclination : 249.19829 +8.24450 -63.50453
xi_period : 6.87608 +0.00857 -0.01713
xi_semimajor_axis : 0.04588 +0.01532 -0.02355
xi_argument_of_latitude_reference : 200.15195 +22.72025 -22.56297
Fitted fluxes (source and blending):
flux_s_1 : 255571.14483 +280815.50539 -111250.44378
flux_b_1 : -254756.35259 +111250.37255 -280815.63675
Best model:
chi2: 5739.9728
t_0 u_0 t_E pi_E_N pi_E_E xi_Omega_node xi_inclination xi_period xi_semimajor_axis xi_argument_of_latitude_reference
2454246.540520608 -6.057935570885888 34.78505968543997 -0.6292255922095922 -0.46689661918651787 4.6155813940310795 251.97645856301332 6.879724499815575 0.044753767192718646 196.87536532228623
Fluxes:
113214.01395477643 -112399.2808566573
