Mean acceptance fraction: 0.096
Mean autocorrelation time [steps]: 3288.4
Fitted parameters:
t_0 : 2453484.22525 +0.88706 -1.46948
u_0 : -0.37749 +0.02262 -0.10041
t_E : 101.11898 +3.87197 -5.20788
pi_E_N : -0.38874 +0.30892 -0.07648
pi_E_E : 0.19787 +0.06601 -0.02403
xi_Omega_node : 207.58547 +22.49804 -168.06570
xi_inclination : 259.47401 +43.61642 -187.21129
xi_period : 28.33699 +2.25132 -1.16285
xi_semimajor_axis : 0.00706 +0.00285 -0.00276
xi_argument_of_latitude_reference : 196.43419 +82.72864 -174.03968
Fitted fluxes (source and blending):
flux_s_1 : 100.43406 +43.41980 -8.81320
flux_b_1 : 164.99536 +8.82339 -43.38834
Best model:
chi2: 820.9670
t_0 u_0 t_E pi_E_N pi_E_E xi_Omega_node xi_inclination xi_period xi_semimajor_axis xi_argument_of_latitude_reference
2453484.1489324737 -0.35793238290109614 103.84989611119451 -0.41933751109166323 0.18734465485214363 212.03159363414053 283.91054844323924 28.040472093078254 0.009215914495634442 199.92522447797865
Fluxes:
94.30021056957939 171.13902499973847
