Mean acceptance fraction: 0.138
Mean autocorrelation time [steps]: 3907.8
Fitted parameters:
t_0 : 2453492.48353 +0.48540 -9.08362
u_0 : -26.63878 +7.41982 -8.54429
t_E : 7.38606 +2.85021 -1.74934
pi_E_N : -0.65532 +0.18016 -0.16681
pi_E_E : -1.28477 +0.31805 -0.31270
xi_Omega_node : 360.13243 +3.04093 -14.29199
xi_inclination : 77.75378 +3.28076 -4.30262
xi_period : 109.60300 +6.36330 -1.91302
xi_semimajor_axis : 0.28555 +0.10956 -0.11044
xi_argument_of_latitude_reference : 247.95171 +116.73354 -10.62623
Fitted fluxes (source and blending):
flux_s_1 : 109055959.43217 +221543356.41272 -79418888.17743
flux_b_1 : -109055218.82366 +79418888.14089 -221543356.50770
Best model:
chi2: 2567.4057
t_0 u_0 t_E pi_E_N pi_E_E xi_Omega_node xi_inclination xi_period xi_semimajor_axis xi_argument_of_latitude_reference
2453482.271239378 -44.67130099381751 4.690516020215785 -0.7593325524479302 -1.363172339297633 347.9666323356785 72.17140286592164 181.4888937205007 0.9345391636199001 379.77405774427507
Fluxes:
851360861.3028513 -851360121.421357
