Mean acceptance fraction: 0.050
Mean autocorrelation time [steps]: 3556.0
Fitted parameters:
t_0 : 2454901.33160 +14.35918 -16.75907
u_0 : -55.39490 +37.51592 -118.46427
t_E : 3.60426 +3.91381 -2.56301
pi_E_N : 15.65435 +18.67681 -15.93469
pi_E_E : 18.13971 +34.30851 -15.14150
xi_Omega_node : 51.12295 +209.92413 -57.66276
xi_inclination : 216.26379 +122.41580 -117.44768
xi_period : 55.32322 +11.41797 -54.33826
xi_semimajor_axis : 1.70172 +2.75124 -1.45919
xi_argument_of_latitude_reference : 185.77461 +103.66070 -83.46817
Fitted fluxes (source and blending):
flux_s_1 : 108719993.39586 +10081367157.24371 -107579938.59568
flux_b_1 : -108719972.00510 +107579938.64675 -10081367157.20152
Best model:
chi2: 1614.1549
t_0 u_0 t_E pi_E_N pi_E_E xi_Omega_node xi_inclination xi_period xi_semimajor_axis xi_argument_of_latitude_reference
2454906.90235731 -82.79991447958538 2.3115795094319713 37.99043538904008 -1.2562669137141285 7.245433879163869 301.2814636830337 71.07953813805372 6.921676803895449 252.67293585955534
Fluxes:
520279106.2842227 -520279084.8927656
