Mean acceptance fraction: 0.121
Mean autocorrelation time [steps]: 1569.0
Fitted parameters:
t_0 : 2453815.15525 +1.62371 -1.78261
u_0 : -0.59742 +0.11789 -0.16107
t_E : 132.08572 +13.48715 -16.71793
pi_E_N : 0.20030 +0.04238 -0.05140
pi_E_E : -0.11185 +0.02328 -0.02273
xi_Omega_node : 163.42670 +165.73484 -148.41913
xi_inclination : 144.57038 +169.44764 -105.75836
xi_period : 1863469932114369052672.00000 +114339785919172394142306593144832.00000 -1863469932114369052672.00000
xi_semimajor_axis : 864484380958568.50000 +24043957892443728617930752.00000 -864484380958568.50000
xi_argument_of_latitude_reference : 155.83955 +159.30859 -117.00255
Fitted fluxes (source and blending):
flux_s_1 : 71.01773 +35.46546 -20.21781
flux_b_1 : 342.65807 +20.11921 -35.49882
Best model:
chi2: 1196.9184
t_0 u_0 t_E pi_E_N pi_E_E xi_Omega_node xi_inclination xi_period xi_semimajor_axis xi_argument_of_latitude_reference
2453815.4245919087 -0.8602672131453288 106.82520395665824 0.21435306518483455 -0.1329152392154887 -2.9117910733510968 285.2926276777242 102.58731690888479 0.047174118790855826 103.93166839041261
Fluxes:
133.8904698130078 279.7285115210807
