Mean acceptance fraction: 0.078
Mean autocorrelation time [steps]: 3221.6
Fitted parameters:
t_0 : 2454145.86529 +1.24461 -2.17381
u_0 : 0.02428 +0.01473 -0.01711
t_E : 110.34350 +47.37621 -17.79220
pi_E_N : 0.12851 +0.05264 -0.09085
pi_E_E : 0.49316 +0.13794 -0.12257
xi_Omega_node : 260.27868 +92.96246 -111.01553
xi_inclination : 278.69413 +68.79318 -46.12699
xi_period : 203.83110 +30.34030 -52.46254
xi_semimajor_axis : 0.08106 +0.04438 -0.05453
xi_argument_of_latitude_reference : 241.76827 +94.93660 -104.03319
Fitted fluxes (source and blending):
flux_s_1 : 6.76797 +3.75613 -2.56031
flux_b_1 : 10.39253 +2.48264 -3.78692
Best model:
chi2: 2175.6801
t_0 u_0 t_E pi_E_N pi_E_E xi_Omega_node xi_inclination xi_period xi_semimajor_axis xi_argument_of_latitude_reference
2454147.4432262764 0.04714558281925778 102.35797843195242 0.14589498465505965 0.6118574686392824 284.55409825080807 261.7702674960004 180.35886500978717 0.13684114358079735 170.78909617836217
Fluxes:
7.763341997940962 9.307094763200153
