Mean acceptance fraction: 0.044
Mean autocorrelation time [steps]: 4039.4
Fitted parameters:
t_0 : 2454145.75034 +1.38770 -1.40927
u_0 : -0.02156 +0.01811 -0.02184
t_E : 118.87365 +67.19998 -30.37600
pi_E_N : 0.05306 +0.05535 -0.08744
pi_E_E : 0.37372 +0.14638 -0.14119
xi_Omega_node : 145.88952 +96.78486 -131.28953
xi_inclination : 205.19712 +68.36094 -98.24442
xi_period : 230.66144 +299.64249 -107.49237
xi_semimajor_axis : 0.07412 +0.08711 -0.04904
xi_argument_of_latitude_reference : 224.14121 +119.08503 -89.60853
Fitted fluxes (source and blending):
flux_s_1 : 6.27519 +4.55891 -3.09952
flux_b_1 : 10.80212 +3.00855 -4.52457
Best model:
chi2: 2177.9777
t_0 u_0 t_E pi_E_N pi_E_E xi_Omega_node xi_inclination xi_period xi_semimajor_axis xi_argument_of_latitude_reference
2454147.5911945463 -0.033060320357522474 117.65479409862871 0.10888396979552686 0.47540757684095925 192.750845540196 288.6402800998037 213.9415654953667 0.08058115871210679 313.6619326700354
Fluxes:
5.583809865941027 11.495749590264912
