Mean acceptance fraction: 0.070
Mean autocorrelation time [steps]: 3685.5
Fitted parameters:
t_0 : 2453629.21946 +5.84319 -2.91192
u_0 : 0.03364 +0.01098 -0.00605
t_E : 294.78228 +78.56362 -86.33244
pi_E_N : 0.03517 +0.07668 -0.07805
pi_E_E : -0.15316 +0.03381 -0.02846
xi_Omega_node : 35.00532 +143.22171 -44.09922
xi_inclination : 150.72403 +83.12084 -47.47707
xi_period : 3550.23463 +1682.47746 -933.07200
xi_semimajor_axis : 1.54982 +0.74977 -1.22397
xi_argument_of_latitude_reference : 181.91293 +71.74145 -85.65931
Fitted fluxes (source and blending):
flux_s_1 : 3.13154 +1.19575 -0.47286
flux_b_1 : 15.41333 +0.37542 -0.72662
Best model:
chi2: 1134.5225
t_0 u_0 t_E pi_E_N pi_E_E xi_Omega_node xi_inclination xi_period xi_semimajor_axis xi_argument_of_latitude_reference
2453627.545153958 0.033553480503302716 344.56332776812405 0.12352180901178017 -0.1424733113529458 -10.51193913854999 102.19900687216538 3318.301616515846 1.8037110322831944 183.33392907123115
Fluxes:
2.991611114647448 15.464129652258578
