Mean acceptance fraction: 0.079
Mean autocorrelation time [steps]: 3831.0
Fitted parameters:
t_0 : 2454292.21700 +3.98854 -2.30997
u_0 : 4.65361 +2.22323 -1.80624
t_E : 40.39881 +386.78700 -16.39691
pi_E_N : -0.32290 +0.12854 -0.07736
pi_E_E : -0.40001 +0.17729 -1.16466
xi_Omega_node : 357.62889 +7.44246 -206.66775
xi_inclination : 122.37866 +81.37556 -10.17688
xi_period : 124.13124 +8.67619 -52.64090
xi_semimajor_axis : 0.12295 +0.03589 -0.02944
xi_argument_of_latitude_reference : 200.47241 +141.55672 -15.24317
Fitted fluxes (source and blending):
flux_s_1 : 20104.35036 +72593.60085 -16321.64704
flux_b_1 : -19987.72000 +16321.59715 -72593.63283
Best model:
chi2: 2972.6865
t_0 u_0 t_E pi_E_N pi_E_E xi_Omega_node xi_inclination xi_period xi_semimajor_axis xi_argument_of_latitude_reference
2454294.5212875353 4.308735656552295 38.074895469147904 -0.3061326060108476 -0.28131186457145807 370.03090178434786 159.42688420564534 172.31995474660042 0.11088916104649485 187.79893344684567
Fluxes:
15971.627304144558 -15855.00399910536
