Mean acceptance fraction: 0.098
Mean autocorrelation time [steps]: 3406.1
Fitted parameters:
t_0 : 2453779.81300 +6.47217 -4.92125
u_0 : 0.18215 +0.15002 -0.10890
t_E : 93.84212 +76.95397 -23.00684
pi_E_N : 0.03133 +0.03078 -0.03728
pi_E_E : 0.43943 +0.12589 -0.20338
xi_Omega_node : 279.86718 +14.20559 -174.62850
xi_inclination : 96.25642 +13.20118 -9.07871
xi_period : 125.78138 +56.25466 -4.61741
xi_semimajor_axis : 0.16005 +0.11276 -0.13408
xi_argument_of_latitude_reference : 273.35949 +10.74496 -104.18362
Fitted fluxes (source and blending):
flux_s_1 : 15.05354 +18.15956 -10.31704
flux_b_1 : 32.55215 +10.19926 -18.16818
Best model:
chi2: 2922.9580
t_0 u_0 t_E pi_E_N pi_E_E xi_Omega_node xi_inclination xi_period xi_semimajor_axis xi_argument_of_latitude_reference
2453775.4102975954 0.2772501067235537 78.01673915330305 0.0287422111210499 0.5096932385430288 288.73818929568614 95.19424311402213 124.43163303671193 0.24471479139296348 278.5655110944269
Fluxes:
26.452218441509935 21.14438686631259
