Mean acceptance fraction: 0.120
Mean autocorrelation time [steps]: 1973.7
Fitted parameters:
t_0 : 2452509.68676 +0.39750 -1.79937
u_0 : 0.15602 +0.02790 -0.02106
t_E : 193.07632 +20.12227 -17.85577
pi_E_N : -0.01713 +0.04763 -0.05803
pi_E_E : 0.05861 +0.00639 -0.00921
xi_Omega_node : 204.67203 +126.33395 -153.10387
xi_inclination : 183.73217 +111.01750 -146.67667
xi_period : 19355902.41830 +339764047532357120.00000 -19355815.14148
xi_semimajor_axis : 173.17410 +154785304125.72864 -173.16812
xi_argument_of_latitude_reference : 172.79259 +134.63735 -138.44331
Fitted fluxes (source and blending):
flux_s_1 : 42.14444 +9.00823 -6.44730
flux_b_1 : 19.40286 +6.42570 -8.97882
Best model:
chi2: 642.0907
t_0 u_0 t_E pi_E_N pi_E_E xi_Omega_node xi_inclination xi_period xi_semimajor_axis xi_argument_of_latitude_reference
2452507.9340893053 0.18818573779042638 173.53120331979028 0.0390776781773913 0.04387163686738835 46.42591565444158 151.16452443898584 68.78301996911506 0.004296458697114763 75.09842269335905
Fluxes:
52.71871581930261 8.814748469969814
