Mean acceptance fraction: 0.044
Mean autocorrelation time [steps]: 3736.7
Fitted parameters:
t_0 : 2453487.60480 +1.19496 -2.45971
u_0 : -0.53564 +0.14343 -0.32072
t_E : 90.50582 +31.03620 -20.85949
pi_E_N : 0.26471 +0.34409 -0.43734
pi_E_E : 0.30840 +0.11742 -0.25186
xi_Omega_node : 209.85186 +95.23917 -94.17092
xi_inclination : 270.59619 +65.93860 -71.40229
xi_period : 300.04868 +79.72994 -116.59394
xi_semimajor_axis : 0.10891 +0.11762 -0.07344
xi_argument_of_latitude_reference : 270.89496 +37.51338 -94.85469
Fitted fluxes (source and blending):
flux_s_1 : 164.96171 +209.16805 -61.64483
flux_b_1 : 100.58306 +61.71134 -209.12378
Best model:
chi2: 853.3242
t_0 u_0 t_E pi_E_N pi_E_E xi_Omega_node xi_inclination xi_period xi_semimajor_axis xi_argument_of_latitude_reference
2453489.4537739493 -0.3497095918659046 124.01983566294679 0.44785856938929447 0.2512993572747863 194.86272070353274 271.3158384516045 387.9931702302993 0.2556674402331661 289.0766344432092
Fluxes:
87.87714525994286 177.69067358321522
