Mean acceptance fraction: 0.094
Mean autocorrelation time [steps]: 3316.2
Fitted parameters:
t_0 : 2453826.25630 +1.75230 -1.45883
u_0 : 7.28625 +13.04426 -5.67651
t_E : 6.94254 +16.68217 -4.42933
pi_E_N : -0.56390 +0.51783 -1.29144
pi_E_E : -6.44315 +4.67793 -11.43187
xi_Omega_node : 317.74084 +49.37609 -61.19848
xi_inclination : 324.35192 +37.55019 -74.47118
xi_period : 89.03249 +4.91958 -10.77232
xi_semimajor_axis : 0.56643 +0.95019 -0.39744
xi_argument_of_latitude_reference : 297.08636 +59.63735 -43.87213
Fitted fluxes (source and blending):
flux_s_1 : 43694.53660 +2428846.87913 -43440.95865
flux_b_1 : -43632.25027 +43441.02813 -2428846.88602
Best model:
chi2: 1067.5629
t_0 u_0 t_E pi_E_N pi_E_E xi_Omega_node xi_inclination xi_period xi_semimajor_axis xi_argument_of_latitude_reference
2453826.3208905044 20.250966218970067 2.5179545538322152 -1.8746360596298373 -18.11475628344217 343.2633756403898 339.8742511262282 88.90455019188995 1.4237844180236119 281.9996330589796
Fluxes:
2427818.2010660027 -2427755.896733777
