Mean acceptance fraction: 0.061
Mean autocorrelation time [steps]: 2983.2
Fitted parameters:
t_0 : 2454588.11664 +0.67798 -2.03270
u_0 : -0.27855 +0.05478 -0.26251
t_E : 57.58079 +9.38927 -16.62085
pi_E_N : -0.18867 +0.55569 -0.46926
pi_E_E : -0.42963 +0.11181 -0.27084
xi_Omega_node : 147.19188 +123.21722 -118.09658
xi_inclination : 320.11935 +37.44112 -224.50630
xi_period : 156.54217 +389227.87869 -63.33255
xi_semimajor_axis : 0.24331 +9.98646 -0.20240
xi_argument_of_latitude_reference : 154.38680 +110.84835 -131.23533
Fitted fluxes (source and blending):
flux_s_1 : 20.52744 +32.65760 -4.82364
flux_b_1 : 5.28446 +4.80099 -32.68876
Best model:
chi2: 1110.2189
t_0 u_0 t_E pi_E_N pi_E_E xi_Omega_node xi_inclination xi_period xi_semimajor_axis xi_argument_of_latitude_reference
2454591.5530912476 -0.3037681340473046 64.09430802522354 0.4634779551598794 -0.48167558508174213 113.91192760566165 69.90730453308069 79.16807287551009 0.09386039415684069 8.916244115154939
Fluxes:
22.751256056722227 3.0369086568491603
