Mean acceptance fraction: 0.260
Mean autocorrelation time [steps]: 1216.4
Fitted parameters:
t_0 : 2453334.96049 +0.21495 -6.82466
u_0 : 0.14156 +0.00446 -0.09383
t_E : 137.49174 +193.54979 -2.14850
pi_E_N : 0.08822 +0.00111 -0.00191
pi_E_E : 0.14371 +0.00341 -0.00586
xi_Omega_node : 80.30884 +5.40272 -2.51306
xi_inclination : 273.90756 +2.07321 -13.55523
xi_period : 70.96161 +6.59628 -1.18171
xi_semimajor_axis : 0.01376 +0.00271 -0.00156
xi_argument_of_latitude_reference : 207.38216 +7.65132 -16.59756
Fitted fluxes (source and blending):
flux_s_1 : 923.05815 +25.37082 -482.10607
flux_b_1 : 43.14896 +644.98506 -25.17167
Best model:
chi2: 1537.5531
t_0 u_0 t_E pi_E_N pi_E_E xi_Omega_node xi_inclination xi_period xi_semimajor_axis xi_argument_of_latitude_reference
2453335.075370482 0.14284271164352697 136.60602850830753 0.08824219413635973 0.14444561942704928 79.44263223855185 274.3327995774989 70.56328149076774 0.01402720117248077 208.32674701304714
Fluxes:
933.5630502706284 32.73283089514524
