Mean acceptance fraction: 0.092
Mean autocorrelation time [steps]: 34.1
Fitted parameters:
t_0 : 2453858.75171 +0.01490 -0.01077
u_0 : 0.42219 +0.00013 -0.00012
t_E : 118.38678 +0.01122 -0.01657
xi_period : 234.27885 +366.66372 -41.30394
xi_semimajor_axis : 0.06081 +0.01086 -0.01818
xi_Omega_node : 119.81690 +146.76863 -50.43014
xi_inclination : 182.32182 +163.27922 -164.40192
xi_argument_of_latitude_reference : 234.90667 +44.32403 -172.45173
Fitted fluxes (source and blending):
flux_s_1 : 278.80346 +3.56217 -2.00040
flux_b_1 : 35.26180 +2.03249 -3.58124
Best model:
chi2: 5770.9375
t_0 u_0 t_E xi_period xi_semimajor_axis xi_Omega_node xi_inclination xi_argument_of_latitude_reference
2453858.772664434 0.4218482791448428 118.39453139723622 421.6761771810212 0.20629554226122354 246.66732654792315 244.20636361634988 91.66468471025854
Fluxes:
353.0995702408088 -39.401356580796225
