Mean acceptance fraction: 0.055
Mean autocorrelation time [steps]: nan
Fitted parameters:
t_0 : 2452897.97802 +0.02454 -0.02237
u_0 : -0.51189 +0.00022 -0.00023
t_E : 248.81678 +0.02233 -0.02126
xi_period : 5.58536 +0.44538 -2.65730
xi_semimajor_axis : 0.02910 +0.02258 -0.01357
xi_Omega_node : 168.25457 +156.58549 -92.74731
xi_inclination : 181.65872 +115.64488 -124.04166
xi_argument_of_latitude_reference : 185.65413 +120.06467 -127.48121
Fitted fluxes (source and blending):
flux_s_1 : 19.31515 +0.11723 -0.10632
flux_b_1 : 96.38967 +0.10939 -0.12175
Best model:
chi2: 2847.1304
t_0 u_0 t_E xi_period xi_semimajor_axis xi_Omega_node xi_inclination xi_argument_of_latitude_reference
2452897.999736985 -0.5119673852224372 248.87419174885085 0.9985806447142558 0.06547518699808744 152.38033419136852 350.35596880056517 248.49130506077105
Fluxes:
21.842978753923312 93.7174425122473
