Mean acceptance fraction: 0.049
Mean autocorrelation time [steps]: nan
Fitted parameters:
t_0 : 2453569.03478 +0.01103 -0.01202
u_0 : 0.53888 +0.00011 -0.00014
t_E : 278.43479 +0.01178 -0.01223
xi_period : 5.54745 +0.54752 -1.69715
xi_semimajor_axis : 0.01079 +0.00795 -0.00398
xi_Omega_node : 176.68490 +130.00177 -121.26051
xi_inclination : 182.26134 +111.52005 -107.30112
xi_argument_of_latitude_reference : 183.56964 +113.53214 -109.34557
Fitted fluxes (source and blending):
flux_s_1 : 38.05845 +0.05454 -0.08954
flux_b_1 : 26.40172 +0.09611 -0.05868
Best model:
chi2: 9141.6802
t_0 u_0 t_E xi_period xi_semimajor_axis xi_Omega_node xi_inclination xi_argument_of_latitude_reference
2453569.0245844955 0.5386291484281366 278.4410223340168 1.0005851360666653 0.029036616645392074 340.62545821689685 219.49739932929623 49.65425495560206
Fluxes:
39.48854090987091 24.804398458836463
