Mean acceptance fraction: 0.196
Mean autocorrelation time [steps]: 33.3
Fitted parameters:
t_0 : 2454278.44621 +14.78836 -1.37381
u_0 : 0.68195 +0.24821 -0.00988
t_E : 139.69988 +1.97461 -0.21088
xi_period : 40.97449 +102.09742 -6.04920
xi_semimajor_axis : 0.01020 +0.00938 -0.00504
xi_Omega_node : 152.04294 +123.45587 -84.75086
xi_inclination : 170.12938 +93.18287 -86.96426
xi_argument_of_latitude_reference : 206.76903 +72.62617 -126.90102
Fitted fluxes (source and blending):
flux_s_1 : 111.70588 +82.67484 -2.66171
flux_b_1 : 6.28172 +2.68506 -83.90411
Best model:
chi2: 3736.5792
t_0 u_0 t_E xi_period xi_semimajor_axis xi_Omega_node xi_inclination xi_argument_of_latitude_reference
2454317.656790826 1.1496624037164394 136.89700895774328 384.7164774596217 0.11368617527803712 98.3740007722356 18.729947121335243 236.12534059922805
Fluxes:
298.59441654507 -182.8585188679951
