Mean acceptance fraction: 0.155
Mean autocorrelation time [steps]: 36.6
Fitted parameters:
t_0 : 2453487.18701 +0.09568 -0.07758
u_0 : 0.55539 +0.13527 -0.07676
t_E : 95.13826 +9.69851 -12.27843
xi_Omega_node : 291.24619 +31.24562 -161.13958
xi_inclination : 252.49975 +8.76534 -148.57618
xi_period : 76.54791 +6.97291 -11.07464
xi_semimajor_axis : 0.02124 +0.01777 -0.00816
xi_argument_of_latitude_reference : 90.93407 +171.11632 -20.18340
Fitted fluxes (source and blending):
flux_s_1 : 175.27497 +77.89160 -36.51355
flux_b_1 : 89.36461 +36.40371 -77.79293
Best model:
chi2: 982.7853
t_0 u_0 t_E xi_Omega_node xi_inclination xi_period xi_semimajor_axis xi_argument_of_latitude_reference
2453489.0984437307 0.9536414348985953 67.01244173491433 330.14576495764754 249.08641103157962 89.40501098186083 0.07369505827121467 81.02336452440646
Fluxes:
466.02852529615905 -201.10420508327311
