Mean acceptance fraction: 0.159
Mean autocorrelation time [steps]: 31.7
Fitted parameters:
t_0 : 2453110.82000 +0.12743 -0.13403
u_0 : 0.07880 +0.01634 -0.01177
t_E : 86.06437 +9.39133 -9.92459
xi_Omega_node : 173.98080 +59.97335 -40.60688
xi_inclination : 166.21144 +161.88449 -140.87235
xi_period : 94.93796 +18.53012 -15.20789
xi_semimajor_axis : 0.01813 +0.00943 -0.00509
xi_argument_of_latitude_reference : 196.07881 +37.45518 -48.30135
Fitted fluxes (source and blending):
flux_s_1 : 12.47067 +2.77173 -1.96475
flux_b_1 : 8.52873 +1.95966 -2.75305
Best model:
chi2: 1692.8441
t_0 u_0 t_E xi_Omega_node xi_inclination xi_period xi_semimajor_axis xi_argument_of_latitude_reference
2453110.3425228815 0.06650879307072718 97.48850408055301 142.8639491957087 243.86257404084935 84.51444882723736 0.027081551715164007 209.75465437871395
Fluxes:
10.336747042662404 10.651571255383015
