Mean acceptance fraction: 0.159
Mean autocorrelation time [steps]: 31.3
Fitted parameters:
t_0 : 2453626.78014 +0.12484 -0.12668
u_0 : 0.05504 +0.00812 -0.00773
t_E : 151.98903 +17.78134 -14.18456
xi_Omega_node : 181.46498 +97.73318 -123.05285
xi_inclination : 176.85838 +99.81767 -92.97993
xi_period : 4.60922 +1.08413 -0.35758
xi_semimajor_axis : 0.00343 +0.00328 -0.00199
xi_argument_of_latitude_reference : 188.37004 +82.47275 -111.49322
Fitted fluxes (source and blending):
flux_s_1 : 5.37603 +0.76459 -0.72619
flux_b_1 : 13.81915 +0.68922 -0.73534
Best model:
chi2: 1632.4377
t_0 u_0 t_E xi_Omega_node xi_inclination xi_period xi_semimajor_axis xi_argument_of_latitude_reference
2453626.6795430914 0.04471060327280524 165.74786878818293 41.82974893597154 250.79626067240872 2.760114161128402 0.00756994932622061 71.75614604204674
Fluxes:
4.847146832797936 14.313328350319981
