Mean acceptance fraction: 0.182
Mean autocorrelation time [steps]: 30.5
Fitted parameters:
t_0 : 2453021.76525 +0.36159 -0.41092
u_0 : 0.04094 +0.03702 -0.02604
t_E : 95.78244 +3.40072 -3.38457
xi_Omega_node : 185.71977 +121.50266 -123.99387
xi_inclination : 173.73420 +129.08137 -120.38642
xi_period : 38.16298 +31.34950 -20.07878
xi_semimajor_axis : 0.00593 +0.01075 -0.00425
xi_argument_of_latitude_reference : 170.86478 +144.57622 -133.48617
Fitted fluxes (source and blending):
flux_s_1 : 36.96355 +2.81510 -2.35032
flux_b_1 : -7.39758 +2.33503 -2.80288
Best model:
chi2: 2683.4927
t_0 u_0 t_E xi_Omega_node xi_inclination xi_period xi_semimajor_axis xi_argument_of_latitude_reference
2453023.660816457 0.2146364551902294 92.329393919237 362.5854564560843 376.2762367232546 311.98913934766927 0.0461634178403602 201.00266993842394
Fluxes:
45.03703617768966 -15.49209809563028
