Mean acceptance fraction: 0.198
Mean autocorrelation time [steps]: 33.6
Fitted parameters:
t_0 : 2453786.54886 +2.23822 -0.62376
u_0 : 0.09141 +0.01880 -0.01407
t_E : 370.14381 +57.24001 -45.40345
xi_Omega_node : 126.29551 +108.84197 -17.20908
xi_inclination : 200.45196 +57.54475 -88.66445
xi_period : 86.41671 +28.94444 -52.94464
xi_semimajor_axis : 0.03493 +0.02871 -0.02333
xi_argument_of_latitude_reference : 194.64777 +84.85921 -13.25549
Fitted fluxes (source and blending):
flux_s_1 : 5.23562 +1.09877 -0.81193
flux_b_1 : 41.87565 +0.87405 -1.08579
Best model:
chi2: 3581.2033
t_0 u_0 t_E xi_Omega_node xi_inclination xi_period xi_semimajor_axis xi_argument_of_latitude_reference
2453786.584276719 0.1998651577199182 211.27509251160635 101.96076261919549 8.511199608810074 315.1506104697514 0.15778817776036713 233.66373018118048
Fluxes:
13.365796209308447 33.78458160903571
