Mean acceptance fraction: 0.175
Mean autocorrelation time [steps]: nan
Fitted parameters:
t_0 : 2454009.04039 +0.05998 -0.07824
u_0 : 0.37573 +0.00634 -0.00711
t_E : 66.69358 +0.69831 -0.62249
xi_Omega_node : 200.02910 +24.75045 -69.56638
xi_inclination : 141.51080 +149.31821 -70.59886
xi_period : 5.17475 +0.10341 -0.30137
xi_semimajor_axis : 0.00363 +0.00161 -0.00147
xi_argument_of_latitude_reference : 156.32831 +52.69314 -49.44196
Fitted fluxes (source and blending):
flux_s_1 : 258.88538 +5.59829 -6.22103
flux_b_1 : -53.90110 +6.19265 -5.57475
Best model:
chi2: 4977.6023
t_0 u_0 t_E xi_Omega_node xi_inclination xi_period xi_semimajor_axis xi_argument_of_latitude_reference
2454008.9079235685 0.3796940670044933 66.26393945976619 212.26442036956405 85.41826474894937 4.90266145001745 0.008421429923632342 115.6951416387086
Fluxes:
262.0741568910885 -57.06709394928477
