Mean acceptance fraction: 0.193
Mean autocorrelation time [steps]: 31.6
Fitted parameters:
t_0 : 2454723.06424 +0.15623 -0.11100
u_0 : 0.32521 +0.04855 -0.03929
t_E : 20.75874 +1.67331 -1.59859
xi_Omega_node : 154.62244 +104.83780 -97.72559
xi_inclination : 285.80507 +72.75473 -281.48873
xi_period : 23.75649 +1.74257 -1.76650
xi_semimajor_axis : 0.04184 +0.00703 -0.00734
xi_argument_of_latitude_reference : 167.06725 +110.39213 -79.12478
Fitted fluxes (source and blending):
flux_s_1 : 44.52520 +8.96908 -6.82147
flux_b_1 : -10.46027 +6.81408 -8.96469
Best model:
chi2: 2199.8489
t_0 u_0 t_E xi_Omega_node xi_inclination xi_period xi_semimajor_axis xi_argument_of_latitude_reference
2454723.2296300125 0.3705827913762136 19.45117955817933 106.83617143310973 267.93880248245705 17.02043488099866 0.05310248025535312 176.80005604246674
Fluxes:
53.42396128771456 -19.359135325851554
