Mean acceptance fraction: 0.223
Mean autocorrelation time [steps]: 30.8
Fitted parameters:
t_0 : 2453626.67279 +0.30790 -0.34429
u_0 : 0.05236 +0.00716 -0.00671
t_E : 162.06109 +17.71246 -15.23669
xi_Omega_node : 177.15636 +132.31989 -78.36413
xi_inclination : 180.63229 +61.83194 -62.41445
xi_period : 15.75839 +1.54554 -1.73585
xi_semimajor_axis : 0.00450 +0.00187 -0.00128
xi_argument_of_latitude_reference : 151.38361 +139.31003 -83.03536
Fitted fluxes (source and blending):
flux_s_1 : 4.96973 +0.66639 -0.61588
flux_b_1 : 14.20528 +0.58010 -0.63451
Best model:
chi2: 1605.3833
t_0 u_0 t_E xi_Omega_node xi_inclination xi_period xi_semimajor_axis xi_argument_of_latitude_reference
2453629.3980183275 0.05687343560781072 159.02639928847086 281.02396609671086 243.2421089490627 36.86969295032806 0.01479610313782121 147.1118830289883
Fluxes:
5.1113269748941965 14.081254087381993
