Mean acceptance fraction: 0.168
Mean autocorrelation time [steps]: 34.4
Fitted parameters:
t_0 : 2452345.83137 +0.14969 -0.16358
u_0 : 0.12941 +0.02966 -0.02914
t_E : 121.90824 +23.62740 -17.02480
xi_Omega_node : 132.44997 +148.90473 -29.78329
xi_inclination : 77.07024 +240.79961 -57.55287
xi_period : 23.19718 +0.64543 -0.69008
xi_semimajor_axis : 0.05260 +0.01686 -0.01261
xi_argument_of_latitude_reference : 213.20128 +42.41319 -126.40326
Fitted fluxes (source and blending):
flux_s_1 : 11.75452 +3.13872 -2.79168
flux_b_1 : 36.62485 +2.77703 -3.13164
Best model:
chi2: 1212.6603
t_0 u_0 t_E xi_Omega_node xi_inclination xi_period xi_semimajor_axis xi_argument_of_latitude_reference
2452344.547157332 0.25396281767443424 80.85742353552604 133.47335844842405 79.06215949453888 24.171774857438084 0.12846354895689965 241.6624798686945
Fluxes:
25.884334451526453 22.51729030723078
