Mean acceptance fraction: 0.190
Mean autocorrelation time [steps]: nan
Fitted parameters:
t_0 : 2453485.25860 +0.15398 -0.83059
u_0 : 1.31505 +0.23383 -0.18479
t_E : 128.24745 +13.69943 -13.68955
xi_Omega_node : 179.39826 +135.56840 -79.82884
xi_inclination : 179.72770 +57.74369 -34.60756
xi_period : 66.81708 +2.43326 -1.75382
xi_semimajor_axis : 0.00957 +0.00334 -0.00206
xi_argument_of_latitude_reference : 236.25606 +81.52123 -132.83911
Fitted fluxes (source and blending):
flux_s_1 : 2410.74470 +1216.73959 -713.19255
flux_b_1 : -1672.16821 +712.75963 -1216.45856
Best model:
chi2: 3614.9630
t_0 u_0 t_E xi_Omega_node xi_inclination xi_period xi_semimajor_axis xi_argument_of_latitude_reference
2453483.669713952 1.7200610242050365 106.916823540535 345.94935038573703 349.5292405597366 367.85962129479896 0.039805608613485394 209.439952967473
Fluxes:
4730.057165696447 -3991.4421267335674
