Mean acceptance fraction: 0.176
Mean autocorrelation time [steps]: 35.5
Fitted parameters:
t_0 : 2453626.76869 +0.35636 -0.74027
u_0 : 0.04375 +0.01101 -0.00863
t_E : 202.79939 +31.32501 -36.55440
xi_Omega_node : 177.39613 +25.33059 -23.65247
xi_inclination : 180.29039 +94.92821 -109.76811
xi_period : 160.97980 +145.70582 -49.98660
xi_semimajor_axis : 0.03190 +0.04383 -0.01307
xi_argument_of_latitude_reference : 193.58014 +27.85996 -36.60693
Fitted fluxes (source and blending):
flux_s_1 : 4.13355 +1.00872 -0.79118
flux_b_1 : 14.94011 +0.78543 -0.93580
Best model:
chi2: 1447.0891
t_0 u_0 t_E xi_Omega_node xi_inclination xi_period xi_semimajor_axis xi_argument_of_latitude_reference
2453624.4047382954 0.025007624563699992 259.9460093332933 158.79122022683364 228.6561013466253 389.27412968358664 0.11019465308512949 187.13287858783232
Fluxes:
2.840451883771573 16.134432650556803
