Mean acceptance fraction: 0.093
Mean autocorrelation time [steps]: nan
Fitted parameters:
t_0 : 2452863.05317 +0.06705 -0.05184
u_0 : 0.05993 +0.00406 -0.00649
t_E : 58.96967 +3.45068 -1.87269
xi_Omega_node : 192.45307 +115.55778 -118.40344
xi_inclination : 178.09842 +104.12551 -97.69800
xi_period : 63.69772 +8.40651 -5.48726
xi_semimajor_axis : 0.00887 +0.00597 -0.00379
xi_argument_of_latitude_reference : 180.89927 +81.71358 -105.94187
Fitted fluxes (source and blending):
flux_s_1 : 109.14094 +5.87886 -9.70737
flux_b_1 : 198.15350 +9.63704 -5.82449
Best model:
chi2: 1848.8210
t_0 u_0 t_E xi_Omega_node xi_inclination xi_period xi_semimajor_axis xi_argument_of_latitude_reference
2452862.929408602 0.05747067623396249 62.05769458401356 217.6676307050926 338.95813497868176 124.97611429420787 0.014877124665696965 306.0754018747736
Fluxes:
101.22023535063803 206.0184722532925
