Mean acceptance fraction: 0.168
Mean autocorrelation time [steps]: 34.5
Fitted parameters:
t_0 : 2454717.77282 +0.06852 -0.04956
u_0 : 0.23033 +0.00877 -0.01175
t_E : 53.89345 +1.50217 -1.13893
xi_Omega_node : 242.79604 +18.44266 -156.71664
xi_inclination : 213.71841 +47.34309 -118.98543
xi_period : 39.84076 +7.12039 -4.65310
xi_semimajor_axis : 0.00398 +0.00577 -0.00222
xi_argument_of_latitude_reference : 177.43138 +116.03793 -29.58377
Fitted fluxes (source and blending):
flux_s_1 : 186.92339 +8.70418 -11.47522
flux_b_1 : 23.62566 +11.46961 -8.69004
Best model:
chi2: 7701.0724
t_0 u_0 t_E xi_Omega_node xi_inclination xi_period xi_semimajor_axis xi_argument_of_latitude_reference
2454718.0525761866 0.19793184576619224 58.67817892057052 269.94370565265484 260.426233698313 59.23050442649983 0.02637686115406965 178.2840657110327
Fluxes:
154.40148805142027 56.112620956307524
