Mean acceptance fraction: 0.106
Mean autocorrelation time [steps]: 33.7
Fitted parameters:
t_0 : 2453852.42820 +0.09152 -0.08760
u_0 : 0.15037 +0.02220 -0.02149
t_E : 162.53561 +25.93601 -18.63696
xi_Omega_node : 183.32181 +167.86169 -173.82948
xi_inclination : 199.39966 +95.72855 -133.13775
xi_period : 377.30360 +60.42958 -62.52176
xi_semimajor_axis : 0.04290 +0.02731 -0.01857
xi_argument_of_latitude_reference : 187.40166 +141.86545 -162.97107
Fitted fluxes (source and blending):
flux_s_1 : 12.08100 +2.06312 -1.91899
flux_b_1 : 12.03914 +1.85194 -2.01642
Best model:
chi2: 1339.4969
t_0 u_0 t_E xi_Omega_node xi_inclination xi_period xi_semimajor_axis xi_argument_of_latitude_reference
2453852.405307638 0.13945270236445603 206.01100394777012 167.7134741492352 281.3292622554828 399.9093166394655 0.12322090705084222 35.93422801815818
Fluxes:
11.110909598719966 12.737506447439296
