Mean acceptance fraction: 0.194
Mean autocorrelation time [steps]: 32.0
Fitted parameters:
t_0 : 2454849.52728 +0.75976 -0.95829
u_0 : 1.65408 +0.35233 -0.31853
t_E : 81.24636 +13.52485 -11.29147
xi_Omega_node : 186.28617 +136.81251 -138.11350
xi_inclination : 181.84237 +129.39581 -132.61186
xi_period : 26.22109 +28.14340 -14.78373
xi_semimajor_axis : 0.01357 +0.01418 -0.00956
xi_argument_of_latitude_reference : 190.18071 +130.07329 -145.06580
Fitted fluxes (source and blending):
flux_s_1 : 219.75081 +158.18542 -92.21429
flux_b_1 : -140.83048 +92.21017 -158.16661
Best model:
chi2: 1046.4546
t_0 u_0 t_E xi_Omega_node xi_inclination xi_period xi_semimajor_axis xi_argument_of_latitude_reference
2454842.9928229144 2.4111649201278604 59.4809934811754 63.506431117891296 95.05647385517301 242.4293756943538 0.06716209250937152 360.0813294811586
Fluxes:
634.1232864493463 -555.1818949360614
