Mean acceptance fraction: 0.147
Mean autocorrelation time [steps]: 33.2
Fitted parameters:
t_0 : 2453755.22680 +1.30185 -1.16971
u_0 : 0.12563 +0.01003 -0.08538
t_E : 1164.77113 +89.37393 -575.89061
xi_Omega_node : 130.79495 +49.73338 -62.66151
xi_inclination : 168.54122 +80.23634 -64.42095
xi_period : 13.48769 +3.97299 -8.04959
xi_semimajor_axis : 0.00413 +0.01076 -0.00216
xi_argument_of_latitude_reference : 227.71978 +61.77944 -54.88056
Fitted fluxes (source and blending):
flux_s_1 : 47.64927 +5.18986 -5.63343
flux_b_1 : 1220.74659 +44.45851 -3.53548
Best model:
chi2: 101455.7766
t_0 u_0 t_E xi_Omega_node xi_inclination xi_period xi_semimajor_axis xi_argument_of_latitude_reference
2453752.8671074403 0.13222534646830236 1178.9229710358497 141.7512019730314 72.20458254283587 13.826068808674863 0.007796115745763148 126.90394373272102
Fluxes:
49.77835253315744 1216.879890032516
