Mean acceptance fraction: 0.126
Mean autocorrelation time [steps]: nan
Fitted parameters:
t_0 : 2453778.97357 +0.11469 -0.09312
u_0 : 1.37304 +0.21977 -0.29606
t_E : 125.43150 +19.80447 -13.83609
xi_Omega_node : 136.09418 +151.34266 -28.36486
xi_inclination : 180.51567 +66.43127 -60.02488
xi_period : 186.01020 +71.85680 -55.54824
xi_semimajor_axis : 0.05039 +0.04826 -0.02007
xi_argument_of_latitude_reference : 181.77890 +82.24296 -141.20016
Fitted fluxes (source and blending):
flux_s_1 : 574.76260 +256.62162 -258.18791
flux_b_1 : -248.82199 +258.33024 -256.59598
Best model:
chi2: 1653.1533
t_0 u_0 t_E xi_Omega_node xi_inclination xi_period xi_semimajor_axis xi_argument_of_latitude_reference
2453779.4810696826 1.1265471019210345 134.1490421579343 283.1482480840565 115.38003965028396 273.4707295968596 0.12843718235512427 166.35329101890576
Fluxes:
343.9362992861473 -17.59886395254659
