Mean acceptance fraction: 0.100
Mean autocorrelation time [steps]: 34.3
Fitted parameters:
t_0 : 2452863.05829 +0.06209 -0.04026
u_0 : 0.05981 +0.00365 -0.00354
t_E : 58.93657 +1.81321 -1.70830
xi_Omega_node : 168.33169 +124.37509 -100.42586
xi_inclination : 175.70859 +94.41707 -100.02684
xi_period : 39.06300 +5.69261 -3.28918
xi_semimajor_axis : 0.00466 +0.00470 -0.00210
xi_argument_of_latitude_reference : 177.82323 +112.64012 -82.74345
Fitted fluxes (source and blending):
flux_s_1 : 108.89856 +5.16435 -4.94147
flux_b_1 : 198.38788 +4.88927 -5.11674
Best model:
chi2: 1885.9557
t_0 u_0 t_E xi_Omega_node xi_inclination xi_period xi_semimajor_axis xi_argument_of_latitude_reference
2452863.1941302824 0.050591322121208246 63.6098447878278 82.75667223717201 185.0899768539311 95.11955028757825 0.013885689326934184 219.46683305910244
Fluxes:
96.44041057630852 210.78648453322563
