Mean acceptance fraction: 0.156
Mean autocorrelation time [steps]: nan
Fitted parameters:
t_0 : 2453777.76664 +0.17669 -0.15104
u_0 : 0.12559 +0.01075 -0.00938
t_E : 252.72464 +14.48977 -13.03301
xi_Omega_node : 161.58303 +117.63753 -70.58023
xi_inclination : 198.98101 +123.63115 -143.24877
xi_period : 13.00439 +6.44933 -0.61265
xi_semimajor_axis : 0.00525 +0.00262 -0.00162
xi_argument_of_latitude_reference : 206.53690 +66.91508 -103.55879
Fitted fluxes (source and blending):
flux_s_1 : 13.44090 +1.25322 -1.13304
flux_b_1 : 182.91764 +1.08549 -1.21298
Best model:
chi2: 1368.7226
t_0 u_0 t_E xi_Omega_node xi_inclination xi_period xi_semimajor_axis xi_argument_of_latitude_reference
2453777.5874832664 0.11584100394728908 267.5105588627969 125.96093112309411 272.35488156844673 54.18655841619839 0.017178582758959025 178.8116045874582
Fluxes:
12.61378385909338 183.60806225617608
