Mean acceptance fraction: 0.163
Mean autocorrelation time [steps]: 35.9
Fitted parameters:
t_0 : 2452698.89875 +0.11307 -0.19144
u_0 : 0.16758 +0.03670 -0.01658
t_E : 188.26071 +13.31867 -25.54976
xi_Omega_node : 124.30940 +165.31004 -7.55331
xi_inclination : 184.19942 +75.61650 -84.80389
xi_period : 46.82644 +44.90751 -10.68941
xi_semimajor_axis : 0.03841 +0.03078 -0.01770
xi_argument_of_latitude_reference : 168.21735 +37.23020 -37.49029
Fitted fluxes (source and blending):
flux_s_1 : 41.94189 +14.98940 -4.85857
flux_b_1 : 98.61170 +4.74644 -14.88406
Best model:
chi2: 516.6270
t_0 u_0 t_E xi_Omega_node xi_inclination xi_period xi_semimajor_axis xi_argument_of_latitude_reference
2452698.3954877905 0.2520368542262564 130.9910970817407 54.662956434076854 47.50291704625647 230.080264405454 0.09765208749699145 281.7745907310328
Fluxes:
77.45955297634288 63.54095672848135
