Mean acceptance fraction: 0.166
Mean autocorrelation time [steps]: 31.3
Fitted parameters:
t_0 : 2453857.57572 +0.05489 -0.05417
u_0 : 0.28628 +0.00397 -0.00380
t_E : 151.86818 +1.49779 -1.46819
xi_Omega_node : 179.57382 +62.89755 -70.15022
xi_inclination : 178.25175 +115.87064 -105.97452
xi_period : 13.52236 +2.88387 -1.87325
xi_semimajor_axis : 0.00081 +0.00061 -0.00034
xi_argument_of_latitude_reference : 160.61781 +113.50081 -76.64759
Fitted fluxes (source and blending):
flux_s_1 : 172.16614 +3.02234 -2.89694
flux_b_1 : 141.42787 +2.86978 -3.00775
Best model:
chi2: 6754.3035
t_0 u_0 t_E xi_Omega_node xi_inclination xi_period xi_semimajor_axis xi_argument_of_latitude_reference
2453857.574762972 0.28708690571937145 151.5280150241062 173.68425882586766 92.69130903251774 13.150749820074628 0.002340133325887639 270.92071524219784
Fluxes:
172.83200786931533 140.76663454128717
