Mean acceptance fraction: 0.087
Mean autocorrelation time [steps]: nan
Fitted parameters:
t_0 : 2453672.32812 +0.07747 -0.08483
u_0 : 0.03085 +0.00310 -0.00389
t_E : 400.49055 +30.42268 -25.81714
xi_Omega_node : 196.81944 +70.02277 -125.52466
xi_inclination : 144.67757 +136.02326 -76.98401
xi_period : 5.10269 +0.53022 -0.56698
xi_semimajor_axis : 0.00310 +0.00886 -0.00149
xi_argument_of_latitude_reference : 172.26797 +110.21470 -86.78967
Fitted fluxes (source and blending):
flux_s_1 : 6.52205 +0.58071 -0.56424
flux_b_1 : 2.55809 +0.48652 -0.50135
Best model:
chi2: 1933.1587
t_0 u_0 t_E xi_Omega_node xi_inclination xi_period xi_semimajor_axis xi_argument_of_latitude_reference
2453672.3587827263 0.02650837497006787 443.3201435557875 239.00105879360794 273.8045813790916 4.18488716106826 0.0201064730762237 327.07922093039554
Fluxes:
5.71482712764478 3.270966608281793
