Mean acceptance fraction: 0.172
Mean autocorrelation time [steps]: 32.9
Fitted parameters:
t_0 : 2454771.35590 +0.36200 -0.43414
u_0 : 0.14835 +0.03127 -0.02725
t_E : 112.50040 +13.24661 -11.17235
xi_Omega_node : 176.46334 +144.44834 -138.66506
xi_inclination : 176.34752 +153.50739 -149.25587
xi_period : 252.28008 +107.27650 -123.03773
xi_semimajor_axis : 0.02987 +0.02436 -0.01921
xi_argument_of_latitude_reference : 174.45444 +147.98912 -131.41396
Fitted fluxes (source and blending):
flux_s_1 : 12.87085 +3.07417 -2.55549
flux_b_1 : 20.41049 +2.54106 -3.06746
Best model:
chi2: 1028.1997
t_0 u_0 t_E xi_Omega_node xi_inclination xi_period xi_semimajor_axis xi_argument_of_latitude_reference
2454771.02015341 0.1933139526090507 97.50089050511457 7.017532621232601 72.5997313553633 397.65809284495134 0.12670135985611988 209.35452192046134
Fluxes:
17.67681353379878 15.60734730458976
