Mean acceptance fraction: 0.113
Mean autocorrelation time [steps]: 32.3
Fitted parameters:
t_0 : 2454686.76938 +0.26785 -0.22954
u_0 : 1.59990 +0.26994 -0.25035
t_E : 119.47543 +16.66715 -13.48172
xi_Omega_node : 198.05754 +85.03746 -125.66047
xi_inclination : 188.75198 +116.72629 -122.67735
xi_period : 9.56777 +2.65854 -4.29453
xi_semimajor_axis : 0.01613 +0.00984 -0.00876
xi_argument_of_latitude_reference : 176.58233 +117.86785 -111.72396
Fitted fluxes (source and blending):
flux_s_1 : 213.91865 +113.20007 -74.12415
flux_b_1 : -164.49537 +74.10193 -113.17691
Best model:
chi2: 2164.5178
t_0 u_0 t_E xi_Omega_node xi_inclination xi_period xi_semimajor_axis xi_argument_of_latitude_reference
2454687.2432044824 0.9502227923045645 159.09251110356155 283.77221107750313 312.85038320901884 0.9935902938961174 0.029689334743955135 356.13903656898026
Fluxes:
69.5062820637521 -20.07042709144938
