Mean acceptance fraction: 0.149
Mean autocorrelation time [steps]: 32.8
Fitted parameters:
t_0 : 2454686.75781 +0.21520 -0.21452
u_0 : 1.63114 +0.26539 -0.26348
t_E : 117.57016 +16.40806 -13.01208
xi_Omega_node : 181.41463 +75.97445 -128.44069
xi_inclination : 185.41658 +80.68333 -82.86944
xi_period : 12.84437 +3.32663 -1.14432
xi_semimajor_axis : 0.02614 +0.00988 -0.00816
xi_argument_of_latitude_reference : 200.86771 +84.74861 -117.88605
Fitted fluxes (source and blending):
flux_s_1 : 227.04580 +116.85619 -81.86516
flux_b_1 : -177.61142 +81.87099 -116.85863
Best model:
chi2: 2248.2181
t_0 u_0 t_E xi_Omega_node xi_inclination xi_period xi_semimajor_axis xi_argument_of_latitude_reference
2454686.7884725593 1.917657559647224 103.50851107237877 212.18088694982708 92.34370695075998 16.547752526928086 0.10390534077588223 272.30654268519606
Fluxes:
354.2088655699986 -304.7733281698778
