Mean acceptance fraction: 0.159
Mean autocorrelation time [steps]: 33.1
Fitted parameters:
t_0 : 2454378.91533 +0.34836 -0.37453
u_0 : 1.20000 +0.30452 -0.31874
t_E : 67.70803 +14.33466 -9.64491
xi_Omega_node : 158.11588 +156.96397 -71.20138
xi_inclination : 154.26912 +181.79195 -135.98346
xi_period : 212.62939 +57.31819 -33.87674
xi_semimajor_axis : 0.05831 +0.02989 -0.02015
xi_argument_of_latitude_reference : 119.96985 +137.51288 -77.88145
Fitted fluxes (source and blending):
flux_s_1 : 136.75964 +100.05446 -65.66772
flux_b_1 : -25.45613 +65.67639 -100.02481
Best model:
chi2: 2255.9316
t_0 u_0 t_E xi_Omega_node xi_inclination xi_period xi_semimajor_axis xi_argument_of_latitude_reference
2454380.0857276917 1.5491821204747807 53.59669426356194 301.3873006475076 321.4663920091898 538.8244883271151 0.2360773943562706 190.54330179736894
Fluxes:
251.9348976311739 -140.56480608365845
