Mean acceptance fraction: 0.177
Mean autocorrelation time [steps]: 32.7
Fitted parameters:
t_0 : 2453777.81047 +0.20484 -0.10459
u_0 : 0.12431 +0.00923 -0.00902
t_E : 247.93016 +13.11273 -11.86265
xi_Omega_node : 131.09816 +162.10427 -8.47706
xi_inclination : 183.05990 +80.97217 -85.38152
xi_period : 43.50694 +22.43796 -4.55763
xi_semimajor_axis : 0.01781 +0.01227 -0.00790
xi_argument_of_latitude_reference : 192.42775 +15.41580 -129.12933
Fitted fluxes (source and blending):
flux_s_1 : 13.83324 +1.07931 -1.04984
flux_b_1 : 182.54127 +1.00275 -1.03597
Best model:
chi2: 1257.3438
t_0 u_0 t_E xi_Omega_node xi_inclination xi_period xi_semimajor_axis xi_argument_of_latitude_reference
2453779.191089715 0.11730370653007771 251.66980050908305 138.1025354908137 100.92634348567486 68.52321043885121 0.04198458943761323 197.74778846703592
Fluxes:
13.002910459441447 183.41045913460817
