Mean acceptance fraction: 0.187
Mean autocorrelation time [steps]: 32.3
Fitted parameters:
t_0 : 2454009.13546 +0.09980 -0.08821
u_0 : 0.37298 +0.00677 -0.00714
t_E : 66.77030 +0.77539 -0.68516
xi_Omega_node : 179.54011 +107.27258 -130.80557
xi_inclination : 158.80431 +132.26972 -113.37504
xi_period : 28.44769 +29.11637 -6.46024
xi_semimajor_axis : 0.00187 +0.00112 -0.00097
xi_argument_of_latitude_reference : 128.74647 +145.00977 -82.34076
Fitted fluxes (source and blending):
flux_s_1 : 257.06770 +6.22730 -6.56736
flux_b_1 : -52.07514 +6.54229 -6.19883
Best model:
chi2: 5013.2371
t_0 u_0 t_E xi_Omega_node xi_inclination xi_period xi_semimajor_axis xi_argument_of_latitude_reference
2454009.3132929485 0.36112491867873053 68.58321273097843 374.8503992101038 348.2104739357858 228.27877111542293 0.008049076523525212 -10.730097183160353
Fluxes:
245.57832944511503 -40.60833738493468
