Mean acceptance fraction: 0.077
Mean autocorrelation time [steps]: nan
Fitted parameters:
t_0 : 2454577.09708 +0.02328 -0.03612
u_0 : 0.02337 +0.00157 -0.00159
t_E : 75.30298 +3.27097 -5.77722
xi_Omega_node : 187.05906 +68.71154 -97.74917
xi_inclination : 165.55538 +80.17617 -56.54401
xi_period : 14.01996 +0.92538 -0.85556
xi_semimajor_axis : 0.00163 +0.00816 -0.00103
xi_argument_of_latitude_reference : 193.29932 +44.96949 -96.28807
Fitted fluxes (source and blending):
flux_s_1 : 169.86114 +17.69221 -7.39107
flux_b_1 : 17.51698 +7.19766 -17.30651
Best model:
chi2: 19973.2369
t_0 u_0 t_E xi_Omega_node xi_inclination xi_period xi_semimajor_axis xi_argument_of_latitude_reference
2454577.0689903423 0.022706866611055483 75.11683628309484 93.02715707196322 316.80277894452706 12.191784798046593 0.0003242968478501159 177.14959629333887
Fluxes:
170.1151781268945 17.31258956524782
