Mean acceptance fraction: 0.174
Mean autocorrelation time [steps]: nan
Fitted parameters:
t_0 : 2454737.86560 +0.14326 -0.06661
u_0 : 0.52342 +0.09857 -0.05215
t_E : 135.71027 +8.47542 -12.15189
xi_Omega_node : 229.45729 +5.49354 -153.63604
xi_inclination : 123.33624 +116.52163 -18.39571
xi_period : 108.68044 +2.41291 -2.66641
xi_semimajor_axis : 0.06186 +0.04893 -0.02308
xi_argument_of_latitude_reference : 137.70860 +165.08358 -4.93730
Fitted fluxes (source and blending):
flux_s_1 : 105.48035 +31.08774 -14.94193
flux_b_1 : 11.34259 +14.92927 -31.03220
Best model:
chi2: 2056.5463
t_0 u_0 t_E xi_Omega_node xi_inclination xi_period xi_semimajor_axis xi_argument_of_latitude_reference
2454738.9397513233 1.421838286051574 70.52994854582047 48.252510943520974 80.92916010148761 279.0995718037637 0.17648279438741177 326.24585693590336
Fluxes:
775.2595883262877 -658.155250440678
