Mean acceptance fraction: 0.238
Mean autocorrelation time [steps]: 36.5
Fitted parameters:
t_0 : 2454146.80401 +1.64152 -1.24433
u_0 : 0.01196 +0.00328 -0.00414
t_E : 457.43876 +214.54553 -99.35968
xi_Omega_node : 191.18118 +56.52819 -47.04888
xi_inclination : 278.02633 +77.79977 -208.63455
xi_period : 241.23743 +168.37587 -174.39021
xi_semimajor_axis : 0.03137 +0.03067 -0.02602
xi_argument_of_latitude_reference : 147.66861 +56.76735 -78.83031
Fitted fluxes (source and blending):
flux_s_1 : 2.00330 +0.59542 -0.78037
flux_b_1 : 14.75885 +0.63669 -0.42644
Best model:
chi2: 2286.4977
t_0 u_0 t_E xi_Omega_node xi_inclination xi_period xi_semimajor_axis xi_argument_of_latitude_reference
2454151.394613019 0.008204624154063268 586.2169677185 227.39143294957177 361.98722727525416 471.1793621025785 0.09011006781204482 149.27843654176178
Fluxes:
1.1754052393021552 15.605429197449965
