Mean acceptance fraction: 0.159
Mean autocorrelation time [steps]: nan
Fitted parameters:
t_0 : 2453492.68203 +0.14364 -0.09941
u_0 : 0.59822 +0.03979 -0.05191
t_E : 68.73766 +5.71348 -2.86158
xi_Omega_node : 194.97038 +19.45827 -17.59855
xi_inclination : 173.50410 +128.86906 -115.98378
xi_period : 300.28184 +61.33689 -39.34959
xi_semimajor_axis : 0.04841 +0.01718 -0.01739
xi_argument_of_latitude_reference : 190.30698 +17.60222 -15.90868
Fitted fluxes (source and blending):
flux_s_1 : 665.28650 +75.76595 -91.38365
flux_b_1 : -160.81681 +91.21496 -75.73097
Best model:
chi2: 1665.5162
t_0 u_0 t_E xi_Omega_node xi_inclination xi_period xi_semimajor_axis xi_argument_of_latitude_reference
2453492.635602307 0.5379699461730668 68.7355144646731 210.70104893391144 311.2793687162147 343.1243296734783 0.09876391983797678 204.65109899752764
Fluxes:
560.6921743511742 -56.030646539321076
