Mean acceptance fraction: 0.282
Mean autocorrelation time [steps]: nan
Fitted parameters:
t_0 : 2452901.12428 +0.15412 -0.15527
u_0 : 0.46546 +0.01246 -0.01226
t_E : 73.80341 +1.18910 -1.15444
xi_Omega_node : 202.05559 +98.17082 -134.32271
xi_inclination : 175.60633 +80.94242 -83.99445
xi_period : 36.87158 +6.25746 -3.22400
xi_semimajor_axis : 0.00263 +0.00108 -0.00092
xi_argument_of_latitude_reference : 195.63631 +90.98882 -133.57721
Fitted fluxes (source and blending):
flux_s_1 : 590.08561 +23.63932 -22.59713
flux_b_1 : 180.20317 +22.54095 -23.58998
Best model:
chi2: 2464.7461
t_0 u_0 t_E xi_Omega_node xi_inclination xi_period xi_semimajor_axis xi_argument_of_latitude_reference
2452900.337045709 0.4808497440030334 71.35869463580514 240.17279395659048 244.8759721465675 87.43630230638644 0.009041841837359841 276.57817880997493
Fluxes:
623.0727633176881 147.49172345788062
