Mean acceptance fraction: 0.175
Mean autocorrelation time [steps]: 32.2
Fitted parameters:
t_0 : 2453626.87449 +0.49859 -0.19141
u_0 : 0.05425 +0.00767 -0.00668
t_E : 158.04012 +16.85211 -15.09087
xi_Omega_node : 211.17787 +86.62497 -145.35982
xi_inclination : 182.14117 +65.52275 -65.19693
xi_period : 22.07061 +8.43194 -2.13594
xi_semimajor_axis : 0.00516 +0.00254 -0.00192
xi_argument_of_latitude_reference : 199.34665 +110.76098 -135.80866
Fitted fluxes (source and blending):
flux_s_1 : 5.10907 +0.71501 -0.62103
flux_b_1 : 14.07578 +0.58786 -0.68058
Best model:
chi2: 1590.5301
t_0 u_0 t_E xi_Omega_node xi_inclination xi_period xi_semimajor_axis xi_argument_of_latitude_reference
2453629.3350347853 0.047259857755834314 193.84205340919215 296.4242152148015 80.51914951151807 67.76515087615803 0.018525290228947847 98.64667659442925
Fluxes:
4.1318399669273544 14.976668055914763
