Mean acceptance fraction: 0.153
Mean autocorrelation time [steps]: 33.6
Fitted parameters:
t_0 : 2453492.65711 +0.10764 -0.07316
u_0 : 0.59932 +0.04316 -0.05371
t_E : 69.45944 +5.15017 -2.80574
xi_Omega_node : 187.24784 +18.38115 -16.74390
xi_inclination : 263.94086 +40.24913 -209.34761
xi_period : 240.59066 +25.99413 -21.94150
xi_semimajor_axis : 0.03474 +0.01209 -0.01038
xi_argument_of_latitude_reference : 188.56179 +18.32653 -18.61034
Fitted fluxes (source and blending):
flux_s_1 : 667.86029 +83.26675 -94.97327
flux_b_1 : -163.43638 +94.76341 -83.20581
Best model:
chi2: 1671.2199
t_0 u_0 t_E xi_Omega_node xi_inclination xi_period xi_semimajor_axis xi_argument_of_latitude_reference
2453493.747990492 0.6065940907066986 65.62903570944488 211.1787591812154 328.2455947413714 342.4191193216548 0.07840926888862454 187.79365357088207
Fluxes:
683.7914305034035 -179.15878055336336
