Mean acceptance fraction: 0.113
Mean autocorrelation time [steps]: 33.5
Fitted parameters:
t_0 : 2453628.21660 +0.07856 -0.08056
u_0 : 0.36955 +0.03090 -0.02474
t_E : 100.55558 +4.05114 -4.37271
xi_Omega_node : 177.34234 +169.72405 -165.43980
xi_inclination : 178.64391 +121.08023 -117.71551
xi_period : 409.34271 +42.40260 -42.60164
xi_semimajor_axis : 0.04313 +0.01913 -0.01453
xi_argument_of_latitude_reference : 182.64078 +165.72503 -115.01565
Fitted fluxes (source and blending):
flux_s_1 : 122.97276 +14.33787 -11.02575
flux_b_1 : 37.18085 +10.99776 -14.29523
Best model:
chi2: 963.2448
t_0 u_0 t_E xi_Omega_node xi_inclination xi_period xi_semimajor_axis xi_argument_of_latitude_reference
2453628.2048802585 0.4005123728436732 94.31705173565149 3.4454397663918 76.46754352843288 477.36903096650263 0.10221857312383142 184.05020928750773
Fluxes:
138.40000590896548 21.931425064584133
