Mean acceptance fraction: 0.119
Mean autocorrelation time [steps]: 34.2
Fitted parameters:
t_0 : 2452901.18173 +0.09286 -0.10780
u_0 : 0.48038 +0.04517 -0.03400
t_E : 71.44201 +2.87917 -3.36815
xi_Omega_node : 183.78761 +123.99812 -152.80647
xi_inclination : 164.78111 +129.12281 -101.90715
xi_period : 289.16658 +35.42635 -34.35097
xi_semimajor_axis : 0.02580 +0.01268 -0.01054
xi_argument_of_latitude_reference : 184.45917 +154.86289 -148.93233
Fitted fluxes (source and blending):
flux_s_1 : 620.70668 +92.25614 -63.91992
flux_b_1 : 149.69661 +63.90155 -92.08342
Best model:
chi2: 2342.3056
t_0 u_0 t_E xi_Omega_node xi_inclination xi_period xi_semimajor_axis xi_argument_of_latitude_reference
2452901.185965237 0.5811245161719487 62.98456661764372 374.0405754399374 73.88391565628064 305.1557413316717 0.07421708215849082 189.35570366474803
Fluxes:
840.6230006031814 -69.7603025366606
