Mean acceptance fraction: 0.048
Mean autocorrelation time [steps]: nan
Fitted parameters:
t_0 : 2454348.53342 +0.06644 -0.06613
u_0 : 0.00612 +0.00118 -0.00118
t_E : 55.11835 +18.96540 -17.40391
xi_Omega_node : 177.10229 +91.32252 -69.05876
xi_inclination : 195.48853 +72.03743 -104.34772
xi_period : 13.46266 +1.73686 -1.74420
xi_semimajor_axis : 0.00946 +0.01665 -0.00588
xi_argument_of_latitude_reference : 202.95802 +30.63998 -134.44041
Fitted fluxes (source and blending):
flux_s_1 : 10.40986 +4.79941 -2.63285
flux_b_1 : -5.73409 +2.52593 -4.46174
Best model:
chi2: 66554.7841
t_0 u_0 t_E xi_Omega_node xi_inclination xi_period xi_semimajor_axis xi_argument_of_latitude_reference
2454348.7311307406 0.004063897980360834 65.92676928074819 129.24859103165352 229.37683862587713 0.5000201598614762 0.0020686897276304887 250.6793317217865
Fluxes:
9.140674468933097 -4.915603675110568
