Mean acceptance fraction: 0.127
Mean autocorrelation time [steps]: 32.5
Fitted parameters:
t_0 : 2453815.01328 +0.09942 -0.11773
u_0 : 0.32256 +0.06889 -0.06112
t_E : 156.78544 +20.70051 -16.99661
xi_Omega_node : 180.76183 +97.16129 -154.36520
xi_inclination : 127.74579 +187.20052 -98.64420
xi_period : 173.14291 +17.95693 -16.80106
xi_semimajor_axis : 0.02751 +0.01647 -0.00887
xi_argument_of_latitude_reference : 209.32870 +114.99277 -107.53142
Fitted fluxes (source and blending):
flux_s_1 : 28.02159 +8.64075 -6.71128
flux_b_1 : 385.70948 +6.65961 -8.61510
Best model:
chi2: 1231.6356
t_0 u_0 t_E xi_Omega_node xi_inclination xi_period xi_semimajor_axis xi_argument_of_latitude_reference
2453814.796883345 0.346415211449753 154.0342909637349 224.97584155073397 86.21664411590132 360.1444782515638 0.08957829086271976 345.39339854080714
Fluxes:
31.521736810181494 382.18468129615667
