Mean acceptance fraction: 0.196
Mean autocorrelation time [steps]: 31.2
Fitted parameters:
t_0 : 2452508.16590 +0.18353 -0.23785
u_0 : 0.18632 +0.00750 -0.00717
t_E : 178.84933 +5.20705 -5.00195
xi_Omega_node : 169.93380 +124.41598 -105.97653
xi_inclination : 179.62817 +113.49053 -102.29257
xi_period : 23.62270 +8.10550 -3.03998
xi_semimajor_axis : 0.00196 +0.00100 -0.00084
xi_argument_of_latitude_reference : 172.85045 +112.15609 -120.86414
Fitted fluxes (source and blending):
flux_s_1 : 51.54579 +2.37560 -2.24469
flux_b_1 : 9.76148 +2.20093 -2.33096
Best model:
chi2: 733.0854
t_0 u_0 t_E xi_Omega_node xi_inclination xi_period xi_semimajor_axis xi_argument_of_latitude_reference
2452506.971417 0.22828602698509126 150.72279384168607 115.02887130347406 306.7146474917804 120.26546978333897 0.01205680200670452 109.89656536943326
Fluxes:
66.76846000185327 -5.191847773995776
