Mean acceptance fraction: 0.168
Mean autocorrelation time [steps]: 34.3
Fitted parameters:
t_0 : 2453826.57091 +0.28942 -0.61038
u_0 : 1.00290 +0.23947 -0.22445
t_E : 25.92258 +4.31272 -3.47495
xi_Omega_node : 175.40364 +82.74506 -120.89371
xi_inclination : 197.73573 +152.57446 -187.30697
xi_period : 54.24360 +14.71766 -16.27783
xi_semimajor_axis : 0.04299 +0.02278 -0.01682
xi_argument_of_latitude_reference : 193.80942 +140.24701 -93.60140
Fitted fluxes (source and blending):
flux_s_1 : 84.89427 +51.78929 -33.31421
flux_b_1 : -22.51144 +33.28401 -51.80921
Best model:
chi2: 1224.1259
t_0 u_0 t_E xi_Omega_node xi_inclination xi_period xi_semimajor_axis xi_argument_of_latitude_reference
2453820.1412459277 1.1495860356423941 26.147839526997576 246.5369445159541 39.43532096240152 129.02979604918215 0.2632563386297758 312.95134345282753
Fluxes:
123.76297013511764 -61.354156284097364
