Mean acceptance fraction: 0.155
Mean autocorrelation time [steps]: 35.2
Fitted parameters:
t_0 : 2452907.89960 +0.39071 -0.18499
u_0 : 1.14714 +0.21952 -0.22151
t_E : 78.61398 +10.68458 -9.59529
xi_Omega_node : 239.99217 +36.01501 -163.16832
xi_inclination : 183.01662 +167.46203 -168.86127
xi_period : 137.70730 +63.83235 -31.91907
xi_semimajor_axis : 0.09396 +0.05859 -0.03528
xi_argument_of_latitude_reference : 241.41930 +61.09929 -146.75858
Fitted fluxes (source and blending):
flux_s_1 : 1066.04462 +537.25476 -400.73702
flux_b_1 : -763.59917 +400.80101 -536.95787
Best model:
chi2: 3061.0583
t_0 u_0 t_E xi_Omega_node xi_inclination xi_period xi_semimajor_axis xi_argument_of_latitude_reference
2452901.085521864 1.1161250289826645 74.72647125038118 99.89482112809567 13.404986982969715 327.7348598224059 0.2519829335426095 64.77658912216923
Fluxes:
975.5279250967209 -672.5454640176855
