Mean acceptance fraction: 0.164
Mean autocorrelation time [steps]: nan
Fitted parameters:
t_0 : 2452972.93255 +0.82107 -0.92100
u_0 : 0.24143 +0.07893 -0.05786
t_E : 430.42922 +72.84958 -64.37568
xi_Omega_node : 141.00071 +129.79911 -89.73640
xi_inclination : 153.91824 +129.64726 -102.16996
xi_period : 31.22903 +32.30733 -21.26213
xi_semimajor_axis : 0.00826 +0.00895 -0.00576
xi_argument_of_latitude_reference : 166.46984 +112.56733 -110.03856
Fitted fluxes (source and blending):
flux_s_1 : 8.16046 +2.97241 -1.96522
flux_b_1 : 106.84169 +1.89943 -2.89457
Best model:
chi2: 1337.9509
t_0 u_0 t_E xi_Omega_node xi_inclination xi_period xi_semimajor_axis xi_argument_of_latitude_reference
2452978.5609068843 0.10634870487716369 637.7161306909361 303.40796779677953 62.427190731834656 598.4577838284143 0.04101273630522759 50.522059344679505
Fluxes:
3.991767714663423 110.8101003907052
