Mean acceptance fraction: 0.217
Mean autocorrelation time [steps]: 33.8
Fitted parameters:
t_0 : 2453814.59566 +0.51067 -3.08181
u_0 : 0.31328 +0.05761 -0.03868
t_E : 154.85478 +13.44014 -15.92148
xi_Omega_node : 169.67869 +125.48630 -86.56681
xi_inclination : 180.22318 +65.82837 -65.41777
xi_period : 75.27291 +9.73221 -36.16264
xi_semimajor_axis : 0.01319 +0.00481 -0.00668
xi_argument_of_latitude_reference : 182.29375 +78.25309 -128.38363
Fitted fluxes (source and blending):
flux_s_1 : 27.18185 +7.11466 -4.30768
flux_b_1 : 386.60160 +4.26911 -7.02679
Best model:
chi2: 1254.3574
t_0 u_0 t_E xi_Omega_node xi_inclination xi_period xi_semimajor_axis xi_argument_of_latitude_reference
2453808.259255281 0.3391498181330336 148.87220573849473 100.38044770930838 94.60282533767139 128.61700875090384 0.03163017180311746 66.96022679308066
Fluxes:
31.193620378948452 382.5625839920081
