Mean acceptance fraction: 0.159
Mean autocorrelation time [steps]: 35.0
Fitted parameters:
t_0 : 2453484.78673 +0.53031 -1.20431
u_0 : 1.29240 +0.14487 -0.13925
t_E : 129.76158 +10.04364 -9.11034
xi_Omega_node : 174.37648 +115.54576 -82.37274
xi_inclination : 194.26703 +79.91085 -78.10743
xi_period : 47.52347 +20.00580 -19.07895
xi_semimajor_axis : 0.00373 +0.00292 -0.00243
xi_argument_of_latitude_reference : 216.18962 +97.94799 -151.93199
Fitted fluxes (source and blending):
flux_s_1 : 2298.79577 +689.49602 -527.02118
flux_b_1 : -1560.42819 +526.74366 -689.18141
Best model:
chi2: 3972.7823
t_0 u_0 t_E xi_Omega_node xi_inclination xi_period xi_semimajor_axis xi_argument_of_latitude_reference
2453485.2349126628 1.6089462723695045 109.85054351119702 282.11591850579686 1.7943334898715815 366.98655082132075 0.03742448081119279 269.1602993280944
Fluxes:
3948.3507770258598 -3208.8374927480922
