Mean acceptance fraction: 0.131
Mean autocorrelation time [steps]: 33.8
Fitted parameters:
t_0 : 2454695.30405 +0.17908 -0.19409
u_0 : 0.17558 +0.05532 -0.04231
t_E : 308.93473 +60.84661 -51.05001
xi_Omega_node : 170.94601 +104.55518 -137.29496
xi_inclination : 191.41048 +148.93408 -170.75223
xi_period : 318.04110 +47.06987 -53.87601
xi_semimajor_axis : 0.01807 +0.00853 -0.00645
xi_argument_of_latitude_reference : 179.18055 +144.94747 -125.37991
Fitted fluxes (source and blending):
flux_s_1 : 7.83469 +3.01887 -2.10497
flux_b_1 : 145.57623 +2.04321 -2.96262
Best model:
chi2: 2341.7888
t_0 u_0 t_E xi_Omega_node xi_inclination xi_period xi_semimajor_axis xi_argument_of_latitude_reference
2454695.148516873 0.10364155595963132 477.8918353457841 236.3855476636402 112.50535568941737 524.1469047103553 0.09446423170861722 340.16811890261124
Fluxes:
4.309995389985739 148.89699496701618
