Mean acceptance fraction: 0.153
Mean autocorrelation time [steps]: 32.4
Fitted parameters:
t_0 : 2453236.79098 +0.16871 -0.23701
u_0 : 0.36273 +0.08765 -0.07721
t_E : 158.16039 +24.53553 -19.71890
xi_Omega_node : 173.84756 +137.29181 -99.22065
xi_inclination : 250.90610 +102.37375 -237.57685
xi_period : 188.74561 +39.84433 -26.39427
xi_semimajor_axis : 0.02748 +0.01163 -0.00822
xi_argument_of_latitude_reference : 147.54746 +137.14092 -109.33866
Fitted fluxes (source and blending):
flux_s_1 : 14.16891 +5.10678 -3.87365
flux_b_1 : -1.47487 +3.84984 -5.09661
Best model:
chi2: 2139.5492
t_0 u_0 t_E xi_Omega_node xi_inclination xi_period xi_semimajor_axis xi_argument_of_latitude_reference
2453236.3878617296 0.2177138437160951 202.4644762743891 352.09106904620376 43.54456921451886 364.20213007170895 0.05319758936012947 157.31798476053817
Fluxes:
7.25857715529922 5.434192608745758
