Mean acceptance fraction: 0.119
Mean autocorrelation time [steps]: nan
Fitted parameters:
t_0 : 2454737.89690 +0.17104 -0.08297
u_0 : 0.85791 +0.12111 -0.09676
t_E : 96.86699 +7.45272 -7.32056
xi_Omega_node : 215.64331 +10.98895 -81.83415
xi_inclination : 205.25373 +76.08419 -125.92594
xi_period : 9.20982 +0.09317 -2.13127
xi_semimajor_axis : 0.01715 +0.01425 -0.00941
xi_argument_of_latitude_reference : 161.05230 +74.66166 -23.39618
Fitted fluxes (source and blending):
flux_s_1 : 269.65264 +78.26488 -53.69519
flux_b_1 : -152.62945 +53.61813 -78.27794
Best model:
chi2: 5381.9192
t_0 u_0 t_E xi_Omega_node xi_inclination xi_period xi_semimajor_axis xi_argument_of_latitude_reference
2454738.551819098 0.9893852926241812 90.64572253945742 212.3459710384113 289.1858252278637 12.899157902593576 0.055113390318717134 133.7669677349754
Fluxes:
361.3446946430053 -244.4329983503897
