Mean acceptance fraction: 0.199
Mean autocorrelation time [steps]: 32.4
Fitted parameters:
t_0 : 2454145.26276 +0.64519 -0.46285
u_0 : 0.01045 +0.00221 -0.00184
t_E : 404.43186 +61.41733 -62.14355
xi_Omega_node : 115.28678 +155.19360 -83.19383
xi_inclination : 180.31206 +107.78445 -107.32818
xi_period : 8.76928 +15.10064 -5.07561
xi_semimajor_axis : 0.00115 +0.00163 -0.00081
xi_argument_of_latitude_reference : 210.50444 +98.30960 -95.37535
Fitted fluxes (source and blending):
flux_s_1 : 2.19384 +0.44339 -0.32244
flux_b_1 : 14.74061 +0.25410 -0.34358
Best model:
chi2: 3500.0252
t_0 u_0 t_E xi_Omega_node xi_inclination xi_period xi_semimajor_axis xi_argument_of_latitude_reference
2454146.1975209443 0.00654994584892991 673.8236962068731 10.945667310608503 23.60860400394887 234.72501210904966 0.019411604943126853 331.68759276586593
Fluxes:
1.259550873214206 15.337453486599683
