Mean acceptance fraction: 0.221
Mean autocorrelation time [steps]: nan
Fitted parameters:
t_0 : 2454723.20428 +0.26622 -0.22731
u_0 : 0.29037 +0.03817 -0.03276
t_E : 21.85247 +1.37637 -1.38799
xi_Omega_node : 101.80516 +166.74721 -31.08465
xi_inclination : 146.92595 +92.21804 -37.96311
xi_period : 11.51113 +2.28327 -1.30718
xi_semimajor_axis : 0.03499 +0.00818 -0.00572
xi_argument_of_latitude_reference : 181.36347 +160.05093 -52.04792
Fitted fluxes (source and blending):
flux_s_1 : 38.55604 +6.11060 -4.66974
flux_b_1 : -4.49107 +4.66615 -6.10543
Best model:
chi2: 2189.1736
t_0 u_0 t_E xi_Omega_node xi_inclination xi_period xi_semimajor_axis xi_argument_of_latitude_reference
2454723.4608637076 0.34622746655847697 19.799584904164107 110.91659624427115 100.50337482396515 16.231797387920544 0.06780870324895107 183.04492138933213
Fluxes:
51.27184978748548 -17.205001268900936
