Mean acceptance fraction: 0.192
Mean autocorrelation time [steps]: nan
Fitted parameters:
t_0 : 2453815.01049 +0.28166 -0.27717
u_0 : 0.36443 +0.04795 -0.04125
t_E : 140.33127 +12.05410 -10.73824
xi_Omega_node : 211.30882 +104.54852 -133.22882
xi_inclination : 180.91568 +128.81730 -133.58296
xi_period : 8.05542 +1.22270 -0.41856
xi_semimajor_axis : 0.00553 +0.00336 -0.00314
xi_argument_of_latitude_reference : 159.03085 +140.11141 -91.44612
Fitted fluxes (source and blending):
flux_s_1 : 33.28348 +6.20784 -4.93282
flux_b_1 : 380.57505 +4.84844 -6.13534
Best model:
chi2: 1333.9618
t_0 u_0 t_E xi_Omega_node xi_inclination xi_period xi_semimajor_axis xi_argument_of_latitude_reference
2453815.241630177 0.34885478135264975 144.62489069863182 127.24992716289826 72.20184899059409 7.983920994025207 0.00926605617833309 290.7919493065767
Fluxes:
31.23740514328509 382.5959863740204
