Mean acceptance fraction: 0.074
Mean autocorrelation time [steps]: nan
Fitted parameters:
t_0 : 2454577.09445 +0.04031 -0.03345
u_0 : 0.02309 +0.00124 -0.00112
t_E : 75.77695 +2.23316 -2.00949
xi_Omega_node : 179.93350 +75.72908 -95.72525
xi_inclination : 177.58088 +79.01598 -83.14762
xi_period : 157.53799 +10.71127 -10.72515
xi_semimajor_axis : 0.01069 +0.00944 -0.00651
xi_argument_of_latitude_reference : 177.95341 +83.37194 -70.75529
Fitted fluxes (source and blending):
flux_s_1 : 169.87128 +4.88137 -6.51582
flux_b_1 : 17.52675 +6.41127 -4.83438
Best model:
chi2: 19964.6922
t_0 u_0 t_E xi_Omega_node xi_inclination xi_period xi_semimajor_axis xi_argument_of_latitude_reference
2454577.1194106494 0.02363677756340217 76.03551692578438 64.8908026937072 189.44748023219407 170.1571952820151 0.0076885196775743295 263.09836261688565
Fluxes:
168.75054503569777 18.646620108933824
