Mean acceptance fraction: 0.079
Mean autocorrelation time [steps]: nan
Fitted parameters:
t_0 : 2454025.35167 +0.01180 -0.01157
u_0 : -0.87043 +0.00014 -0.00013
t_E : 365.61426 +0.01352 -0.01155
xi_period : 63.80038 +5.09716 -9.38954
xi_semimajor_axis : 0.07353 +0.02629 -0.02014
xi_Omega_node : 145.63261 +166.88641 -11.69227
xi_inclination : 153.52737 +118.82573 -67.30786
xi_argument_of_latitude_reference : 213.59282 +110.06688 -135.28442
Fitted fluxes (source and blending):
flux_s_1 : 373.86199 +8.65843 -9.95116
flux_b_1 : 30.18347 +10.58199 -9.15606
Best model:
chi2: 120147.8560
t_0 u_0 t_E xi_period xi_semimajor_axis xi_Omega_node xi_inclination xi_argument_of_latitude_reference
2454025.342525919 -0.8699141479672706 365.5912117848312 120.55682226944307 0.13034420490334325 153.3852973890159 278.49122782543213 155.93759584188228
Fluxes:
360.25669297813863 44.85773896036232
