Mean acceptance fraction: 0.125
Mean autocorrelation time [steps]: nan
Fitted parameters:
t_0 : 2452744.04296 +0.03693 -0.07093
u_0 : 0.12519 +0.00041 -0.00076
t_E : 865.26198 +0.06215 -0.04954
xi_period : 932.75995 +76.07538 -102.81378
xi_semimajor_axis : 0.27069 +0.10949 -0.05709
xi_Omega_node : 199.83789 +21.54738 -178.72068
xi_inclination : 153.84751 +99.83007 -49.96639
xi_argument_of_latitude_reference : 200.33848 +152.22997 -27.41713
Fitted fluxes (source and blending):
flux_s_1 : 183.89408 +38.80305 -26.47025
flux_b_1 : 192.88072 +30.82548 -45.85003
Best model:
chi2: 37575.4971
t_0 u_0 t_E xi_period xi_semimajor_axis xi_Omega_node xi_inclination xi_argument_of_latitude_reference
2452744.198071267 0.12486391866784662 865.3501367515042 1185.9723676508067 0.5415010735172505 203.40775549127997 90.59769774630767 219.90240567194866
Fluxes:
58.05368727927259 337.80650028445825
