Mean acceptance fraction: 0.057
Mean autocorrelation time [steps]: nan
Fitted parameters:
t_0 : 2453818.17766 +0.00922 -0.02071
u_0 : 1.75941 +0.00009 -0.00009
t_E : 115.71475 +0.01498 -0.00883
xi_period : 4.98121 +1.40311 -0.35665
xi_semimajor_axis : 0.01735 +0.00776 -0.00623
xi_Omega_node : 183.21066 +85.66024 -100.27211
xi_inclination : 180.37567 +85.49411 -80.08833
xi_argument_of_latitude_reference : 176.30509 +109.99704 -81.37727
Fitted fluxes (source and blending):
flux_s_1 : 2780.22698 +2.99308 -1.53342
flux_b_1 : -1467.29478 +1.54400 -3.01685
Best model:
chi2: 259680.1757
t_0 u_0 t_E xi_period xi_semimajor_axis xi_Omega_node xi_inclination xi_argument_of_latitude_reference
2453814.3117793268 1.782048876825167 116.76330529490836 0.11318010471821172 0.009878935968228537 64.39021538347708 287.45225468938884 57.94198982531569
Fluxes:
2911.0961169702814 -1599.1163316949735
