Mean acceptance fraction: 0.089
Mean autocorrelation time [steps]: nan
Fitted parameters:
t_0 : 2453498.09900 +0.00769 -0.02546
u_0 : 0.77113 +0.00019 -0.00008
t_E : 166.57269 +0.01374 -0.00893
xi_period : 54.39264 +12.65621 -1.00570
xi_semimajor_axis : 0.02223 +0.01302 -0.01201
xi_Omega_node : 169.86107 +160.10755 -13.10762
xi_inclination : 153.80372 +120.15205 -67.72385
xi_argument_of_latitude_reference : 228.98708 +18.64498 -153.34162
Fitted fluxes (source and blending):
flux_s_1 : 751.96347 +0.88195 -0.49234
flux_b_1 : -11.29547 +0.48922 -0.85014
Best model:
chi2: 14824.4569
t_0 u_0 t_E xi_period xi_semimajor_axis xi_Omega_node xi_inclination xi_argument_of_latitude_reference
2453491.9340420165 0.8055048256424877 169.7188270217212 47.222311951817495 0.000329535110684228 -7.594959685507469 23.155041335977284 341.002734083326
Fluxes:
820.9317480922294 -82.09647232760653
