Mean acceptance fraction: 0.078
Mean autocorrelation time [steps]: nan
Fitted parameters:
t_0 : 2453335.74140 +0.00848 -0.01488
u_0 : -0.13148 +0.00008 -0.00013
t_E : 140.97526 +0.00873 -0.01320
xi_period : 23.05453 +0.40973 -2.86362
xi_semimajor_axis : 0.02293 +0.01824 -0.00904
xi_Omega_node : 146.49610 +127.32906 -26.49946
xi_inclination : 181.53449 +108.33196 -106.65310
xi_argument_of_latitude_reference : 183.18425 +77.33102 -76.15298
Fitted fluxes (source and blending):
flux_s_1 : 1102.52089 +7.56394 -4.60704
flux_b_1 : -69.00971 +5.23603 -8.32998
Best model:
chi2: 169838.3918
t_0 u_0 t_E xi_period xi_semimajor_axis xi_Omega_node xi_inclination xi_argument_of_latitude_reference
2453331.5445215134 -0.16054455003382462 137.76330755310792 6.029273882117469 0.008790056008473334 69.13707992583326 298.3323386345642 221.5669306578984
Fluxes:
1083.2664609019 -40.28254928393192
