Mean acceptance fraction: 0.083
Mean autocorrelation time [steps]: nan
Fitted parameters:
t_0 : 2453498.10093 +0.01007 -0.01352
u_0 : 0.77112 +0.00015 -0.00011
t_E : 166.57247 +0.01434 -0.01031
xi_period : 89.48402 +113.83013 -11.11931
xi_semimajor_axis : 0.02331 +0.01383 -0.01227
xi_Omega_node : 166.37248 +162.89925 -51.07302
xi_inclination : 187.59987 +75.88695 -91.96421
xi_argument_of_latitude_reference : 193.84371 +106.34088 -109.77132
Fitted fluxes (source and blending):
flux_s_1 : 751.84580 +4.84330 -0.65335
flux_b_1 : -11.18771 +0.67693 -4.94663
Best model:
chi2: 10982.5060
t_0 u_0 t_E xi_period xi_semimajor_axis xi_Omega_node xi_inclination xi_argument_of_latitude_reference
2453498.015559329 0.7709377703600117 166.66209231234777 559.7319699909931 0.08395326832050592 97.8126497860519 164.2684581054622 286.5627574799518
Fluxes:
813.2729471185532 -74.33312517718653
