Mean acceptance fraction: 0.056
Mean autocorrelation time [steps]: nan
Fitted parameters:
t_0 : 2453818.18062 +0.00858 -0.01169
u_0 : 1.75940 +0.00010 -0.00008
t_E : 115.71277 +0.01024 -0.00779
xi_period : 22.54477 +5.30859 -4.40202
xi_semimajor_axis : 0.02830 +0.01546 -0.00945
xi_Omega_node : 156.19251 +156.47557 -53.32562
xi_inclination : 183.88528 +94.14162 -104.14457
xi_argument_of_latitude_reference : 223.02348 +65.02441 -144.49788
Fitted fluxes (source and blending):
flux_s_1 : 2771.64043 +4.58801 -6.20563
flux_b_1 : -1458.65431 +6.27388 -4.63097
Best model:
chi2: 264406.1104
t_0 u_0 t_E xi_period xi_semimajor_axis xi_Omega_node xi_inclination xi_argument_of_latitude_reference
2453816.1722254218 1.779362188053746 118.14003019512434 84.53619459995491 0.018068902549974338 75.78182404385774 296.7208017667249 366.34559764171064
Fluxes:
2892.910085540474 -1581.1725625638317
