Mean acceptance fraction: 0.067
Mean autocorrelation time [steps]: nan
Fitted parameters:
t_0 : 2454025.35103 +0.00895 -0.01060
u_0 : -0.87044 +0.00010 -0.00010
t_E : 365.61096 +0.00969 -0.00925
xi_period : 36.92369 +5.35335 -4.26746
xi_semimajor_axis : 0.06822 +0.02054 -0.01519
xi_Omega_node : 142.80550 +171.38481 -11.72903
xi_inclination : 209.49627 +60.78940 -118.46234
xi_argument_of_latitude_reference : 183.39098 +70.91163 -104.34268
Fitted fluxes (source and blending):
flux_s_1 : 375.69204 +7.24346 -9.29160
flux_b_1 : 28.30781 +9.94177 -7.71995
Best model:
chi2: 119104.7238
t_0 u_0 t_E xi_period xi_semimajor_axis xi_Omega_node xi_inclination xi_argument_of_latitude_reference
2454025.356883941 -0.8703703699570536 365.62503741848644 37.2561472058096 0.10497992285304868 143.09823587479448 94.61431486699584 254.89767385886574
Fluxes:
359.1052602508192 46.10639441878386
