Mean acceptance fraction: 0.114
Mean autocorrelation time [steps]: nan
Fitted parameters:
t_0 : 2452863.10876 +0.01347 -0.03360
u_0 : 0.05527 +0.00002 -0.00002
t_E : 63.13642 +0.02273 -0.01455
xi_period : 20.04257 +9.06122 -4.76899
xi_semimajor_axis : 0.06295 +0.02159 -0.01952
xi_Omega_node : 117.16449 +175.79436 -7.07457
xi_inclination : 236.91009 +23.71068 -128.81402
xi_argument_of_latitude_reference : 237.87380 +16.73300 -185.00334
Fitted fluxes (source and blending):
flux_s_1 : 102.53331 +3.17135 -5.32114
flux_b_1 : 204.14633 +5.72481 -3.41960
Best model:
chi2: 2508.7819
t_0 u_0 t_E xi_period xi_semimajor_axis xi_Omega_node xi_inclination xi_argument_of_latitude_reference
2452859.9179406604 0.053940786347631886 64.03777711916476 39.9862247959115 0.00753204473139589 109.36862053949785 258.56551672794643 268.39132198004336
Fluxes:
97.37530731220473 209.6246911943892
