Mean acceptance fraction: 0.160
Mean autocorrelation time [steps]: nan
Fitted parameters:
t_0 : 2453110.67541 +0.26235 -0.77331
u_0 : -0.02993 +0.00060 -0.00013
t_E : 280.08813 +0.07628 -1.59399
xi_period : 1521.42728 +2568.00504 -1027.72076
xi_semimajor_axis : 0.05050 +0.00580 -0.00611
xi_Omega_node : 185.42617 +137.13491 -131.27038
xi_inclination : 178.32597 +22.58064 -24.23461
xi_argument_of_latitude_reference : 171.21207 +138.10627 -128.62955
Fitted fluxes (source and blending):
flux_s_1 : 3.20852 +0.09453 -0.04649
flux_b_1 : 17.39984 +0.05950 -0.12462
Best model:
chi2: 2200.9917
t_0 u_0 t_E xi_period xi_semimajor_axis xi_Omega_node xi_inclination xi_argument_of_latitude_reference
2453104.84182795 -0.028429435333401414 212.7877656248238 69107.15923650398 0.024234036986548677 344.12722314581856 214.2733869691217 339.701982382501
Fluxes:
4.289779205016973 16.426061592745988
