Mean acceptance fraction: 0.093
Mean autocorrelation time [steps]: nan
Fitted parameters:
t_0 : 2454146.18295 +0.01212 -0.02276
u_0 : -0.04311 +0.00002 -0.00001
t_E : 101.52976 +0.01704 -0.01504
xi_period : 17.35715 +5.74783 -3.53146
xi_semimajor_axis : 0.02771 +0.02198 -0.00826
xi_Omega_node : 203.79064 +74.61817 -128.17914
xi_inclination : 179.04050 +147.55514 -144.24494
xi_argument_of_latitude_reference : 198.39856 +79.29045 -127.67339
Fitted fluxes (source and blending):
flux_s_1 : 7.05634 +1.09245 -0.31047
flux_b_1 : 10.86098 +0.33639 -1.17074
Best model:
chi2: 5122.0591
t_0 u_0 t_E xi_period xi_semimajor_axis xi_Omega_node xi_inclination xi_argument_of_latitude_reference
2454146.532075064 -0.04341914895702577 101.89080215973146 47.3490959888271 0.12418555496420874 248.3797919683116 67.52931741574666 242.03712335118863
Fluxes:
9.897690326686703 7.829752046638729
