Mean acceptance fraction: 0.127
Mean autocorrelation time [steps]: 33.6
Fitted parameters:
t_0 : 2454300.19694 +0.04171 -0.08209
u_0 : -0.00030 +0.00000 -0.00000
t_E : 718.28761 +0.04596 -0.09709
xi_period : 589.70151 +95.87113 -68.78035
xi_semimajor_axis : 0.11926 +0.08112 -0.04173
xi_Omega_node : 179.79796 +69.21578 -49.95757
xi_inclination : 231.80764 +56.62580 -136.50853
xi_argument_of_latitude_reference : 246.04820 +69.62019 -174.41111
Fitted fluxes (source and blending):
flux_s_1 : -0.14997 +2.72260 -0.04070
flux_b_1 : 119.79107 +0.06717 -5.78365
Best model:
chi2: 6575.5725
t_0 u_0 t_E xi_period xi_semimajor_axis xi_Omega_node xi_inclination xi_argument_of_latitude_reference
2454298.4877783246 -0.00030954148728801873 716.2252681876068 724.4219158642215 0.5467820279659769 185.2594865204607 267.5417528377049 371.30219828588486
Fluxes:
1.351606804527625 113.92428116928046
