Mean acceptance fraction: 0.100
Mean autocorrelation time [steps]: nan
Fitted parameters:
t_0 : 2454588.50732 +0.01693 -0.08200
u_0 : 0.24067 +0.00017 -0.00035
t_E : 64.17262 +0.02463 -0.01661
xi_period : 9.39598 +1.32568 -2.26587
xi_semimajor_axis : 0.01281 +0.01082 -0.00559
xi_Omega_node : 174.88270 +139.82705 -151.69126
xi_inclination : 177.74694 +97.25706 -94.88046
xi_argument_of_latitude_reference : 200.38269 +108.29686 -150.84235
Fitted fluxes (source and blending):
flux_s_1 : 16.43764 +0.04142 -0.03227
flux_b_1 : 9.45610 +0.03304 -0.04221
Best model:
chi2: 1624.8451
t_0 u_0 t_E xi_period xi_semimajor_axis xi_Omega_node xi_inclination xi_argument_of_latitude_reference
2454586.6067529717 0.22493686249482103 65.35990589383316 1.7179655674520689 0.00012311869998994212 346.32413334474074 130.7076526899939 71.99831679808068
Fluxes:
15.53897983186747 10.351567822746848
