Mean acceptance fraction: 0.175
Mean autocorrelation time [steps]: nan
Fitted parameters:
t_0 : 2454716.39997 +0.12905 -1.46816
u_0 : 0.12827 +0.00042 -0.00216
t_E : 104.87325 +0.04497 -0.20988
xi_period : 77.18410 +47.57610 -25.01691
xi_semimajor_axis : 0.06994 +0.02408 -0.02559
xi_Omega_node : 142.59916 +153.98499 -26.07731
xi_inclination : 219.37077 +19.72392 -68.96906
xi_argument_of_latitude_reference : 236.74116 +14.26676 -180.76500
Fitted fluxes (source and blending):
flux_s_1 : 67.49095 +9.89931 -14.69990
flux_b_1 : 142.48778 +15.04215 -10.27587
Best model:
chi2: 7622.3296
t_0 u_0 t_E xi_period xi_semimajor_axis xi_Omega_node xi_inclination xi_argument_of_latitude_reference
2454713.225308917 0.12905807747607273 104.50133019661519 156.1328338791868 0.10668209521105601 174.79127022650584 233.91177765132787 259.9734151194863
Fluxes:
45.46620840013985 164.9558355127529
