Mean acceptance fraction: 0.159
Mean autocorrelation time [steps]: 33.1
Fitted parameters:
t_0 : 2453815.73416 +0.04006 -2.51434
u_0 : -0.53225 +0.03621 -0.00035
t_E : 138.69010 +0.04231 -4.19605
xi_period : 26.44459 +94.16660 -11.32855
xi_semimajor_axis : 0.01219 +0.00801 -0.00594
xi_Omega_node : 191.71848 +122.49659 -140.43727
xi_inclination : 182.33246 +120.87076 -124.62233
xi_argument_of_latitude_reference : 189.62625 +122.64002 -129.17224
Fitted fluxes (source and blending):
flux_s_1 : 51.27688 +0.09520 -3.58743
flux_b_1 : 361.80637 +3.87838 -0.10016
Best model:
chi2: 1269.1338
t_0 u_0 t_E xi_period xi_semimajor_axis xi_Omega_node xi_inclination xi_argument_of_latitude_reference
2453802.442774144 -0.4141019025605656 135.39258929310657 503.75242970692057 0.045514038512293076 331.67076553160683 249.09601571821955 167.73817856773698
Fluxes:
37.53237785333951 376.28626661428046
