Mean acceptance fraction: 0.101
Mean autocorrelation time [steps]: 68.5
Fitted parameters:
t_0 : 2454300.13151 +0.08183 -0.15488
u_0 : -0.00030 +0.00000 -0.00000
t_E : 718.32359 +0.10856 -0.12424
xi_period : 568.27230 +273.80838 -344.01200
xi_semimajor_axis : 0.13091 +0.18396 -0.07792
xi_Omega_node : 180.03809 +103.70778 -144.27560
xi_inclination : 136.18419 +127.19013 -76.89953
xi_argument_of_latitude_reference : 240.58439 +84.83125 -160.76620
Fitted fluxes (source and blending):
flux_s_1 : -0.09850 +4.99788 -0.05983
flux_b_1 : 119.56627 +0.26728 -10.62257
Best model:
chi2: 5984.3166
t_0 u_0 t_E xi_period xi_semimajor_axis xi_Omega_node xi_inclination xi_argument_of_latitude_reference
2454297.8141103857 -0.00034631055599048446 718.9433310269928 832.1265881145303 0.537655249103392 192.02618467501276 105.891483737329 357.5710983362369
Fluxes:
2.0266117177839296 112.84815119390005
