Mean acceptance fraction: 0.140
Mean autocorrelation time [steps]: 33.7
Fitted parameters:
t_0 : 2452941.57089 +0.05209 -0.03681
u_0 : -0.18403 +0.00059 -0.00041
t_E : 206.40752 +0.03775 -0.06485
xi_period : 183.51909 +5.04891 -7.88066
xi_semimajor_axis : 0.10828 +0.04081 -0.02933
xi_Omega_node : 151.15811 +106.83375 -111.03953
xi_inclination : 290.01830 +58.18722 -274.67676
xi_argument_of_latitude_reference : 280.16016 +43.03952 -195.43584
Fitted fluxes (source and blending):
flux_s_1 : 9.38564 +0.65061 -0.45541
flux_b_1 : 46.73951 +0.54764 -0.76493
Best model:
chi2: 593.3106
t_0 u_0 t_E xi_period xi_semimajor_axis xi_Omega_node xi_inclination xi_argument_of_latitude_reference
2452942.015546304 -0.1828436487694521 208.2071020698434 178.1091199692732 0.27252483336480054 155.7533839726093 287.2390916139553 297.36495888639183
Fluxes:
9.501256180243976 46.51985931730279
