Mean acceptance fraction: 0.071
Mean autocorrelation time [steps]: nan
Fitted parameters:
t_0 : 2452673.62196 +0.01368 -0.01222
u_0 : 0.22016 +0.00012 -0.00014
t_E : 108.03465 +0.01286 -0.01024
xi_period : 12.42353 +2.28950 -2.60588
xi_semimajor_axis : 0.05224 +0.02235 -0.01432
xi_Omega_node : 213.96003 +65.60273 -140.50909
xi_inclination : 180.40878 +130.88282 -124.39461
xi_argument_of_latitude_reference : 199.26158 +78.15580 -130.39865
Fitted fluxes (source and blending):
flux_s_1 : 120.88030 +2.74750 -2.33592
flux_b_1 : 20.76898 +2.39362 -2.82145
Best model:
chi2: 2583.8307
t_0 u_0 t_E xi_period xi_semimajor_axis xi_Omega_node xi_inclination xi_argument_of_latitude_reference
2452673.642819511 0.22031377620087986 108.03375681742145 7.964220118063832 0.12581069679909793 117.1874415268221 65.57409826471003 328.22774847583133
Fluxes:
128.99776693815883 12.446172571570827
