Mean acceptance fraction: 0.098
Mean autocorrelation time [steps]: nan
Fitted parameters:
t_0 : 2454888.09367 +0.02968 -0.03271
u_0 : -0.53111 +0.00030 -0.00030
t_E : 157.91265 +0.03229 -0.03650
xi_period : 9.65172 +2.14459 -3.91391
xi_semimajor_axis : 0.01604 +0.00961 -0.00629
xi_Omega_node : 192.69228 +117.68555 -154.64353
xi_inclination : 179.02625 +131.51989 -135.10204
xi_argument_of_latitude_reference : 191.27137 +142.88426 -144.15630
Fitted fluxes (source and blending):
flux_s_1 : 31.21228 +0.05134 -0.06967
flux_b_1 : 141.34936 +0.07107 -0.05227
Best model:
chi2: 2492.9492
t_0 u_0 t_E xi_period xi_semimajor_axis xi_Omega_node xi_inclination xi_argument_of_latitude_reference
2454888.175453258 -0.5310626575516981 157.88902238367294 0.9900030289494717 0.022579643333360662 161.36272236448664 361.3614096619097 58.38572497913903
Fluxes:
32.29237234359935 140.24319025021123
