Mean acceptance fraction: 0.062
Mean autocorrelation time [steps]: nan
Fitted parameters:
t_0 : 2452509.74910 +0.00800 -0.00744
u_0 : -0.15532 +0.00007 -0.00009
t_E : 185.96234 +0.00812 -0.00818
xi_period : 7.49421 +2.10791 -2.50119
xi_semimajor_axis : 0.01509 +0.00749 -0.00530
xi_Omega_node : 162.85523 +142.18273 -38.49867
xi_inclination : 176.31639 +99.63277 -87.56433
xi_argument_of_latitude_reference : 183.68046 +93.57183 -88.90806
Fitted fluxes (source and blending):
flux_s_1 : 47.07636 +0.58301 -0.41781
flux_b_1 : 14.71563 +0.43547 -0.65111
Best model:
chi2: 4215.0666
t_0 u_0 t_E xi_period xi_semimajor_axis xi_Omega_node xi_inclination xi_argument_of_latitude_reference
2452509.763898247 -0.1554605074024856 185.9436356140211 0.9964614544514735 0.05727165909804551 154.15397984667015 313.795473846468 239.53333354847803
Fluxes:
48.52781587431877 13.067682173510427
