Mean acceptance fraction: 0.174
Mean autocorrelation time [steps]: 33.1
Fitted parameters:
t_0 : 2453530.81681 +2.31931 -0.10092
u_0 : -0.27215 +0.01457 -0.00108
t_E : 230.85298 +0.10986 -0.74452
xi_period : 207.22838 +34.23862 -85.92308
xi_semimajor_axis : 0.02685 +0.01271 -0.00750
xi_Omega_node : 170.53968 +158.34838 -156.42085
xi_inclination : 178.72488 +77.50699 -75.32261
xi_argument_of_latitude_reference : 175.08329 +160.48356 -145.93099
Fitted fluxes (source and blending):
flux_s_1 : 10.33052 +0.14901 -0.38992
flux_b_1 : 7.10280 +0.41442 -0.15748
Best model:
chi2: 776.5836
t_0 u_0 t_E xi_period xi_semimajor_axis xi_Omega_node xi_inclination xi_argument_of_latitude_reference
2453548.1422830853 -0.20479551144793215 217.2438448868698 346.30355399490327 0.07958358674916663 255.28161800517296 180.7145309786428 284.13051762628066
Fluxes:
9.252439052915683 8.281701235235266
