Mean acceptance fraction: 0.142
Mean autocorrelation time [steps]: 33.6
Fitted parameters:
t_0 : 2454773.06254 +0.03587 -0.26467
u_0 : 0.28930 +0.00073 -0.00052
t_E : 69.85707 +0.35780 -0.03137
xi_period : 18.38962 +264.64184 -7.50930
xi_semimajor_axis : 0.04804 +0.04621 -0.01516
xi_Omega_node : 204.90463 +71.93076 -147.78379
xi_inclination : 181.90238 +103.94512 -103.60751
xi_argument_of_latitude_reference : 153.88066 +145.68723 -84.49678
Fitted fluxes (source and blending):
flux_s_1 : 34.65164 +6.02714 -0.92999
flux_b_1 : -1.23924 +0.94074 -6.10643
Best model:
chi2: 1032.3163
t_0 u_0 t_E xi_period xi_semimajor_axis xi_Omega_node xi_inclination xi_argument_of_latitude_reference
2454766.5131686428 0.2222647909977874 72.2001398483039 353.09307174037514 0.23689957094278064 223.07536165832244 150.35730656101083 91.14095011648452
Fluxes:
42.911123130575945 -9.617119064550966
