Mean acceptance fraction: 0.171
Mean autocorrelation time [steps]: 35.6
Fitted parameters:
t_0 : 2453789.69929 +0.32984 -0.10191
u_0 : 0.14615 +0.00113 -0.00329
t_E : 119.38331 +0.30022 -0.11370
xi_period : 306.91569 +69.09308 -258.59423
xi_semimajor_axis : 0.28242 +0.12974 -0.24390
xi_Omega_node : 66.09051 +134.81383 -67.97170
xi_inclination : 179.49639 +30.34867 -29.13576
xi_argument_of_latitude_reference : 295.01447 +45.03942 -171.71683
Fitted fluxes (source and blending):
flux_s_1 : 25.66773 +8.70216 -15.60592
flux_b_1 : 22.10273 +17.44201 -9.06090
Best model:
chi2: 3285.3070
t_0 u_0 t_E xi_period xi_semimajor_axis xi_Omega_node xi_inclination xi_argument_of_latitude_reference
2453796.3234221637 0.07343522173838948 131.9299379301978 341.16889881218003 0.3690162510900006 -9.825350018881906 196.98735549554036 319.2378647369369
Fluxes:
24.932216540337393 22.547644609285033
