Mean acceptance fraction: 0.171
Mean autocorrelation time [steps]: 62.1
Fitted parameters:
t_0 : 2453485.09241 +1.98905 -1.54938
u_0 : -0.51950 +0.04496 -0.11693
t_E : 86.13469 +6.89733 -3.68513
xi_period : 29.11997 +148.31969 -15.24050
xi_semimajor_axis : 0.01384 +0.02218 -0.01031
xi_Omega_node : 147.97043 +115.22030 -86.42345
xi_inclination : 182.41557 +90.60525 -88.32277
xi_argument_of_latitude_reference : 198.31335 +87.71269 -114.84354
Fitted fluxes (source and blending):
flux_s_1 : 156.91707 +61.21208 -10.37719
flux_b_1 : 108.20083 +12.01948 -61.43162
Best model:
chi2: 910.8700
t_0 u_0 t_E xi_period xi_semimajor_axis xi_Omega_node xi_inclination xi_argument_of_latitude_reference
2453493.4825107614 -0.8149072796696183 64.38988355357863 249.06104687917966 0.08842954556492649 372.480273668512 177.33730951453796 375.74626316091627
Fluxes:
355.5462735253075 -90.29326387054158
