Mean acceptance fraction: 0.128
Mean autocorrelation time [steps]: nan
Fitted parameters:
t_0 : 2452579.91914 +0.05424 -0.07973
u_0 : -0.72809 +0.00079 -0.00065
t_E : 113.70486 +0.05651 -0.05941
xi_period : 264.38663 +102.63545 -103.25725
xi_semimajor_axis : 0.13846 +0.05651 -0.04498
xi_Omega_node : 180.88981 +133.02374 -160.13993
xi_inclination : 158.19880 +187.09539 -152.22252
xi_argument_of_latitude_reference : 179.56243 +128.61347 -147.46684
Fitted fluxes (source and blending):
flux_s_1 : 42.20152 +1.88699 -3.08176
flux_b_1 : -20.87591 +3.10967 -1.91551
Best model:
chi2: 527.7243
t_0 u_0 t_E xi_period xi_semimajor_axis xi_Omega_node xi_inclination xi_argument_of_latitude_reference
2452579.741124129 -0.724664115649197 113.8188789188932 456.9928817553157 0.370478607415592 135.2001372564651 25.57834473213373 54.28295309787268
Fluxes:
42.636299967537376 -21.327168036319694
