Mean acceptance fraction: 0.108
Mean autocorrelation time [steps]: 35.8
Fitted parameters:
t_0 : 2454008.96151 +0.01387 -0.01657
u_0 : -0.24222 +0.00015 -0.00019
t_E : 86.31676 +0.01355 -0.02672
xi_period : 82.72675 +32.24340 -11.41532
xi_semimajor_axis : 0.04793 +0.01625 -0.01089
xi_Omega_node : 106.79837 +173.61613 -29.88188
xi_inclination : 149.65973 +164.12003 -100.88735
xi_argument_of_latitude_reference : 104.03024 +178.08031 -10.46953
Fitted fluxes (source and blending):
flux_s_1 : 162.19178 +1.23304 -4.33609
flux_b_1 : 42.13676 +4.56099 -1.28881
Best model:
chi2: 4800.0672
t_0 u_0 t_E xi_period xi_semimajor_axis xi_Omega_node xi_inclination xi_argument_of_latitude_reference
2454009.1019999078 -0.2411398148585205 86.46885491860338 178.5947763365791 0.09475961654541684 61.34322569366861 281.0373217603841 89.54243074961985
Fluxes:
144.87630292006372 59.87829926052467
