Mean acceptance fraction: 0.160
Mean autocorrelation time [steps]: 34.5
Fitted parameters:
t_0 : 2454146.20124 +0.50294 -0.05467
u_0 : -0.04310 +0.00016 -0.00007
t_E : 101.51275 +0.08135 -0.12067
xi_period : 267.39518 +25.75669 -22.75386
xi_semimajor_axis : 0.26610 +0.16482 -0.10798
xi_Omega_node : 180.07262 +151.29160 -22.66785
xi_inclination : 123.94899 +130.05110 -36.95653
xi_argument_of_latitude_reference : 118.70943 +174.50702 -5.73863
Fitted fluxes (source and blending):
flux_s_1 : 22.17436 +9.26567 -5.64049
flux_b_1 : -4.92771 +5.85582 -9.53000
Best model:
chi2: 2392.8145
t_0 u_0 t_E xi_period xi_semimajor_axis xi_Omega_node xi_inclination xi_argument_of_latitude_reference
2454166.2863611397 -0.04967186421415521 129.80784730998528 320.20544945064853 0.3084024694681675 147.0835074191411 135.96092601666248 126.0539778591048
Fluxes:
12.486943871042149 4.680555317037396
