Mean acceptance fraction: 0.185
Mean autocorrelation time [steps]: 33.5
Fitted parameters:
t_0 : 2454383.97859 +0.73838 -1.20841
u_0 : 6.50891 +0.01983 -0.01247
t_E : 14.13206 +1.18732 -0.83521
xi_period : 430.39298 +172.63518 -218.67847
xi_semimajor_axis : 0.78433 +1.21532 -0.49183
xi_Omega_node : 311.95615 +32.99974 -150.44647
xi_inclination : 178.37498 +67.58706 -64.01497
xi_argument_of_latitude_reference : 158.57720 +77.94774 -48.87055
Fitted fluxes (source and blending):
flux_s_1 : 39451.87322 +6854.65890 -6918.70716
flux_b_1 : -39338.65736 +6918.55562 -6854.75156
Best model:
chi2: 2480.8650
t_0 u_0 t_E xi_period xi_semimajor_axis xi_Omega_node xi_inclination xi_argument_of_latitude_reference
2454378.545635835 6.696243223070886 16.392569001647335 833.0422564088364 4.045868635120559 316.6841113043825 203.99793905373434 96.3508372387909
Fluxes:
11836.988034143802 -11723.852766133463
