Mean acceptance fraction: 0.075
Mean autocorrelation time [steps]: nan
Fitted parameters:
t_0 : 2454300.21025 +0.01533 -0.01528
u_0 : -0.00030 +0.00000 -0.00000
t_E : 718.31158 +0.01644 -0.01526
xi_period : 13.08225 +2.14004 -1.13349
xi_semimajor_axis : 0.03186 +0.00816 -0.00516
xi_Omega_node : 177.49686 +119.27345 -115.41696
xi_inclination : 177.91269 +122.41258 -119.22662
xi_argument_of_latitude_reference : 189.19195 +91.52368 -115.52111
Fitted fluxes (source and blending):
flux_s_1 : -0.12710 +0.01422 -0.01401
flux_b_1 : 119.55077 +0.03204 -0.03431
Best model:
chi2: 39075.0112
t_0 u_0 t_E xi_period xi_semimajor_axis xi_Omega_node xi_inclination xi_argument_of_latitude_reference
2454300.2719601947 -0.00029935113157692216 718.2932320571357 30.964004427824413 0.035711607245183054 157.79327252103246 232.87382631354603 188.6664815412618
Fluxes:
-0.11549783057401604 119.54302637405974
