Mean acceptance fraction: 0.137
Mean autocorrelation time [steps]: nan
Fitted parameters:
t_0 : 2454348.49679 +0.01715 -0.36999
u_0 : -0.00787 +0.00000 -0.00000
t_E : 47.96859 +0.05781 -0.02120
xi_period : 31.55088 +12.43419 -8.26958
xi_semimajor_axis : 0.04742 +0.00847 -0.00916
xi_Omega_node : 186.77594 +69.19444 -83.13125
xi_inclination : 179.22830 +21.66360 -25.44027
xi_argument_of_latitude_reference : 179.97511 +86.18169 -69.90181
Fitted fluxes (source and blending):
flux_s_1 : 12.16167 +1.39473 -0.28296
flux_b_1 : -7.50544 +0.35195 -1.69644
Best model:
chi2: 26774.7216
t_0 u_0 t_E xi_period xi_semimajor_axis xi_Omega_node xi_inclination xi_argument_of_latitude_reference
2454346.33249552 -0.0078041785013663045 46.76839089956997 0.4895953824903536 0.0020592887673254786 178.42673213630954 181.25958857285326 178.20582629406832
Fluxes:
13.184726390097119 -8.733086116508058
