Mean acceptance fraction: 0.102
Mean autocorrelation time [steps]: 33.6
Fitted parameters:
t_0 : 2453491.23378 +0.01074 -0.01043
u_0 : 0.53767 +0.00010 -0.00011
t_E : 74.94220 +0.01111 -0.01350
xi_period : 178.49993 +18.28901 -29.45289
xi_semimajor_axis : 0.02843 +0.00185 -0.00335
xi_Omega_node : 183.24656 +119.71992 -77.55225
xi_inclination : 173.54872 +129.27291 -114.08184
xi_argument_of_latitude_reference : 151.60442 +115.68303 -79.37977
Fitted fluxes (source and blending):
flux_s_1 : 565.35688 +3.37115 -3.74370
flux_b_1 : -61.05567 +3.79041 -3.41637
Best model:
chi2: 1737.3243
t_0 u_0 t_E xi_period xi_semimajor_axis xi_Omega_node xi_inclination xi_argument_of_latitude_reference
2453491.168533146 0.5376047163300067 74.8464918047685 227.65383662604575 0.04359614770094947 339.8707641446692 280.6397173253682 41.8958864897147
Fluxes:
549.5397789540378 -45.207588170824145
