Mean acceptance fraction: 0.109
Mean autocorrelation time [steps]: 70.8
Fitted parameters:
t_0 : 2452922.48039 +0.23022 -5.53984
u_0 : -0.56033 +0.00254 -0.05344
t_E : 90.29347 +0.33682 -3.47903
xi_period : 381.49523 +27.83250 -46.03489
xi_semimajor_axis : 0.51345 +0.06867 -0.23241
xi_Omega_node : 72.84805 +154.56306 -58.34843
xi_inclination : 160.96793 +193.34312 -163.82777
xi_argument_of_latitude_reference : 157.60034 +174.52856 -64.85436
Fitted fluxes (source and blending):
flux_s_1 : 478.42632 +64.97197 -31.75019
flux_b_1 : -175.64493 +31.83834 -65.06584
Best model:
chi2: 2961.5959
t_0 u_0 t_E xi_period xi_semimajor_axis xi_Omega_node xi_inclination xi_argument_of_latitude_reference
2452909.156821405 -0.5437369684098247 95.82335731897562 410.94938740357344 0.5237486925153441 166.49839534204932 335.10190300391986 13.0063783645361
Fluxes:
385.9279634558268 -82.95007744017701
