Mean acceptance fraction: 0.203
Mean autocorrelation time [steps]: 34.0
Fitted parameters:
t_0 : 2453489.10536 +1.92932 -0.26022
u_0 : 0.54204 +0.00447 -0.00405
t_E : 75.54742 +0.52376 -0.57533
xi_period : 16.64895 +9.13148 -7.46637
xi_semimajor_axis : 0.00230 +0.00227 -0.00131
xi_Omega_node : 166.66928 +105.36514 -93.66108
xi_inclination : 169.24466 +85.86866 -82.26651
xi_argument_of_latitude_reference : 221.72884 +88.83829 -99.55631
Fitted fluxes (source and blending):
flux_s_1 : 570.21086 +4.82582 -7.24095
flux_b_1 : -65.74920 +7.28372 -4.94889
Best model:
chi2: 1863.8827
t_0 u_0 t_E xi_period xi_semimajor_axis xi_Omega_node xi_inclination xi_argument_of_latitude_reference
2453490.2482640753 0.5372032830816866 75.9798774753709 140.32472143269672 0.014173130462434524 100.82387238164512 323.93452136248663 267.98973300304124
Fluxes:
562.4309965950952 -58.20062719913895
