Mean acceptance fraction: 0.194
Mean autocorrelation time [steps]: 30.8
Fitted parameters:
t_0 : 2453757.66027 +17.48269 -1.65811
u_0 : -10.22726 +0.03637 -0.07049
t_E : 22.24524 +0.25504 -0.13453
xi_period : 231.98995 +2470.41048 -197.69329
xi_semimajor_axis : 0.03375 +0.03674 -0.02312
xi_Omega_node : 189.11627 +106.23520 -121.88190
xi_inclination : 177.49703 +112.27772 -111.22133
xi_argument_of_latitude_reference : 214.56890 +94.53354 -117.48330
Fitted fluxes (source and blending):
flux_s_1 : 571389.85653 +5381.88444 -29967.14381
flux_b_1 : -571064.10552 +29967.38095 -5381.89336
Best model:
chi2: 1989.8506
t_0 u_0 t_E xi_period xi_semimajor_axis xi_Omega_node xi_inclination xi_argument_of_latitude_reference
2453771.8088507955 -10.730561836152777 19.49930202185679 370.41313488524213 0.38533795870791443 236.58416907712592 139.4244686093444 297.98005798322845
Fluxes:
704167.7678567133 -703841.393800807
