Mean acceptance fraction: 0.173
Mean autocorrelation time [steps]: 34.6
Fitted parameters:
t_0 : 2453537.26860 +0.33302 -0.47917
u_0 : 1.51025 +0.24604 -0.26028
t_E : 100.30577 +14.38013 -11.23274
xi_Omega_node : 275.82719 +39.53619 -160.24097
xi_inclination : 189.11907 +144.55192 -160.50650
xi_period : 175.56072 +22.29846 -48.45702
xi_semimajor_axis : 0.05135 +0.02279 -0.02477
xi_argument_of_latitude_reference : 198.20274 +46.16685 -144.70388
Fitted fluxes (source and blending):
flux_s_1 : 306.67900 +150.21015 -113.37167
flux_b_1 : -240.28095 +113.28887 -150.14233
Best model:
chi2: 1073.7061
t_0 u_0 t_E xi_Omega_node xi_inclination xi_period xi_semimajor_axis xi_argument_of_latitude_reference
2453536.649067972 1.2305624055437743 106.8599899442919 306.3068112805853 267.5542221712315 223.31804636840653 0.12670421768150755 212.68451006578434
Fluxes:
182.58058667319162 -116.0288594885783
