Mean acceptance fraction: 0.144
Mean autocorrelation time [steps]: 35.2
Fitted parameters:
t_0 : 2454009.11668 +0.11411 -0.11911
u_0 : 0.35371 +0.01945 -0.02398
t_E : 69.11621 +2.77924 -2.14424
xi_Omega_node : 189.77902 +69.06881 -82.83622
xi_inclination : 169.59283 +129.50400 -105.93460
xi_period : 109.32011 +55.95093 -21.30909
xi_semimajor_axis : 0.00990 +0.00873 -0.00628
xi_argument_of_latitude_reference : 191.49738 +72.11251 -45.70654
Fitted fluxes (source and blending):
flux_s_1 : 237.78677 +18.60896 -21.70984
flux_b_1 : -32.83815 +21.65405 -18.57659
Best model:
chi2: 4806.2447
t_0 u_0 t_E xi_Omega_node xi_inclination xi_period xi_semimajor_axis xi_argument_of_latitude_reference
2454007.907375521 0.33771717451025546 73.42079046489637 161.6840958599091 236.36552507696774 389.6203429057664 0.05474879541844074 156.39673738044922
Fluxes:
224.8871264316598 -20.107790092287917
