Mean acceptance fraction: 0.100
Mean autocorrelation time [steps]: 34.6
Fitted parameters:
t_0 : 2453852.38895 +0.07597 -0.08321
u_0 : 0.14482 +0.02974 -0.02592
t_E : 162.80402 +24.12202 -20.54096
xi_Omega_node : 181.82904 +145.28358 -158.62861
xi_inclination : 167.90674 +144.49446 -120.65154
xi_period : 171.18822 +17.24522 -16.62748
xi_semimajor_axis : 0.02305 +0.00740 -0.00690
xi_argument_of_latitude_reference : 173.73834 +153.86034 -111.79841
Fitted fluxes (source and blending):
flux_s_1 : 11.46033 +2.75680 -2.27176
flux_b_1 : 12.68965 +2.23410 -2.70644
Best model:
chi2: 1404.8957
t_0 u_0 t_E xi_Omega_node xi_inclination xi_period xi_semimajor_axis xi_argument_of_latitude_reference
2453852.3851200445 0.10709139728129305 231.64944582764892 45.42309743970886 78.35104797265508 369.1949532298562 0.09958896561502639 176.17593510823139
Fluxes:
8.319322284139231 15.586943787863998
