Mean acceptance fraction: 0.121
Mean autocorrelation time [steps]: 34.7
Fitted parameters:
t_0 : 2453892.84818 +0.08464 -0.04733
u_0 : 0.06691 +0.00116 -0.00140
t_E : 71.39154 +0.55752 -0.46138
xi_Omega_node : 172.50796 +108.41677 -71.99792
xi_inclination : 175.28499 +48.92798 -68.07385
xi_period : 252.58063 +20.34733 -30.80909
xi_semimajor_axis : 0.01230 +0.00855 -0.00659
xi_argument_of_latitude_reference : 161.56396 +95.82496 -93.20291
Fitted fluxes (source and blending):
flux_s_1 : 332.69815 +6.45590 -6.44692
flux_b_1 : 214.58994 +6.44646 -6.47718
Best model:
chi2: 15135.4537
t_0 u_0 t_E xi_Omega_node xi_inclination xi_period xi_semimajor_axis xi_argument_of_latitude_reference
2453893.017518615 0.069429669033363 70.84340035474055 211.26252591350922 154.76753521549875 197.49111662562774 0.021926482890929567 102.24588043356577
Fluxes:
348.9263584637112 198.27872390403633
