Mean acceptance fraction: 0.141
Mean autocorrelation time [steps]: 32.0
Fitted parameters:
t_0 : 2453725.96933 +0.12921 -0.09765
u_0 : 0.02112 +0.00869 -0.00833
t_E : 99.22799 +0.78496 -0.75757
xi_Omega_node : 165.18117 +120.79286 -94.86923
xi_inclination : 177.98140 +99.20289 -96.82290
xi_period : 57.46967 +8.31259 -4.72062
xi_semimajor_axis : 0.00518 +0.00916 -0.00194
xi_argument_of_latitude_reference : 177.02577 +110.01327 -113.33835
Fitted fluxes (source and blending):
flux_s_1 : 246.22496 +3.84529 -3.76757
flux_b_1 : 66.45048 +3.72527 -3.80122
Best model:
chi2: 2790.5792
t_0 u_0 t_E xi_Omega_node xi_inclination xi_period xi_semimajor_axis xi_argument_of_latitude_reference
2453724.7869986272 0.019083781431460906 100.72453027119349 118.08166917133534 187.12590771248279 128.95783907180666 0.007795393416730443 150.51118329009344
Fluxes:
239.97586699851277 72.6018301350503
