Mean acceptance fraction: 0.115
Mean autocorrelation time [steps]: nan
Fitted parameters:
t_0 : 2452907.79884 +0.14286 -0.15896
u_0 : 0.60693 +0.20943 -0.16426
t_E : 115.77635 +18.05077 -17.84170
xi_Omega_node : 176.15677 +108.44993 -100.81691
xi_inclination : 332.73825 +29.14187 -331.82016
xi_period : 300.11696 +32.05643 -41.54713
xi_semimajor_axis : 0.13282 +0.02910 -0.05286
xi_argument_of_latitude_reference : 179.35397 +113.58744 -121.06633
Fitted fluxes (source and blending):
flux_s_1 : 299.98526 +207.42390 -116.94490
flux_b_1 : 2.51437 +117.17317 -207.34667
Best model:
chi2: 2937.0984
t_0 u_0 t_E xi_Omega_node xi_inclination xi_period xi_semimajor_axis xi_argument_of_latitude_reference
2452908.5306375097 0.2996626821950669 151.47416351092824 156.81197297156092 320.8165256102073 370.7776665760644 0.18736880084488777 348.1087137617066
Fluxes:
106.15050100298996 196.7498453873768
