Mean acceptance fraction: 0.173
Mean autocorrelation time [steps]: 32.3
Fitted parameters:
t_0 : 2453826.77922 +0.28667 -0.26924
u_0 : 0.86215 +0.26097 -0.20345
t_E : 27.83475 +4.84263 -4.50595
xi_Omega_node : 176.88498 +154.51949 -148.66010
xi_inclination : 172.87956 +157.72080 -145.05983
xi_period : 249.11147 +453.57767 -162.56158
xi_semimajor_axis : 0.05235 +0.04057 -0.03171
xi_argument_of_latitude_reference : 177.24552 +150.18560 -139.17456
Fitted fluxes (source and blending):
flux_s_1 : 61.23659 +44.02521 -23.62336
flux_b_1 : 1.15815 +23.60125 -44.00668
Best model:
chi2: 1238.4310
t_0 u_0 t_E xi_Omega_node xi_inclination xi_period xi_semimajor_axis xi_argument_of_latitude_reference
2453826.518831576 0.561781817094739 35.43753224057597 167.01562994880425 62.647260569485866 158.8115744314082 0.17587505877966725 355.0916563222448
Fluxes:
28.87253128401424 33.551190540362825
