Mean acceptance fraction: 0.152
Mean autocorrelation time [steps]: 33.1
Fitted parameters:
t_0 : 2453814.99461 +0.12956 -0.25130
u_0 : 0.32474 +0.05521 -0.04690
t_E : 152.91579 +15.95045 -14.46981
xi_Omega_node : 201.29630 +86.41825 -126.12830
xi_inclination : 179.19036 +168.46473 -165.46832
xi_period : 109.43389 +42.65953 -17.62101
xi_semimajor_axis : 0.01632 +0.00536 -0.00386
xi_argument_of_latitude_reference : 215.07982 +81.83133 -160.04631
Fitted fluxes (source and blending):
flux_s_1 : 28.19007 +6.70628 -5.14414
flux_b_1 : 385.59086 +5.10526 -6.64261
Best model:
chi2: 1242.3786
t_0 u_0 t_E xi_Omega_node xi_inclination xi_period xi_semimajor_axis xi_argument_of_latitude_reference
2453812.4884660025 0.21370262777786406 200.30022753834035 264.1165625033504 349.3232172333409 282.72678455433163 0.0357654191443856 240.27260460859026
Fluxes:
17.03542810612969 396.5650713077049
