Mean acceptance fraction: 0.175
Mean autocorrelation time [steps]: 31.7
Fitted parameters:
t_0 : 2454916.68785 +0.37498 -0.30075
u_0 : 0.80895 +0.32053 -0.25090
t_E : 83.32677 +17.42850 -15.40945
xi_Omega_node : 157.44253 +147.22446 -85.84449
xi_inclination : 181.03257 +39.56795 -41.86510
xi_period : 55.46295 +4.42734 -6.26706
xi_semimajor_axis : 0.04660 +0.01089 -0.01691
xi_argument_of_latitude_reference : 195.29776 +129.84680 -147.70914
Fitted fluxes (source and blending):
flux_s_1 : 41.88141 +43.25507 -20.08150
flux_b_1 : -20.46105 +20.08394 -43.24026
Best model:
chi2: 1624.8351
t_0 u_0 t_E xi_Omega_node xi_inclination xi_period xi_semimajor_axis xi_argument_of_latitude_reference
2454917.7836504728 0.5211679951786665 102.64738270289263 339.43252329688625 224.77257252187823 54.47336379411827 0.06448551796322881 237.58686890178186
Fluxes:
19.43200191757227 1.9987321003041931
