Mean acceptance fraction: 0.153
Mean autocorrelation time [steps]: 31.1
Fitted parameters:
t_0 : 2454587.55839 +0.12852 -0.12993
u_0 : 0.24324 +0.02791 -0.02351
t_E : 61.79650 +4.73203 -4.39015
xi_Omega_node : 178.37572 +129.05972 -124.71630
xi_inclination : 191.03626 +95.85685 -113.93257
xi_period : 8.54980 +3.90452 -2.50150
xi_semimajor_axis : 0.00468 +0.00482 -0.00281
xi_argument_of_latitude_reference : 190.07906 +93.95251 -116.34947
Fitted fluxes (source and blending):
flux_s_1 : 17.32712 +2.48052 -1.98761
flux_b_1 : 8.55553 +1.96721 -2.46833
Best model:
chi2: 1221.4077
t_0 u_0 t_E xi_Omega_node xi_inclination xi_period xi_semimajor_axis xi_argument_of_latitude_reference
2454586.4418114335 0.23871363802092463 61.504658213686675 207.41911469035773 204.91344546491808 47.54649116195576 0.009980887277650683 221.5722963365659
Fluxes:
17.338660516634057 8.549470351115353
