Mean acceptance fraction: 0.236
Mean autocorrelation time [steps]: 31.6
Fitted parameters:
t_0 : 2453756.12182 +0.93145 -1.24292
u_0 : 0.12741 +0.05084 -0.08147
t_E : 1242.17442 +246.13895 -556.01800
xi_Omega_node : 158.48382 +84.08517 -46.68621
xi_inclination : 295.67593 +49.97709 -105.98194
xi_period : 470.31823 +88.60518 -176.10455
xi_semimajor_axis : 0.05324 +0.02839 -0.02515
xi_argument_of_latitude_reference : 76.79496 +41.29899 -38.51933
Fitted fluxes (source and blending):
flux_s_1 : 48.81715 +13.73733 -6.87543
flux_b_1 : 1215.61889 +30.33389 -18.81202
Best model:
chi2: 7622.6101
t_0 u_0 t_E xi_Omega_node xi_inclination xi_period xi_semimajor_axis xi_argument_of_latitude_reference
2453738.60775123 0.248022605892119 955.8275342702087 118.10817048521453 273.78215577121216 405.7752729422148 0.10941102360773013 90.73383978815849
Fluxes:
84.20814330964534 1179.1416445215439
