Mean acceptance fraction: 0.152
Mean autocorrelation time [steps]: 34.5
Fitted parameters:
t_0 : 2452901.15089 +0.10864 -0.32041
u_0 : 0.53803 +0.04685 -0.05513
t_E : 67.30480 +4.79092 -3.42652
xi_Omega_node : 180.63351 +96.10878 -100.20755
xi_inclination : 178.80793 +120.96071 -106.70271
xi_period : 162.70004 +17.08098 -14.07118
xi_semimajor_axis : 0.02263 +0.01782 -0.01331
xi_argument_of_latitude_reference : 155.66658 +121.74506 -79.68659
Fitted fluxes (source and blending):
flux_s_1 : 740.31608 +106.32215 -114.72937
flux_b_1 : 30.24777 +114.48435 -106.19651
Best model:
chi2: 2355.0362
t_0 u_0 t_E xi_Omega_node xi_inclination xi_period xi_semimajor_axis xi_argument_of_latitude_reference
2452901.406245484 0.5470378922744904 65.9389678223686 -13.488222784052937 266.7827891424893 318.8409257788063 0.07271539475588801 209.97635277796522
Fluxes:
763.4953984147967 7.113884092050825
