Mean acceptance fraction: 0.169
Mean autocorrelation time [steps]: 37.1
Fitted parameters:
t_0 : 2452907.06545 +0.74380 -1.75644
u_0 : 1.29937 +0.26042 -0.22697
t_E : 74.41686 +9.82847 -9.47282
xi_Omega_node : 237.85640 +48.04254 -127.19048
xi_inclination : 179.46660 +133.48642 -139.99669
xi_period : 112.44594 +86.75095 -65.20262
xi_semimajor_axis : 0.04361 +0.04616 -0.02474
xi_argument_of_latitude_reference : 224.35374 +77.54269 -112.53318
Fitted fluxes (source and blending):
flux_s_1 : 1363.38901 +845.58581 -480.88199
flux_b_1 : -1060.75917 +480.83518 -845.57772
Best model:
chi2: 3845.1144
t_0 u_0 t_E xi_Omega_node xi_inclination xi_period xi_semimajor_axis xi_argument_of_latitude_reference
2452905.328247032 1.3684432666865027 68.41988140461696 367.18440999657804 358.82528659563405 254.81686804630172 0.17488903820094975 168.3361665190941
Fluxes:
1568.4610523551235 -1265.7002519738019
