Mean acceptance fraction: 0.167
Mean autocorrelation time [steps]: 31.0
Fitted parameters:
t_0 : 2453852.40090 +0.12090 -0.13438
u_0 : 0.17025 +0.01410 -0.01356
t_E : 140.43994 +9.30939 -8.24058
xi_Omega_node : 189.77760 +89.27126 -136.89691
xi_inclination : 202.86208 +88.52007 -124.15304
xi_period : 5.21529 +1.55586 -0.85397
xi_semimajor_axis : 0.00187 +0.00165 -0.00114
xi_argument_of_latitude_reference : 178.28564 +107.68856 -100.63055
Fitted fluxes (source and blending):
flux_s_1 : 13.98060 +1.31819 -1.25201
flux_b_1 : 10.22072 +1.21770 -1.28391
Best model:
chi2: 1762.1782
t_0 u_0 t_E xi_Omega_node xi_inclination xi_period xi_semimajor_axis xi_argument_of_latitude_reference
2453852.357228707 0.1786447501781487 141.82603765356237 176.59685667603014 192.22248173050002 1.008359168969542 0.006687297280402666 86.23674447701543
Fluxes:
14.110653216197376 10.052436532806857
