Mean acceptance fraction: 0.175
Mean autocorrelation time [steps]: 33.5
Fitted parameters:
t_0 : 2452973.04095 +0.64529 -0.54185
u_0 : 0.31005 +0.05641 -0.05692
t_E : 374.52099 +51.02234 -40.55497
xi_Omega_node : 135.73468 +130.77342 -59.27910
xi_inclination : 180.47478 +71.29956 -70.58848
xi_period : 127.70017 +96.09765 -51.89973
xi_semimajor_axis : 0.03813 +0.01569 -0.02183
xi_argument_of_latitude_reference : 188.76381 +72.90835 -151.14171
Fitted fluxes (source and blending):
flux_s_1 : 10.45080 +2.67382 -2.15347
flux_b_1 : 104.60873 +2.09342 -2.65475
Best model:
chi2: 1169.2971
t_0 u_0 t_E xi_Omega_node xi_inclination xi_period xi_semimajor_axis xi_argument_of_latitude_reference
2452974.5838970398 0.48293337433294803 255.00312914076767 6.233340898636939 362.7079700283729 623.1921082392901 0.16630563495822254 351.2441130768999
Fluxes:
20.59874017786048 94.56584295802188
