Mean acceptance fraction: 0.184
Mean autocorrelation time [steps]: 34.3
Fitted parameters:
t_0 : 2454692.65854 +0.51873 -0.61220
u_0 : 0.12528 +0.03176 -0.03700
t_E : 60.72728 +11.53041 -8.29094
xi_Omega_node : 185.70568 +108.65131 -110.92820
xi_inclination : 188.06570 +113.25193 -141.53825
xi_period : 215.65099 +144.42063 -51.94903
xi_semimajor_axis : 0.10176 +0.07555 -0.05040
xi_argument_of_latitude_reference : 186.78690 +91.39836 -123.05560
Fitted fluxes (source and blending):
flux_s_1 : 5.91910 +1.60319 -1.68567
flux_b_1 : 24.52864 +1.68447 -1.59799
Best model:
chi2: 3628.8758
t_0 u_0 t_E xi_Omega_node xi_inclination xi_period xi_semimajor_axis xi_argument_of_latitude_reference
2454687.138128722 0.07657569807469766 75.50728644658733 35.997979402112065 140.0455232757207 250.26339755835784 0.3731747060198177 61.02786288328379
Fluxes:
3.6946930674304035 26.75373474051589
