Mean acceptance fraction: 0.108
Mean autocorrelation time [steps]: 32.1
Fitted parameters:
t_0 : 2453672.33620 +0.07123 -0.07578
u_0 : 0.02993 +0.00243 -0.00210
t_E : 409.46893 +23.23657 -23.68647
xi_Omega_node : 177.02827 +73.82655 -121.35495
xi_inclination : 174.35462 +83.90326 -74.54599
xi_period : 14.18147 +1.80829 -1.41863
xi_semimajor_axis : 0.00281 +0.00359 -0.00107
xi_argument_of_latitude_reference : 201.47613 +75.10039 -115.29771
Fitted fluxes (source and blending):
flux_s_1 : 6.31641 +0.49428 -0.40966
flux_b_1 : 2.75095 +0.33792 -0.43536
Best model:
chi2: 1996.2006
t_0 u_0 t_E xi_Omega_node xi_inclination xi_period xi_semimajor_axis xi_argument_of_latitude_reference
2453670.616850397 0.024688350501977145 477.2156465475838 72.8202199977052 125.80886395432142 26.545216043251546 0.004735416349756943 195.45620598722883
Fluxes:
5.167464658530344 3.7599867010808694
