Mean acceptance fraction: 0.167
Mean autocorrelation time [steps]: 30.9
Fitted parameters:
t_0 : 2453628.22923 +0.09910 -0.11481
u_0 : 0.37955 +0.01217 -0.01203
t_E : 101.53488 +2.04616 -1.99660
xi_Omega_node : 212.65157 +76.53689 -105.13969
xi_inclination : 215.86543 +84.31323 -139.01850
xi_period : 7.95385 +1.94506 -0.23950
xi_semimajor_axis : 0.00499 +0.00167 -0.00225
xi_argument_of_latitude_reference : 153.22925 +143.74375 -41.41095
Fitted fluxes (source and blending):
flux_s_1 : 125.87334 +5.47111 -5.21197
flux_b_1 : 34.19078 +5.18252 -5.42745
Best model:
chi2: 1294.6089
t_0 u_0 t_E xi_Omega_node xi_inclination xi_period xi_semimajor_axis xi_argument_of_latitude_reference
2453628.1843180917 0.37944993488688145 101.78561264634929 284.81615794384646 82.87304299910562 7.887123171834029 0.006368034840544742 132.9895088038031
Fluxes:
124.94297111031908 35.12356805379858
