Mean acceptance fraction: 0.143
Mean autocorrelation time [steps]: 33.1
Fitted parameters:
t_0 : 2452685.59345 +0.21862 -2.15349
u_0 : 0.01160 +0.00883 -0.00533
t_E : 75.62381 +1.95778 -4.12324
xi_Omega_node : 169.91255 +123.88010 -116.56998
xi_inclination : 182.41470 +110.43413 -121.82604
xi_period : 14.64238 +31.82472 -3.12141
xi_semimajor_axis : 0.00758 +0.01227 -0.00634
xi_argument_of_latitude_reference : 193.51514 +120.79766 -127.59498
Fitted fluxes (source and blending):
flux_s_1 : 164.94520 +28.74163 -9.87706
flux_b_1 : -40.03336 +9.86905 -28.75252
Best model:
chi2: 2310.3896
t_0 u_0 t_E xi_Omega_node xi_inclination xi_period xi_semimajor_axis xi_argument_of_latitude_reference
2452679.0670826696 0.06665509180383394 60.36134601720267 -5.27864083833588 137.1730618552226 93.65162238125421 0.017852574045949397 183.01704144733873
Fluxes:
333.9973042698024 -209.07655362338193
