Mean acceptance fraction: 0.141
Mean autocorrelation time [steps]: 33.4
Fitted parameters:
t_0 : 2453726.17062 +0.21453 -0.18910
u_0 : 0.02546 +0.01748 -0.01088
t_E : 98.60423 +1.04653 -1.26519
xi_Omega_node : 142.67773 +125.23803 -111.09572
xi_inclination : 168.16244 +122.64242 -116.89681
xi_period : 482.58129 +101.62559 -67.65448
xi_semimajor_axis : 0.02092 +0.01220 -0.00871
xi_argument_of_latitude_reference : 192.35589 +103.20688 -139.93344
Fitted fluxes (source and blending):
flux_s_1 : 256.73003 +10.93017 -8.42269
flux_b_1 : 55.89458 +8.43356 -10.93183
Best model:
chi2: 2773.9776
t_0 u_0 t_E xi_Omega_node xi_inclination xi_period xi_semimajor_axis xi_argument_of_latitude_reference
2453726.5847076736 0.05656921927005555 96.68371797338467 185.3572458297485 39.627461324885175 407.1107751864384 0.02469783064077468 59.04712035451248
Fluxes:
272.0080827886249 40.60349546334025
