Mean acceptance fraction: 0.149
Mean autocorrelation time [steps]: 31.3
Fitted parameters:
t_0 : 2452508.15754 +0.09453 -0.09650
u_0 : 0.18856 +0.00811 -0.00753
t_E : 178.17864 +5.42677 -5.17849
xi_Omega_node : 185.37977 +52.55541 -131.41753
xi_inclination : 192.31998 +80.22638 -104.50815
xi_period : 4.68423 +1.25783 -0.10675
xi_semimajor_axis : 0.00299 +0.00178 -0.00121
xi_argument_of_latitude_reference : 181.25620 +106.36928 -81.49475
Fitted fluxes (source and blending):
flux_s_1 : 51.98665 +2.55483 -2.38931
flux_b_1 : 9.32809 +2.33670 -2.51420
Best model:
chi2: 823.9242
t_0 u_0 t_E xi_Omega_node xi_inclination xi_period xi_semimajor_axis xi_argument_of_latitude_reference
2452508.165211322 0.18999092279753677 177.69596346753755 217.87293405358844 87.65046426078351 4.612097395900116 0.01046483615341887 285.54768862114884
Fluxes:
52.03105615880209 9.2877087274228
