Mean acceptance fraction: 0.193
Mean autocorrelation time [steps]: 32.3
Fitted parameters:
t_0 : 2453626.80435 +0.47122 -0.39243
u_0 : 0.05335 +0.00928 -0.00935
t_E : 185.08221 +20.94116 -18.34438
xi_Omega_node : 177.93181 +17.82758 -18.56663
xi_inclination : 99.95789 +185.42659 -29.08038
xi_period : 357.14141 +41.76983 -33.48603
xi_semimajor_axis : 0.10506 +0.02359 -0.03852
xi_argument_of_latitude_reference : 171.10007 +17.14296 -15.11293
Fitted fluxes (source and blending):
flux_s_1 : 5.01930 +0.87676 -0.86482
flux_b_1 : 14.05340 +0.84211 -0.85383
Best model:
chi2: 1443.8961
t_0 u_0 t_E xi_Omega_node xi_inclination xi_period xi_semimajor_axis xi_argument_of_latitude_reference
2453625.6262381417 0.03091664870200105 228.4318034148517 170.05927532459756 111.42001186458228 387.9716101834202 0.12470359841920439 196.59514267473767
Fluxes:
3.177862825962852 15.869593940772003
