Mean acceptance fraction: 0.102
Mean autocorrelation time [steps]: 32.2
Fitted parameters:
t_0 : 2454087.34971 +0.09693 -0.09304
u_0 : 0.52123 +0.02297 -0.02291
t_E : 310.91941 +9.24817 -8.61576
xi_Omega_node : 189.02010 +88.23448 -88.89062
xi_inclination : 176.03317 +111.33977 -105.50088
xi_period : 7.94263 +1.99483 -1.81140
xi_semimajor_axis : 0.00153 +0.00109 -0.00076
xi_argument_of_latitude_reference : 178.93233 +95.94334 -87.02875
Fitted fluxes (source and blending):
flux_s_1 : 197.49137 +13.20501 -12.32768
flux_b_1 : 219.22436 +12.19024 -12.94814
Best model:
chi2: 12823.3915
t_0 u_0 t_E xi_Omega_node xi_inclination xi_period xi_semimajor_axis xi_argument_of_latitude_reference
2454087.766173972 0.48888713163403147 326.470501081499 287.539206898864 334.91650458105175 0.99977374618613 0.0013385576707485437 224.0236452333509
Fluxes:
179.35059556979746 236.88163515154875
