Mean acceptance fraction: 0.049
Mean autocorrelation time [steps]: nan
Fitted parameters:
t_0 : 2454348.52281 +0.05342 -0.05370
u_0 : 0.00599 +0.00116 -0.00121
t_E : 56.73736 +21.23358 -14.12673
xi_Omega_node : 187.77875 +78.40843 -68.67139
xi_inclination : 174.47797 +95.68989 -82.76381
xi_period : 21.91070 +2.40428 -2.42935
xi_semimajor_axis : 0.01163 +0.01450 -0.00673
xi_argument_of_latitude_reference : 194.62072 +58.29936 -97.09837
Fitted fluxes (source and blending):
flux_s_1 : 9.96391 +3.39931 -2.64974
flux_b_1 : -5.29971 +2.51874 -3.12045
Best model:
chi2: 69697.9183
t_0 u_0 t_E xi_Omega_node xi_inclination xi_period xi_semimajor_axis xi_argument_of_latitude_reference
2454348.7753223507 0.0006346349271921549 33.27825452012848 200.08618718175774 131.8021937755289 4.030848439121428 0.009121916895591123 305.2016436345123
Fluxes:
17.414054995911734 -12.345055709381993
