Mean acceptance fraction: 0.117
Mean autocorrelation time [steps]: 32.3
Fitted parameters:
t_0 : 2454695.31797 +0.13656 -0.15316
u_0 : 0.18185 +0.04408 -0.04237
t_E : 305.12944 +57.44581 -39.51836
xi_Omega_node : 185.70342 +144.72325 -155.52521
xi_inclination : 121.18163 +186.84713 -76.79327
xi_period : 431.72073 +95.05436 -65.05421
xi_semimajor_axis : 0.02678 +0.01482 -0.00912
xi_argument_of_latitude_reference : 171.55180 +157.44212 -144.16057
Fitted fluxes (source and blending):
flux_s_1 : 8.17128 +2.40619 -2.14279
flux_b_1 : 145.23145 +2.07863 -2.35334
Best model:
chi2: 2346.0755
t_0 u_0 t_E xi_Omega_node xi_inclination xi_period xi_semimajor_axis xi_argument_of_latitude_reference
2454695.293727864 0.14721540328864333 364.91991076807705 46.160954326827735 245.49727468830196 345.2499601082818 0.0646042541432932 148.48874526947762
Fluxes:
6.374217278288292 146.9360229958558
