Mean acceptance fraction: 0.102
Mean autocorrelation time [steps]: nan
Fitted parameters:
t_0 : 2452508.16257 +0.07938 -0.10397
u_0 : 0.20547 +0.02468 -0.02684
t_E : 163.88181 +17.58398 -11.96736
xi_Omega_node : 178.54718 +138.81394 -122.04031
xi_inclination : 177.37920 +131.19060 -131.67177
xi_period : 166.11596 +13.54013 -13.52700
xi_semimajor_axis : 0.01738 +0.00726 -0.00538
xi_argument_of_latitude_reference : 173.31178 +112.50517 -134.94426
Fitted fluxes (source and blending):
flux_s_1 : 58.60098 +8.68412 -9.06786
flux_b_1 : 2.83095 +8.90515 -8.60859
Best model:
chi2: 650.9989
t_0 u_0 t_E xi_Omega_node xi_inclination xi_period xi_semimajor_axis xi_argument_of_latitude_reference
2452508.9409959894 0.1962208945388617 158.60616110480748 180.2343882515442 76.81038459597791 267.0484068160122 0.03819971438002481 -7.29961433888991
Fluxes:
55.36110143560348 6.217839165363549
