Mean acceptance fraction: 0.187
Mean autocorrelation time [steps]: 32.0
Fitted parameters:
t_0 : 2452973.11255 +0.89248 -0.77742
u_0 : 0.26284 +0.07752 -0.06682
t_E : 412.64289 +60.62807 -56.76647
xi_Omega_node : 167.34903 +108.49832 -106.19130
xi_inclination : 161.91745 +72.96137 -88.65000
xi_period : 70.78549 +74.49697 -10.67433
xi_semimajor_axis : 0.01771 +0.01560 -0.00991
xi_argument_of_latitude_reference : 203.18266 +105.22771 -97.87307
Fitted fluxes (source and blending):
flux_s_1 : 8.87984 +2.91122 -2.02535
flux_b_1 : 106.13489 +1.97431 -2.86091
Best model:
chi2: 1194.2420
t_0 u_0 t_E xi_Omega_node xi_inclination xi_period xi_semimajor_axis xi_argument_of_latitude_reference
2452974.6488429415 0.24028331730741936 414.68496098698904 72.29551352001809 -8.129821717747365 633.5177447750752 0.09546783157969374 301.0153049955935
Fluxes:
7.3831827654089714 107.6047786822865
