Mean acceptance fraction: 0.148
Mean autocorrelation time [steps]: 35.0
Fitted parameters:
t_0 : 2454686.79917 +0.20552 -0.13865
u_0 : 0.96520 +0.25370 -0.19937
t_E : 158.64104 +22.74478 -23.70583
xi_Omega_node : 243.94522 +10.02061 -183.47971
xi_inclination : 198.47167 +124.54892 -160.66951
xi_period : 284.39852 +94.54770 -66.89757
xi_semimajor_axis : 0.09871 +0.06428 -0.03856
xi_argument_of_latitude_reference : 199.84451 +27.63809 -124.21678
Fitted fluxes (source and blending):
flux_s_1 : 60.98899 +41.88562 -22.14085
flux_b_1 : -11.53335 +22.14853 -41.88870
Best model:
chi2: 1394.1264
t_0 u_0 t_E xi_Omega_node xi_inclination xi_period xi_semimajor_axis xi_argument_of_latitude_reference
2454694.4996507596 1.1632623225501382 131.4795504016367 250.8711505350709 250.7697734764413 237.34985629260441 0.3146936097279532 178.36089775110776
Fluxes:
82.49821557456532 -32.944540267968115
