Mean acceptance fraction: 0.180
Mean autocorrelation time [steps]: nan
Fitted parameters:
t_0 : 2452972.89445 +0.71155 -0.75429
u_0 : 0.21521 +0.06113 -0.05076
t_E : 460.79026 +69.21202 -60.85816
xi_Omega_node : 162.12937 +111.04228 -105.44442
xi_inclination : 177.30302 +90.06804 -100.37860
xi_period : 63.65271 +60.59998 -31.47334
xi_semimajor_axis : 0.01318 +0.00956 -0.00814
xi_argument_of_latitude_reference : 190.12897 +110.22777 -97.88634
Fitted fluxes (source and blending):
flux_s_1 : 7.21403 +2.22175 -1.50812
flux_b_1 : 107.75180 +1.44674 -2.16024
Best model:
chi2: 1280.3518
t_0 u_0 t_E xi_Omega_node xi_inclination xi_period xi_semimajor_axis xi_argument_of_latitude_reference
2452974.3324298104 0.36127359236202117 454.0666438858162 119.45171031100298 274.67541606630766 317.1178213564206 0.08322829279254323 250.21650101164127
Fluxes:
10.697270518867379 104.00439086378287
