Mean acceptance fraction: 0.193
Mean autocorrelation time [steps]: 35.9
Fitted parameters:
t_0 : 2453788.15568 +7.22469 -2.16804
u_0 : 0.08572 +0.02342 -0.01291
t_E : 377.35417 +59.44267 -67.46394
xi_Omega_node : 106.64912 +25.65621 -35.42460
xi_inclination : 182.07589 +174.70860 -85.08296
xi_period : 103.66454 +145.98337 -79.35168
xi_semimajor_axis : 0.04103 +0.04342 -0.03335
xi_argument_of_latitude_reference : 194.24040 +57.99893 -22.54095
Fitted fluxes (source and blending):
flux_s_1 : 4.92244 +1.66432 -0.78368
flux_b_1 : 42.16902 +0.89908 -1.69703
Best model:
chi2: 3063.1209
t_0 u_0 t_E xi_Omega_node xi_inclination xi_period xi_semimajor_axis xi_argument_of_latitude_reference
2453801.608136625 0.053551300220394775 326.0205824852677 43.32324520436167 373.483132570281 387.9140059950037 0.12434116099880989 319.7258085417164
Fluxes:
3.7368448327213684 43.61064713694817
