Mean acceptance fraction: 0.148
Mean autocorrelation time [steps]: nan
Fitted parameters:
t_0 : 2453492.66011 +0.15050 -0.06989
u_0 : 0.61982 +0.04452 -0.07910
t_E : 69.19551 +6.91956 -3.01066
xi_Omega_node : 193.44766 +25.08477 -28.01103
xi_inclination : 95.19927 +214.33252 -51.78132
xi_period : 178.06054 +24.76866 -17.55234
xi_semimajor_axis : 0.02313 +0.00681 -0.00589
xi_argument_of_latitude_reference : 166.02919 +27.49037 -18.26372
Fitted fluxes (source and blending):
flux_s_1 : 706.76390 +89.40123 -141.99952
flux_b_1 : -202.35126 +141.74101 -89.37631
Best model:
chi2: 1681.2370
t_0 u_0 t_E xi_Omega_node xi_inclination xi_period xi_semimajor_axis xi_argument_of_latitude_reference
2453492.6155640613 0.5890670022571721 68.23012758071303 203.03519937695003 304.6941573196581 281.18404833905333 0.055869877421027433 195.13235578977338
Fluxes:
648.8342769292974 -144.28839972759252
