Mean acceptance fraction: 0.161
Mean autocorrelation time [steps]: 37.0
Fitted parameters:
t_0 : 2454298.16681 +0.28083 -0.10399
u_0 : 0.58148 +0.12906 -0.11890
t_E : 207.80592 +26.06959 -20.94200
xi_Omega_node : 256.55741 +56.05823 -167.71237
xi_inclination : 53.69096 +226.74338 -53.72277
xi_period : 200.45223 +64.24169 -69.19648
xi_semimajor_axis : 0.05335 +0.02366 -0.02494
xi_argument_of_latitude_reference : 108.30847 +167.89662 -49.94689
Fitted fluxes (source and blending):
flux_s_1 : 82.22088 +33.86990 -24.88067
flux_b_1 : 33.43140 +24.99528 -33.80779
Best model:
chi2: 3181.7940
t_0 u_0 t_E xi_Omega_node xi_inclination xi_period xi_semimajor_axis xi_argument_of_latitude_reference
2454300.214514718 0.3875059803359735 241.4041727034864 229.4779676363588 67.19335541316417 416.8062320158524 0.17344651255935983 162.0227474149077
Fluxes:
43.478941078279874 72.42368745311063
