Mean acceptance fraction: 0.161
Mean autocorrelation time [steps]: 33.1
Fitted parameters:
t_0 : 2452685.33961 +0.42528 -1.77462
u_0 : 0.01312 +0.01627 -0.00612
t_E : 75.60327 +2.56001 -4.02635
xi_Omega_node : 203.37058 +108.84809 -138.41642
xi_inclination : 180.16597 +108.70928 -115.82004
xi_period : 8.53357 +1.82718 -1.35270
xi_semimajor_axis : 0.00707 +0.00849 -0.00483
xi_argument_of_latitude_reference : 165.55780 +126.66136 -116.03338
Fitted fluxes (source and blending):
flux_s_1 : 164.82777 +28.76163 -12.01127
flux_b_1 : -39.92038 +12.00415 -28.74637
Best model:
chi2: 2323.2579
t_0 u_0 t_E xi_Omega_node xi_inclination xi_period xi_semimajor_axis xi_argument_of_latitude_reference
2452679.307530688 0.07231339855582332 64.2434692371448 165.36309746952958 349.6621716689644 4.97391575700467 0.006593997702472485 245.54725463506017
Fluxes:
277.9500948397944 -153.039419263265
