Mean acceptance fraction: 0.174
Mean autocorrelation time [steps]: nan
Fitted parameters:
t_0 : 2454916.59840 +0.41118 -0.59701
u_0 : 1.20201 +0.32540 -0.24042
t_E : 68.97296 +11.85743 -10.81988
xi_Omega_node : 166.71193 +130.86826 -123.75756
xi_inclination : 186.38099 +129.31899 -132.17844
xi_period : 11.63066 +24.41440 -2.88820
xi_semimajor_axis : 0.01332 +0.00997 -0.00824
xi_argument_of_latitude_reference : 184.93178 +121.95157 -131.28720
Fitted fluxes (source and blending):
flux_s_1 : 101.82545 +80.16926 -39.08234
flux_b_1 : -80.41017 +39.05939 -80.15933
Best model:
chi2: 1634.8414
t_0 u_0 t_E xi_Omega_node xi_inclination xi_period xi_semimajor_axis xi_argument_of_latitude_reference
2454917.704966746 0.5435353516591451 98.19746288179628 375.3538437320349 27.592476482577396 115.24033859360361 0.06424303185876484 46.93291806399506
Fluxes:
21.157112218431635 0.2850039504906077
