Mean acceptance fraction: 0.141
Mean autocorrelation time [steps]: nan
Fitted parameters:
t_0 : 2452907.80450 +0.13811 -0.10120
u_0 : 1.26160 +0.17067 -0.20624
t_E : 75.15354 +9.26154 -6.17646
xi_Omega_node : 137.86742 +131.03032 -72.60425
xi_inclination : 180.78992 +55.07116 -56.78499
xi_period : 16.64968 +2.54877 -4.15157
xi_semimajor_axis : 0.02458 +0.01380 -0.00801
xi_argument_of_latitude_reference : 240.23469 +53.98696 -127.73810
Fitted fluxes (source and blending):
flux_s_1 : 1290.46032 +463.50589 -417.00659
flux_b_1 : -987.80375 +416.92025 -463.51644
Best model:
chi2: 15090.7152
t_0 u_0 t_E xi_Omega_node xi_inclination xi_period xi_semimajor_axis xi_argument_of_latitude_reference
2452908.1095662815 1.4204972615740608 70.06686112111231 33.81495614404047 101.04412933556003 21.54891491449735 0.07581582320771732 269.3013985416062
Fluxes:
1649.8661518265567 -1347.2053743508993
