Mean acceptance fraction: 0.194
Mean autocorrelation time [steps]: 31.8
Fitted parameters:
t_0 : 2454849.50348 +0.68555 -0.95462
u_0 : 1.66115 +0.36778 -0.31709
t_E : 80.88917 +13.73067 -11.37320
xi_Omega_node : 176.21922 +142.04910 -133.47502
xi_inclination : 181.14035 +132.95876 -129.95260
xi_period : 14.84349 +15.73867 -8.63945
xi_semimajor_axis : 0.01225 +0.01343 -0.00878
xi_argument_of_latitude_reference : 185.29604 +130.96461 -144.58651
Fitted fluxes (source and blending):
flux_s_1 : 222.28993 +167.89277 -93.83475
flux_b_1 : -143.36306 +93.84539 -167.88582
Best model:
chi2: 1057.1425
t_0 u_0 t_E xi_Omega_node xi_inclination xi_period xi_semimajor_axis xi_argument_of_latitude_reference
2454850.194782271 2.3395047471052273 62.22395071036796 170.3614644617883 154.4892437056586 200.57523601243565 0.025680647407034803 53.424114413175545
Fluxes:
587.7290164480653 -508.779047119372
