Mean acceptance fraction: 0.167
Mean autocorrelation time [steps]: 31.3
Fitted parameters:
t_0 : 2454376.95217 +0.31055 -0.30772
u_0 : 1.19124 +0.28414 -0.24550
t_E : 65.56023 +10.53780 -8.96411
xi_Omega_node : 191.34699 +129.99758 -143.67223
xi_inclination : 183.42660 +122.72239 -123.61387
xi_period : 24.61735 +9.46848 -9.26562
xi_semimajor_axis : 0.01384 +0.01161 -0.00868
xi_argument_of_latitude_reference : 167.72448 +139.86228 -111.91912
Fitted fluxes (source and blending):
flux_s_1 : 135.26378 +91.06243 -52.80595
flux_b_1 : -22.22749 +52.79248 -91.05748
Best model:
chi2: 2512.7935
t_0 u_0 t_E xi_Omega_node xi_inclination xi_period xi_semimajor_axis xi_argument_of_latitude_reference
2454373.5703745675 0.8985349631388229 71.99890315124654 46.81690198411587 -13.498140484703896 414.8226374825686 0.1328237968063106 106.13394792299741
Fluxes:
75.69170235982969 37.35906305592451
