Mean acceptance fraction: 0.143
Mean autocorrelation time [steps]: 33.0
Fitted parameters:
t_0 : 2453826.70211 +0.18980 -0.25974
u_0 : 0.75991 +0.23285 -0.17635
t_E : 30.12920 +4.75714 -4.48567
xi_Omega_node : 176.38033 +151.76428 -138.42600
xi_inclination : 100.84792 +242.94214 -88.17346
xi_period : 113.87515 +47.97088 -34.29269
xi_semimajor_axis : 0.05670 +0.02450 -0.02076
xi_argument_of_latitude_reference : 180.08907 +144.04142 -148.83365
Fitted fluxes (source and blending):
flux_s_1 : 48.56490 +32.86421 -17.61961
flux_b_1 : 13.81132 +17.64055 -32.84708
Best model:
chi2: 1223.3350
t_0 u_0 t_E xi_Omega_node xi_inclination xi_period xi_semimajor_axis xi_argument_of_latitude_reference
2453826.385006848 0.4437790830709468 45.45468079856332 152.3897821208 280.68803118161844 193.84310297498402 0.2521344742236156 21.444879242013116
Fluxes:
20.347651340228524 42.03357666421051
