Mean acceptance fraction: 0.155
Mean autocorrelation time [steps]: nan
Fitted parameters:
t_0 : 2453118.47060 +0.37273 -0.14791
u_0 : 1.52523 +0.29601 -0.28218
t_E : 140.70523 +23.79461 -17.74921
xi_Omega_node : 136.72400 +118.01808 -35.99012
xi_inclination : 185.25533 +43.62833 -38.53992
xi_period : 14.47031 +0.14638 -2.34150
xi_semimajor_axis : 0.03017 +0.00928 -0.01133
xi_argument_of_latitude_reference : 218.62147 +63.75770 -51.22137
Fitted fluxes (source and blending):
flux_s_1 : 5174.63615 +3246.00457 -2067.88476
flux_b_1 : -4781.32926 +2067.18277 -3245.43048
Best model:
chi2: 306995.8681
t_0 u_0 t_E xi_Omega_node xi_inclination xi_period xi_semimajor_axis xi_argument_of_latitude_reference
2453117.4835583176 1.1532486672219089 162.46534910597387 107.89518439392674 55.406773965119555 1.005162696711615 0.04039028774364903 145.9447880804692
Fluxes:
2774.6031732377937 -2380.1000572360203
