Mean acceptance fraction: 0.136
Mean autocorrelation time [steps]: nan
Fitted parameters:
t_0 : 2453778.91820 +0.17919 -0.36189
u_0 : 2.03646 +0.28556 -0.31589
t_E : 98.44005 +13.46265 -9.80678
xi_Omega_node : 200.50902 +122.40430 -99.88145
xi_inclination : 183.69100 +106.27451 -113.26732
xi_period : 5.72800 +1.65346 -2.24705
xi_semimajor_axis : 0.00454 +0.00499 -0.00329
xi_argument_of_latitude_reference : 186.62623 +111.54783 -113.94440
Fitted fluxes (source and blending):
flux_s_1 : 1604.82580 +783.88732 -607.36100
flux_b_1 : -1278.97144 +607.31795 -783.78833
Best model:
chi2: 3174.2889
t_0 u_0 t_E xi_Omega_node xi_inclination xi_period xi_semimajor_axis xi_argument_of_latitude_reference
2453779.3301923755 2.426197685499915 85.18110126411783 86.91530607884516 142.4469341643654 1.0043293249377718 0.005532014395025073 145.8764553073683
Fluxes:
2752.131325563421 -2426.188957017853
