Mean acceptance fraction: 0.155
Mean autocorrelation time [steps]: nan
Fitted parameters:
t_0 : 2452973.20760 +1.16483 -0.88887
u_0 : 0.26202 +0.08520 -0.06605
t_E : 413.37788 +70.95238 -63.07753
xi_Omega_node : 143.02750 +138.45797 -87.30316
xi_inclination : 194.00043 +113.76362 -128.11074
xi_period : 12.46436 +13.80845 -7.05956
xi_semimajor_axis : 0.00747 +0.01021 -0.00541
xi_argument_of_latitude_reference : 200.74278 +101.93950 -127.16842
Fitted fluxes (source and blending):
flux_s_1 : 8.87756 +3.40080 -2.27677
flux_b_1 : 106.14812 +2.19815 -3.32029
Best model:
chi2: 1397.0747
t_0 u_0 t_E xi_Omega_node xi_inclination xi_period xi_semimajor_axis xi_argument_of_latitude_reference
2452977.7556159073 0.46724232061928783 296.47620157719103 221.40756544551556 168.97619695435986 234.39468360278426 0.030279514719382415 -5.8365125762805405
Fluxes:
18.982248116557066 96.10745438248924
