Mean acceptance fraction: 0.177
Mean autocorrelation time [steps]: 34.2
Fitted parameters:
t_0 : 2454378.80262 +0.38195 -0.65637
u_0 : 1.23510 +0.30293 -0.28420
t_E : 67.92214 +12.57482 -9.51928
xi_Omega_node : 183.71471 +117.55180 -133.18547
xi_inclination : 182.87991 +145.67088 -143.77225
xi_period : 123.04222 +89.82651 -66.56385
xi_semimajor_axis : 0.02952 +0.01950 -0.02054
xi_argument_of_latitude_reference : 166.34317 +140.21223 -104.42910
Fitted fluxes (source and blending):
flux_s_1 : 144.73388 +103.60128 -62.91471
flux_b_1 : -33.42358 +62.90210 -103.58528
Best model:
chi2: 2256.9074
t_0 u_0 t_E xi_Omega_node xi_inclination xi_period xi_semimajor_axis xi_argument_of_latitude_reference
2454379.070703803 1.2138039301800616 63.535427555998126 301.0396335225208 4.470152692026971 541.4092065502762 0.16615198256299038 196.10796053579494
Fluxes:
139.4792964874832 -28.110603289030372
