Mean acceptance fraction: 0.181
Mean autocorrelation time [steps]: 30.5
Fitted parameters:
t_0 : 2453815.01192 +0.31250 -0.30051
u_0 : 0.36224 +0.04562 -0.04057
t_E : 140.63910 +11.80200 -10.42864
xi_Omega_node : 183.98623 +137.13630 -120.86804
xi_inclination : 180.79436 +124.03008 -123.37764
xi_period : 13.80791 +7.05826 -5.84611
xi_semimajor_axis : 0.00381 +0.00381 -0.00259
xi_argument_of_latitude_reference : 161.99173 +140.15273 -122.08468
Fitted fluxes (source and blending):
flux_s_1 : 33.20523 +5.86351 -4.89348
flux_b_1 : 380.65957 +4.81639 -5.81641
Best model:
chi2: 1281.4486
t_0 u_0 t_E xi_Omega_node xi_inclination xi_period xi_semimajor_axis xi_argument_of_latitude_reference
2453812.3098203815 0.41843477676540597 130.5782022550532 93.72832778759636 281.052295641792 104.85699203629085 0.018231782489838887 70.82598600585749
Fluxes:
40.60628033419906 373.2645042017357
