Mean acceptance fraction: 0.139
Mean autocorrelation time [steps]: 32.5
Fitted parameters:
t_0 : 2453492.62778 +0.05505 -0.05405
u_0 : 0.56839 +0.01702 -0.01658
t_E : 74.97610 +1.44206 -1.38401
xi_Omega_node : 164.59538 +87.55198 -36.52070
xi_inclination : 133.45456 +130.00736 -79.25022
xi_period : 5.01772 +0.96778 -0.13673
xi_semimajor_axis : 0.00282 +0.00208 -0.00130
xi_argument_of_latitude_reference : 176.62728 +84.00675 -81.82851
Fitted fluxes (source and blending):
flux_s_1 : 609.48201 +29.17425 -27.52876
flux_b_1 : -105.25215 +27.48891 -29.17694
Best model:
chi2: 2384.2590
t_0 u_0 t_E xi_Omega_node xi_inclination xi_period xi_semimajor_axis xi_argument_of_latitude_reference
2453492.7924166233 0.5724490448681395 74.5935739166039 164.17979215900294 104.26611860398955 4.879158155494707 0.006634198051882832 284.13298581275853
Fluxes:
616.8320673032649 -112.57852632273114
