Mean acceptance fraction: 0.230
Mean autocorrelation time [steps]: nan
Fitted parameters:
t_0 : 2453778.47109 +0.52994 -1.05239
u_0 : 2.09725 +0.35162 -0.36881
t_E : 95.33299 +15.64685 -11.22699
xi_Omega_node : 144.92886 +138.82682 -59.21142
xi_inclination : 176.28418 +60.47207 -60.56611
xi_period : 69.77028 +2.17536 -8.80744
xi_semimajor_axis : 0.01909 +0.00492 -0.00588
xi_argument_of_latitude_reference : 192.27818 +136.74490 -63.40184
Fitted fluxes (source and blending):
flux_s_1 : 1792.89923 +1104.92545 -772.18921
flux_b_1 : -1466.97670 +772.12518 -1104.90224
Best model:
chi2: 2861.0808
t_0 u_0 t_E xi_Omega_node xi_inclination xi_period xi_semimajor_axis xi_argument_of_latitude_reference
2453779.205987344 1.5962063789002532 115.73255793695574 141.86892155933677 132.30039456461375 122.52380568784531 0.037074408426836264 305.8566508272992
Fluxes:
844.9430586997981 -519.0964249680401
