Mean acceptance fraction: 0.147
Mean autocorrelation time [steps]: 33.5
Fitted parameters:
t_0 : 2453778.76438 +0.25404 -0.51639
u_0 : 2.05573 +0.25518 -0.25655
t_E : 97.56044 +10.75369 -8.69263
xi_Omega_node : 173.06965 +128.01970 -101.64207
xi_inclination : 189.05457 +109.53688 -117.91553
xi_period : 14.17917 +8.22615 -4.64141
xi_semimajor_axis : 0.00477 +0.00442 -0.00335
xi_argument_of_latitude_reference : 152.43830 +122.67943 -96.94537
Fitted fluxes (source and blending):
flux_s_1 : 1653.96042 +702.86596 -526.45702
flux_b_1 : -1328.10919 +526.40421 -702.80165
Best model:
chi2: 2889.2077
t_0 u_0 t_E xi_Omega_node xi_inclination xi_period xi_semimajor_axis xi_argument_of_latitude_reference
2453778.625147723 1.9008153330407942 104.24933185491473 95.51816957340192 336.4550135075498 286.3997917117793 0.022585031630021995 358.5665080165631
Fluxes:
1274.4975146044883 -948.6167660827252
