Mean acceptance fraction: 0.149
Mean autocorrelation time [steps]: 36.5
Fitted parameters:
t_0 : 2454717.78675 +0.08811 -0.08021
u_0 : 0.20343 +0.02440 -0.02202
t_E : 58.15840 +3.78592 -3.51316
xi_Omega_node : 170.62225 +62.48225 -40.84724
xi_inclination : 163.98966 +140.62496 -96.73967
xi_period : 107.43527 +11.90749 -9.44552
xi_semimajor_axis : 0.01775 +0.01497 -0.00912
xi_argument_of_latitude_reference : 220.42829 +32.56325 -57.21195
Fitted fluxes (source and blending):
flux_s_1 : 160.58398 +23.57218 -20.01607
flux_b_1 : 49.93923 +19.99250 -23.56426
Best model:
chi2: 7633.6419
t_0 u_0 t_E xi_Omega_node xi_inclination xi_period xi_semimajor_axis xi_argument_of_latitude_reference
2454717.776276943 0.14522634010379568 69.58972739313413 105.43049078535815 167.0514611339519 134.76060267167645 0.06332712858841538 194.26147454200674
Fluxes:
109.04569799019171 101.4427547608333
