Mean acceptance fraction: 0.153
Mean autocorrelation time [steps]: 31.0
Fitted parameters:
t_0 : 2452508.18185 +0.11415 -0.10200
u_0 : 0.18743 +0.00894 -0.00831
t_E : 178.19729 +6.17565 -5.58462
xi_Omega_node : 146.54618 +98.28243 -90.21278
xi_inclination : 183.17511 +105.67116 -103.02787
xi_period : 9.13420 +0.52533 -1.57593
xi_semimajor_axis : 0.00264 +0.00145 -0.00095
xi_argument_of_latitude_reference : 207.39766 +78.07359 -120.16896
Fitted fluxes (source and blending):
flux_s_1 : 51.89586 +2.78507 -2.64066
flux_b_1 : 9.41363 +2.58242 -2.73610
Best model:
chi2: 850.7558
t_0 u_0 t_E xi_Omega_node xi_inclination xi_period xi_semimajor_axis xi_argument_of_latitude_reference
2452508.4015950565 0.19698862417395036 172.59547039913477 205.13647413529847 100.03586927996332 7.5835022369695775 0.007450618509133205 293.7276848482358
Fluxes:
54.95435592249641 6.389778186357532
