Mean acceptance fraction: 0.149
Mean autocorrelation time [steps]: 31.0
Fitted parameters:
t_0 : 2453236.82817 +0.27475 -0.25571
u_0 : 0.33017 +0.05932 -0.04730
t_E : 170.15464 +18.71932 -17.11416
xi_Omega_node : 187.09789 +91.91079 -147.12429
xi_inclination : 174.38842 +119.26888 -112.97724
xi_period : 13.89417 +6.32361 -4.58647
xi_semimajor_axis : 0.00838 +0.00627 -0.00457
xi_argument_of_latitude_reference : 185.81696 +119.86005 -131.47103
Fitted fluxes (source and blending):
flux_s_1 : 12.13250 +3.00236 -2.17210
flux_b_1 : 0.55124 +2.14587 -2.97973
Best model:
chi2: 2179.8089
t_0 u_0 t_E xi_Omega_node xi_inclination xi_period xi_semimajor_axis xi_argument_of_latitude_reference
2453235.6794228465 0.3006112473891889 182.14900187008178 27.33040965489269 64.70080822038582 23.11512719314831 0.024672025431249918 282.92897388858745
Fluxes:
10.969958278321748 1.6884127728396083
