Mean acceptance fraction: 0.087
Mean autocorrelation time [steps]: nan
Fitted parameters:
t_0 : 2452344.68879 +0.01364 -0.01335
u_0 : 0.05249 +0.00001 -0.00001
t_E : 125.79702 +0.01263 -0.01289
xi_period : 7.68228 +3.45512 -0.47887
xi_semimajor_axis : 0.07511 +0.01959 -0.02297
xi_Omega_node : 220.52417 +40.55125 -163.22070
xi_inclination : 191.43983 +60.67567 -72.05658
xi_argument_of_latitude_reference : 177.27736 +102.19505 -96.09547
Fitted fluxes (source and blending):
flux_s_1 : 9.13663 +0.70512 -1.18810
flux_b_1 : 39.27437 +1.21747 -0.72374
Best model:
chi2: 1238.6890
t_0 u_0 t_E xi_period xi_semimajor_axis xi_Omega_node xi_inclination xi_argument_of_latitude_reference
2452344.7335075913 0.05245595782787519 125.79249148015798 8.265625350950131 0.1314138057938464 81.64709275199478 75.49168364634426 157.87783770198834
Fluxes:
10.691380798366065 37.68192162450794
