Mean acceptance fraction: 0.068
Mean autocorrelation time [steps]: 4347.0
Fitted parameters:
t_0 : 2453476.91639 +3.29448 -0.54563
u_0 : 8.63879 +3.18231 -2.02503
t_E : 25.52454 +7.63541 -6.71310
xi_Omega_node : 18.89334 +158.80361 -22.22402
xi_inclination : 30.76122 +40.23823 -49.43864
xi_period : 346.37373 +16.11235 -19.30082
xi_semimajor_axis : 0.26050 +0.07052 -0.08687
xi_argument_of_latitude_reference : 146.68398 +78.14320 -150.95103
Fitted fluxes (source and blending):
flux_s_1 : 1253813.94930 +3055034.04919 -807296.22175
flux_b_1 : -1253074.02632 +807296.31803 -3055034.03705
Best model:
chi2: 2437.5077
t_0 u_0 t_E xi_Omega_node xi_inclination xi_period xi_semimajor_axis xi_argument_of_latitude_reference
2453484.096188562 6.0755315418495055 35.987137014384594 3.299282135873379 72.2424280853297 391.1953221816808 0.34567817810252033 154.11444666044255
Fluxes:
323519.9998591307 -322780.40967843443
