Mean acceptance fraction: 0.057
Mean autocorrelation time [steps]: 3453.8
Fitted parameters:
t_0 : 2453535.27115 +1.33368 -1.42824
u_0 : 12.43005 +6.22985 -3.91628
t_E : 15.70239 +6.78860 -5.15134
xi_Omega_node : 159.30736 +146.46009 -154.86698
xi_inclination : 126.67368 +197.21083 -90.85737
xi_period : 14.54420 +0.32941 -0.52843
xi_semimajor_axis : 0.14000 +0.10780 -0.05673
xi_argument_of_latitude_reference : 240.77849 +83.97466 -161.65735
Fitted fluxes (source and blending):
flux_s_1 : 502632.30949 +1976806.56969 -385701.37741
flux_b_1 : -502565.99669 +385701.45592 -1976806.53708
Best model:
chi2: 1612.4802
t_0 u_0 t_E xi_Omega_node xi_inclination xi_period xi_semimajor_axis xi_argument_of_latitude_reference
2453534.913958528 14.886040236074903 12.898315788638895 318.21802821457055 266.95702656845043 21.68267916225318 0.24533450114333677 62.042913124844844
Fluxes:
1076045.367142223 -1075979.0008594096
