Mean acceptance fraction: 0.143
Mean autocorrelation time [steps]: 2867.0
Fitted parameters:
t_0 : 2454088.30515 +0.38651 -1.82110
u_0 : 0.52469 +0.01566 -0.01231
t_E : 309.87907 +4.52342 -6.18091
xi_Omega_node : 322.26945 +32.52296 -31.17480
xi_inclination : 75.51987 +77.58102 -12.73711
xi_period : 13.24419 +1.31470 -0.25110
xi_semimajor_axis : 0.00420 +0.00103 -0.00120
xi_argument_of_latitude_reference : 193.92057 +24.74988 -192.08926
Fitted fluxes (source and blending):
flux_s_1 : 198.72151 +9.16762 -6.46518
flux_b_1 : 218.06944 +6.39130 -9.03018
Best model:
chi2: 12837.9271
t_0 u_0 t_E xi_Omega_node xi_inclination xi_period xi_semimajor_axis xi_argument_of_latitude_reference
2454088.6033037133 0.5272985829248558 309.5820729983814 319.8369042956083 71.69792109269012 13.246724804482271 0.005104391700992253 208.13580559500554
Fluxes:
199.53996797250602 217.25016432219203
