Mean acceptance fraction: 0.090
Mean autocorrelation time [steps]: 2591.3
Fitted parameters:
t_0 : 2453240.98182 +1.67751 -5.51690
u_0 : 0.31998 +0.03811 -0.03604
t_E : 169.28703 +12.82580 -12.71266
xi_Omega_node : 202.91510 +126.06532 -176.48453
xi_inclination : 113.70692 +141.34586 -13.46349
xi_period : 20.61718 +2.40757 -0.24174
xi_semimajor_axis : 0.02875 +0.00911 -0.01396
xi_argument_of_latitude_reference : 182.20932 +174.69674 -175.52467
Fitted fluxes (source and blending):
flux_s_1 : 12.14647 +1.95104 -1.60383
flux_b_1 : 0.53856 +1.59365 -1.93644
Best model:
chi2: 2162.8353
t_0 u_0 t_E xi_Omega_node xi_inclination xi_period xi_semimajor_axis xi_argument_of_latitude_reference
2453242.152769785 0.29208635353726764 176.9538143077979 203.10012424715944 109.90174559125788 20.532741581757325 0.033475195525863005 2.7024300744267347
Fluxes:
11.039044127957391 1.640386572526021
