Mean acceptance fraction: 0.060
Mean autocorrelation time [steps]: 3425.8
Fitted parameters:
t_0 : 2453534.05758 +3.11041 -2.45737
u_0 : 12.08677 +2.54411 -1.61734
t_E : 15.81080 +2.50585 -2.63194
xi_Omega_node : 175.18712 +159.57574 -35.12251
xi_inclination : 233.54193 +66.79399 -180.12383
xi_period : 22.30240 +24.49195 -0.62301
xi_semimajor_axis : 0.20011 +0.13191 -0.09932
xi_argument_of_latitude_reference : 235.68552 +129.85995 -209.24668
Fitted fluxes (source and blending):
flux_s_1 : 473102.30175 +526873.03480 -205419.13064
flux_b_1 : -473035.89326 +205419.06627 -526873.06250
Best model:
chi2: 1602.9256
t_0 u_0 t_E xi_Omega_node xi_inclination xi_period xi_semimajor_axis xi_argument_of_latitude_reference
2453532.6163882012 10.358679963327727 18.368747726805672 152.54676991819778 274.5128493708901 21.94806493218419 0.2981094692689592 224.71792607352182
Fluxes:
259728.39487753742 -259662.02591294498
