Mean acceptance fraction: 0.058
Mean autocorrelation time [steps]: 3518.5
Fitted parameters:
t_0 : 2452565.84124 +22.36761 -19.32279
u_0 : 0.29436 +0.54796 -0.19444
t_E : 194.96719 +144.30491 -84.17599
xi_Omega_node : 62.64287 +124.00654 -47.87589
xi_inclination : 252.89820 +52.54093 -148.22742
xi_period : 349.17127 +77.79976 -57.97974
xi_semimajor_axis : 0.16090 +0.14699 -0.05966
xi_argument_of_latitude_reference : 170.21095 +127.65658 -149.50921
Fitted fluxes (source and blending):
flux_s_1 : 8.12733 +34.17915 -5.13905
flux_b_1 : 13.20302 +5.06447 -34.13185
Best model:
chi2: 490.3250
t_0 u_0 t_E xi_Omega_node xi_inclination xi_period xi_semimajor_axis xi_argument_of_latitude_reference
2452598.8618678497 0.14562012684402892 250.4204808433552 51.303096607206655 239.90555662335382 406.040105295454 0.25022311649634743 206.32542947971314
Fluxes:
5.907858412205224 15.373647308305456
