Mean acceptance fraction: 0.081
Mean autocorrelation time [steps]: 1915.3
Fitted parameters:
t_0 : 2454738.95674 +1.53947 -2.79572
u_0 : 0.15345 +0.05757 -0.03108
t_E : 246.39276 +58.01877 -26.84579
xi_Omega_node : 222.46087 +10.71937 -176.06927
xi_inclination : 176.09093 +93.51369 -90.57165
xi_period : 5.91557 +0.01244 -0.22070
xi_semimajor_axis : 0.05583 +0.04826 -0.03526
xi_argument_of_latitude_reference : 73.31999 +134.58610 -5.33574
Fitted fluxes (source and blending):
flux_s_1 : 11.51464 +2.97583 -3.16531
flux_b_1 : 50.77099 +3.08307 -2.96880
Best model:
chi2: 2178.2731
t_0 u_0 t_E xi_Omega_node xi_inclination xi_period xi_semimajor_axis xi_argument_of_latitude_reference
2454736.288908042 0.20952946506766493 223.3142303588383 222.61848945513293 85.90657842535744 5.918551365763072 0.10690331336056477 72.29319117929573
Fluxes:
14.198890084379272 48.07356794789856
