Mean acceptance fraction: 0.090
Mean autocorrelation time [steps]: 3312.0
Fitted parameters:
t_0 : 2454741.20586 +5.26794 -0.99700
u_0 : 5.46415 +2.78180 -1.20889
t_E : 25.36670 +6.61237 -8.25809
xi_Omega_node : 153.87949 +117.17051 -120.22603
xi_inclination : 343.20269 +21.47046 -38.76245
xi_period : 282.65590 +7.49291 -30.15951
xi_semimajor_axis : 0.32779 +0.08068 -0.08572
xi_argument_of_latitude_reference : 119.87519 +163.51708 -125.41770
Fitted fluxes (source and blending):
flux_s_1 : 59422.14888 +228361.82509 -35887.97154
flux_b_1 : -59305.19964 +35887.98025 -228361.82786
Best model:
chi2: 1756.0396
t_0 u_0 t_E xi_Omega_node xi_inclination xi_period xi_semimajor_axis xi_argument_of_latitude_reference
2454748.6153623126 4.807790570986719 28.584714399975798 268.80757959919936 285.00813482082424 253.1039347920538 0.35730354678786713 78.33893599129578
Fluxes:
37098.896943526874 -36981.95095321345
