Mean acceptance fraction: 0.063
Mean autocorrelation time [steps]: 3169.2
Fitted parameters:
t_0 : 2453542.57856 +2.52358 -2.38576
u_0 : 0.95089 +0.64816 -0.30341
t_E : 97.19338 +27.35427 -29.09916
xi_Omega_node : 196.78681 +96.03418 -141.26931
xi_inclination : 138.41355 +158.93665 -90.81955
xi_period : 11.55848 +0.14347 -10.46397
xi_semimajor_axis : 0.03546 +0.03177 -0.01569
xi_argument_of_latitude_reference : 155.78959 +143.14137 -113.44707
Fitted fluxes (source and blending):
flux_s_1 : 70.36987 +162.48276 -35.75496
flux_b_1 : -52.72001 +35.73339 -162.45649
Best model:
chi2: 801.5946
t_0 u_0 t_E xi_Omega_node xi_inclination xi_period xi_semimajor_axis xi_argument_of_latitude_reference
2453540.8646337255 0.991262888453952 95.66181542149843 283.23246951674133 356.41157866166714 1.0072793059144103 0.033835971407966646 8.499705047223273
Fluxes:
82.99986052999122 -65.365295620778
