Mean acceptance fraction: 0.039
Mean autocorrelation time [steps]: 4421.8
Fitted parameters:
t_0 : 2453857.81612 +0.08217 -0.34128
u_0 : 0.00119 +0.00026 -0.00030
t_E : 1538.80149 +299.91082 -691.09034
xi_Omega_node : 170.09261 +22.73228 -183.95594
xi_inclination : 126.66359 +129.87164 -47.45977
xi_period : 163.99518 +45.88574 -23.02339
xi_semimajor_axis : 0.01741 +0.01836 -0.00436
xi_argument_of_latitude_reference : 192.91889 +132.18844 -167.44051
Fitted fluxes (source and blending):
flux_s_1 : 0.36552 +0.14857 -0.07995
flux_b_1 : 19.27026 +0.18990 -0.15399
Best model:
chi2: 1929.7747
t_0 u_0 t_E xi_Omega_node xi_inclination xi_period xi_semimajor_axis xi_argument_of_latitude_reference
2453857.678576707 0.0009481351900241036 597.914045269829 158.2952884527744 232.65165712067608 164.541527867019 0.04719920583698044 323.6829007765604
Fluxes:
0.7066878872794959 19.300599995543642
