Mean acceptance fraction: 0.102
Mean autocorrelation time [steps]: 2693.9
Fitted parameters:
t_0 : 2453327.78908 +0.79802 -0.33550
u_0 : 0.03259 +0.00503 -0.00176
t_E : 608.20826 +8.27616 -36.70626
xi_Omega_node : 68.73812 +189.43611 -3.77535
xi_inclination : 232.51656 +48.25505 -145.40523
xi_period : 21.95419 +0.46602 -2.74755
xi_semimajor_axis : 0.00400 +0.00068 -0.00265
xi_argument_of_latitude_reference : 221.86095 +54.47483 -62.19938
Fitted fluxes (source and blending):
flux_s_1 : 141.97590 +10.91940 -2.25621
flux_b_1 : 799.80624 +1.71246 -8.09415
Best model:
chi2: 11151.1638
t_0 u_0 t_E xi_Omega_node xi_inclination xi_period xi_semimajor_axis xi_argument_of_latitude_reference
2453328.60543334 0.030883244404812625 613.8206403885871 64.81140798776731 87.13033593207076 22.342791484070034 0.004523427514722034 160.63822689834385
Fluxes:
140.40819680586333 801.052704569778
