Mean acceptance fraction: 0.064
Mean autocorrelation time [steps]: 3265.5
Fitted parameters:
t_0 : 2452912.95954 +0.46557 -3.34697
u_0 : 8.98784 +2.78718 -2.22016
t_E : 14.16452 +4.49818 -3.28249
xi_Omega_node : 186.88348 +178.84432 -24.13139
xi_inclination : 76.56920 +179.77360 -2.24177
xi_period : 13.10003 +3.62506 -0.01784
xi_semimajor_axis : 0.33950 +0.11047 -0.20312
xi_argument_of_latitude_reference : 318.71967 +21.35395 -159.34532
Fitted fluxes (source and blending):
flux_s_1 : 895840.06081 +1683153.12191 -597278.18720
flux_b_1 : -895537.36131 +597278.14881 -1683153.14418
Best model:
chi2: 14790.4926
t_0 u_0 t_E xi_Omega_node xi_inclination xi_period xi_semimajor_axis xi_argument_of_latitude_reference
2452912.4338361914 4.979852819642846 25.038268459566574 17.52388897368507 255.8506131875379 18.789664864382946 0.24069870085856523 200.55235108862257
Fluxes:
94387.13437135323 -94084.47320188119
