Mean acceptance fraction: 0.056
Mean autocorrelation time [steps]: 3514.7
Fitted parameters:
t_0 : 2454365.60937 +30.01746 -7.62028
u_0 : 2.74858 +1.80474 -1.14020
t_E : 23.80055 +9.12657 -8.09225
xi_Omega_node : 226.67070 +138.80204 -171.15490
xi_inclination : 153.48570 +156.60509 -157.37718
xi_period : 1280.56899 +336.38566 -343.54021
xi_semimajor_axis : 3.71495 +2.11145 -1.58740
xi_argument_of_latitude_reference : 124.50970 +44.36551 -100.35865
Fitted fluxes (source and blending):
flux_s_1 : 1700.32156 +7886.41287 -1375.96877
flux_b_1 : -1587.23142 +1375.88687 -7886.34450
Best model:
chi2: 2471.7071
t_0 u_0 t_E xi_Omega_node xi_inclination xi_period xi_semimajor_axis xi_argument_of_latitude_reference
2454382.468829534 0.7919148452880713 31.011911946278246 356.14957708940113 278.4843943189137 1363.8619465846464 4.685071962640852 110.51741353460135
Fluxes:
60.405983582043376 52.762696483495525
