Mean acceptance fraction: 0.071
Mean autocorrelation time [steps]: 3436.5
Fitted parameters:
t_0 : 2453025.58751 +4.37347 -3.32347
u_0 : 0.12530 +0.02822 -0.03459
t_E : 97.19906 +18.39470 -19.87721
xi_Omega_node : 189.80949 +94.14231 -90.38019
xi_inclination : 83.19734 +186.15326 -63.96250
xi_period : 878.38104 +452.01618 -298.28262
xi_semimajor_axis : 0.68113 +1.06546 -0.40213
xi_argument_of_latitude_reference : 285.89760 +31.95591 -142.98802
Fitted fluxes (source and blending):
flux_s_1 : 17.72821 +4.28292 -3.54947
flux_b_1 : 11.83317 +3.55774 -4.27903
Best model:
chi2: 2590.1250
t_0 u_0 t_E xi_Omega_node xi_inclination xi_period xi_semimajor_axis xi_argument_of_latitude_reference
2453018.8367566573 0.1046771381748348 123.5496467033064 225.57161828935102 85.91389859430649 493.7104336071973 0.5076539500248445 293.3885398779177
Fluxes:
15.301558964907551 14.258378705358105
