Mean acceptance fraction: 0.091
Mean autocorrelation time [steps]: 3170.9
Fitted parameters:
t_0 : 2452888.35653 +9.51018 -5.31585
u_0 : 0.45457 +0.20433 -0.13254
t_E : 73.17209 +12.49980 -13.31478
xi_Omega_node : 239.77881 +13.36138 -4.99559
xi_inclination : 123.77518 +112.63511 -9.86636
xi_period : 204.31104 +11.88130 -89.65096
xi_semimajor_axis : 0.17458 +0.17653 -0.10356
xi_argument_of_latitude_reference : 315.20064 +7.16902 -23.85935
Fitted fluxes (source and blending):
flux_s_1 : 623.62776 +414.78300 -192.66985
flux_b_1 : 147.05517 +192.33583 -414.60808
Best model:
chi2: 2262.1562
t_0 u_0 t_E xi_Omega_node xi_inclination xi_period xi_semimajor_axis xi_argument_of_latitude_reference
2452882.311796001 0.30161751988331764 87.43002551932557 237.09467156285243 124.89482658254742 210.66749674088567 0.34972738321642216 318.6115429581095
Fluxes:
411.9764910859217 358.29521868501087
