Mean acceptance fraction: 0.111
Mean autocorrelation time [steps]: 2430.9
Fitted parameters:
t_0 : 2453784.39545 +1.76680 -0.99328
u_0 : 0.02176 +0.01247 -0.00603
t_E : 367.00103 +350.35627 -103.00304
xi_Omega_node : 195.10559 +2.23549 -167.03632
xi_inclination : 248.12160 +3.20083 -141.28731
xi_period : 436.72817 +36.55558 -66.65252
xi_semimajor_axis : 0.22228 +0.08247 -0.11870
xi_argument_of_latitude_reference : 202.87639 +7.99394 -192.14182
Fitted fluxes (source and blending):
flux_s_1 : 1.50100 +0.94503 -0.48676
flux_b_1 : 45.74340 +0.58966 -0.60076
Best model:
chi2: 2955.9472
t_0 u_0 t_E xi_Omega_node xi_inclination xi_period xi_semimajor_axis xi_argument_of_latitude_reference
2453784.3704019478 0.01993238855144535 366.87382406822314 195.49339910839208 251.0160540102984 455.37015218963916 0.22696859937687142 206.58760249052247
Fluxes:
1.46328007897971 46.101736354381835
