Mean acceptance fraction: 0.046
Mean autocorrelation time [steps]: 3865.1
Fitted parameters:
t_0 : 2453823.53638 +2.82206 -14.12553
u_0 : 0.21920 +0.58513 -0.10371
t_E : 68.66496 +18.45788 -36.82835
xi_Omega_node : 178.56455 +162.54753 -72.81363
xi_inclination : 67.98835 +221.30762 -42.22796
xi_period : 377.34425 +111.34900 -157.14845
xi_semimajor_axis : 0.80215 +0.31665 -0.50583
xi_argument_of_latitude_reference : 181.82558 +124.18546 -163.71424
Fitted fluxes (source and blending):
flux_s_1 : 10.57365 +43.60654 -3.12738
flux_b_1 : 51.76635 +3.10222 -43.55260
Best model:
chi2: 1073.4500
t_0 u_0 t_E xi_Omega_node xi_inclination xi_period xi_semimajor_axis xi_argument_of_latitude_reference
2453812.8693878017 0.09005172810589016 76.62141548207725 137.56479361355744 42.32365404252749 504.89365649065707 1.5367667026570222 9.218470500681331
Fluxes:
8.812170140953988 53.49343208940825
