Mean acceptance fraction: 0.049
Mean autocorrelation time [steps]: 4180.6
Fitted parameters:
t_0 : 2453492.47247 +3.81817 -0.83179
u_0 : 0.82350 +0.21634 -0.23998
t_E : 56.90667 +11.62559 -7.37812
xi_Omega_node : 227.60492 +32.60231 -152.83129
xi_inclination : 247.14603 +27.48765 -144.92328
xi_period : 203.08097 +13.09549 -18.50347
xi_semimajor_axis : 0.07751 +0.10228 -0.02878
xi_argument_of_latitude_reference : 149.20852 +124.18228 -29.72055
Fitted fluxes (source and blending):
flux_s_1 : 1192.95213 +681.22967 -551.68715
flux_b_1 : -688.26711 +551.61804 -681.19941
Best model:
chi2: 1622.0169
t_0 u_0 t_E xi_Omega_node xi_inclination xi_period xi_semimajor_axis xi_argument_of_latitude_reference
2453492.820248301 1.1786633605583352 44.440730847211896 239.3058002509398 130.95545859967123 214.14768843840767 0.18871713751275415 149.33163968275306
Fluxes:
2470.904709743951 -1966.127891759426
