Mean acceptance fraction: 0.063
Mean autocorrelation time [steps]: 2333.4
Fitted parameters:
t_0 : 2454339.75609 +3.78681 -0.30045
u_0 : 0.06514 +0.01104 -0.00699
t_E : 610.50804 +65.99074 -57.97553
xi_Omega_node : 174.66759 +9.95761 -181.43959
xi_inclination : 211.95442 +60.77348 -126.33056
xi_period : 4.76712 +0.30357 -0.01077
xi_semimajor_axis : 0.01061 +0.00293 -0.00463
xi_argument_of_latitude_reference : 281.16888 +11.40336 -180.75021
Fitted fluxes (source and blending):
flux_s_1 : 2.87856 +0.48467 -0.30708
flux_b_1 : 24.51174 +0.25106 -0.45172
Best model:
chi2: 13452.5669
t_0 u_0 t_E xi_Omega_node xi_inclination xi_period xi_semimajor_axis xi_argument_of_latitude_reference
2454343.563361533 0.0672319182005252 611.5991916746985 176.2327496573744 86.93430148932732 4.761999182484508 0.01233800623549128 290.77019088643215
Fluxes:
2.949828509995586 24.413641327208346
