Mean acceptance fraction: 0.088
Mean autocorrelation time [steps]: 3359.3
Fitted parameters:
t_0 : 2453505.79462 +8.69766 -5.12634
u_0 : 4.37762 +3.51957 -2.57634
t_E : 40.38312 +43.99223 -17.27818
xi_Omega_node : 203.48817 +51.78252 -5.36672
xi_inclination : 86.00798 +210.47469 -8.89654
xi_period : 340.20738 +11.77688 -12.34686
xi_semimajor_axis : 0.61703 +0.31821 -0.30309
xi_argument_of_latitude_reference : 285.15698 +8.19006 -36.61802
Fitted fluxes (source and blending):
flux_s_1 : 9344.37550 +76988.32847 -8826.57268
flux_b_1 : -9277.89750 +8826.60771 -76988.29760
Best model:
chi2: 930.3579
t_0 u_0 t_E xi_Omega_node xi_inclination xi_period xi_semimajor_axis xi_argument_of_latitude_reference
2453502.323171266 0.7759119284305607 143.74180848969934 208.81710618209576 81.93704756458771 352.75869521192266 0.22959434944438215 279.7468863098297
Fluxes:
77.48534648425397 -11.006879928551278
