Mean acceptance fraction: 0.059
Mean autocorrelation time [steps]: 2636.7
Fitted parameters:
t_0 : 2454742.11734 +2.47633 -1.25102
u_0 : 8.63258 +2.12324 -1.83490
t_E : 15.30532 +3.99987 -2.89972
xi_Omega_node : 206.01294 +39.02847 -25.07641
xi_inclination : 87.17667 +188.75629 -3.64069
xi_period : 24.92266 +0.14881 -12.07287
xi_semimajor_axis : 0.21811 +0.13054 -0.15816
xi_argument_of_latitude_reference : 178.76633 +86.54891 -10.04434
Fitted fluxes (source and blending):
flux_s_1 : 367419.64423 +480093.62073 -222561.57126
flux_b_1 : -367302.61377 +222561.55002 -480093.66712
Best model:
chi2: 5226.3685
t_0 u_0 t_E xi_Omega_node xi_inclination xi_period xi_semimajor_axis xi_argument_of_latitude_reference
2454744.013526444 5.172107845108139 24.88987547975095 244.09979148001642 374.87700896849964 12.810619911384945 0.06345112230864758 118.08802822138475
Fluxes:
52749.666024406535 -52632.671270143765
