Mean acceptance fraction: 0.058
Mean autocorrelation time [steps]: 3983.8
Fitted parameters:
t_0 : 2454747.45533 +5.94753 -8.58383
u_0 : 0.06030 +0.03157 -0.02396
t_E : 322.27403 +115.99873 -53.99119
xi_Omega_node : 84.19368 +140.60706 -74.06693
xi_inclination : 225.73308 +72.92414 -104.45965
xi_period : 483.65265 +93.15920 -89.49558
xi_semimajor_axis : 0.11190 +0.03190 -0.03232
xi_argument_of_latitude_reference : 163.34758 +148.46418 -55.13419
Fitted fluxes (source and blending):
flux_s_1 : 4.80018 +2.41557 -2.03192
flux_b_1 : 57.51831 +1.97383 -2.42480
Best model:
chi2: 1902.5830
t_0 u_0 t_E xi_Omega_node xi_inclination xi_period xi_semimajor_axis xi_argument_of_latitude_reference
2454752.954484102 0.08585597409536362 293.12591938674956 44.956904038003984 244.37889495628548 413.8968788829464 0.13974828739912767 193.08566202653986
Fluxes:
7.000815942446081 55.280185784202175
