Mean acceptance fraction: 0.046
Mean autocorrelation time [steps]: 3624.0
Fitted parameters:
t_0 : 2452677.94656 +0.80451 -1.15690
u_0 : 0.03830 +0.06832 -0.02690
t_E : 61.24826 +2.08520 -2.74685
xi_Omega_node : 157.22963 +144.03361 -131.68853
xi_inclination : 150.61429 +169.64673 -106.40811
xi_period : 5.05334 +76.60967 -2.17131
xi_semimajor_axis : 0.02149 +0.01311 -0.00676
xi_argument_of_latitude_reference : 181.90139 +137.71905 -103.16063
Fitted fluxes (source and blending):
flux_s_1 : 329.61604 +46.59595 -34.59793
flux_b_1 : -204.70370 +34.59712 -46.59364
Best model:
chi2: 2294.0930
t_0 u_0 t_E xi_Omega_node xi_inclination xi_period xi_semimajor_axis xi_argument_of_latitude_reference
2452676.986303252 0.018801958266648853 60.43765135396641 52.61029112080239 60.13893763405466 5.0362937387855915 0.025097896112723977 71.80950046207545
Fluxes:
344.9679160641367 -220.05793519753848
