Mean acceptance fraction: 0.062
Mean autocorrelation time [steps]: 4146.9
Fitted parameters:
t_0 : 2453478.64946 +1.71553 -1.06893
u_0 : 6.06857 +2.42056 -1.82365
t_E : 35.92909 +14.28214 -9.80448
xi_Omega_node : 14.00919 +163.45813 -13.79532
xi_inclination : 59.82516 +299.96062 -33.19463
xi_period : 360.94033 +10.14562 -12.43437
xi_semimajor_axis : 0.20341 +0.11109 -0.08750
xi_argument_of_latitude_reference : 144.13789 +37.65521 -152.02077
Fitted fluxes (source and blending):
flux_s_1 : 321525.49513 +863422.53309 -236616.16502
flux_b_1 : -320785.55664 +236616.02339 -863422.97505
Best model:
chi2: 2472.3265
t_0 u_0 t_E xi_Omega_node xi_inclination xi_period xi_semimajor_axis xi_argument_of_latitude_reference
2453480.266152907 4.148231739956984 51.23778979897546 7.453528982233405 60.04398469915249 381.3354815466449 0.1892082493099681 150.33978765099496
Fluxes:
78354.05589926557 -77614.29712753791
