Mean acceptance fraction: 0.077
Mean autocorrelation time [steps]: 3877.3
Fitted parameters:
t_0 : 2453110.84696 +0.67359 -0.19169
u_0 : 0.04861 +0.02429 -0.03007
t_E : 115.14690 +92.58829 -26.78435
xi_Omega_node : 238.02920 +83.41966 -114.74640
xi_inclination : 59.89097 +267.76319 -60.51264
xi_period : 120.65121 +43.54729 -40.30710
xi_semimajor_axis : 0.03884 +0.01388 -0.01528
xi_argument_of_latitude_reference : 180.48935 +111.64056 -120.76996
Fitted fluxes (source and blending):
flux_s_1 : 7.53035 +4.38432 -4.74032
flux_b_1 : 13.44068 +4.70325 -4.35751
Best model:
chi2: 1674.4661
t_0 u_0 t_E xi_Omega_node xi_inclination xi_period xi_semimajor_axis xi_argument_of_latitude_reference
2453110.508349549 0.014395948010697643 247.86581754140303 64.62025015930433 29.82072155935327 169.96950975603008 0.05274012136085457 375.8543526366876
Fluxes:
2.1426908998246086 18.780351156620455
