Mean acceptance fraction: 0.060
Mean autocorrelation time [steps]: 3920.4
Fitted parameters:
t_0 : 2453818.37968 +13.86703 -9.63325
u_0 : 0.62497 +0.24329 -0.21509
t_E : 111.45050 +24.72896 -19.28418
xi_Omega_node : 193.94011 +73.12213 -119.56740
xi_inclination : 173.56125 +119.83258 -115.49783
xi_period : 450.07310 +69.56302 -49.05354
xi_semimajor_axis : 0.17276 +0.15209 -0.08681
xi_argument_of_latitude_reference : 140.86283 +189.48877 -81.92478
Fitted fluxes (source and blending):
flux_s_1 : 77.29480 +64.04415 -36.85826
flux_b_1 : 336.39608 +36.86550 -64.04141
Best model:
chi2: 1209.2249
t_0 u_0 t_E xi_Omega_node xi_inclination xi_period xi_semimajor_axis xi_argument_of_latitude_reference
2453842.3145629168 0.8197403858825351 89.95153789659277 265.18157139529126 227.03752733897608 472.2488115536157 0.49606788043574174 126.58795758792333
Fluxes:
133.34506630806573 280.374895361253
