Mean acceptance fraction: 0.082
Mean autocorrelation time [steps]: 3440.3
Fitted parameters:
t_0 : 2453677.17181 +3.38040 -5.14566
u_0 : 0.03476 +0.00659 -0.00714
t_E : 283.02272 +88.56546 -36.92326
xi_Omega_node : 229.77587 +18.97412 -165.01745
xi_inclination : 99.25530 +169.72956 -11.27401
xi_period : 334.34559 +26.15582 -239.82423
xi_semimajor_axis : 0.04338 +0.05798 -0.01872
xi_argument_of_latitude_reference : 53.59007 +125.52061 -21.51556
Fitted fluxes (source and blending):
flux_s_1 : 11.16968 +3.28328 -3.98655
flux_b_1 : -1.88119 +3.84519 -3.21551
Best model:
chi2: 1838.3250
t_0 u_0 t_E xi_Omega_node xi_inclination xi_period xi_semimajor_axis xi_argument_of_latitude_reference
2453681.2719779033 0.035397663732991816 247.17483483339407 245.35830846230627 92.11097544391997 366.23163319676434 0.11669953567617322 53.11572931381817
Fluxes:
14.67748216444362 -5.349970652714934
