Mean acceptance fraction: 0.105
Mean autocorrelation time [steps]: 2649.1
Fitted parameters:
t_0 : 2454741.53213 +1.31624 -2.69730
u_0 : 0.11896 +0.01099 -0.00990
t_E : 301.39348 +18.00218 -19.07954
xi_Omega_node : 61.19309 +169.98683 -21.09700
xi_inclination : 76.50333 +194.82031 -11.06038
xi_period : 43.72165 +0.86780 -9.47041
xi_semimajor_axis : 0.01718 +0.00357 -0.00401
xi_argument_of_latitude_reference : 202.03897 +101.89398 -106.34347
Fitted fluxes (source and blending):
flux_s_1 : 8.45519 +0.89884 -0.70953
flux_b_1 : 53.77577 +0.68763 -0.87576
Best model:
chi2: 2388.9675
t_0 u_0 t_E xi_Omega_node xi_inclination xi_period xi_semimajor_axis xi_argument_of_latitude_reference
2454734.178090816 0.12415157603210569 278.90122967386577 -5.578630515779523 116.65454828302144 0.9928637614008622 0.022102158519611233 20.81124835381459
Fluxes:
9.648726284707392 52.53352650463754
