Mean acceptance fraction: 0.143
Mean autocorrelation time [steps]: 2008.3
Fitted parameters:
t_0 : 2454009.50910 +0.15172 -0.14168
u_0 : 0.36351 +0.00702 -0.00660
t_E : 67.27144 +0.59046 -0.59547
xi_Omega_node : 37.35808 +189.20642 -10.52711
xi_inclination : 97.96676 +8.07063 -5.98127
xi_period : 9.66671 +0.96663 -0.04544
xi_semimajor_axis : 0.00902 +0.00155 -0.00329
xi_argument_of_latitude_reference : 155.24859 +10.56493 -170.37099
Fitted fluxes (source and blending):
flux_s_1 : 252.57455 +4.82281 -5.39689
flux_b_1 : -47.58828 +5.38358 -4.81113
Best model:
chi2: 4939.7530
t_0 u_0 t_E xi_Omega_node xi_inclination xi_period xi_semimajor_axis xi_argument_of_latitude_reference
2454009.656781508 0.35870109418166873 67.66473631378483 27.421601821010096 97.53930779332178 9.650266136695393 0.01055528780536461 158.74547501323124
Fluxes:
248.82104761378727 -43.845335117652866
