Mean acceptance fraction: 0.047
Mean autocorrelation time [steps]: 3484.6
Fitted parameters:
t_0 : 2453244.04505 +17.94832 -18.25344
u_0 : 0.27853 +0.21596 -0.07304
t_E : 206.19483 +36.68121 -45.10053
xi_Omega_node : 161.52975 +179.72089 -130.59215
xi_inclination : 245.13638 +40.43390 -136.97296
xi_period : 933.16295 +1333.09586 -342.80348
xi_semimajor_axis : 0.43611 +0.85056 -0.15442
xi_argument_of_latitude_reference : 182.61969 +27.20997 -153.35789
Fitted fluxes (source and blending):
flux_s_1 : 10.30895 +12.01589 -2.71729
flux_b_1 : 2.37623 +2.71269 -12.04730
Best model:
chi2: 2106.7250
t_0 u_0 t_E xi_Omega_node xi_inclination xi_period xi_semimajor_axis xi_argument_of_latitude_reference
2453238.9402281507 0.48424119638803304 190.48808242307075 50.10937525049044 285.8598279436435 521.2418214837494 0.4302761061120717 188.28928192068994
Fluxes:
21.334226082077407 -8.70348324648997
