Mean acceptance fraction: 0.070
Mean autocorrelation time [steps]: 3092.6
Fitted parameters:
t_0 : 2452344.76009 +0.82495 -0.89948
u_0 : 0.03769 +0.07120 -0.02261
t_E : 117.61277 +68.88010 -44.03171
xi_Omega_node : 202.72613 +19.11377 -180.11859
xi_inclination : 269.92364 +6.78616 -179.46300
xi_period : 150.88176 +16.17808 -18.17810
xi_semimajor_axis : 0.20531 +0.22733 -0.08434
xi_argument_of_latitude_reference : 195.87333 +177.18260 -27.38658
Fitted fluxes (source and blending):
flux_s_1 : 5.00803 +6.99417 -2.46965
flux_b_1 : 43.41970 +2.45057 -6.98397
Best model:
chi2: 1143.6967
t_0 u_0 t_E xi_Omega_node xi_inclination xi_period xi_semimajor_axis xi_argument_of_latitude_reference
2452344.1229625265 0.06339755826143824 83.46769370084806 211.33311219974408 272.32645742789197 156.23923270380888 0.38165500633053573 183.57244691556494
Fluxes:
7.889466908356053 40.545797823274434
