Mean acceptance fraction: 0.054
Mean autocorrelation time [steps]: 3862.2
Fitted parameters:
t_0 : 2454348.60843 +0.03236 -0.07448
u_0 : 0.00619 +0.00041 -0.00080
t_E : 47.00209 +12.02652 -8.65837
xi_Omega_node : 106.71271 +134.32574 -69.62685
xi_inclination : 284.15076 +85.70410 -234.30357
xi_period : 1.56449 +362.10066 -0.91543
xi_semimajor_axis : 0.00731 +0.00771 -0.00421
xi_argument_of_latitude_reference : 241.93543 +54.78546 -42.50341
Fitted fluxes (source and blending):
flux_s_1 : 11.99481 +2.59032 -2.68855
flux_b_1 : -7.09079 +2.59306 -2.36493
Best model:
chi2: 9006.0003
t_0 u_0 t_E xi_Omega_node xi_inclination xi_period xi_semimajor_axis xi_argument_of_latitude_reference
2454348.589425663 0.006181047472711581 51.00313409957981 238.95513228757912 281.9010232771174 0.6466299501814282 0.0034612291863809308 242.16001153942022
Fluxes:
10.143003333152523 -5.007022105481463
