Mean acceptance fraction: 0.054
Mean autocorrelation time [steps]: 3775.4
Fitted parameters:
t_0 : 2453022.39780 +6.03147 -5.21404
u_0 : 0.11226 +0.04110 -0.08299
t_E : 104.75713 +42.89922 -14.16758
xi_Omega_node : 49.91288 +210.54245 -25.70171
xi_inclination : 162.54872 +103.28652 -111.19065
xi_period : 489.58981 +455.53263 -342.46190
xi_semimajor_axis : 0.37712 +0.44452 -0.23537
xi_argument_of_latitude_reference : 120.21827 +76.56369 -69.60168
Fitted fluxes (source and blending):
flux_s_1 : 18.91076 +16.36366 -7.54263
flux_b_1 : 10.64667 +7.51922 -16.35917
Best model:
chi2: 2587.4830
t_0 u_0 t_E xi_Omega_node xi_inclination xi_period xi_semimajor_axis xi_argument_of_latitude_reference
2453025.1844621683 0.010433097635740258 202.21668858221435 35.088177148525645 265.23528718830005 455.14350881430346 0.34462082742997074 118.17755297997837
Fluxes:
5.239360630838778 24.29628940811075
