Mean acceptance fraction: 0.039
Mean autocorrelation time [steps]: 2615.8
Fitted parameters:
t_0 : 2454145.36342 +0.17233 -0.16146
u_0 : 0.00614 +0.00261 -0.00113
t_E : 610.28422 +114.01110 -152.67936
xi_Omega_node : 251.56217 +62.85743 -123.57182
xi_inclination : 213.53937 +57.41434 -124.81276
xi_period : 33.08337 +45.51937 -0.49159
xi_semimajor_axis : 0.02363 +0.01322 -0.00520
xi_argument_of_latitude_reference : 169.42427 +179.34409 -165.26884
Fitted fluxes (source and blending):
flux_s_1 : 1.38655 +0.44029 -0.24417
flux_b_1 : 15.36588 +0.15110 -0.29447
Best model:
chi2: 2926.9686
t_0 u_0 t_E xi_Omega_node xi_inclination xi_period xi_semimajor_axis xi_argument_of_latitude_reference
2454145.203935574 0.0030261628972834778 868.1299680331786 335.63215020890465 135.93913820222713 111.70706678981135 0.060195950430678075 351.76915813239094
Fluxes:
0.8882991807590395 15.664611096234777
