Mean acceptance fraction: 0.184
Mean autocorrelation time [steps]: 1445.9
Fitted parameters:
t_0 : 2453228.32945 +0.09808 -0.16312
u_0 : 0.16827 +0.00469 -0.00462
t_E : 69.42096 +1.38798 -1.34224
xi_Omega_node : 61.96733 +159.38850 -36.61334
xi_inclination : 183.55062 +66.63758 -58.84317
xi_period : 8.27784 +0.85682 -0.18320
xi_semimajor_axis : 0.00399 +0.00107 -0.00073
xi_argument_of_latitude_reference : 298.36469 +55.19876 -145.59674
Fitted fluxes (source and blending):
flux_s_1 : 35.21141 +1.10212 -1.09229
flux_b_1 : -5.52153 +1.08480 -1.09478
Best model:
chi2: 1673.7668
t_0 u_0 t_E xi_Omega_node xi_inclination xi_period xi_semimajor_axis xi_argument_of_latitude_reference
2453228.303488498 0.16871536305242724 69.37023738859277 40.01591256202914 235.0158801331915 8.230887375326896 0.004816202591106395 301.65400851244044
Fluxes:
35.308932668968204 -5.620387261008489
