Mean acceptance fraction: 0.064
Mean autocorrelation time [steps]: 3613.5
Fitted parameters:
t_0 : 2454320.16081 +50.84059 -19.75950
u_0 : 2.10005 +2.47053 -0.95746
t_E : 47.94724 +24.06484 -23.02151
xi_Omega_node : 121.12142 +61.60576 -102.92841
xi_inclination : 325.07441 +38.81692 -141.48999
xi_period : 2736.51170 +884.96046 -1742.11825
xi_semimajor_axis : 6.71226 +4.46838 -5.62679
xi_argument_of_latitude_reference : 65.76132 +92.42683 -52.75314
Fitted fluxes (source and blending):
flux_s_1 : 948.26275 +8788.47392 -745.05136
flux_b_1 : -837.13786 +745.14560 -8788.31463
Best model:
chi2: 2220.7883
t_0 u_0 t_E xi_Omega_node xi_inclination xi_period xi_semimajor_axis xi_argument_of_latitude_reference
2454324.9165449096 0.9141341259476345 100.22683918379167 180.2327326084399 307.8454590286876 3836.049479991929 7.105093373706405 0.5100913297915923
Fluxes:
104.87716227380834 6.216928153839975
