Mean acceptance fraction: 0.099
Mean autocorrelation time [steps]: 3040.8
Fitted parameters:
t_0 : 2452682.08669 +4.18673 -6.49948
u_0 : 0.18659 +0.07211 -0.08773
t_E : 136.36767 +24.73790 -17.73299
xi_Omega_node : 241.59458 +121.59686 -144.18625
xi_inclination : 306.76309 +50.33026 -121.99633
xi_period : 352.11827 +32.86261 -23.36044
xi_semimajor_axis : 0.13384 +0.03239 -0.02465
xi_argument_of_latitude_reference : 154.72942 +167.61994 -118.94120
Fitted fluxes (source and blending):
flux_s_1 : 73.05418 +29.72735 -24.15661
flux_b_1 : 67.88185 +24.14453 -29.61813
Best model:
chi2: 457.9390
t_0 u_0 t_E xi_Omega_node xi_inclination xi_period xi_semimajor_axis xi_argument_of_latitude_reference
2452684.970655972 0.25417934011400967 122.59371507580433 249.904949504077 290.88601912111665 351.8210742728061 0.21541003887939944 141.4510717126169
Fluxes:
93.91916853673756 47.10197318231923
