Mean acceptance fraction: 0.085
Mean autocorrelation time [steps]: 3102.2
Fitted parameters:
t_0 : 2454008.87284 +0.50322 -0.75134
u_0 : 0.19072 +0.01883 -0.01173
t_E : 77.31808 +6.57750 -6.83664
xi_Omega_node : 154.75406 +171.01732 -142.36102
xi_inclination : 156.98286 +188.10682 -141.80935
xi_period : 264.92959 +639238877702387531776.00000 -218.74502
xi_semimajor_axis : 0.07729 +6879138495319297.00000 -0.06233
xi_argument_of_latitude_reference : 170.73349 +115.70113 -75.06689
Fitted fluxes (source and blending):
flux_s_1 : 20.32296 +2.46664 -1.55134
flux_b_1 : 2.11395 +1.54047 -2.44363
Best model:
chi2: 1052.3553
t_0 u_0 t_E xi_Omega_node xi_inclination xi_period xi_semimajor_axis xi_argument_of_latitude_reference
2454010.65971933 0.25458997851890075 61.99692486125051 8.51476817221377 111.88032131521672 286.38870098414736 0.13744492451265636 177.36622641650771
Fluxes:
28.958954960999183 -6.4829815047878805
