Mean acceptance fraction: 0.151
Mean autocorrelation time [steps]: 2616.5
Fitted parameters:
t_0 : 2454369.43035 +2.42210 -4.12973
u_0 : 0.13835 +0.02368 -0.05136
t_E : 383.79026 +142.48267 -33.72211
xi_Omega_node : 203.06001 +86.14317 -100.35628
xi_inclination : 276.31483 +9.40131 -193.39917
xi_period : 200.04596 +7.37215 -12.23519
xi_semimajor_axis : 0.06201 +0.00621 -0.01721
xi_argument_of_latitude_reference : 84.81425 +180.55209 -13.04099
Fitted fluxes (source and blending):
flux_s_1 : 7.40170 +1.23914 -2.74439
flux_b_1 : 19.98525 +2.51011 -1.18060
Best model:
chi2: 11856.6400
t_0 u_0 t_E xi_Omega_node xi_inclination xi_period xi_semimajor_axis xi_argument_of_latitude_reference
2454370.213969118 0.14416981089467357 373.97678161639664 286.84521681165864 278.56695185548045 201.2047341143262 0.06401799355839931 83.43576868440364
Fluxes:
7.714703619074896 19.686941147658736
