Mean acceptance fraction: 0.060
Mean autocorrelation time [steps]: 3336.9
Fitted parameters:
t_0 : 2453625.98190 +4.11697 -3.36751
u_0 : 0.04050 +0.01819 -0.01589
t_E : 196.26254 +37.23037 -27.61109
xi_Omega_node : 209.54346 +96.43249 -104.77392
xi_inclination : 173.47911 +60.63034 -130.98495
xi_period : 377.69580 +32.47522 -222.66355
xi_semimajor_axis : 0.13285 +0.04841 -0.07451
xi_argument_of_latitude_reference : 157.29621 +112.93315 -166.56050
Fitted fluxes (source and blending):
flux_s_1 : 4.23894 +1.51625 -1.00261
flux_b_1 : 14.84095 +0.93072 -1.56068
Best model:
chi2: 1442.7590
t_0 u_0 t_E xi_Omega_node xi_inclination xi_period xi_semimajor_axis xi_argument_of_latitude_reference
2453623.085971976 0.027315551579125002 213.40715691462535 301.25575456271474 165.58225983737535 399.07812224004516 0.1408922420608823 324.4068824112908
Fluxes:
3.709319641444429 15.330762153451364
