Mean acceptance fraction: 0.229
Mean autocorrelation time [steps]: 1528.5
Fitted parameters:
t_0 : 2454692.51543 +0.55612 -0.30518
u_0 : 0.17772 +0.02869 -0.02461
t_E : 51.56065 +4.54805 -4.10161
xi_Omega_node : 237.08331 +14.86339 -142.49441
xi_inclination : 276.81727 +25.46747 -20.01550
xi_period : 9.50689 +1.64621 -0.41707
xi_semimajor_axis : 0.02192 +0.00643 -0.00572
xi_argument_of_latitude_reference : 169.93411 +77.46160 -24.72138
Fitted fluxes (source and blending):
flux_s_1 : 7.77913 +1.19747 -1.01623
flux_b_1 : 22.67143 +1.00968 -1.19300
Best model:
chi2: 3726.2438
t_0 u_0 t_E xi_Omega_node xi_inclination xi_period xi_semimajor_axis xi_argument_of_latitude_reference
2454692.377884614 0.18744149534011448 51.00073760606477 241.42919575706983 273.60624876064406 9.252419947993536 0.0261182510262204 160.05223004823264
Fluxes:
7.995649296231007 22.453960918229072
