Mean acceptance fraction: 0.049
Mean autocorrelation time [steps]: 3933.9
Fitted parameters:
t_0 : 2452863.21971 +0.10497 -0.41255
u_0 : 0.05378 +0.00625 -0.00222
t_E : 60.13797 +1.11369 -1.46875
xi_Omega_node : 148.35493 +61.73949 -117.33158
xi_inclination : 197.92359 +135.10320 -54.38833
xi_period : 328.55306 +220.70174 -116.70790
xi_semimajor_axis : 0.07100 +0.06951 -0.02912
xi_argument_of_latitude_reference : 291.99359 +61.57382 -121.93555
Fitted fluxes (source and blending):
flux_s_1 : 103.66269 +2.94643 -2.58239
flux_b_1 : 203.61708 +2.56758 -2.95959
Best model:
chi2: 1828.1657
t_0 u_0 t_E xi_Omega_node xi_inclination xi_period xi_semimajor_axis xi_argument_of_latitude_reference
2452863.177644098 0.05457467507934814 61.13045970282997 39.69489062931612 117.92030190930355 206.63471884626748 0.042251160210788126 184.65247198941472
Fluxes:
103.06254243750527 204.20179085491264
