Mean acceptance fraction: 0.059
Mean autocorrelation time [steps]: 4120.6
Fitted parameters:
t_0 : 2452979.62521 +39.15579 -16.28987
u_0 : 0.24324 +0.35124 -0.12981
t_E : 438.71815 +222.43153 -194.87943
xi_Omega_node : 169.11733 +104.67579 -68.03516
xi_inclination : 173.41856 +136.37310 -91.47697
xi_period : 280.95412 +329.08096 -146.01891
xi_semimajor_axis : 0.09021 +0.08545 -0.04089
xi_argument_of_latitude_reference : 226.32655 +69.79798 -63.62679
Fitted fluxes (source and blending):
flux_s_1 : 7.58671 +21.82820 -4.04664
flux_b_1 : 107.38841 +3.90841 -21.70520
Best model:
chi2: 1150.1166
t_0 u_0 t_E xi_Omega_node xi_inclination xi_period xi_semimajor_axis xi_argument_of_latitude_reference
2452953.657491205 0.1665590144420302 514.3285575827978 181.8468226461787 312.0597518761117 622.0087794982816 0.10194987295932968 196.01546415349594
Fluxes:
4.6955764836419265 110.28072344356985
