Mean acceptance fraction: 0.069
Mean autocorrelation time [steps]: 3472.1
Fitted parameters:
t_0 : 2454919.94036 +9.84458 -5.42986
u_0 : 22.12863 +20.95474 -7.48629
t_E : 4.84623 +2.41560 -2.37591
xi_Omega_node : 192.21540 +157.58755 -53.33371
xi_inclination : 257.84688 +44.63991 -39.29364
xi_period : 71.66630 +13.83809 -14.20296
xi_semimajor_axis : 1.40012 +1.44897 -0.77541
xi_argument_of_latitude_reference : 190.01123 +149.06668 -117.28790
Fitted fluxes (source and blending):
flux_s_1 : 2651684.05978 +35173185.73851 -2137236.20107
flux_b_1 : -2651662.62402 +2137236.20123 -35173185.72760
Best model:
chi2: 1621.8006
t_0 u_0 t_E xi_Omega_node xi_inclination xi_period xi_semimajor_axis xi_argument_of_latitude_reference
2454990.394872548 17.313433493981726 6.278282606788584 379.8925197108221 245.7029292455016 101.31202424605179 4.5474985493807125 184.0290952227004
Fluxes:
1965740.9329996698 -1965719.4975648182
