Mean acceptance fraction: 0.053
Mean autocorrelation time [steps]: 3777.4
Fitted parameters:
t_0 : 2452863.13357 +0.20498 -0.30778
u_0 : 0.05613 +0.00405 -0.00359
t_E : 60.73816 +0.80963 -1.18253
xi_Omega_node : 122.11435 +76.79225 -118.99554
xi_inclination : 250.33480 +81.30151 -79.25221
xi_period : 257.26723 +75.34683 -74.13515
xi_semimajor_axis : 0.05810 +0.02751 -0.02594
xi_argument_of_latitude_reference : 250.08453 +102.40183 -93.32441
Fitted fluxes (source and blending):
flux_s_1 : 103.93523 +2.11415 -2.34939
flux_b_1 : 203.32909 +2.34852 -2.11144
Best model:
chi2: 1828.1685
t_0 u_0 t_E xi_Omega_node xi_inclination xi_period xi_semimajor_axis xi_argument_of_latitude_reference
2452863.2036649967 0.05409796530902208 61.37054464995979 53.209002644040574 246.49281778929316 205.56250397946496 0.05102655405420752 190.86956951365386
Fluxes:
102.6899641631726 204.56452337458492
