Mean acceptance fraction: 0.111
Mean autocorrelation time [steps]: 2223.4
Fitted parameters:
t_0 : 2453726.32572 +0.12502 -0.11310
u_0 : 0.02047 +0.02240 -0.01437
t_E : 99.48094 +0.52390 -0.64413
xi_Omega_node : 222.05212 +91.71226 -138.53921
xi_inclination : 163.66612 +116.60979 -97.95243
xi_period : 53.75559 +1.14712 -0.82572
xi_semimajor_axis : 0.00749 +0.00824 -0.00180
xi_argument_of_latitude_reference : 156.97977 +152.62244 -108.93936
Fitted fluxes (source and blending):
flux_s_1 : 244.79851 +3.35137 -2.78546
flux_b_1 : 67.88017 +2.75683 -3.32168
Best model:
chi2: 2810.4259
t_0 u_0 t_E xi_Omega_node xi_inclination xi_period xi_semimajor_axis xi_argument_of_latitude_reference
2453726.2885348513 0.0226302426353963 99.59610766229743 277.0324195459018 270.2778792696032 53.66501570653263 0.05067355670930046 140.21104780071875
Fluxes:
244.29956683585428 68.36857095914979
