Mean acceptance fraction: 0.063
Mean autocorrelation time [steps]: 4091.7
Fitted parameters:
t_0 : 2453893.06366 +0.43995 -0.13335
u_0 : 0.06992 +0.00097 -0.00069
t_E : 71.81389 +16.08665 -0.93013
xi_Omega_node : 165.33167 +59.98520 -131.69148
xi_inclination : 292.43287 +58.02413 -286.33829
xi_period : 223.26286 +284.42374 -28.36177
xi_semimajor_axis : 0.03397 +0.20778 -0.01070
xi_argument_of_latitude_reference : 81.85669 +157.97237 -39.05465
Fitted fluxes (source and blending):
flux_s_1 : 348.70349 +4.03855 -6.61744
flux_b_1 : 198.45526 +6.05124 -4.02640
Best model:
chi2: 14369.8824
t_0 u_0 t_E xi_Omega_node xi_inclination xi_period xi_semimajor_axis xi_argument_of_latitude_reference
2453894.2000428704 0.06946021504716302 109.27298101479336 235.88738940087654 373.6196245993953 636.8430143889168 0.5306839904645414 27.521844673162885
Fluxes:
339.40202269182646 206.24730349200522
