Mean acceptance fraction: 0.034
Mean autocorrelation time [steps]: 3471.6
Fitted parameters:
t_0 : 2453481.33511 +0.56581 -1.36264
u_0 : 11.09949 +1.57609 -2.41570
t_E : 20.21373 +5.52224 -2.45175
xi_Omega_node : 197.92165 +131.79528 -70.27653
xi_inclination : 149.53323 +107.40995 -89.57626
xi_period : 16.60003 +0.60595 -1.71680
xi_semimajor_axis : 0.05237 +0.03031 -0.02645
xi_argument_of_latitude_reference : 120.53928 +51.03324 -111.72926
Fitted fluxes (source and blending):
flux_s_1 : 3464259.96488 +2353803.56178 -2139406.92425
flux_b_1 : -3463521.01233 +2139407.00000 -2353803.48401
Best model:
chi2: 5354.1179
t_0 u_0 t_E xi_Omega_node xi_inclination xi_period xi_semimajor_axis xi_argument_of_latitude_reference
2453481.834918983 11.6952974524405 18.952352689977786 270.12638314364636 149.5233236523036 0.9926749260368304 0.061755589252897904 -18.358858763709282
Fluxes:
4322677.793105863 -4321938.298726069
