Mean acceptance fraction: 0.041
Mean autocorrelation time [steps]: 3161.1
Fitted parameters:
t_0 : 2454692.93849 +7.14352 -4.22751
u_0 : 10.51933 +3.13095 -2.15348
t_E : 21.75456 +5.66823 -5.02996
xi_Omega_node : 197.11337 +34.97264 -181.34736
xi_inclination : 148.00391 +123.22708 -64.33760
xi_period : 12.04871 +4.47533 -0.18239
xi_semimajor_axis : 0.41932 +0.36955 -0.25892
xi_argument_of_latitude_reference : 129.55382 +183.71240 -115.78630
Fitted fluxes (source and blending):
flux_s_1 : 159854.61675 +284828.84673 -95232.18992
flux_b_1 : -159805.18619 +95232.21642 -284828.84069
Best model:
chi2: 2004.7145
t_0 u_0 t_E xi_Omega_node xi_inclination xi_period xi_semimajor_axis xi_argument_of_latitude_reference
2454690.8107757624 13.11941277478654 16.764672236187575 248.54856230262823 -18.282524128488603 1.0042076770427673 0.379411217171293 297.9269102641056
Fluxes:
380852.1630054971 -380802.68637531454
