Mean acceptance fraction: 0.113
Mean autocorrelation time [steps]: 2249.8
Fitted parameters:
t_0 : 2454692.58447 +0.78891 -0.39708
u_0 : 0.17648 +0.03076 -0.03185
t_E : 52.51661 +4.27481 -5.28283
xi_Omega_node : 220.73604 +28.95172 -170.89539
xi_inclination : 271.77566 +21.48425 -197.65131
xi_period : 9.84093 +2.66655 -0.64683
xi_semimajor_axis : 0.02450 +0.00837 -0.00652
xi_argument_of_latitude_reference : 161.90786 +84.11747 -154.83255
Fitted fluxes (source and blending):
flux_s_1 : 7.65547 +1.58566 -1.00441
flux_b_1 : 22.79197 +1.00083 -1.58309
Best model:
chi2: 3707.8275
t_0 u_0 t_E xi_Omega_node xi_inclination xi_period xi_semimajor_axis xi_argument_of_latitude_reference
2454694.1017804905 0.193816559965047 49.784049798431525 -5.985977838855945 372.9874241840215 84.08055477762095 0.06758960918327606 321.26756654940334
Fluxes:
10.3692066374419 20.074043539308427
