Mean acceptance fraction: 0.064
Mean autocorrelation time [steps]: 3627.9
Fitted parameters:
t_0 : 2454577.10338 +0.03848 -0.03487
u_0 : 0.02412 +0.00043 -0.00029
t_E : 77.08350 +0.96311 -0.74678
xi_Omega_node : 228.43496 +83.93443 -135.60875
xi_inclination : 194.10808 +36.62101 -41.86775
xi_period : 294.80482 +57.64694 -67.04171
xi_semimajor_axis : 0.02472 +0.01102 -0.00749
xi_argument_of_latitude_reference : 136.36655 +153.96478 -74.54288
Fitted fluxes (source and blending):
flux_s_1 : 168.63497 +1.15065 -0.98482
flux_b_1 : 18.74374 +0.99709 -1.13997
Best model:
chi2: 19958.9741
t_0 u_0 t_E xi_Omega_node xi_inclination xi_period xi_semimajor_axis xi_argument_of_latitude_reference
2454577.0548337577 0.024330119039160727 78.62044814577358 236.32221629339438 185.58905167423873 372.39408236308935 0.04287834698886246 102.68878609151375
Fluxes:
168.86855528818288 18.487888579933056
