Mean acceptance fraction: 0.115
Mean autocorrelation time [steps]: 3462.5
Fitted parameters:
t_0 : 2454190.14135 +24.93056 -0.64866
u_0 : 27.04352 +9.34484 -26.70195
t_E : 10.30465 +43.26649 -2.63937
xi_Omega_node : -16.87650 +11.08736 -2.84195
xi_inclination : 379.00969 +0.80239 -84.56721
xi_period : 363.18577 +1925.98585 -1.89323
xi_semimajor_axis : 3.12306 +3.46270 -0.84406
xi_argument_of_latitude_reference : 140.47057 +3.66848 -28.15317
Fitted fluxes (source and blending):
flux_s_1 : 38575990.86144 +87723413.82111 -38575921.64540
flux_b_1 : -38575177.52420 +38575927.27648 -87723413.66433
Best model:
chi2: 4727.9812
t_0 u_0 t_E xi_Omega_node xi_inclination xi_period xi_semimajor_axis xi_argument_of_latitude_reference
2454190.1485843435 35.11314636087012 7.952454333876691 -19.822085436711795 379.99163858346765 361.5045148163978 3.13725047563761 144.94914322196578
Fluxes:
109480872.64071546 -109480059.20146878
