Mean acceptance fraction: 0.049
Mean autocorrelation time [steps]: 3671.4
Fitted parameters:
t_0 : 2453818.77104 +28.95853 -8.27387
u_0 : 0.26550 +0.77488 -0.21730
t_E : 53.36694 +10.91906 -26.71134
xi_Omega_node : 184.75744 +176.80280 -149.53020
xi_inclination : 309.93602 +60.68606 -162.74716
xi_period : 402.96126 +143.97323 -248.93444
xi_semimajor_axis : 1.33265 +0.45614 -0.87983
xi_argument_of_latitude_reference : 175.50234 +53.07928 -163.19223
Fitted fluxes (source and blending):
flux_s_1 : 19.41654 +79.66846 -8.14444
flux_b_1 : 42.94174 +8.13010 -79.62740
Best model:
chi2: 1073.9269
t_0 u_0 t_E xi_Omega_node xi_inclination xi_period xi_semimajor_axis xi_argument_of_latitude_reference
2453822.2862606724 0.18979206378432364 56.945438796769764 148.93942374142537 299.52702757547917 591.967363186592 1.7944445462091456 -2.070248855108801
Fluxes:
8.468113441102474 53.85544948839217
