Mean acceptance fraction: 0.071
Mean autocorrelation time [steps]: 3518.7
Fitted parameters:
t_0 : 2452546.93049 +39.33610 -29.31416
u_0 : 0.49040 +0.73133 -0.25552
t_E : 146.15717 +67.75155 -57.94252
xi_Omega_node : 58.53388 +295.10585 -42.64652
xi_inclination : 239.39172 +55.22796 -104.70136
xi_period : 288.04547 +80.10272 -124.88569
xi_semimajor_axis : 0.18144 +0.20531 -0.07961
xi_argument_of_latitude_reference : 109.54494 +75.67202 -99.28323
Fitted fluxes (source and blending):
flux_s_1 : 17.30594 +75.18461 -10.16603
flux_b_1 : 4.05401 +10.12946 -75.17045
Best model:
chi2: 490.3217
t_0 u_0 t_E xi_Omega_node xi_inclination xi_period xi_semimajor_axis xi_argument_of_latitude_reference
2452608.20418669 0.4704171623132164 135.83437902596148 37.88593181024066 249.66154123331356 385.9078090371572 0.4691261632327651 202.40563700654405
Fluxes:
23.37274967441306 -2.016942084390881
