Mean acceptance fraction: 0.069
Mean autocorrelation time [steps]: 3471.6
Fitted parameters:
t_0 : 2454921.93382 +16.62966 -5.56428
u_0 : 13.59700 +22.82869 -5.88742
t_E : 7.76761 +5.95160 -4.81271
xi_Omega_node : 317.41435 +30.69776 -165.86337
xi_inclination : 253.41331 +18.37377 -84.45130
xi_period : 66.14999 +11.65158 -10.94030
xi_semimajor_axis : 0.98717 +1.06396 -0.61394
xi_argument_of_latitude_reference : 147.46713 +59.49440 -150.04207
Fitted fluxes (source and blending):
flux_s_1 : 382847.34778 +18977535.70319 -339300.00638
flux_b_1 : -382825.88936 +339299.99999 -18977535.69892
Best model:
chi2: 1625.5609
t_0 u_0 t_E xi_Omega_node xi_inclination xi_period xi_semimajor_axis xi_argument_of_latitude_reference
2454977.9763455926 27.098969383597982 4.03861777109191 372.33388807276276 247.07903660745555 104.23507638192035 6.12817093960514 171.02622299387377
Fluxes:
9644693.612089029 -9644672.171106666
