Mean acceptance fraction: 0.051
Mean autocorrelation time [steps]: 3976.5
Fitted parameters:
t_0 : 2453756.53168 +0.39039 -0.49695
u_0 : 0.00500 +0.00194 -0.00152
t_E : 29632.45062 +17550.70764 -7636.61801
xi_Omega_node : 157.76045 +166.00413 -24.53413
xi_inclination : 79.87823 +223.86493 -2.21315
xi_period : 35.61646 +0.10698 -6.97344
xi_semimajor_axis : 0.00029 +0.00025 -0.00008
xi_argument_of_latitude_reference : 162.85272 +125.63909 -58.01736
Fitted fluxes (source and blending):
flux_s_1 : 1.77586 +0.64504 -0.64669
flux_b_1 : 1236.75550 +2.29124 -0.40547
Best model:
chi2: 101096.8721
t_0 u_0 t_E xi_Omega_node xi_inclination xi_period xi_semimajor_axis xi_argument_of_latitude_reference
2453756.4293924873 0.0033324584238001538 45135.97308074126 322.7520195573132 78.02718095313153 51.228396600145544 0.00029128944113036777 280.84692351355375
Fluxes:
1.1842654116420834 1236.3516048862493
