Mean acceptance fraction: 0.135
Mean autocorrelation time [steps]: 3567.2
Fitted parameters:
t_0 : 2454200.61227 +16.80673 -2.45007
u_0 : 2.67401 +7.15034 -1.69876
t_E : 95.52311 +104.61895 -69.98387
xi_Omega_node : 176.02986 +170.23332 -37.09133
xi_inclination : 172.43368 +149.38274 -137.00605
xi_period : 385.01430 +8.39622 -19.65341
xi_semimajor_axis : 0.27679 +0.54312 -0.08967
xi_argument_of_latitude_reference : 132.35011 +26.98138 -150.74633
Fitted fluxes (source and blending):
flux_s_1 : 5784.65506 +724941.47268 -5386.96626
flux_b_1 : -4971.41072 +5386.45625 -724940.85132
Best model:
chi2: 4588.2214
t_0 u_0 t_E xi_Omega_node xi_inclination xi_period xi_semimajor_axis xi_argument_of_latitude_reference
2454200.429894425 0.9624572513056788 202.02032161147716 330.98178688607413 35.18683006414038 389.4297665837031 0.18833456749602134 152.09144990317873
Fluxes:
386.965078280014 425.75374316062266
