Mean acceptance fraction: 0.039
Mean autocorrelation time [steps]: 3579.2
Fitted parameters:
t_0 : 2453725.79844 +0.40986 -0.48730
u_0 : 0.01950 +0.01969 -0.01557
t_E : 99.05561 +0.46890 -0.56566
xi_Omega_node : 179.63589 +123.30150 -103.90811
xi_inclination : 195.41173 +80.02504 -118.38048
xi_period : 6.31924 +0.28373 -4.78210
xi_semimajor_axis : 0.00635 +0.00691 -0.00180
xi_argument_of_latitude_reference : 193.79231 +114.42241 -158.18966
Fitted fluxes (source and blending):
flux_s_1 : 247.12670 +3.34818 -2.40222
flux_b_1 : 65.56814 +2.36439 -3.33883
Best model:
chi2: 2784.1405
t_0 u_0 t_E xi_Omega_node xi_inclination xi_period xi_semimajor_axis xi_argument_of_latitude_reference
2453725.755190869 0.01715434916643915 99.35431433328506 265.574089862212 175.45298177158242 1.0041079417792376 0.005889890274017265 162.0532365541386
Fluxes:
246.67795352553006 65.96441327737341
