Mean acceptance fraction: 0.078
Mean autocorrelation time [steps]: 3330.1
Fitted parameters:
t_0 : 2453224.86541 +10.93149 -6.20377
u_0 : 0.30765 +0.11123 -0.07822
t_E : 191.86152 +24.27612 -25.75749
xi_Omega_node : 136.52897 +82.85284 -121.80283
xi_inclination : 79.87558 +256.84966 -71.63361
xi_period : 745.44554 +511.29159 -181.49688
xi_semimajor_axis : 0.27249 +0.18144 -0.09911
xi_argument_of_latitude_reference : 137.30514 +94.79544 -120.19970
Fitted fluxes (source and blending):
flux_s_1 : 11.76604 +5.99850 -3.42507
flux_b_1 : 0.91465 +3.42968 -6.00580
Best model:
chi2: 2111.6498
t_0 u_0 t_E xi_Omega_node xi_inclination xi_period xi_semimajor_axis xi_argument_of_latitude_reference
2453226.981261979 0.5009623286721052 170.32064575455036 212.8735684724394 46.69795025003911 559.4038862281158 0.287087148557215 16.773915523891063
Fluxes:
22.831915024833847 -10.181363896627579
