Mean acceptance fraction: 0.111
Mean autocorrelation time [steps]: 3752.7
Fitted parameters:
t_0 : 2454219.46466 +1.29296 -5.88282
u_0 : 6.39665 +4.94791 -1.95804
t_E : 48.89702 +20.15098 -21.00600
xi_Omega_node : 147.70735 +7.79483 -12.72995
xi_inclination : 179.49711 +70.87614 -67.48490
xi_period : 147.92841 +2.19875 -2.26255
xi_semimajor_axis : 0.42610 +0.36951 -0.13889
xi_argument_of_latitude_reference : 176.62006 +203.28173 -135.56177
Fitted fluxes (source and blending):
flux_s_1 : 134949.15622 +1123321.60953 -100675.21596
flux_b_1 : -134138.45622 +100675.28774 -1123321.55217
Best model:
chi2: 19177.0024
t_0 u_0 t_E xi_Omega_node xi_inclination xi_period xi_semimajor_axis xi_argument_of_latitude_reference
2454220.616680831 13.043446849691192 24.311702287180335 155.45440468782508 111.86559411761512 145.81490356138966 1.0641015125718027 41.61433459650837
Fluxes:
2181807.3438995644 -2180996.6241230844
