Mean acceptance fraction: 0.167
Mean autocorrelation time [steps]: 1734.5
Fitted parameters:
t_0 : 2454642.42359 +73.95598 -3.90757
u_0 : 0.05424 +0.16036 -0.01401
t_E : 344.55927 +14.13860 -282.48980
xi_Omega_node : 105.85227 +10.85898 -12.24511
xi_inclination : 105.78803 +3.52306 -7.83742
xi_period : 1038.10346 +14.96513 -666.25848
xi_semimajor_axis : 2.92044 +0.03928 -2.70960
xi_argument_of_latitude_reference : 96.53842 +1.58937 -5.94733
Fitted fluxes (source and blending):
flux_s_1 : 185.58276 +6.16305 -5.87415
flux_b_1 : 23.96219 +5.78432 -5.64652
Best model:
chi2: 6283.7575
t_0 u_0 t_E xi_Omega_node xi_inclination xi_period xi_semimajor_axis xi_argument_of_latitude_reference
2454640.1378689217 0.04895788941574135 353.1608007658893 106.02385626340421 105.54703916034136 1049.024904730246 2.945917503990176 96.84427831042522
Fluxes:
185.16384966009517 24.278118301892853
