Mean acceptance fraction: 0.056
Mean autocorrelation time [steps]: 3228.8
Fitted parameters:
t_0 : 2453776.47468 +4.81590 -3.03571
u_0 : 9.40721 +6.09774 -2.04639
t_E : 24.62419 +6.51470 -9.50019
xi_Omega_node : 329.03649 +15.71650 -177.74102
xi_inclination : 263.02486 +17.34580 -166.58231
xi_period : 52.57936 +23.50651 -4.85279
xi_semimajor_axis : 0.19585 +0.16484 -0.07649
xi_argument_of_latitude_reference : 197.40931 +131.81386 -79.26335
Fitted fluxes (source and blending):
flux_s_1 : 385456.95113 +2325852.32541 -235437.67802
flux_b_1 : -385130.96570 +235437.58086 -2325852.33291
Best model:
chi2: 3058.2659
t_0 u_0 t_E xi_Omega_node xi_inclination xi_period xi_semimajor_axis xi_argument_of_latitude_reference
2453784.0275955712 17.967225523805112 13.19435184385995 341.0204279787526 272.62060636199914 53.33314750107335 0.4597170100390604 191.02942081596245
Fluxes:
4716521.544667633 -4716195.62447185
