Mean acceptance fraction: 0.090
Mean autocorrelation time [steps]: 3873.4
Fitted parameters:
t_0 : 2453892.77527 +0.91292 -0.16080
u_0 : 0.06750 +0.00806 -0.00264
t_E : 74.19002 +43.76559 -1.95885
xi_Omega_node : 90.02466 +11.74451 -4.64225
xi_inclination : 260.89781 +60.69587 -164.73760
xi_period : 101.71855 +539.17694 -39.00432
xi_semimajor_axis : 0.03995 +0.74259 -0.03028
xi_argument_of_latitude_reference : 161.10716 +24.26701 -17.71640
Fitted fluxes (source and blending):
flux_s_1 : 335.86120 +5.41626 -17.53593
flux_b_1 : 209.43985 +19.40960 -4.65345
Best model:
chi2: 14064.6381
t_0 u_0 t_E xi_Omega_node xi_inclination xi_period xi_semimajor_axis xi_argument_of_latitude_reference
2453892.7097743424 0.07603604086407417 128.5455402299597 108.20620054110906 320.05211623052213 724.018307040791 0.9091114893828078 136.3774466644421
Fluxes:
337.35361885304206 208.08172665475746
