Mean acceptance fraction: 0.049
Mean autocorrelation time [steps]: 4209.9
Fitted parameters:
t_0 : 2453625.77685 +2.35746 -6.94024
u_0 : 0.57505 +0.56435 -0.18859
t_E : 82.28702 +16.10974 -27.41285
xi_Omega_node : 71.39922 +173.55693 -17.17901
xi_inclination : 114.81366 +141.84272 -38.66488
xi_period : 229.82018 +125.00160 -106.51364
xi_semimajor_axis : 0.14732 +0.10108 -0.06235
xi_argument_of_latitude_reference : 227.92999 +111.34880 -78.20226
Fitted fluxes (source and blending):
flux_s_1 : 242.38975 +640.76717 -100.57114
flux_b_1 : -82.11457 +100.54485 -640.61530
Best model:
chi2: 935.5948
t_0 u_0 t_E xi_Omega_node xi_inclination xi_period xi_semimajor_axis xi_argument_of_latitude_reference
2453624.583788762 0.44257447180671833 108.24402223491374 64.63341332620972 69.28131633534178 607.598365720238 0.4416799868633663 176.25647155932393
Fluxes:
160.62527876788874 -0.525080021978672
