Mean acceptance fraction: 0.052
Mean autocorrelation time [steps]: 3325.5
Fitted parameters:
t_0 : 2454688.44011 +5.46172 -20.78573
u_0 : 0.16467 +0.10586 -0.08925
t_E : 362.90715 +200.43443 -89.26096
xi_Omega_node : 223.32647 +85.50612 -166.51394
xi_inclination : 88.36066 +152.20651 -83.38239
xi_period : 638.59405 +1032.49999 -261.08875
xi_semimajor_axis : 0.11952 +0.36320 -0.08772
xi_argument_of_latitude_reference : 252.61533 +72.82565 -123.38697
Fitted fluxes (source and blending):
flux_s_1 : 8.43497 +6.18940 -5.31601
flux_b_1 : 144.76457 +5.32384 -6.40625
Best model:
chi2: 2314.6478
t_0 u_0 t_E xi_Omega_node xi_inclination xi_period xi_semimajor_axis xi_argument_of_latitude_reference
2454669.084407603 0.27004245047458686 310.03012244454015 230.41264610100967 41.22654952515004 1575.1518187298207 0.5195650689031402 345.57383981089566
Fluxes:
14.419743798607627 138.55566899581854
