Mean acceptance fraction: 0.282
Mean autocorrelation time [steps]: 779.4
Fitted parameters:
t_0 : 2454323.18633 +3.61332 -4.63518
u_0 : 0.67969 +0.06384 -0.04975
t_E : 165.48648 +7.65571 -8.34431
xi_Omega_node : 75.49654 +4.47865 -4.28631
xi_inclination : 283.23192 +5.28250 -4.46623
xi_period : 366.83376 +15.62557 -16.06804
xi_semimajor_axis : 0.21606 +0.01578 -0.01765
xi_argument_of_latitude_reference : 305.19063 +5.99249 -6.67876
Fitted fluxes (source and blending):
flux_s_1 : 110.18241 +19.82317 -13.85828
flux_b_1 : 6.26185 +13.81763 -19.80426
Best model:
chi2: 2927.2399
t_0 u_0 t_E xi_Omega_node xi_inclination xi_period xi_semimajor_axis xi_argument_of_latitude_reference
2454323.925781689 0.6635783801450371 167.75510152507331 75.58349903602802 282.3460275697414 367.61805710691135 0.22118473133431216 305.81498470756463
Fluxes:
105.76290010209827 10.665548654784944
