Mean acceptance fraction: 0.061
Mean autocorrelation time [steps]: 3903.9
Fitted parameters:
t_0 : 2454691.33173 +9.32358 -8.74938
u_0 : 0.05439 +0.21170 -0.02609
t_E : 744.14072 +389.93349 -488.67344
xi_Omega_node : 216.68704 +18.47806 -63.22747
xi_inclination : 119.77451 +135.46787 -93.10684
xi_period : 498.05511 +205.32967 -112.35336
xi_semimajor_axis : 0.06243 +0.04495 -0.02677
xi_argument_of_latitude_reference : 309.16758 +19.15122 -146.71240
Fitted fluxes (source and blending):
flux_s_1 : 2.21339 +10.88175 -0.95443
flux_b_1 : 150.84200 +0.78590 -10.53734
Best model:
chi2: 2314.6203
t_0 u_0 t_E xi_Omega_node xi_inclination xi_period xi_semimajor_axis xi_argument_of_latitude_reference
2454701.9143192163 0.0559443715349176 761.0357039680717 215.22679835852858 240.53714711313722 383.5588282292631 0.07380286209043867 325.6361498419557
Fluxes:
2.2259284859913993 150.79325234515485
