Mean acceptance fraction: 0.054
Mean autocorrelation time [steps]: 3386.2
Fitted parameters:
t_0 : 2454687.36918 +2.28237 -2.68289
u_0 : 12.72098 +4.63310 -5.96382
t_E : 18.72024 +16.11596 -4.96852
xi_Omega_node : 113.31356 +88.19102 -86.26592
xi_inclination : 90.95484 +77.04153 -60.34889
xi_period : 35.27947 +12.97789 -18.85104
xi_semimajor_axis : 0.26303 +0.40243 -0.15097
xi_argument_of_latitude_reference : 110.27880 +183.18779 -40.13762
Fitted fluxes (source and blending):
flux_s_1 : 316097.76663 +778996.49049 -289802.97153
flux_b_1 : -316048.32325 +289802.96991 -778996.48006
Best model:
chi2: 2196.1974
t_0 u_0 t_E xi_Omega_node xi_inclination xi_period xi_semimajor_axis xi_argument_of_latitude_reference
2454682.8584003993 7.186942359593068 32.860456034725296 192.94607103012075 93.45642350171366 48.27667529810581 0.7241967502874348 105.36206581703581
Fluxes:
33375.66484478502 -33326.21706628875
