Mean acceptance fraction: 0.055
Mean autocorrelation time [steps]: 3712.1
Fitted parameters:
t_0 : 2454917.92288 +7.54959 -3.62215
u_0 : 15.73330 +15.48365 -8.30356
t_E : 6.94481 +7.48935 -3.54103
xi_Omega_node : 180.07778 +158.41901 -35.80481
xi_inclination : 247.13202 +45.95342 -149.43257
xi_period : 69.92548 +8.70310 -13.96405
xi_semimajor_axis : 0.72788 +0.78483 -0.45206
xi_argument_of_latitude_reference : 148.86709 +119.21814 -139.08316
Fitted fluxes (source and blending):
flux_s_1 : 741829.79625 +9557358.45959 -704825.56245
flux_b_1 : -741808.37424 +704825.59332 -9557358.42939
Best model:
chi2: 1626.8407
t_0 u_0 t_E xi_Omega_node xi_inclination xi_period xi_semimajor_axis xi_argument_of_latitude_reference
2454925.6465305393 8.20128133019254 13.200855431199386 344.0912356047372 256.7966833233871 55.50411611809656 0.617380397219165 195.89594745266666
Fluxes:
51144.68808539338 -51123.24556735498
