Mean acceptance fraction: 0.091
Mean autocorrelation time [steps]: 3778.0
Fitted parameters:
t_0 : 2454577.05623 +0.01662 -0.06001
u_0 : 0.02235 +0.00039 -0.00070
t_E : 75.70894 +0.53887 -0.50210
xi_Omega_node : 216.14457 +94.76708 -194.80514
xi_inclination : 249.44011 +33.86051 -179.69202
xi_period : 8.44529 +8.37989 -0.80633
xi_semimajor_axis : 0.00042 +0.00419 -0.00010
xi_argument_of_latitude_reference : 332.45855 +41.97028 -258.48564
Fitted fluxes (source and blending):
flux_s_1 : 168.65024 +4.72179 -1.24011
flux_b_1 : 18.74583 +1.20799 -5.35368
Best model:
chi2: 19884.6564
t_0 u_0 t_E xi_Omega_node xi_inclination xi_period xi_semimajor_axis xi_argument_of_latitude_reference
2454577.0564938756 0.022316350049011623 75.79410942167213 303.0966731844143 275.6552139248271 7.610328176967695 0.0003916842719283474 378.45858472212956
Fluxes:
168.33501934603532 19.04975746994057
