Mean acceptance fraction: 0.047
Mean autocorrelation time [steps]: 2623.0
Fitted parameters:
t_0 : 2454145.40563 +0.44404 -0.86176
u_0 : 0.00643 +0.00152 -0.00118
t_E : 559.50832 +92.54888 -87.41329
xi_Omega_node : 294.12245 +8.06778 -175.65112
xi_inclination : 180.88517 +91.41709 -92.23330
xi_period : 7.17227 +0.96443 -0.25708
xi_semimajor_axis : 0.01243 +0.01166 -0.00362
xi_argument_of_latitude_reference : 151.16454 +149.94239 -133.66110
Fitted fluxes (source and blending):
flux_s_1 : 1.49151 +0.32726 -0.24996
flux_b_1 : 15.31209 +0.18931 -0.23066
Best model:
chi2: 3975.3358
t_0 u_0 t_E xi_Omega_node xi_inclination xi_period xi_semimajor_axis xi_argument_of_latitude_reference
2454144.8792051575 0.005693122159042174 578.5682739980294 303.65209128111803 272.55299670966065 8.090665329587205 0.022017485565270514 24.58852585085568
Fluxes:
1.451453818370963 15.2933435173473
