Mean acceptance fraction: 0.063
Mean autocorrelation time [steps]: 3630.5
Fitted parameters:
t_0 : 2453110.53970 +0.46135 -0.96901
u_0 : 0.05199 +0.03406 -0.01714
t_E : 111.54029 +27.46696 -29.98745
xi_Omega_node : 220.14513 +95.68312 -112.04175
xi_inclination : 88.33811 +70.48757 -76.54438
xi_period : 120.69594 +43.92544 -33.49495
xi_semimajor_axis : 0.04474 +0.02897 -0.01974
xi_argument_of_latitude_reference : 179.39228 +99.50958 -132.01854
Fitted fluxes (source and blending):
flux_s_1 : 8.01713 +5.71617 -2.72444
flux_b_1 : 12.95874 +2.72915 -5.67735
Best model:
chi2: 1674.8740
t_0 u_0 t_E xi_Omega_node xi_inclination xi_period xi_semimajor_axis xi_argument_of_latitude_reference
2453109.264336814 0.02302342896007061 164.54584396213593 227.66065335816708 68.73541107275051 165.58823357144286 0.1050513819039946 215.66996050175422
Fluxes:
3.4760027614434463 17.4961079374548
