Mean acceptance fraction: 0.075
Mean autocorrelation time [steps]: 3411.9
Fitted parameters:
t_0 : 2452581.62441 +11.73851 -27.52973
u_0 : 0.20438 +0.25279 -0.11020
t_E : 223.91263 +108.03292 -80.04256
xi_Omega_node : 169.11964 +43.61609 -147.79301
xi_inclination : 198.71626 +74.56882 -96.73625
xi_period : 372.46815 +47.09720 -55.17868
xi_semimajor_axis : 0.14817 +0.10373 -0.04488
xi_argument_of_latitude_reference : 141.12139 +158.09775 -137.37580
Fitted fluxes (source and blending):
flux_s_1 : 6.21665 +10.95903 -3.19849
flux_b_1 : 15.09499 +3.15104 -10.93076
Best model:
chi2: 490.6032
t_0 u_0 t_E xi_Omega_node xi_inclination xi_period xi_semimajor_axis xi_argument_of_latitude_reference
2452598.497389168 0.21600297323789522 220.29235989068496 222.80556830538268 112.37059245536815 388.6765437256942 0.28051479817845415 20.909339735491777
Fluxes:
7.943947049984236 13.342570350415837
