Mean acceptance fraction: 0.064
Mean autocorrelation time [steps]: 4312.9
Fitted parameters:
t_0 : 2453986.63971 +18.37817 -22.18557
u_0 : 2.11459 +5.91306 -1.66628
t_E : 37.97122 +98.46450 -28.27591
xi_Omega_node : 190.41431 +160.74190 -78.02262
xi_inclination : 228.14262 +43.79775 -107.25207
xi_period : 315.73768 +84.26501 -26.85653
xi_semimajor_axis : 2.16144 +6.18034 -1.56980
xi_argument_of_latitude_reference : -7.35106 +206.07498 -12.47154
Fitted fluxes (source and blending):
flux_s_1 : 692.93603 +99359.99598 -669.47908
flux_b_1 : -577.75664 +669.46764 -99359.92376
Best model:
chi2: 4921.2300
t_0 u_0 t_E xi_Omega_node xi_inclination xi_period xi_semimajor_axis xi_argument_of_latitude_reference
2453996.7462026887 12.322800223573157 6.16654185118529 114.34638279266235 230.29942376762273 286.01520319044914 13.254149067064462 -10.960291302398902
Fluxes:
562749.6715513516 -562634.4160099686
