Mean acceptance fraction: 0.048
Mean autocorrelation time [steps]: 3368.8
Fitted parameters:
t_0 : 2454887.99648 +108.97829 -39.81298
u_0 : 13.05309 +11.45117 -6.17417
t_E : 16.58208 +8.51762 -7.95734
xi_Omega_node : 148.65211 +166.10978 -137.24210
xi_inclination : 290.47665 +63.03671 -160.21849
xi_period : 639.84486 +336.82035 -258.96062
xi_semimajor_axis : 3.25523 +4.80298 -2.34634
xi_argument_of_latitude_reference : 152.45150 +150.60476 -149.31010
Fitted fluxes (source and blending):
flux_s_1 : 430695.46146 +5447068.99539 -383209.17510
flux_b_1 : -430616.47899 +383209.19776 -5447069.10916
Best model:
chi2: 1018.3178
t_0 u_0 t_E xi_Omega_node xi_inclination xi_period xi_semimajor_axis xi_argument_of_latitude_reference
2454937.1227827067 15.608255608730088 13.142681528520058 162.17398961081676 157.75656098527415 420.9024629331621 3.117216955427492 287.32369041083314
Fluxes:
934733.4524489873 -934654.5247818365
