Mean acceptance fraction: 0.098
Mean autocorrelation time [steps]: 2343.6
Fitted parameters:
t_0 : 2453857.50182 +0.11005 -0.11470
u_0 : 0.28652 +0.00279 -0.00241
t_E : 151.80798 +0.94145 -1.01279
xi_Omega_node : 177.48616 +174.54299 -10.27660
xi_inclination : 245.51139 +26.37743 -156.43146
xi_period : 13.06427 +0.22499 -0.94613
xi_semimajor_axis : 0.00194 +0.00041 -0.00097
xi_argument_of_latitude_reference : 249.16929 +29.22987 -165.43746
Fitted fluxes (source and blending):
flux_s_1 : 172.28329 +2.13836 -1.75849
flux_b_1 : 141.31193 +1.74324 -2.12921
Best model:
chi2: 6735.9332
t_0 u_0 t_E xi_Omega_node xi_inclination xi_period xi_semimajor_axis xi_argument_of_latitude_reference
2453857.3898949674 0.2992946008171163 148.02540594461445 307.2834247487227 216.5914835480072 1.0049139632447446 0.0009388792962152241 166.16198697426978
Fluxes:
181.48628667313744 132.1467066696297
