Mean acceptance fraction: 0.060
Mean autocorrelation time [steps]: 3466.1
Fitted parameters:
t_0 : 2454917.40065 +4.88266 -3.34974
u_0 : 28.40720 +31.86932 -15.12391
t_E : 3.72036 +4.20902 -2.02525
xi_Omega_node : 149.79845 +130.18229 -70.83688
xi_inclination : 257.22787 +84.38690 -161.56809
xi_period : 72.81486 +6.64537 -9.59120
xi_semimajor_axis : 1.09909 +1.07674 -0.56698
xi_argument_of_latitude_reference : 270.56058 +77.59265 -205.26174
Fitted fluxes (source and blending):
flux_s_1 : 7089832.40211 +135695253.44444 -6745415.34898
flux_b_1 : -7089810.97273 +6745415.38038 -135695253.40466
Best model:
chi2: 1627.4705
t_0 u_0 t_E xi_Omega_node xi_inclination xi_period xi_semimajor_axis xi_argument_of_latitude_reference
2454922.4273874597 16.521862181961865 6.591173497497394 159.93098158634106 107.05240422322514 55.279513248791176 1.0017881101946833 378.9212427443583
Fluxes:
801748.0310768072 -801726.5883472513
