Mean acceptance fraction: 0.051
Mean autocorrelation time [steps]: 3769.9
Fitted parameters:
t_0 : 2454210.39192 +0.48895 -3.08625
u_0 : 24.24886 +8.71815 -8.81739
t_E : 13.09891 +7.48439 -3.51571
xi_Omega_node : 142.09412 +173.15134 -22.24417
xi_inclination : 90.15108 +213.28786 -38.86209
xi_period : 5.33275 +0.25001 -0.59547
xi_semimajor_axis : 0.26567 +0.12241 -0.20289
xi_argument_of_latitude_reference : 157.91035 +135.47897 -114.52124
Fitted fluxes (source and blending):
flux_s_1 : 30271242.66338 +75585156.42613 -25231447.82837
flux_b_1 : -30270432.86832 +25231447.76794 -75585156.44302
Best model:
chi2: 27810.4428
t_0 u_0 t_E xi_Omega_node xi_inclination xi_period xi_semimajor_axis xi_argument_of_latitude_reference
2454210.960583003 37.647083706213174 8.422187274534783 318.3739096800878 288.3965234376635 4.738399705473224 0.3744221717255766 300.3392051375373
Fluxes:
178139100.16959637 -178138290.3330968
