Mean acceptance fraction: 0.186
Mean autocorrelation time [steps]: 3164.5
Fitted parameters:
t_0 : 2453060.30408 +0.69696 -0.86359
u_0 : 16.64100 +6.77189 -6.39033
t_E : 13.86500 +8.55574 -3.99646
xi_Omega_node : 282.61751 +0.43020 -0.43853
xi_inclination : 238.04771 +0.27693 -0.26701
xi_period : 260.64402 +0.38204 -0.68117
xi_semimajor_axis : 4.02184 +1.62495 -1.51861
xi_argument_of_latitude_reference : 196.00787 +0.47324 -0.46108
Fitted fluxes (source and blending):
flux_s_1 : 22317181.24986 +64507420.91565 -19030715.19293
flux_b_1 : -22316781.19813 +19030715.08702 -64507420.94795
Best model:
chi2: 4420.1654
t_0 u_0 t_E xi_Omega_node xi_inclination xi_period xi_semimajor_axis xi_argument_of_latitude_reference
2453060.289167646 26.923058117828372 8.59084108449472 282.83231451435284 237.9501499849898 260.501264306682 6.490546857433631 196.18275425972527
Fluxes:
151678381.5518854 -151677981.52367073
