Mean acceptance fraction: 0.063
Mean autocorrelation time [steps]: 3321.7
Fitted parameters:
t_0 : 2454585.37359 +1.65886 -2.67590
u_0 : 0.37054 +0.28048 -0.16195
t_E : 53.08324 +15.77498 -12.15300
xi_Omega_node : 74.71757 +180.95046 -24.75345
xi_inclination : 235.32783 +96.68903 -205.29839
xi_period : 101.86458 +21.64639 -43.26386
xi_semimajor_axis : 0.08388 +0.08906 -0.02664
xi_argument_of_latitude_reference : 172.83292 +89.14522 -59.60147
Fitted fluxes (source and blending):
flux_s_1 : 30.66330 +41.46498 -15.62414
flux_b_1 : -4.78044 +15.59892 -41.47373
Best model:
chi2: 1100.8831
t_0 u_0 t_E xi_Omega_node xi_inclination xi_period xi_semimajor_axis xi_argument_of_latitude_reference
2454581.2783852294 0.12846747990497479 82.64731835409265 250.14354990923982 237.22068461914353 58.49345103615904 0.06326427679311511 285.61981355402895
Fluxes:
10.73172315852098 15.109258873814158
