Mean acceptance fraction: 0.049
Mean autocorrelation time [steps]: 3860.5
Fitted parameters:
t_0 : 2453477.98394 +14.39917 -11.66816
u_0 : 0.57961 +0.13736 -0.10555
t_E : 60.17727 +6.77991 -5.92921
xi_Omega_node : 188.57735 +11.88450 -19.68223
xi_inclination : 210.15481 +102.18286 -96.06668
xi_period : 447.38152 +49.85018 -51.03311
xi_semimajor_axis : 0.49838 +0.19497 -0.19292
xi_argument_of_latitude_reference : 227.30496 +13.36428 -9.12842
Fitted fluxes (source and blending):
flux_s_1 : 218.86046 +105.14019 -77.95081
flux_b_1 : 46.69414 +77.97387 -105.05067
Best model:
chi2: 857.4260
t_0 u_0 t_E xi_Omega_node xi_inclination xi_period xi_semimajor_axis xi_argument_of_latitude_reference
2453473.0162155274 0.5503828070519986 58.961013871233696 199.19047715099813 116.8813928188485 450.83927771064384 0.5849099843852595 231.32325296492286
Fluxes:
209.8369637106598 55.76643980738084
