Mean acceptance fraction: 0.091
Mean autocorrelation time [steps]: 2791.2
Fitted parameters:
t_0 : 2453756.60962 +0.20160 -10.55809
u_0 : 0.00291 +0.00208 -0.00023
t_E : 40961.83688 +29085.53166 -34624.79036
xi_Omega_node : 168.38592 +5.93993 -62.52607
xi_inclination : 93.65107 +189.74397 -113.63034
xi_period : 177.86736 +19.54013 -18.08788
xi_semimajor_axis : 0.00070 +0.06473 -0.00038
xi_argument_of_latitude_reference : 268.09179 +6.23148 -286.19500
Fitted fluxes (source and blending):
flux_s_1 : 1.46172 +3.99343 -0.60886
flux_b_1 : 1229.01343 +35.59628 -0.45936
Best model:
chi2: 89143.1400
t_0 u_0 t_E xi_Omega_node xi_inclination xi_period xi_semimajor_axis xi_argument_of_latitude_reference
2453746.0292655765 0.002808703779231893 69699.90572251924 170.3552305613958 -19.996851735603386 197.19400505843024 0.0003238595593004412 270.42783888722835
Fluxes:
0.8558148532812757 1228.9250504247839
