Mean acceptance fraction: 0.266
Mean autocorrelation time [steps]: 4208.3
Fitted parameters:
t_0 : 2452700.05704 +1.86224 -15.68279
u_0 : 0.16578 +0.05576 -0.01593
t_E : 189.36239 +10.75596 -59.67791
xi_Omega_node : 132.50482 +3.01517 -58.29626
xi_inclination : 91.78098 +6.46100 -35.15419
xi_period : 45.22407 +297.27891 -2.10017
xi_semimajor_axis : 0.06180 +0.08310 -0.00918
xi_argument_of_latitude_reference : 142.73994 +157.64986 -11.03158
Fitted fluxes (source and blending):
flux_s_1 : 40.18153 +41.99579 -4.17574
flux_b_1 : 100.37137 +4.17008 -41.55861
Best model:
chi2: 457.7606
t_0 u_0 t_E xi_Omega_node xi_inclination xi_period xi_semimajor_axis xi_argument_of_latitude_reference
2452688.4235055074 0.28649685599878566 118.29536247773713 73.4475412151139 76.23597339684741 343.43541758488993 0.24863096930902848 316.63469615203707
Fluxes:
102.5691838964324 38.47361163414558
