Mean acceptance fraction: 0.089
Mean autocorrelation time [steps]: 2686.5
Fitted parameters:
t_0 : 2453483.43944 +1.27438 -2.08456
u_0 : 6.75390 +1.24187 -1.11543
t_E : 32.48220 +6.12584 -4.82374
xi_Omega_node : 154.17452 +30.56771 -151.87423
xi_inclination : 73.32700 +215.38570 -18.69807
xi_period : 386.89937 +5.99755 -7.22863
xi_semimajor_axis : 0.35552 +0.07424 -0.08717
xi_argument_of_latitude_reference : 158.57495 +175.74896 -8.50414
Fitted fluxes (source and blending):
flux_s_1 : 484148.37126 +444942.37129 -240460.66096
flux_b_1 : -483408.85373 +240460.80178 -444942.30991
Best model:
chi2: 2437.1445
t_0 u_0 t_E xi_Omega_node xi_inclination xi_period xi_semimajor_axis xi_argument_of_latitude_reference
2453483.858567527 5.554932578257647 39.16440490252073 183.2796414952993 288.09107104571297 388.45336336470746 0.32004197532241907 333.2978439655592
Fluxes:
230315.11870558976 -229575.4987701206
