Mean acceptance fraction: 0.072
Mean autocorrelation time [steps]: 3117.1
Fitted parameters:
t_0 : 2454208.85597 +6.23515 -13.52701
u_0 : 14.17804 +4.00888 -2.05047
t_E : 22.61457 +3.78760 -4.94000
xi_Omega_node : 179.17676 +5.88232 -74.58680
xi_inclination : 275.84829 +1.85100 -29.93777
xi_period : 25.31880 +0.51203 -2.39113
xi_semimajor_axis : 0.53765 +0.26099 -0.40037
xi_argument_of_latitude_reference : 215.80684 +4.28153 -164.64905
Fitted fluxes (source and blending):
flux_s_1 : 3445223.23679 +5817141.53204 -1581923.82912
flux_b_1 : -3444413.34405 +1581923.81880 -5817141.71456
Best model:
chi2: 27006.2671
t_0 u_0 t_E xi_Omega_node xi_inclination xi_period xi_semimajor_axis xi_argument_of_latitude_reference
2454195.4043800207 20.45294325125415 15.722061193481554 184.54895159453622 276.761214594763 25.81896586136471 1.076185423008137 217.73601217373337
Fluxes:
14767231.392187212 -14766421.496242354
