Mean acceptance fraction: 0.069
Mean autocorrelation time [steps]: 3195.0
Fitted parameters:
t_0 : 2453676.68039 +1.42366 -1.61610
u_0 : 0.03682 +0.00354 -0.00502
t_E : 290.36342 +21.50455 -23.87945
xi_Omega_node : 191.28823 +109.67661 -143.14974
xi_inclination : 238.19402 +49.08140 -145.91500
xi_period : 334.50349 +16.22255 -16.34275
xi_semimajor_axis : 0.03664 +0.01939 -0.01002
xi_argument_of_latitude_reference : 209.23712 +93.54827 -171.50336
Fitted fluxes (source and blending):
flux_s_1 : 10.67103 +1.64937 -1.25415
flux_b_1 : -1.40193 +1.22770 -1.60543
Best model:
chi2: 1841.8822
t_0 u_0 t_E xi_Omega_node xi_inclination xi_period xi_semimajor_axis xi_argument_of_latitude_reference
2453678.8118389514 0.036390659061647984 269.1084650062757 234.4042132206006 269.50154106594243 342.029621046653 0.0641331321304068 43.116700848928474
Fluxes:
12.263581630614084 -2.9650575465388638
