Mean acceptance fraction: 0.053
Mean autocorrelation time [steps]: 3604.6
Fitted parameters:
t_0 : 2454740.52118 +1.46428 -1.50112
u_0 : 0.12122 +0.01253 -0.02090
t_E : 300.34298 +51.43620 -25.61769
xi_Omega_node : 99.64834 +135.77533 -52.76148
xi_inclination : 259.22711 +12.05330 -169.27481
xi_period : 9.31555 +0.48035 -3.17950
xi_semimajor_axis : 0.02235 +0.01013 -0.01466
xi_argument_of_latitude_reference : 240.97531 +67.21489 -129.06236
Fitted fluxes (source and blending):
flux_s_1 : 8.63329 +1.31275 -1.78113
flux_b_1 : 53.57652 +1.73804 -1.27904
Best model:
chi2: 2340.2362
t_0 u_0 t_E xi_Omega_node xi_inclination xi_period xi_semimajor_axis xi_argument_of_latitude_reference
2454740.0079988968 0.12761667339217575 279.38317132529687 30.033733592072878 97.15720075937773 13.106043778102942 0.02184601095921341 241.9269776571398
Fluxes:
9.088982890387319 53.22167197072638
