Mean acceptance fraction: 0.054
Mean autocorrelation time [steps]: 3682.8
Fitted parameters:
t_0 : 2454367.77984 +6.38828 -8.62210
u_0 : 2.71140 +1.80679 -0.99282
t_E : 25.19531 +11.67169 -7.52525
xi_Omega_node : 115.64667 +61.52632 -103.06933
xi_inclination : 303.54426 +51.56607 -270.74348
xi_period : 1052.76023 +503.88543 -615.55852
xi_semimajor_axis : 2.17708 +1.81640 -1.43507
xi_argument_of_latitude_reference : 77.24522 +87.08133 -82.90418
Fitted fluxes (source and blending):
flux_s_1 : 1511.83493 +6766.37338 -1135.24643
flux_b_1 : -1398.72890 +1135.22778 -6766.38116
Best model:
chi2: 2473.9371
t_0 u_0 t_E xi_Omega_node xi_inclination xi_period xi_semimajor_axis xi_argument_of_latitude_reference
2454373.478476163 1.1800767626351918 37.896974644118444 -12.860232369470035 328.4193466469211 1190.718088202179 2.1714841506831872 127.03762743121133
Fluxes:
139.70537543975848 -26.56567802689659
