Mean acceptance fraction: 0.057
Mean autocorrelation time [steps]: 3378.4
Fitted parameters:
t_0 : 2453809.50794 +2.61271 -10.73621
u_0 : 0.36015 +0.20519 -0.16983
t_E : 141.91292 +61.12075 -28.48513
xi_Omega_node : 181.80187 +141.16310 -80.66319
xi_inclination : 271.10117 +84.79982 -167.46158
xi_period : 320.18523 +143.73518 -196.53653
xi_semimajor_axis : 0.07217 +0.02787 -0.02318
xi_argument_of_latitude_reference : 142.47562 +123.97752 -117.81498
Fitted fluxes (source and blending):
flux_s_1 : 34.04863 +34.10497 -18.79776
flux_b_1 : 379.65877 +18.70876 -34.07555
Best model:
chi2: 1211.4923
t_0 u_0 t_E xi_Omega_node xi_inclination xi_period xi_semimajor_axis xi_argument_of_latitude_reference
2453795.1986094364 0.6651487812573849 101.26870030148962 118.9542646034795 102.32562643054699 132.11569594913047 0.10780568961503816 95.1409304463484
Fluxes:
93.86612454547996 319.87677189626527
