Mean acceptance fraction: 0.052
Mean autocorrelation time [steps]: 3861.1
Fitted parameters:
t_0 : 2454741.84121 +1.96401 -2.60430
u_0 : 0.14903 +0.01967 -0.01913
t_E : 269.23141 +25.21309 -22.31848
xi_Omega_node : 205.40842 +32.60159 -176.67411
xi_inclination : 227.75914 +48.90561 -126.51391
xi_period : 13.14068 +0.07870 -7.41333
xi_semimajor_axis : 0.02431 +0.00994 -0.01190
xi_argument_of_latitude_reference : 70.29870 +182.21737 -43.83646
Fitted fluxes (source and blending):
flux_s_1 : 10.24982 +1.56067 -1.32818
flux_b_1 : 51.99642 +1.30342 -1.53398
Best model:
chi2: 1969.8283
t_0 u_0 t_E xi_Omega_node xi_inclination xi_period xi_semimajor_axis xi_argument_of_latitude_reference
2454735.118798779 0.03715421016697331 543.4483491777032 165.56690212054406 361.55895923471735 346.1129308458981 0.0381564636319658 -14.107364394779584
Fluxes:
2.692844333769793 59.40059403267958
