Mean acceptance fraction: 0.037
Mean autocorrelation time [steps]: 2713.6
Fitted parameters:
t_0 : 2454145.44451 +0.26704 -0.12814
u_0 : 0.00670 +0.00242 -0.00175
t_E : 605.13475 +65.91486 -110.02632
xi_Omega_node : 125.26626 +174.26983 -6.35663
xi_inclination : 95.39934 +173.76114 -8.41451
xi_period : 7.15122 +0.87319 -5.17013
xi_semimajor_axis : 0.01165 +0.00377 -0.00218
xi_argument_of_latitude_reference : 179.55495 +189.07769 -25.16634
Fitted fluxes (source and blending):
flux_s_1 : 1.36379 +0.36514 -0.17008
flux_b_1 : 15.38757 +0.15164 -0.27754
Best model:
chi2: 3978.8062
t_0 u_0 t_E xi_Omega_node xi_inclination xi_period xi_semimajor_axis xi_argument_of_latitude_reference
2454145.4212416373 0.004792869812991986 640.0791501028133 117.77943186074344 266.2603535121933 1.9813248897254294 0.014282446443157518 161.73350659251028
Fluxes:
1.2967177356393156 15.415757105047689
