Mean acceptance fraction: 0.087
Mean autocorrelation time [steps]: 2685.6
Fitted parameters:
t_0 : 2452677.98587 +1.10296 -1.41075
u_0 : 0.04432 +0.04951 -0.03120
t_E : 60.50946 +2.75501 -2.34314
xi_Omega_node : 123.49634 +119.15658 -84.18329
xi_inclination : 229.32601 +111.31753 -183.82039
xi_period : 89.73529 +17.61398 -22.10506
xi_semimajor_axis : 0.02870 +0.02496 -0.00806
xi_argument_of_latitude_reference : 164.85725 +155.11131 -126.66656
Fitted fluxes (source and blending):
flux_s_1 : 343.33071 +41.54367 -43.37037
flux_b_1 : -218.41965 +43.37340 -41.53116
Best model:
chi2: 2293.6559
t_0 u_0 t_E xi_Omega_node xi_inclination xi_period xi_semimajor_axis xi_argument_of_latitude_reference
2452685.2732221573 0.007736856637173901 83.71361053802049 180.31296566597254 25.560729466256987 419.46316768904563 0.13212312009703933 304.0785479318067
Fluxes:
118.83904278827232 6.0599538480700685
