Mean acceptance fraction: 0.074
Mean autocorrelation time [steps]: 3336.4
Fitted parameters:
t_0 : 2454681.88091 +10.94022 -15.10240
u_0 : 0.23955 +0.05292 -0.05357
t_E : 295.07595 +40.55155 -50.19876
xi_Omega_node : 233.35279 +96.56666 -151.39157
xi_inclination : 304.57965 +52.89269 -193.72987
xi_period : 815.01535 +1016.47880 -688.21979
xi_semimajor_axis : 0.17201 +0.42362 -0.14296
xi_argument_of_latitude_reference : 268.39661 +76.42133 -116.68865
Fitted fluxes (source and blending):
flux_s_1 : 12.66264 +3.42336 -4.08104
flux_b_1 : 140.47808 +4.35361 -3.53493
Best model:
chi2: 2311.5185
t_0 u_0 t_E xi_Omega_node xi_inclination xi_period xi_semimajor_axis xi_argument_of_latitude_reference
2454673.378377085 0.21463223168179615 357.5172894220036 234.53320390735712 290.3714305747665 1409.0185092317665 0.6392337930172294 348.3565559334678
Fluxes:
10.7663013173286 142.22347112034788
