Mean acceptance fraction: 0.178
Mean autocorrelation time [steps]: 1651.0
Fitted parameters:
t_0 : 2454723.39256 +0.21324 -0.19727
u_0 : 0.39196 +0.06849 -0.05175
t_E : 18.59423 +1.43256 -1.46657
xi_Omega_node : 289.33794 +9.15575 -16.78622
xi_inclination : 103.01164 +15.14468 -13.03693
xi_period : 17.01874 +5.42934 -0.87348
xi_semimajor_axis : 0.06678 +0.01050 -0.01281
xi_argument_of_latitude_reference : 355.84824 +7.46589 -352.07016
Fitted fluxes (source and blending):
flux_s_1 : 59.22412 +14.28246 -10.09444
flux_b_1 : -25.15319 +10.09081 -14.28136
Best model:
chi2: 2185.9316
t_0 u_0 t_E xi_Omega_node xi_inclination xi_period xi_semimajor_axis xi_argument_of_latitude_reference
2454723.360381899 0.41415112475675314 18.139458608234005 293.64404003319686 104.55758124944235 16.613615621668806 0.0710124927260475 359.52034471882547
Fluxes:
63.66313797324041 -29.591798771617466
