Mean acceptance fraction: 0.060
Mean autocorrelation time [steps]: 4176.3
Fitted parameters:
t_0 : 2454743.39252 +5.65646 -3.24949
u_0 : 4.30356 +3.71845 -1.50368
t_E : 31.58283 +14.43617 -13.92785
xi_Omega_node : 270.00230 +79.04342 -51.13228
xi_inclination : 295.62055 +65.15079 -249.25475
xi_period : 282.29208 +12.37413 -38.73448
xi_semimajor_axis : 0.25566 +0.15781 -0.06801
xi_argument_of_latitude_reference : 77.96574 +67.39536 -54.33567
Fitted fluxes (source and blending):
flux_s_1 : 24656.28308 +236033.48866 -19136.05399
flux_b_1 : -24539.33075 +19136.02306 -236033.52236
Best model:
chi2: 1756.2902
t_0 u_0 t_E xi_Omega_node xi_inclination xi_period xi_semimajor_axis xi_argument_of_latitude_reference
2454748.012530641 3.7388738355206796 36.03499155956362 270.4269818740121 287.04541653281007 253.85575260241302 0.28558560587371323 77.13281874203605
Fluxes:
14904.321297438313 -14787.383150432752
