Mean acceptance fraction: 0.063
Mean autocorrelation time [steps]: 4143.0
Fitted parameters:
t_0 : 2453994.25501 +23.39335 -25.62288
u_0 : 2.20583 +3.51838 -2.06938
t_E : 33.92320 +22.74116 -22.79340
xi_Omega_node : 303.53757 +31.87687 -142.60262
xi_inclination : 157.95578 +92.51121 -34.40929
xi_period : 364.75068 +51.42360 -56.16305
xi_semimajor_axis : 2.14042 +5.76737 -0.78441
xi_argument_of_latitude_reference : 140.63402 +18.61158 -82.82587
Fitted fluxes (source and blending):
flux_s_1 : 1525.50061 +51763.84066 -1503.84340
flux_b_1 : -1410.26228 +1503.90680 -51763.86188
Best model:
chi2: 4823.5785
t_0 u_0 t_E xi_Omega_node xi_inclination xi_period xi_semimajor_axis xi_argument_of_latitude_reference
2453980.753738589 0.028495443737240472 46.35427119649822 340.0983688407076 252.70286377093402 415.0061844776076 2.145968039033066 134.79329530501528
Fluxes:
22.08967026320107 93.2635585639874
