Mean acceptance fraction: 0.048
Mean autocorrelation time [steps]: 3641.7
Fitted parameters:
t_0 : 2452905.73800 +4.47260 -5.75254
u_0 : 0.72035 +0.38092 -0.21173
t_E : 58.19444 +11.96166 -14.85135
xi_Omega_node : 68.51953 +285.07359 -62.22267
xi_inclination : 179.99797 +82.95071 -71.56672
xi_period : 337.72159 +529.79438 -21.27243
xi_semimajor_axis : 0.24837 +0.10729 -0.12569
xi_argument_of_latitude_reference : 228.39649 +91.83578 -26.79004
Fitted fluxes (source and blending):
flux_s_1 : 1214.70571 +1715.77813 -529.27005
flux_b_1 : -443.94329 +529.31876 -1715.67405
Best model:
chi2: 2301.1308
t_0 u_0 t_E xi_Omega_node xi_inclination xi_period xi_semimajor_axis xi_argument_of_latitude_reference
2452903.830901539 1.0930722991119795 45.462140889834245 19.867796495889138 275.91028853160003 307.77550082661435 0.23289352068956304 218.94535822785596
Fluxes:
2771.8650111106153 -2001.0192426665715
