Mean acceptance fraction: 0.098
Mean autocorrelation time [steps]: 2206.4
Fitted parameters:
t_0 : 2452676.72055 +1.12170 -0.77110
u_0 : 0.03035 +0.03107 -0.01834
t_E : 59.95536 +1.94809 -1.34246
xi_Omega_node : 165.78676 +134.93361 -103.09285
xi_inclination : 183.35580 +127.27027 -119.83439
xi_period : 16.84427 +1.15200 -1.39109
xi_semimajor_axis : 0.01673 +0.01640 -0.00614
xi_argument_of_latitude_reference : 181.16916 +135.74136 -133.25082
Fitted fluxes (source and blending):
flux_s_1 : 347.82340 +26.04921 -33.24677
flux_b_1 : -222.90386 +33.23262 -26.04651
Best model:
chi2: 2308.0733
t_0 u_0 t_E xi_Omega_node xi_inclination xi_period xi_semimajor_axis xi_argument_of_latitude_reference
2452676.2775674383 0.018937771002033636 59.36731078012522 98.40591031929074 79.35390797270028 17.834740605293526 0.06616952314683786 288.594435357032
Fluxes:
359.00227150011244 -234.08538894159952
