Mean acceptance fraction: 0.144
Mean autocorrelation time [steps]: 1026.0
Fitted parameters:
t_0 : 2454585.66029 +0.43328 -0.30748
u_0 : 0.16156 +0.02481 -0.01802
t_E : 80.06783 +6.75257 -7.53508
xi_Omega_node : 193.76125 +7.01437 -178.38390
xi_inclination : 256.23986 +8.54704 -157.19929
xi_period : 22.88505 +0.51172 -0.65513
xi_semimajor_axis : 0.02030 +0.00245 -0.00300
xi_argument_of_latitude_reference : 226.20262 +12.13422 -174.13630
Fitted fluxes (source and blending):
flux_s_1 : 10.82009 +1.88963 -1.30218
flux_b_1 : 15.02890 +1.28473 -1.87160
Best model:
chi2: 1190.6471
t_0 u_0 t_E xi_Omega_node xi_inclination xi_period xi_semimajor_axis xi_argument_of_latitude_reference
2454585.4385702135 0.15103388889534863 83.6021423566134 17.52774551104532 258.5561379276479 22.997903015988946 0.020888088492783716 47.25967029819616
Fluxes:
10.084981752221426 15.755573022939755
