Mean acceptance fraction: 0.101
Mean autocorrelation time [steps]: 3371.7
Fitted parameters:
t_0 : 2453660.36896 +96.47159 -0.84034
u_0 : 0.00047 +0.00489 -0.00016
t_E : 231746.95258 +117421.86891 -218242.20277
xi_Omega_node : 306.38450 +0.45627 -97.38888
xi_inclination : 256.26555 +0.33666 -11.05098
xi_period : 341.59603 +1.07996 -75.67678
xi_semimajor_axis : 0.00047 +0.01092 -0.00016
xi_argument_of_latitude_reference : 318.01052 +0.85194 -221.07816
Fitted fluxes (source and blending):
flux_s_1 : 0.24850 +3.33314 -0.08335
flux_b_1 : 1229.01645 +18.45540 -0.62815
Best model:
chi2: 7288.2241
t_0 u_0 t_E xi_Omega_node xi_inclination xi_period xi_semimajor_axis xi_argument_of_latitude_reference
2453659.9278346538 0.0002621306334431206 412069.695472555 306.56661377010414 256.3550720003811 341.91967009554463 0.00026372376343774444 318.49145285577157
Fluxes:
0.13978840053807667 1229.0098944118758
