Mean acceptance fraction: 0.224
Mean autocorrelation time [steps]: 34.7
Fitted parameters:
t_0 : 2453485.23567 +0.16523 -0.15523
u_0 : 0.76793 +0.14093 -0.06023
t_E : 168.46443 +7.12351 -12.89812
pi_E_N : 0.05202 +0.00419 -0.01681
pi_E_E : -0.02426 +0.00911 -0.00382
xi_Omega_node : 84.39558 +113.23729 -35.83142
xi_inclination : 180.65774 +34.49219 -34.25629
xi_period : 244.10099 +8.39842 -21.10234
xi_semimajor_axis : 0.02331 +0.00286 -0.00302
xi_argument_of_latitude_reference : 69.89032 +125.69297 -38.73756
Fitted fluxes (source and blending):
flux_s_1 : 756.52761 +290.77979 -103.72894
flux_b_1 : -17.28052 +103.82408 -291.09713
Best model:
chi2: 2451.7297
t_0 u_0 t_E pi_E_N pi_E_E xi_Omega_node xi_inclination xi_period xi_semimajor_axis xi_argument_of_latitude_reference
2453486.172899552 0.6583822599259328 178.39998196827594 0.055563430557738144 -0.03415596720143744 50.58488124461512 122.92011271844433 256.14518024997994 0.030321601801253505 21.64524539166173
Fluxes:
573.7928730354437 165.56862496661182
