Mean acceptance fraction: 0.163
Mean autocorrelation time [steps]: 32.9
Fitted parameters:
t_0 : 2454722.91975 +0.16096 -0.16213
u_0 : -0.31035 +0.04010 -0.04560
t_E : 22.08735 +1.78654 -1.81195
pi_E_N : 0.00028 +0.02649 -0.02487
pi_E_E : -0.00304 +0.02290 -0.03399
xi_Omega_node : 144.49822 +138.69877 -67.85013
xi_inclination : 142.04295 +191.91739 -135.64744
xi_period : 8.97694 +1.73405 -3.76457
xi_semimajor_axis : 0.02375 +0.00696 -0.01168
xi_argument_of_latitude_reference : 258.37148 +71.24246 -144.72152
Fitted fluxes (source and blending):
flux_s_1 : 38.05843 +7.53736 -5.39785
flux_b_1 : -4.00004 +5.39375 -7.52884
Best model:
chi2: 2196.3668
t_0 u_0 t_E pi_E_N pi_E_E xi_Omega_node xi_inclination xi_period xi_semimajor_axis xi_argument_of_latitude_reference
2454723.410322648 -0.28914960398373873 22.090300574011586 0.07123216518580018 -0.09158754044712734 75.51068769167406 261.93883141410964 18.018606303362986 0.047819844672765746 364.3476486866146
Fluxes:
39.51035330782013 -5.448623410888905
