Mean acceptance fraction: 0.171
Mean autocorrelation time [steps]: 33.5
Fitted parameters:
t_0 : 2454723.02543 +0.24753 -0.12972
u_0 : -0.29944 +0.03648 -0.04198
t_E : 21.89192 +1.51939 -1.52950
pi_E_N : 0.00203 +0.01728 -0.01603
pi_E_E : -0.00352 +0.01560 -0.02914
xi_Omega_node : 248.54821 +42.20151 -153.06025
xi_inclination : 283.80401 +44.93891 -238.07992
xi_period : 10.46255 +1.92539 -1.17407
xi_semimajor_axis : 0.03048 +0.00797 -0.00596
xi_argument_of_latitude_reference : 176.08420 +130.87041 -64.99715
Fitted fluxes (source and blending):
flux_s_1 : 38.47725 +6.43350 -4.91253
flux_b_1 : -4.41421 +4.90622 -6.42626
Best model:
chi2: 2186.1680
t_0 u_0 t_E pi_E_N pi_E_E xi_Omega_node xi_inclination xi_period xi_semimajor_axis xi_argument_of_latitude_reference
2454723.3690798655 -0.28761138741902853 21.95922197545016 0.02133420667337933 -0.21433723792165196 249.34732176538625 280.34308663053605 15.778576926979675 0.053800429050477515 186.61979783091934
Fluxes:
40.0598041623539 -5.993976529721542
