Mean acceptance fraction: 0.079
Mean autocorrelation time [steps]: nan
Fitted parameters:
t_0 : 2454577.08485 +0.03766 -0.02205
u_0 : -0.02325 +0.00222 -0.00229
t_E : 74.93527 +4.67205 -7.57758
pi_E_N : 0.00063 +0.00488 -0.00523
pi_E_E : -0.00002 +0.00483 -0.00465
xi_Omega_node : 158.99908 +98.39104 -49.86510
xi_inclination : 219.65328 +81.29028 -164.61790
xi_period : 5.24179 +0.49094 -0.36009
xi_semimajor_axis : 0.00101 +0.01678 -0.00076
xi_argument_of_latitude_reference : 191.70552 +50.69570 -100.18996
Fitted fluxes (source and blending):
flux_s_1 : 171.15053 +22.33991 -11.37971
flux_b_1 : 16.26930 +11.10539 -21.87172
Best model:
chi2: 19697.2324
t_0 u_0 t_E pi_E_N pi_E_E xi_Omega_node xi_inclination xi_period xi_semimajor_axis xi_argument_of_latitude_reference
2454577.093772662 -0.02301903408704739 75.49135660481552 0.0036453123954965925 -0.02379534501573216 118.56848750104228 233.51859656361748 3.902977141220866 0.000119878128906106 226.81745419223776
Fluxes:
169.16716697227196 18.21834962900841
