Mean acceptance fraction: 0.204
Mean autocorrelation time [steps]: 33.7
Fitted parameters:
t_0 : 2454736.87538 +0.75639 -2.48718
u_0 : -1.03926 +0.24903 -0.22380
t_E : 91.32610 +16.17536 -10.79993
pi_E_N : 0.06521 +0.06128 -0.06445
pi_E_E : -0.14040 +0.04200 -0.04903
xi_Omega_node : 160.29454 +117.40308 -99.79592
xi_inclination : 163.23796 +92.13150 -83.42418
xi_period : 6.13407 +3.66146 -2.52305
xi_semimajor_axis : 0.00408 +0.00496 -0.00282
xi_argument_of_latitude_reference : 182.53459 +101.69621 -108.82252
Fitted fluxes (source and blending):
flux_s_1 : 391.42675 +211.44599 -163.81160
flux_b_1 : -274.52264 +163.63995 -211.36328
Best model:
chi2: 2038.1191
t_0 u_0 t_E pi_E_N pi_E_E xi_Omega_node xi_inclination xi_period xi_semimajor_axis xi_argument_of_latitude_reference
2454721.0275555383 -1.5298901884440341 79.62432124342484 -0.0761546133723664 -0.33109617289650706 218.38731324311175 29.39352197281488 10.908144844961667 0.002626633889557196 253.44366900873985
Fluxes:
962.3960991919874 -845.4283831703864
