Mean acceptance fraction: 0.086
Mean autocorrelation time [steps]: 421.0
Fitted parameters:
t_0 : 2452362.21149 +13.27909 -7.97256
u_0 : 0.04902 +0.03631 -0.02353
t_E : 211.73214 +33.59485 -26.29375
pi_E_N : -0.02358 +0.08331 -0.09047
pi_E_E : -0.22142 +0.05808 -0.06611
xi_Omega_node : 167.59650 +161.51340 -43.57132
xi_inclination : 167.26793 +97.30970 -74.15092
xi_period : 158.23135 +11.52684 -15.19519
xi_semimajor_axis : 0.15257 +0.07113 -0.03756
xi_argument_of_latitude_reference : 181.21692 +167.18469 -14.08371
Fitted fluxes (source and blending):
flux_s_1 : 3.56812 +0.92358 -0.76381
flux_b_1 : 44.83203 +0.75938 -0.92151
Best model:
chi2: 1088.3002
t_0 u_0 t_E pi_E_N pi_E_E xi_Omega_node xi_inclination xi_period xi_semimajor_axis xi_argument_of_latitude_reference
2452386.6837697905 0.13336904534177443 186.15635215390304 0.0661699620414439 -0.35343405411206874 158.17410153396958 266.98238679301204 170.71639067599742 0.3114461178017386 181.46118865247664
Fluxes:
3.4798820403330564 44.927061138026225
