Mean acceptance fraction: 0.125
Mean autocorrelation time [steps]: 456.0
Fitted parameters:
t_0 : 2454243.05690 +22.37923 -24.83870
u_0 : 0.53547 +0.07443 -0.08348
t_E : 234.85877 +10.88784 -14.50987
pi_E_N : 0.17160 +0.03208 -0.04864
pi_E_E : -0.11273 +0.04692 -0.06259
xi_Omega_node : 265.43486 +19.65450 -15.38922
xi_inclination : 134.43126 +112.64913 -44.72970
xi_period : 269.97626 +9.19235 -5.74270
xi_semimajor_axis : 0.06700 +0.02649 -0.01211
xi_argument_of_latitude_reference : 115.32923 +75.35759 -31.95347
Fitted fluxes (source and blending):
flux_s_1 : 167.65768 +46.26777 -36.94664
flux_b_1 : 644.95436 +36.84691 -45.97771
Best model:
chi2: 4597.6679
t_0 u_0 t_E pi_E_N pi_E_E xi_Omega_node xi_inclination xi_period xi_semimajor_axis xi_argument_of_latitude_reference
2454206.1625952194 0.681560442441795 212.9554664569339 0.07210425042032755 -0.057891992934257445 291.7750724058086 14.402663444627487 394.5117470259881 0.10095569524634179 185.19816137585158
Fluxes:
252.47797042467909 560.2111350163424
