Mean acceptance fraction: 0.085
Mean autocorrelation time [steps]: nan
Fitted parameters:
t_0 : 2454577.08223 +0.03522 -0.03791
u_0 : -0.02298 +0.00126 -0.00083
t_E : 75.61723 +1.66970 -1.54494
pi_E_N : 0.00002 +0.00525 -0.00428
pi_E_E : -0.00302 +0.00480 -0.00587
xi_Omega_node : 218.02701 +82.02297 -116.16078
xi_inclination : 190.43698 +70.67039 -94.38889
xi_period : 159.65479 +11.45498 -10.45905
xi_semimajor_axis : 0.00739 +0.01261 -0.00465
xi_argument_of_latitude_reference : 173.34241 +75.11386 -67.57788
Fitted fluxes (source and blending):
flux_s_1 : 170.20384 +4.24637 -5.45101
flux_b_1 : 17.17248 +5.40190 -4.10092
Best model:
chi2: 19960.8554
t_0 u_0 t_E pi_E_N pi_E_E xi_Omega_node xi_inclination xi_period xi_semimajor_axis xi_argument_of_latitude_reference
2454577.10185189 -0.02282274667211658 75.85873408169331 0.025243895771545188 -0.03487488384802143 248.02674774812573 168.08442483861944 242.47913230011034 0.0010510467244085801 227.11122561929028
Fluxes:
168.19242389637841 19.18853650901525
