Mean acceptance fraction: 0.184
Mean autocorrelation time [steps]: 31.7
Fitted parameters:
t_0 : 2454212.09781 +0.13845 -0.13601
u_0 : -0.84137 +0.10553 -0.32761
t_E : 211.85923 +17.33562 -26.13379
pi_E_N : -0.02929 +0.01782 -0.00906
pi_E_E : -0.01876 +0.01825 -0.01932
xi_Omega_node : 97.41165 +162.33431 -58.35147
xi_inclination : 180.32692 +13.52744 -17.61527
xi_period : 395.24496 +10.00671 -12.18627
xi_semimajor_axis : 0.12948 +0.01057 -0.01573
xi_argument_of_latitude_reference : 170.45067 +62.19036 -134.10665
Fitted fluxes (source and blending):
flux_s_1 : 296.76059 +315.30955 -66.12265
flux_b_1 : 515.17099 +66.55402 -316.63909
Best model:
chi2: 4584.0995
t_0 u_0 t_E pi_E_N pi_E_E xi_Omega_node xi_inclination xi_period xi_semimajor_axis xi_argument_of_latitude_reference
2454211.8037244724 -0.824196192900171 207.773991860498 -0.03861225113792326 -0.0318212728343977 19.317339917842062 156.84582304701414 389.90271005666244 0.1376312718480197 140.7946210493687
Fluxes:
283.0789040937152 529.5540701856149
