Mean acceptance fraction: 0.141
Mean autocorrelation time [steps]: nan
Fitted parameters:
t_0 : 2452345.85567 +0.17123 -0.18580
u_0 : 0.10752 +0.02498 -0.02169
t_E : 137.42122 +24.24279 -20.75307
pi_E_N : 0.00336 +0.04168 -0.01751
pi_E_E : -0.01514 +0.01806 -0.06455
xi_Omega_node : 130.17293 +150.12607 -78.09474
xi_inclination : 184.26227 +177.35668 -167.26989
xi_period : 50.01365 +12.90963 -20.95490
xi_semimajor_axis : 0.05223 +0.01513 -0.01555
xi_argument_of_latitude_reference : 208.86274 +83.75558 -122.83325
Fitted fluxes (source and blending):
flux_s_1 : 10.44827 +2.78937 -2.24120
flux_b_1 : 37.92073 +2.23224 -2.78137
Best model:
chi2: 1171.5835
t_0 u_0 t_E pi_E_N pi_E_E xi_Omega_node xi_inclination xi_period xi_semimajor_axis xi_argument_of_latitude_reference
2452346.2906896826 0.1369711286254223 132.95024511371707 0.054891907274418186 -0.2446044813372259 154.8678261821036 360.41935952654694 61.08764504367672 0.07611743874449864 149.67404176572484
Fluxes:
13.65629730202552 34.73170354880439
