Mean acceptance fraction: 0.267
Mean autocorrelation time [steps]: 32.5
Fitted parameters:
t_0 : 2454215.35298 +25.93368 -3.41200
u_0 : -1.37676 +0.21012 -0.17529
t_E : 135.81680 +19.04475 -7.45276
pi_E_N : -0.23786 +0.12750 -0.02699
pi_E_E : -0.00984 +0.03114 -0.12146
xi_Omega_node : 176.01498 +45.18595 -48.44583
xi_inclination : 177.82566 +70.87472 -71.80393
xi_period : 18.97826 +44.60005 -11.04309
xi_semimajor_axis : 0.00963 +0.00917 -0.00473
xi_argument_of_latitude_reference : 183.34235 +50.88031 -48.47938
Fitted fluxes (source and blending):
flux_s_1 : 948.50260 +337.58836 -324.06960
flux_b_1 : -135.54933 +325.00010 -337.95003
Best model:
chi2: 5388.1136
t_0 u_0 t_E pi_E_N pi_E_E xi_Omega_node xi_inclination xi_period xi_semimajor_axis xi_argument_of_latitude_reference
2454248.113241724 -1.0332042880290921 138.57165192052489 -0.22422119831880566 -0.15893065528481226 187.50280431735834 296.2529687907496 129.04277364327746 0.02745223151864634 41.10462009451696
Fluxes:
471.65219050421643 342.4620354945929
