Mean acceptance fraction: 0.267
Mean autocorrelation time [steps]: 30.2
Fitted parameters:
t_0 : 2454723.15760 +0.18293 -0.17693
u_0 : -0.33581 +0.05129 -0.05707
t_E : 20.40868 +2.11305 -1.80822
pi_E_N : -0.00176 +0.08728 -0.13441
pi_E_E : -0.01770 +0.04406 -0.20081
xi_Omega_node : 190.15694 +126.84338 -96.64698
xi_inclination : 182.22918 +37.20463 -37.74039
xi_period : 24.44072 +2.84344 -1.95711
xi_semimajor_axis : 0.04579 +0.00911 -0.00770
xi_argument_of_latitude_reference : 141.11019 +128.37099 -96.86615
Fitted fluxes (source and blending):
flux_s_1 : 46.55187 +11.22833 -9.01960
flux_b_1 : -12.48800 +9.02112 -11.21937
Best model:
chi2: 2184.9641
t_0 u_0 t_E pi_E_N pi_E_E xi_Omega_node xi_inclination xi_period xi_semimajor_axis xi_argument_of_latitude_reference
2454723.155373236 -0.29326923126427656 21.933729173226588 0.40139325918001445 -0.3321531241066774 248.97897227234859 87.0168611536669 16.481800222040057 0.047356062635074435 182.42413150089524
Fluxes:
39.59880106122202 -5.532204649204985
