Mean acceptance fraction: 0.145
Mean autocorrelation time [steps]: 34.3
Fitted parameters:
t_0 : 2454212.38867 +0.29723 -0.23219
u_0 : 0.99739 +0.24391 -0.22629
t_E : 202.90893 +33.64087 -25.89052
pi_E_N : 0.02930 +0.06341 -0.01609
pi_E_E : -0.02302 +0.01436 -0.01557
xi_Omega_node : 258.92907 +34.97073 -136.21071
xi_inclination : 195.50723 +159.81941 -172.64751
xi_period : 360.17943 +37.58616 -111.25107
xi_semimajor_axis : 0.09182 +0.03347 -0.01880
xi_argument_of_latitude_reference : 189.55551 +35.25062 -119.16097
Fitted fluxes (source and blending):
flux_s_1 : 431.85390 +287.57434 -174.52064
flux_b_1 : 379.23568 +174.68001 -288.30130
Best model:
chi2: 4583.6295
t_0 u_0 t_E pi_E_N pi_E_E xi_Omega_node xi_inclination xi_period xi_semimajor_axis xi_argument_of_latitude_reference
2454212.766550891 0.8464450387759815 204.54268822184514 0.026596660273500116 -0.04196699241879119 286.2108146715606 341.0987808195279 391.3205835458768 0.14299114021141446 191.61080626900448
Fluxes:
297.5650907598717 515.1905439634199
