Mean acceptance fraction: 0.255
Mean autocorrelation time [steps]: 32.1
Fitted parameters:
t_0 : 2454732.88886 +4.46769 -4.29550
u_0 : 0.69433 +0.12596 -0.08249
t_E : 118.15623 +8.68710 -11.00203
pi_E_N : -0.07507 +0.04782 -0.04865
pi_E_E : -0.13033 +0.04052 -0.01968
xi_Omega_node : 223.26950 +66.70146 -122.63678
xi_inclination : 184.66439 +74.71055 -52.74395
xi_period : 60.19328 +49.12435 -45.36582
xi_semimajor_axis : 0.00517 +0.00438 -0.00307
xi_argument_of_latitude_reference : 151.59940 +127.14435 -69.69953
Fitted fluxes (source and blending):
flux_s_1 : 175.47483 +65.26122 -34.54190
flux_b_1 : -58.57771 +34.58316 -65.27355
Best model:
chi2: 1764.9311
t_0 u_0 t_E pi_E_N pi_E_E xi_Omega_node xi_inclination xi_period xi_semimajor_axis xi_argument_of_latitude_reference
2454724.124715958 0.7552903070698787 118.10678942951303 0.011597528685695233 -0.1621396887684242 295.9625789283403 208.13291204511285 129.47364371607333 0.011629381481538388 96.965344076663
Fluxes:
203.33582381639408 -86.48891359190306
