Mean acceptance fraction: 0.197
Mean autocorrelation time [steps]: 33.9
Fitted parameters:
t_0 : 2454212.14060 +0.20207 -0.17949
u_0 : -1.22627 +0.19832 -0.16744
t_E : 158.25677 +16.04196 -15.27145
pi_E_N : -0.12783 +0.03508 -0.01780
pi_E_E : -0.04782 +0.02728 -0.01852
xi_Omega_node : 115.58602 +56.13769 -28.52742
xi_inclination : 291.33351 +69.97166 -274.81755
xi_period : 235.24610 +6.74083 -94.75964
xi_semimajor_axis : 0.07193 +0.01387 -0.03943
xi_argument_of_latitude_reference : 202.05134 +28.39307 -30.80018
Fitted fluxes (source and blending):
flux_s_1 : 682.28605 +254.91439 -227.78589
flux_b_1 : 129.57066 +228.51375 -255.26830
Best model:
chi2: 4955.2711
t_0 u_0 t_E pi_E_N pi_E_E xi_Omega_node xi_inclination xi_period xi_semimajor_axis xi_argument_of_latitude_reference
2454212.68989735 -1.0330529527292462 162.18204994638836 -0.13209681166107162 -0.06548402390709136 71.47152840394058 319.9577346670052 243.4019597358107 0.09478149410553836 232.66089517813418
Fluxes:
449.66273034903605 363.699306251941
