Mean acceptance fraction: 0.220
Mean autocorrelation time [steps]: 32.2
Fitted parameters:
t_0 : 2454737.35608 +0.45396 -2.42074
u_0 : 0.59716 +0.12513 -0.06120
t_E : 126.74586 +8.56783 -13.13057
pi_E_N : -0.14412 +0.06443 -0.02560
pi_E_E : -0.10603 +0.01974 -0.01433
xi_Omega_node : 254.75687 +58.91609 -74.17811
xi_inclination : 148.05727 +45.22409 -69.72131
xi_period : 12.05832 +1.51847 -5.62014
xi_semimajor_axis : 0.00591 +0.00326 -0.00381
xi_argument_of_latitude_reference : 120.16371 +78.37080 -60.77764
Fitted fluxes (source and blending):
flux_s_1 : 136.32951 +54.44666 -22.45399
flux_b_1 : -19.40443 +22.49354 -54.48781
Best model:
chi2: 1852.9850
t_0 u_0 t_E pi_E_N pi_E_E xi_Omega_node xi_inclination xi_period xi_semimajor_axis xi_argument_of_latitude_reference
2454726.03009567 0.44620974217935205 156.19980175201658 -0.09534415748941119 -0.13054899068343112 263.3198702070029 42.69928196512136 70.24927560575334 0.0027655291137043975 283.4645880536036
Fluxes:
85.14382114464189 31.70497051636927
