Mean acceptance fraction: 0.250
Mean autocorrelation time [steps]: 32.6
Fitted parameters:
t_0 : 2453487.84652 +8.66033 -2.35973
u_0 : 1.04152 +0.09408 -0.12384
t_E : 143.40866 +7.42054 -9.09443
pi_E_N : 0.06020 +0.01589 -0.01315
pi_E_E : -0.01580 +0.01069 -0.02812
xi_Omega_node : 192.12390 +51.53569 -43.69118
xi_inclination : 187.04046 +72.55933 -80.34156
xi_period : 10.53397 +5.78631 -2.42212
xi_semimajor_axis : 0.00333 +0.00248 -0.00198
xi_argument_of_latitude_reference : 183.06399 +47.17298 -56.33202
Fitted fluxes (source and blending):
flux_s_1 : 1391.56979 +285.70773 -327.47627
flux_b_1 : -652.20457 +327.93645 -285.27345
Best model:
chi2: 2509.6624
t_0 u_0 t_E pi_E_N pi_E_E xi_Omega_node xi_inclination xi_period xi_semimajor_axis xi_argument_of_latitude_reference
2453497.3666802426 0.858219121964821 152.48739782334488 0.07578145077307795 -0.04593960316990757 116.19299514604148 269.4188603809845 21.38178989391652 0.0013570786305697397 130.30164564629538
Fluxes:
935.6905799933454 -196.03763042888016
