Mean acceptance fraction: 0.204
Mean autocorrelation time [steps]: 32.8
Fitted parameters:
t_0 : 2454738.03862 +0.21608 -0.34524
u_0 : -0.70112 +0.09044 -0.09933
t_E : 118.92993 +9.77493 -8.70318
pi_E_N : 0.00786 +0.03624 -0.01943
pi_E_E : -0.04063 +0.02626 -0.04513
xi_Omega_node : 84.51298 +82.92889 -30.61639
xi_inclination : 181.22264 +119.41765 -29.42630
xi_period : 234.10724 +86.45135 -86.73472
xi_semimajor_axis : 0.05274 +0.03130 -0.02324
xi_argument_of_latitude_reference : 120.94978 +63.26233 -31.86198
Fitted fluxes (source and blending):
flux_s_1 : 174.89104 +47.70809 -36.97037
flux_b_1 : -58.07556 +36.97280 -47.68042
Best model:
chi2: 1748.4505
t_0 u_0 t_E pi_E_N pi_E_E xi_Omega_node xi_inclination xi_period xi_semimajor_axis xi_argument_of_latitude_reference
2454737.305001024 -0.6893660929898139 112.93973994394884 0.09040383237876473 -0.014158773203054874 171.88764648043002 178.91581842438686 334.99432529845194 0.08818597424079991 171.84991377799136
Fluxes:
167.99256607492822 -51.08865174320782
