Mean acceptance fraction: 0.130
Mean autocorrelation time [steps]: 33.6
Fitted parameters:
t_0 : 2452345.85397 +0.16352 -0.14786
u_0 : -0.08415 +0.02111 -0.02097
t_E : 120.47019 +28.64096 -19.17391
pi_E_N : 0.00146 +0.01907 -0.01695
pi_E_E : -0.00476 +0.01252 -0.02299
xi_Omega_node : 243.96753 +15.26265 -175.33962
xi_inclination : 172.52712 +103.68926 -87.56612
xi_period : 13.51508 +0.51294 -1.08099
xi_semimajor_axis : 0.07089 +0.03317 -0.03165
xi_argument_of_latitude_reference : 169.82821 +157.90292 -25.16726
Fitted fluxes (source and blending):
flux_s_1 : 12.95628 +4.26210 -3.80221
flux_b_1 : 35.41333 +3.80392 -4.25634
Best model:
chi2: 1166.3536
t_0 u_0 t_E pi_E_N pi_E_E xi_Omega_node xi_inclination xi_period xi_semimajor_axis xi_argument_of_latitude_reference
2452347.3716062 -0.07559932635214046 90.54476569386676 -0.05167796076117681 -0.28982036110823234 259.31438032818494 86.43580469579439 13.439062336952194 0.18336140077388038 148.31747517450808
Fluxes:
27.471464718906475 20.937914360213878
