Mean acceptance fraction: 0.238
Mean autocorrelation time [steps]: 35.8
Fitted parameters:
t_0 : 2453486.40238 +1.64114 -1.03719
u_0 : -1.02600 +0.06933 -0.06721
t_E : 140.37362 +5.92131 -5.75641
pi_E_N : -0.05456 +0.00835 -0.00581
pi_E_E : -0.02227 +0.01191 -0.01525
xi_Omega_node : 179.38300 +58.76556 -40.13221
xi_inclination : 155.73513 +170.01147 -145.05119
xi_period : 138.36508 +53.67852 -69.25062
xi_semimajor_axis : 0.01128 +0.00480 -0.00689
xi_argument_of_latitude_reference : 175.31635 +48.89155 -49.72578
Fitted fluxes (source and blending):
flux_s_1 : 1345.29020 +207.61624 -185.60025
flux_b_1 : -605.84817 +185.71313 -207.52034
Best model:
chi2: 2540.8380
t_0 u_0 t_E pi_E_N pi_E_E xi_Omega_node xi_inclination xi_period xi_semimajor_axis xi_argument_of_latitude_reference
2453490.842006824 -0.9770636684766583 136.0367973782755 -0.06280322477223274 -0.056437345512872425 153.7831360268434 64.78377036949114 166.3001815894821 0.014600893996267688 186.1488815552711
Fluxes:
1207.1176771457651 -467.4181396230083
