Mean acceptance fraction: 0.168
Mean autocorrelation time [steps]: 34.4
Fitted parameters:
t_0 : 2452345.82913 +0.17506 -0.18217
u_0 : 0.04782 +0.02842 -0.01968
t_E : 167.27296 +34.46442 -30.84710
pi_E_N : 0.00165 +0.02397 -0.04013
pi_E_E : -0.00533 +0.01783 -0.03139
xi_Omega_node : 196.75552 +16.75973 -16.13674
xi_inclination : 271.02509 +25.10390 -205.24734
xi_period : 130.66382 +21.29577 -24.17953
xi_semimajor_axis : 0.09085 +0.02686 -0.02847
xi_argument_of_latitude_reference : 181.00624 +19.84581 -22.14879
Fitted fluxes (source and blending):
flux_s_1 : 4.50549 +2.67081 -1.64209
flux_b_1 : 43.88264 +1.65052 -2.66746
Best model:
chi2: 1126.1757
t_0 u_0 t_E pi_E_N pi_E_E xi_Omega_node xi_inclination xi_period xi_semimajor_axis xi_argument_of_latitude_reference
2452344.2529013543 0.03241314241518934 212.08920598059578 0.04740814496912575 -0.19874626940123605 190.5186349933223 266.4884677826359 144.30596492827868 0.13142849446379118 176.83419378099805
Fluxes:
3.530058095021634 44.87620238230707
