Mean acceptance fraction: 0.299
Mean autocorrelation time [steps]: 32.2
Fitted parameters:
t_0 : 2454211.09699 +1.03180 -0.73531
u_0 : 1.21048 +0.26192 -0.32499
t_E : 179.35446 +19.69563 -18.61777
pi_E_N : 0.15679 +0.04060 -0.02572
pi_E_E : 0.00255 +0.03571 -0.04537
xi_Omega_node : 213.49139 +62.74139 -70.97868
xi_inclination : 177.31466 +26.20284 -16.05309
xi_period : 239.87515 +7.44183 -121.03821
xi_semimajor_axis : 0.05831 +0.01966 -0.03940
xi_argument_of_latitude_reference : 177.36591 +51.55093 -60.24913
Fitted fluxes (source and blending):
flux_s_1 : 657.09777 +422.44070 -329.72158
flux_b_1 : 155.87425 +330.19324 -423.02440
Best model:
chi2: 4806.3569
t_0 u_0 t_E pi_E_N pi_E_E xi_Omega_node xi_inclination xi_period xi_semimajor_axis xi_argument_of_latitude_reference
2454226.900839916 0.7990142925000004 205.203356588493 0.14539397268063906 -0.06849239920624439 258.6917658423121 197.8927126786135 247.1942375312701 0.06236556886275823 194.099508856663
Fluxes:
270.42226608561066 542.7640220104826
