Mean acceptance fraction: 0.282
Mean autocorrelation time [steps]: 30.7
Fitted parameters:
t_0 : 2454213.19703 +7.33340 -1.36584
u_0 : 1.47219 +0.18724 -0.24471
t_E : 157.08450 +20.39757 -17.07279
pi_E_N : 0.24137 +0.06540 -0.08820
pi_E_E : 0.03027 +0.02248 -0.05333
xi_Omega_node : 195.56220 +55.83351 -54.83444
xi_inclination : 181.07029 +36.68011 -60.39780
xi_period : 65.48528 +168.68739 -42.25154
xi_semimajor_axis : 0.01783 +0.02988 -0.00965
xi_argument_of_latitude_reference : 173.85267 +52.65490 -53.83556
Fitted fluxes (source and blending):
flux_s_1 : 1054.85040 +363.58070 -373.74081
flux_b_1 : -241.77085 +373.34111 -362.50830
Best model:
chi2: 4888.7190
t_0 u_0 t_E pi_E_N pi_E_E xi_Omega_node xi_inclination xi_period xi_semimajor_axis xi_argument_of_latitude_reference
2454222.6455201353 1.0333106628895468 175.72725207308247 0.14334498917984886 -0.06289842055548929 278.61505721198074 187.40497447889533 245.8387005685449 0.06785376895451023 221.43836508777852
Fluxes:
452.95498581265383 360.4249875730709
