Mean acceptance fraction: 0.251
Mean autocorrelation time [steps]: 31.0
Fitted parameters:
t_0 : 2454735.14693 +2.32665 -8.83330
u_0 : 0.77422 +0.13478 -0.11013
t_E : 111.62332 +9.91552 -11.33685
pi_E_N : -0.05041 +0.04721 -0.04810
pi_E_E : -0.12848 +0.04145 -0.03103
xi_Omega_node : 236.26108 +72.76780 -88.14982
xi_inclination : 191.48707 +73.42066 -74.01952
xi_period : 9.97620 +14.44547 -3.61730
xi_semimajor_axis : 0.00387 +0.00467 -0.00234
xi_argument_of_latitude_reference : 135.34239 +84.82814 -72.21650
Fitted fluxes (source and blending):
flux_s_1 : 215.30231 +80.45273 -51.16757
flux_b_1 : -98.43844 +51.20338 -80.34145
Best model:
chi2: 1784.0690
t_0 u_0 t_E pi_E_N pi_E_E xi_Omega_node xi_inclination xi_period xi_semimajor_axis xi_argument_of_latitude_reference
2454720.982420567 0.586233102628295 136.12212854266582 0.009983287738622776 -0.1509417540091456 201.56763734509107 362.8059622231983 64.22192981725921 0.0020811274395117485 124.96485786102568
Fluxes:
133.62306619373058 -16.821414962908197
