Mean acceptance fraction: 0.113
Mean autocorrelation time [steps]: nan
Fitted parameters:
t_0 : 2454577.09107 +0.02505 -0.02737
u_0 : -0.02293 +0.00070 -0.00052
t_E : 75.78180 +1.03247 -1.25247
pi_E_N : -0.00053 +0.00641 -0.00726
pi_E_E : -0.00810 +0.00921 -0.01844
xi_Omega_node : 176.51201 +72.03659 -66.81342
xi_inclination : 173.49774 +81.32034 -67.87475
xi_period : 259.32784 +27.84738 -25.11391
xi_semimajor_axis : 0.00655 +0.01634 -0.00491
xi_argument_of_latitude_reference : 140.59324 +99.36664 -58.07254
Fitted fluxes (source and blending):
flux_s_1 : 169.21300 +2.84997 -2.94810
flux_b_1 : 18.16493 +2.90876 -2.74788
Best model:
chi2: 19959.4913
t_0 u_0 t_E pi_E_N pi_E_E xi_Omega_node xi_inclination xi_period xi_semimajor_axis xi_argument_of_latitude_reference
2454577.0877300575 -0.022842964987945313 75.9431082980827 -0.01008147813993114 -0.031094439281941014 169.20004747639533 113.50498615269606 196.08317662037462 0.0024031456052324507 59.676826103763986
Fluxes:
168.71148468322554 18.65110275600549
