Mean acceptance fraction: 0.287
Mean autocorrelation time [steps]: 33.2
Fitted parameters:
t_0 : 2453493.16612 +3.14971 -7.24019
u_0 : -0.98997 +0.14672 -0.11338
t_E : 139.86162 +7.70981 -8.12658
pi_E_N : -0.07543 +0.02523 -0.00718
pi_E_E : -0.04568 +0.03213 -0.01346
xi_Omega_node : 168.52661 +84.00765 -68.53479
xi_inclination : 158.14130 +76.08752 -76.15959
xi_period : 40.82186 +75.94870 -29.70500
xi_semimajor_axis : 0.00222 +0.00177 -0.00119
xi_argument_of_latitude_reference : 144.52600 +64.05411 -65.09925
Fitted fluxes (source and blending):
flux_s_1 : 1250.00910 +331.94273 -347.00746
flux_b_1 : -510.24124 +347.13198 -332.14627
Best model:
chi2: 2453.9429
t_0 u_0 t_E pi_E_N pi_E_E xi_Omega_node xi_inclination xi_period xi_semimajor_axis xi_argument_of_latitude_reference
2453496.9640185144 -0.6957525667729377 160.4733364410378 -0.0856816247092691 -0.05961564485791054 147.5767925252134 212.53157487439574 174.84910777947817 0.007800047885423524 190.57313140756642
Fluxes:
631.2858434182855 108.40014726103833
