Mean acceptance fraction: 0.204
Mean autocorrelation time [steps]: 34.4
Fitted parameters:
t_0 : 2454722.81552 +0.27669 -0.28436
u_0 : -0.27344 +0.04566 -0.05512
t_E : 23.77408 +2.83850 -2.58306
pi_E_N : 0.02667 +0.24410 -0.06650
pi_E_E : -0.20638 +0.21734 -0.75225
xi_Omega_node : 179.17094 +127.49050 -126.88762
xi_inclination : 182.78013 +106.51207 -111.41941
xi_period : 1125.49252 +3766.12139 -1093.11224
xi_semimajor_axis : 0.09043 +0.18557 -0.05308
xi_argument_of_latitude_reference : 165.92983 +137.66133 -111.53869
Fitted fluxes (source and blending):
flux_s_1 : 32.72201 +9.38707 -6.82967
flux_b_1 : 1.34548 +6.82919 -9.38783
Best model:
chi2: 2200.3187
t_0 u_0 t_E pi_E_N pi_E_E xi_Omega_node xi_inclination xi_period xi_semimajor_axis xi_argument_of_latitude_reference
2454723.1255363435 -0.38091267961349945 18.802458332440622 -0.13604241235736525 -0.1265175725104195 187.2479316323266 162.33191337175867 23.388666096258145 0.04735191262854515 123.39050500280011
Fluxes:
55.583823168412856 -21.507714466227007
