Mean acceptance fraction: 0.088
Mean autocorrelation time [steps]: nan
Fitted parameters:
t_0 : 2454577.08415 +0.03596 -0.02366
u_0 : 0.02302 +0.00166 -0.00171
t_E : 75.31531 +3.86014 -5.32569
pi_E_N : -0.00010 +0.00374 -0.00412
pi_E_E : 0.00033 +0.00459 -0.00717
xi_Omega_node : 193.04772 +51.62445 -99.68911
xi_inclination : 175.65585 +54.34409 -51.89488
xi_period : 8.60339 +0.61162 -0.61311
xi_semimajor_axis : 0.00130 +0.00775 -0.00075
xi_argument_of_latitude_reference : 179.45302 +83.68592 -86.37448
Fitted fluxes (source and blending):
flux_s_1 : 169.88416 +14.57778 -8.57003
flux_b_1 : 17.49024 +8.25984 -14.39856
Best model:
chi2: 19772.1790
t_0 u_0 t_E pi_E_N pi_E_E xi_Omega_node xi_inclination xi_period xi_semimajor_axis xi_argument_of_latitude_reference
2454577.081441473 0.022874590540164975 75.31023358533106 0.0013351502866796932 -0.027032236579458767 165.95348000156716 197.0091258468811 9.251453987380712 0.0005114829985446072 133.9771753749006
Fluxes:
169.42307867439925 17.98931369113713
