Mean acceptance fraction: 0.213
Mean autocorrelation time [steps]: 32.9
Fitted parameters:
t_0 : 2454737.63658 +0.20563 -0.29554
u_0 : 0.67679 +0.09383 -0.09883
t_E : 125.57210 +11.95256 -9.44424
pi_E_N : 0.00637 +0.01868 -0.01721
pi_E_E : -0.08963 +0.02626 -0.00782
xi_Omega_node : 249.18989 +37.85812 -139.94473
xi_inclination : 176.24045 +25.35486 -26.92644
xi_period : 158.47151 +12.08697 -31.38747
xi_semimajor_axis : 0.03847 +0.00583 -0.00783
xi_argument_of_latitude_reference : 100.61730 +161.92644 -39.86622
Fitted fluxes (source and blending):
flux_s_1 : 164.17785 +43.35359 -38.57637
flux_b_1 : -47.37531 +38.51797 -43.35830
Best model:
chi2: 1760.0438
t_0 u_0 t_E pi_E_N pi_E_E xi_Omega_node xi_inclination xi_period xi_semimajor_axis xi_argument_of_latitude_reference
2454731.04607387 0.7230087819204665 119.93352964354659 -0.04486073828131197 -0.1279108153310669 290.11716850155193 118.5588135087934 174.3406910440247 0.04007455295675168 71.35936902147608
Fluxes:
184.04160252550875 -67.1795814260741
