Mean acceptance fraction: 0.219
Mean autocorrelation time [steps]: 34.0
Fitted parameters:
t_0 : 2454212.21303 +0.26892 -0.18304
u_0 : -0.98843 +0.16258 -0.18563
t_E : 186.38129 +26.11729 -19.57317
pi_E_N : -0.10933 +0.03847 -0.02600
pi_E_E : -0.03964 +0.03048 -0.02325
xi_Omega_node : 98.99117 +51.88707 -37.96020
xi_inclination : 20.78181 +207.07362 -25.42024
xi_period : 236.11228 +6.40886 -56.19851
xi_semimajor_axis : 0.07362 +0.00794 -0.01293
xi_argument_of_latitude_reference : 221.51562 +33.24745 -29.09552
Fitted fluxes (source and blending):
flux_s_1 : 414.72522 +199.33133 -124.89917
flux_b_1 : 397.22457 +124.84957 -200.77682
Best model:
chi2: 4875.4767
t_0 u_0 t_E pi_E_N pi_E_E xi_Omega_node xi_inclination xi_period xi_semimajor_axis xi_argument_of_latitude_reference
2454211.3103268556 -0.9709272747200963 169.12490160552437 -0.128878313168015 -0.053127709598189445 75.42357851073183 56.866709908593045 257.92883510554447 0.11250268002679129 220.6012195427049
Fluxes:
392.6938842011831 420.8890714235051
