Mean acceptance fraction: 0.116
Mean autocorrelation time [steps]: 34.3
Fitted parameters:
t_0 : 2452345.86382 +0.12485 -0.11110
u_0 : 0.08730 +0.02561 -0.02306
t_E : 130.49129 +29.23023 -21.61151
pi_E_N : -0.00289 +0.01249 -0.01678
pi_E_E : -0.00597 +0.01055 -0.02552
xi_Omega_node : 117.89306 +166.71845 -20.53895
xi_inclination : 191.38527 +98.25641 -103.00585
xi_period : 13.14459 +5.75707 -1.08517
xi_semimajor_axis : 0.05201 +0.03449 -0.02178
xi_argument_of_latitude_reference : 179.35198 +90.83129 -105.66340
Fitted fluxes (source and blending):
flux_s_1 : 11.43495 +4.02034 -2.98112
flux_b_1 : 36.92529 +2.97044 -4.00642
Best model:
chi2: 1186.9863
t_0 u_0 t_E pi_E_N pi_E_E xi_Omega_node xi_inclination xi_period xi_semimajor_axis xi_argument_of_latitude_reference
2452346.2721592896 0.08780142046781186 108.26167950202702 -0.036850708026585174 -0.1864018537974349 111.297604880072 281.21346127135365 13.786492548252307 0.13101825214631438 151.6822783242164
Fluxes:
20.27430337647258 28.10251064079925
