Mean acceptance fraction: 0.173
Mean autocorrelation time [steps]: 32.3
Fitted parameters:
t_0 : 2452345.85911 +0.30172 -0.21310
u_0 : 0.10317 +0.02441 -0.02208
t_E : 137.33594 +22.73652 -20.05466
pi_E_N : 0.00156 +0.02695 -0.02858
pi_E_E : -0.02535 +0.02619 -0.09563
xi_Omega_node : 199.77844 +95.87058 -99.22129
xi_inclination : 248.20002 +110.87861 -243.96057
xi_period : 63.84471 +4.76965 -3.71273
xi_semimajor_axis : 0.05936 +0.01256 -0.01269
xi_argument_of_latitude_reference : 131.70322 +151.61029 -74.44327
Fitted fluxes (source and blending):
flux_s_1 : 9.90370 +2.68366 -2.25978
flux_b_1 : 38.47539 +2.24530 -2.67518
Best model:
chi2: 1171.3155
t_0 u_0 t_E pi_E_N pi_E_E xi_Omega_node xi_inclination xi_period xi_semimajor_axis xi_argument_of_latitude_reference
2452344.9708261485 0.13663139329886317 133.6422023683204 0.13267878125316973 -0.22291481623253548 275.0098846331645 366.08503778667523 60.881867853081275 0.07315974699801896 26.100841574486147
Fluxes:
13.726577968200651 34.65818269028617
