Mean acceptance fraction: 0.128
Mean autocorrelation time [steps]: 325.6
Fitted parameters:
t_0 : 2454178.88222 +6.59846 -5.80561
u_0 : -0.71753 +0.05117 -0.05804
t_E : 204.02015 +8.30624 -8.40838
pi_E_N : -0.01200 +0.01597 -0.01809
pi_E_E : -0.03440 +0.00638 -0.00915
xi_Omega_node : 179.90969 +135.56312 -103.90321
xi_inclination : 178.76057 +16.01123 -16.21744
xi_period : 392.21677 +3.56425 -3.41443
xi_semimajor_axis : 0.15402 +0.01421 -0.01499
xi_argument_of_latitude_reference : 170.29785 +114.61403 -114.10588
Fitted fluxes (source and blending):
flux_s_1 : 301.10123 +48.37723 -38.19955
flux_b_1 : 511.58319 +38.12693 -48.31227
Best model:
chi2: 4568.4558
t_0 u_0 t_E pi_E_N pi_E_E xi_Omega_node xi_inclination xi_period xi_semimajor_axis xi_argument_of_latitude_reference
2454183.6514021754 -0.6854528028918374 199.57284981728031 -0.008759473021759896 -0.06785598248843053 139.30418718251164 136.09299155545514 395.5409573563816 0.1749637120963897 251.04177696056865
Fluxes:
277.8310642682507 534.7407555297469
