Mean acceptance fraction: 0.231
Mean autocorrelation time [steps]: 31.4
Fitted parameters:
t_0 : 2454723.12893 +0.18500 -0.19134
u_0 : -0.30551 +0.07560 -0.06374
t_E : 21.75597 +3.81810 -2.42002
pi_E_N : -0.00819 +0.07059 -0.09525
pi_E_E : -0.02048 +0.05043 -0.14783
xi_Omega_node : 196.11509 +105.80797 -100.22574
xi_inclination : 177.82295 +39.28300 -39.98913
xi_period : 26.32201 +69.83409 -3.19120
xi_semimajor_axis : 0.04644 +0.02399 -0.00954
xi_argument_of_latitude_reference : 166.04434 +104.32714 -103.67036
Fitted fluxes (source and blending):
flux_s_1 : 40.41494 +12.33400 -12.12281
flux_b_1 : -6.35376 +12.12585 -12.33015
Best model:
chi2: 2191.8171
t_0 u_0 t_E pi_E_N pi_E_E xi_Omega_node xi_inclination xi_period xi_semimajor_axis xi_argument_of_latitude_reference
2454723.010726934 -0.28351276238704093 22.768894779254687 -0.23786015760258733 -0.7055266561932808 217.00260579055387 196.32991508174584 22.547132671073282 0.034616533172829096 150.01181860181205
Fluxes:
37.203833658235595 -3.131024095750669
