Mean acceptance fraction: 0.196
Mean autocorrelation time [steps]: 32.7
Fitted parameters:
t_0 : 2454723.09363 +0.20378 -0.26217
u_0 : -0.29821 +0.06859 -0.05536
t_E : 22.32008 +3.18090 -2.34846
pi_E_N : 0.01077 +0.05780 -0.06611
pi_E_E : -0.00968 +0.04871 -0.11452
xi_Omega_node : 177.64923 +122.30199 -104.94167
xi_inclination : 177.70004 +56.91697 -58.44747
xi_period : 53.57884 +318.65791 -29.17207
xi_semimajor_axis : 0.04971 +0.06069 -0.01461
xi_argument_of_latitude_reference : 156.77243 +122.19153 -102.14627
Fitted fluxes (source and blending):
flux_s_1 : 37.48274 +11.48241 -9.76685
flux_b_1 : -3.41835 +9.75827 -11.47824
Best model:
chi2: 2194.1749
t_0 u_0 t_E pi_E_N pi_E_E xi_Omega_node xi_inclination xi_period xi_semimajor_axis xi_argument_of_latitude_reference
2454723.4740359327 -0.3548641621981129 19.91744021472626 -0.19955244702057107 -0.009794000332281488 252.37874506542985 97.01526835688077 17.716946652027467 0.059604865392247075 176.95404699484942
Fluxes:
51.39375004705421 -17.32811008768461
