Mean acceptance fraction: 0.331
Mean autocorrelation time [steps]: 717.9
Fitted parameters:
t_0 : 2453810.80697 +0.29014 -28.16114
u_0 : 4.77950 +8.25856 -2.73238
t_E : 101.25403 +109.86451 -62.98381
pi_E_N : -0.43222 +0.20836 -0.66470
pi_E_E : -0.03585 +0.11716 -0.06933
xi_Omega_node : -3.34276 +1.10985 -3.19218
xi_inclination : 271.09154 +3.38209 -3.45128
xi_period : 8.66943 +0.00759 -0.07823
xi_semimajor_axis : 0.16345 +0.36459 -0.15696
xi_argument_of_latitude_reference : 183.53192 +68.30892 -4.73732
Fitted fluxes (source and blending):
flux_s_1 : 96866.13331 +4571683.77881 -91358.27122
flux_b_1 : -95596.90963 +91357.44735 -4571683.15553
Best model:
chi2: 21704.3566
t_0 u_0 t_E pi_E_N pi_E_E xi_Omega_node xi_inclination xi_period xi_semimajor_axis xi_argument_of_latitude_reference
2453754.2311546546 20.165466667119585 23.38633917437693 -1.8702961530950186 0.2536346313628614 -13.573900803273503 244.52137913586526 8.347266440133193 0.0076058854821897046 377.1422070634814
Fluxes:
27375209.881828383 -27373936.83465004
