Mean acceptance fraction: 0.281
Mean autocorrelation time [steps]: 774.0
Fitted parameters:
t_0 : 2453811.37744 +2.79978 -11.24423
u_0 : 2.14974 +0.40921 -0.74355
t_E : 204.59708 +251.28841 -29.04133
pi_E_N : -0.23987 +2.00594 -0.02904
pi_E_E : -0.01735 +0.03996 -0.03481
xi_Omega_node : -9.83417 +320.23640 -2.85648
xi_inclination : 98.26477 +3.90914 -1.58206
xi_period : 134.66180 +3.37067 -1.05369
xi_semimajor_axis : 0.13726 +0.05524 -0.03772
xi_argument_of_latitude_reference : 175.51705 +7.78407 -72.65563
Fitted fluxes (source and blending):
flux_s_1 : 6293.57483 +3250.60052 -4274.54374
flux_b_1 : -4968.05395 +4217.73829 -3305.17720
Best model:
chi2: 22375.7911
t_0 u_0 t_E pi_E_N pi_E_E xi_Omega_node xi_inclination xi_period xi_semimajor_axis xi_argument_of_latitude_reference
2453787.254784163 1.0720845022952366 305.1009703623283 -0.17093017430421178 0.03347429305728796 -14.421985881143637 99.64201923693673 135.7554938648586 0.09790937532629057 172.3344571187309
Fluxes:
1085.0166206659283 184.89447753465114
