Mean acceptance fraction: 0.119
Mean autocorrelation time [steps]: 838.2
Fitted parameters:
t_0 : 2453811.28757 +0.20544 -0.46565
u_0 : 1.55783 +0.10822 -0.19577
t_E : 260.68220 +29.64470 -12.27725
pi_E_N : -0.19175 +0.00298 -0.01751
pi_E_E : -0.05049 +0.01835 -0.00702
xi_Omega_node : 350.31681 +4.63629 -177.83624
xi_inclination : 168.51094 +92.23738 -68.84755
xi_period : 56.77242 +0.33013 -0.46966
xi_semimajor_axis : 0.04846 +0.01241 -0.01964
xi_argument_of_latitude_reference : 164.45243 +9.50833 -172.29676
Fitted fluxes (source and blending):
flux_s_1 : 2608.10039 +525.72250 -722.08263
flux_b_1 : -1340.70827 +719.70927 -526.45777
Best model:
chi2: 31979.8210
t_0 u_0 t_E pi_E_N pi_E_E xi_Omega_node xi_inclination xi_period xi_semimajor_axis xi_argument_of_latitude_reference
2453811.5053077424 1.6861690683278965 247.33763371033905 -0.21018539025395408 -0.032907694418250165 173.10819742425684 261.8679857603338 56.53043805548534 0.0645410076372574 -7.548376477073004
Fluxes:
3238.2403744802937 -1971.9514947579144
