Mean acceptance fraction: 0.132
Mean autocorrelation time [steps]: 669.9
Fitted parameters:
t_0 : 2454028.60459 +8.15484 -5.24000
u_0 : 1.00773 +0.23300 -0.12494
t_E : 282.94266 +28.27683 -15.79151
pi_E_N : 0.06571 +0.01054 -0.02146
pi_E_E : -0.07807 +0.02501 -0.01439
xi_Omega_node : 238.34512 +104.29461 -156.96877
xi_inclination : 211.48778 +19.68399 -57.12020
xi_period : 291.77417 +8.83849 -11.79311
xi_semimajor_axis : 0.02499 +0.00617 -0.01302
xi_argument_of_latitude_reference : 166.89354 +97.30725 -101.98699
Fitted fluxes (source and blending):
flux_s_1 : 587.62709 +345.00563 -137.34762
flux_b_1 : -171.49601 +137.33742 -344.69762
Best model:
chi2: 8181.7344
t_0 u_0 t_E pi_E_N pi_E_E xi_Omega_node xi_inclination xi_period xi_semimajor_axis xi_argument_of_latitude_reference
2454026.6152728074 0.9979605128349599 279.8692116380554 0.07061934001269103 -0.0857525034429133 272.38753786808826 228.38356787824364 294.2345013766553 0.0289853788950432 257.31739908056744
Fluxes:
577.2908698429379 -161.17524322752462
