Mean acceptance fraction: 0.127
Mean autocorrelation time [steps]: 943.7
Fitted parameters:
t_0 : 2454028.60469 +19.01724 -0.15798
u_0 : 0.83997 +0.11510 -0.13734
t_E : 344.16462 +344.34899 -35.95780
pi_E_N : 0.04583 +0.01070 -0.03503
pi_E_E : -0.06266 +0.63305 -0.03489
xi_Omega_node : 197.26970 +174.83553 -97.72048
xi_inclination : 100.34615 +64.79715 -87.32818
xi_period : 23.57798 +4.08000 -22.77364
xi_semimajor_axis : 0.01041 +0.02895 -0.01021
xi_argument_of_latitude_reference : 152.00318 +218.41977 -90.34774
Fitted fluxes (source and blending):
flux_s_1 : 437.59749 +84.93818 -145.80635
flux_b_1 : -21.45323 +145.19449 -83.21088
Best model:
chi2: 8369.3034
t_0 u_0 t_E pi_E_N pi_E_E xi_Omega_node xi_inclination xi_period xi_semimajor_axis xi_argument_of_latitude_reference
2454048.1414839537 0.7266164595592034 332.28005104691573 0.045050630363429794 -0.06314913097032517 379.3287749236359 -17.96001377679516 0.1536419689873624 0.000633239024590494 379.29079998834897
Fluxes:
310.2098611587106 105.6328519414923
