Mean acceptance fraction: 0.367
Mean autocorrelation time [steps]: 743.3
Fitted parameters:
t_0 : 2453809.73767 +0.90916 -3.05006
u_0 : 2.59399 +5.22608 -1.73967
t_E : 169.62388 +175.78365 -107.57914
pi_E_N : -0.26084 +0.11486 -0.40939
pi_E_E : -0.00931 +0.01429 -0.02949
xi_Omega_node : -3.59363 +3.29309 -1.15224
xi_inclination : 91.83055 +1.33993 -2.47668
xi_period : 13.82818 +0.00787 -0.00847
xi_semimajor_axis : 0.17974 +0.35999 -0.12225
xi_argument_of_latitude_reference : 177.46558 +8.85212 -3.93465
Fitted fluxes (source and blending):
flux_s_1 : 11513.60513 +613618.08971 -10830.60141
flux_b_1 : -10243.43168 +10824.38295 -613617.35522
Best model:
chi2: 24054.5721
t_0 u_0 t_E pi_E_N pi_E_E xi_Omega_node xi_inclination xi_period xi_semimajor_axis xi_argument_of_latitude_reference
2453796.4840047783 16.90452609048282 28.75699167717435 -1.466553320204263 0.08394937541268213 -1.9272079712543402 90.291672172916 13.84509059831862 0.9646286280212377 171.8716540629063
Fluxes:
13212458.847247565 -13211187.648093378
