Mean acceptance fraction: 0.057
Mean autocorrelation time [steps]: 905.9
Fitted parameters:
t_0 : 2453810.91754 +0.02759 -0.13899
u_0 : 1.99868 +0.31231 -0.70197
t_E : 218.23270 +83.75004 -20.93628
pi_E_N : -0.22155 +0.05188 -0.02574
pi_E_E : -0.06066 +0.01214 -0.01477
xi_Omega_node : 82.33945 +91.84614 -80.18093
xi_inclination : 261.02926 +18.03172 -173.85581
xi_period : 4.91173 +0.64482 -0.93402
xi_semimajor_axis : 0.03172 +0.01287 -0.01057
xi_argument_of_latitude_reference : 161.92449 +27.03502 -125.26021
Fitted fluxes (source and blending):
flux_s_1 : 5060.57187 +3026.83642 -3459.87292
flux_b_1 : -3792.47763 +3458.14624 -3028.50168
Best model:
chi2: 33143.1190
t_0 u_0 t_E pi_E_N pi_E_E xi_Omega_node xi_inclination xi_period xi_semimajor_axis xi_argument_of_latitude_reference
2453810.9301875406 2.038554300306105 212.10809623792153 -0.23568436582212884 -0.05314521057938009 0.3256178506864386 94.38199792980559 5.485353443903328 0.04953108663026783 166.51992404229966
Fluxes:
5552.348958483134 -4284.050960137023
