Mean acceptance fraction: 0.154
Mean autocorrelation time [steps]: 663.8
Fitted parameters:
t_0 : 2454028.40120 +3.33039 -2.98665
u_0 : 1.05960 +1.24131 -0.14824
t_E : 288.80465 +999.77494 -21.34435
pi_E_N : 0.07217 +0.06968 -0.00966
pi_E_E : -0.07596 +0.89709 -0.01952
xi_Omega_node : 86.62039 +10.71331 -20.80109
xi_inclination : 222.37015 +13.28999 -242.18480
xi_period : 291.60864 +12.46285 -28.30449
xi_semimajor_axis : 0.03075 +0.12929 -0.00541
xi_argument_of_latitude_reference : 70.62270 +20.88740 -26.35999
Fitted fluxes (source and blending):
flux_s_1 : 655.38559 +4121.33393 -175.79594
flux_b_1 : -239.18638 +175.68933 -4121.03286
Best model:
chi2: 8180.9842
t_0 u_0 t_E pi_E_N pi_E_E xi_Omega_node xi_inclination xi_period xi_semimajor_axis xi_argument_of_latitude_reference
2454027.378792344 0.9610629877182324 283.8033993449084 0.07110367536640222 -0.08091787905697528 93.51132621861686 227.4459260437688 293.66067432957055 0.028258787004865494 73.43438173456568
Fluxes:
533.9374296658851 -117.79894927395195
