Mean acceptance fraction: 0.381
Mean autocorrelation time [steps]: 747.8
Fitted parameters:
t_0 : 2453811.00636 +0.35657 -69.28742
u_0 : 4.73675 +1.92902 -1.95787
t_E : 81.96517 +66.54948 -18.27972
pi_E_N : -0.45375 +0.16314 -0.11016
pi_E_E : -0.10077 +0.38509 -0.01407
xi_Omega_node : 328.45248 +9.40515 -9.26047
xi_inclination : 95.27723 +7.85998 -4.74980
xi_period : 248.52228 +5.55328 -9.17237
xi_semimajor_axis : 0.22974 +0.33055 -0.12696
xi_argument_of_latitude_reference : 152.56439 +49.24647 -8.21991
Fitted fluxes (source and blending):
flux_s_1 : 100364.79714 +231727.79532 -86160.32566
flux_b_1 : -99086.79524 +86157.91133 -231729.72549
Best model:
chi2: 9264.8415
t_0 u_0 t_E pi_E_N pi_E_E xi_Omega_node xi_inclination xi_period xi_semimajor_axis xi_argument_of_latitude_reference
2453663.032616991 5.282510684456385 69.38271766173303 -0.6413299247347739 0.8752847652609956 249.11605564635104 69.80465239630189 315.15790983296586 0.1838725956313972 283.77073884162473
Fluxes:
176701.3195942423 -175423.4850782497
