Mean acceptance fraction: 0.157
Mean autocorrelation time [steps]: 818.1
Fitted parameters:
t_0 : 2454028.45590 +0.75615 -0.88659
u_0 : 1.15117 +0.23157 -0.16674
t_E : 308.77960 +228.81811 -39.22807
pi_E_N : 0.05416 +0.00909 -0.08730
pi_E_E : -0.09532 +0.87809 -0.01061
xi_Omega_node : 30.37670 +56.79560 -48.12932
xi_inclination : 11.58456 +153.07751 -23.04716
xi_period : 181.81525 +52.70680 -8.98982
xi_semimajor_axis : 0.02413 +0.00379 -0.00940
xi_argument_of_latitude_reference : 240.21254 +127.71253 -81.78457
Fitted fluxes (source and blending):
flux_s_1 : 767.61393 +652.40007 -214.94224
flux_b_1 : -351.50780 +214.76564 -647.17636
Best model:
chi2: 8193.9293
t_0 u_0 t_E pi_E_N pi_E_E xi_Omega_node xi_inclination xi_period xi_semimajor_axis xi_argument_of_latitude_reference
2454027.9450796647 1.0004421189162644 276.960316985645 0.06835815093044476 -0.08112047924010182 32.495922551729684 179.72240705627829 288.3480634605642 0.024450932485574523 377.1368931383184
Fluxes:
578.148770219736 -162.0568718603972
