Mean acceptance fraction: 0.230
Mean autocorrelation time [steps]: 32.5
Fitted parameters:
t_0 : 2454383.88600 +0.88371 -9.63674
u_0 : 6.49489 +0.01379 -0.00630
t_E : 13.08496 +0.31750 -0.85133
xi_period : 213.05526 +58.48208 -12.35933
xi_semimajor_axis : 0.91527 +0.31549 -0.38252
xi_Omega_node : 211.46741 +113.54133 -107.86057
xi_inclination : 178.59826 +24.83599 -31.57161
xi_argument_of_latitude_reference : 167.35139 +106.79777 -106.43144
Fitted fluxes (source and blending):
flux_s_1 : 49615.03370 +8042.96302 -7987.28992
flux_b_1 : -49501.98211 +7987.28679 -8042.93011
Best model:
chi2: 2474.2196
t_0 u_0 t_E xi_period xi_semimajor_axis xi_Omega_node xi_inclination xi_argument_of_latitude_reference
2454370.961905883 6.3765514461977855 10.49466459255631 224.74832049160054 1.9916824739074974 100.91310693498873 220.09666210195712 45.436906598438696
Fluxes:
78935.68963653504 -78822.5683044844
