Mean acceptance fraction: 0.211
Mean autocorrelation time [steps]: 33.9
Fitted parameters:
t_0 : 2454383.46498 +1.85369 -4.74727
u_0 : 6.49687 +0.04255 -0.03191
t_E : 15.32147 +0.72391 -1.61237
xi_period : 200.45421 +231.15945 -173.42653
xi_semimajor_axis : 0.12053 +0.25202 -0.09608
xi_Omega_node : 243.13472 +88.92145 -124.83503
xi_inclination : 202.54123 +96.17058 -93.76054
xi_argument_of_latitude_reference : 169.31253 +87.84866 -100.76725
Fitted fluxes (source and blending):
flux_s_1 : 35308.25749 +986.94886 -2615.22405
flux_b_1 : -35194.99776 +2615.02474 -987.07789
Best model:
chi2: 2500.0928
t_0 u_0 t_E xi_period xi_semimajor_axis xi_Omega_node xi_inclination xi_argument_of_latitude_reference
2454380.493030778 6.544645346580493 14.522611837944954 504.89637390295275 2.0319801862724955 367.0004956989387 218.56202617759772 181.35584089983655
Fluxes:
33014.48742211743 -32901.36791339431
