Mean acceptance fraction: 0.237
Mean autocorrelation time [steps]: 32.3
Fitted parameters:
t_0 : 2454383.40661 +4.27114 -3.14203
u_0 : 11.87871 +0.50092 -0.29047
t_E : 9.70179 +0.41350 -0.47822
xi_period : 225.49010 +319.07872 -117.45231
xi_semimajor_axis : 0.11264 +0.11121 -0.07249
xi_Omega_node : 210.71827 +114.56944 -125.11580
xi_inclination : 190.34336 +117.31895 -117.38880
xi_argument_of_latitude_reference : 174.14131 +116.30021 -115.56664
Fitted fluxes (source and blending):
flux_s_1 : 331959.41282 +43532.23557 -42839.31370
flux_b_1 : -331848.02990 +42839.25368 -43532.32168
Best model:
chi2: 2263.8724
t_0 u_0 t_E xi_period xi_semimajor_axis xi_Omega_node xi_inclination xi_argument_of_latitude_reference
2454373.5280944165 8.579063668689386 12.716493682253542 191.12831951521275 0.4498350674665018 1.136168128221641 165.7492488443495 3.193252900111318
Fluxes:
94572.47521039033 -94461.13816889397
