Mean acceptance fraction: 0.119
Mean autocorrelation time [steps]: nan
Fitted parameters:
t_0 : 2453858.01363 +0.01071 -0.02412
u_0 : -0.00782 +0.00000 -0.00000
t_E : 199.28391 +0.01272 -0.01604
xi_period : 22.72225 +2.26930 -3.99144
xi_semimajor_axis : 0.04675 +0.00382 -0.00585
xi_Omega_node : 181.81198 +20.10794 -42.58832
xi_inclination : 98.09478 +192.55620 -34.76037
xi_argument_of_latitude_reference : 204.69291 +15.28551 -37.46077
Fitted fluxes (source and blending):
flux_s_1 : 2.76606 +0.31682 -0.13125
flux_b_1 : 17.87038 +0.25340 -0.49804
Best model:
chi2: 30302.5042
t_0 u_0 t_E xi_period xi_semimajor_axis xi_Omega_node xi_inclination xi_argument_of_latitude_reference
2453857.1591953835 -0.00778995095776509 199.48469768109808 24.975887333587913 0.053428274191359884 173.10539342003406 78.00738942672581 220.6753882570914
Fluxes:
2.549317299398179 18.222533453663182
