Mean acceptance fraction: 0.083
Mean autocorrelation time [steps]: 33.4
Fitted parameters:
t_0 : 2454914.76610 +0.01412 -0.01611
u_0 : 0.08818 +0.00001 -0.00001
t_E : 415.59314 +0.01322 -0.01250
xi_period : 5.13042 +0.61878 -0.31175
xi_semimajor_axis : 0.01437 +0.01580 -0.01045
xi_Omega_node : 170.22103 +172.81998 -135.14508
xi_inclination : 172.38253 +102.22290 -87.60429
xi_argument_of_latitude_reference : 189.02017 +114.23466 -148.72786
Fitted fluxes (source and blending):
flux_s_1 : 2.25098 +0.02297 -0.01168
flux_b_1 : 18.92940 +0.01499 -0.02888
Best model:
chi2: 2178.0993
t_0 u_0 t_E xi_period xi_semimajor_axis xi_Omega_node xi_inclination xi_argument_of_latitude_reference
2454914.772503767 0.0881272084358249 415.6127119421061 1.0010321873838546 0.025025193136894882 334.09923072529335 232.22880692952776 286.7496605522382
Fluxes:
2.4706278762971685 18.65090883851444
