Mean acceptance fraction: 0.157
Mean autocorrelation time [steps]: 30.5
Fitted parameters:
t_0 : 2452686.44233 +0.04338 -0.77947
u_0 : 0.03098 +0.00053 -0.00005
t_E : 94.09425 +0.16207 -0.09563
xi_period : 135.51374 +10.19139 -8.98270
xi_semimajor_axis : 0.02673 +0.00796 -0.00567
xi_Omega_node : 180.90828 +120.15576 -130.72246
xi_inclination : 188.39132 +107.42554 -111.99838
xi_argument_of_latitude_reference : 206.76276 +112.60409 -156.88658
Fitted fluxes (source and blending):
flux_s_1 : 87.70246 +1.86863 -1.12488
flux_b_1 : 37.19983 +1.13189 -1.87560
Best model:
chi2: 2329.8401
t_0 u_0 t_E xi_period xi_semimajor_axis xi_Omega_node xi_inclination xi_argument_of_latitude_reference
2452679.2414284837 0.049929968247045445 79.80636712270756 304.092343482089 0.0344960414247488 143.4124589263368 158.30266634895395 319.0649996263826
Fluxes:
151.8661185139806 -26.974259772805677
