Mean acceptance fraction: 0.124
Mean autocorrelation time [steps]: nan
Fitted parameters:
t_0 : 2453892.79826 +0.04596 -0.12087
u_0 : 0.07030 +0.00009 -0.00035
t_E : 67.81947 +0.06043 -0.12239
xi_period : 307.63392 +323.77847 -150.82223
xi_semimajor_axis : 0.04798 +0.00688 -0.00263
xi_Omega_node : 188.02872 +72.56244 -61.12426
xi_inclination : 126.63572 +219.62995 -129.02382
xi_argument_of_latitude_reference : 168.76371 +68.16376 -67.32223
Fitted fluxes (source and blending):
flux_s_1 : 351.20251 +3.37180 -3.69124
flux_b_1 : 196.66673 +3.78578 -3.57036
Best model:
chi2: 15787.7165
t_0 u_0 t_E xi_period xi_semimajor_axis xi_Omega_node xi_inclination xi_argument_of_latitude_reference
2453891.1292381985 0.07163849380410788 71.7894118689074 1108.9547566806364 0.02748905553585573 313.5657155380716 351.9827141455579 34.89702961544694
Fluxes:
326.9940948716387 220.21556170901692
