Mean acceptance fraction: 0.114
Mean autocorrelation time [steps]: nan
Fitted parameters:
t_0 : 2454701.02292 +0.01644 -0.01344
u_0 : 0.02016 +0.00001 -0.00001
t_E : 2108.86399 +0.00939 -0.01549
xi_period : 332.74368 +38.79401 -32.70609
xi_semimajor_axis : 0.04248 +0.00920 -0.00270
xi_Omega_node : 203.38803 +135.66277 -41.62375
xi_inclination : 181.63927 +59.19399 -62.15656
xi_argument_of_latitude_reference : 224.40822 +37.97791 -184.11831
Fitted fluxes (source and blending):
flux_s_1 : 1.21688 +0.11458 -0.13500
flux_b_1 : 150.78205 +0.31731 -0.24218
Best model:
chi2: 3853.5760
t_0 u_0 t_E xi_period xi_semimajor_axis xi_Omega_node xi_inclination xi_argument_of_latitude_reference
2454701.059852591 0.02020908630178139 2108.919190492921 1006.3187616253107 0.04262495109260545 318.6130820029408 0.39913286632619815 45.482483435317306
Fluxes:
0.9809930512741669 151.40576595986803
