Mean acceptance fraction: 0.128
Mean autocorrelation time [steps]: 34.0
Fitted parameters:
t_0 : 2452579.92942 +0.08460 -0.09269
u_0 : -0.72812 +0.00085 -0.00075
t_E : 113.70969 +0.07427 -0.06725
xi_period : 155.73241 +126.24621 -109.42901
xi_semimajor_axis : 0.07093 +0.06035 -0.04606
xi_Omega_node : 179.43169 +144.43529 -130.93205
xi_inclination : 192.46369 +156.41120 -171.80685
xi_argument_of_latitude_reference : 172.13216 +135.00583 -142.50334
Fitted fluxes (source and blending):
flux_s_1 : 39.22801 +3.53930 -0.86870
flux_b_1 : -17.83153 +0.89994 -3.61735
Best model:
chi2: 518.1051
t_0 u_0 t_E xi_period xi_semimajor_axis xi_Omega_node xi_inclination xi_argument_of_latitude_reference
2452579.451720349 -0.7189017051820991 113.78167277530542 437.3489485618237 0.5481425577345489 118.08329880649785 312.73662860230655 51.58219724247432
Fluxes:
32.63180801701553 -11.225366641658361
