Mean acceptance fraction: 0.155
Mean autocorrelation time [steps]: 32.8
Fitted parameters:
t_0 : 2454008.97190 +0.09609 -0.02627
u_0 : -0.24219 +0.00064 -0.00031
t_E : 86.32147 +0.03246 -0.06493
xi_period : 250.43727 +43.33134 -13.89115
xi_semimajor_axis : 0.04682 +0.01027 -0.00641
xi_Omega_node : 190.89195 +28.54821 -158.51644
xi_inclination : 175.24917 +62.92638 -53.65761
xi_argument_of_latitude_reference : 215.86934 +21.12952 -167.63274
Fitted fluxes (source and blending):
flux_s_1 : 155.11069 +2.62845 -2.85002
flux_b_1 : 49.42266 +2.94685 -2.68709
Best model:
chi2: 4716.0515
t_0 u_0 t_E xi_period xi_semimajor_axis xi_Omega_node xi_inclination xi_argument_of_latitude_reference
2454012.2449549185 -0.252295682622136 85.24895263650062 376.15483954413196 0.10215288614339375 171.75804329256 85.02504490570882 193.5752218029419
Fluxes:
162.50050899311236 42.02832349174569
