Mean acceptance fraction: 0.078
Mean autocorrelation time [steps]: nan
Fitted parameters:
t_0 : 2452579.92901 +0.02963 -0.03382
u_0 : -0.72815 +0.00035 -0.00037
t_E : 113.70400 +0.03645 -0.03722
xi_period : 8.28883 +3.80832 -3.14146
xi_semimajor_axis : 0.03317 +0.02286 -0.01455
xi_Omega_node : 174.90138 +153.96241 -122.92813
xi_inclination : 180.86772 +144.35586 -150.63747
xi_argument_of_latitude_reference : 177.63864 +145.80145 -139.76197
Fitted fluxes (source and blending):
flux_s_1 : 38.62895 +0.26000 -0.21934
flux_b_1 : -17.19994 +0.22206 -0.26441
Best model:
chi2: 816.1359
t_0 u_0 t_E xi_period xi_semimajor_axis xi_Omega_node xi_inclination xi_argument_of_latitude_reference
2452578.706351966 -0.7217184079691531 113.95052528936363 147.65103322876539 0.03760441819717831 204.78796237812378 365.51279928717906 122.41336304892542
Fluxes:
38.727101268481775 -17.327781153250136
